From buildd@antheil.debian.org Wed Jan 11 08:54:50 2012
Return-path: <buildd@antheil.debian.org>
Received: from kokkonen.debian.org ([2001:41b8:202:deb:1a1a:0:52c3:4b61])
	from C=NA, ST=NA, L=Ankh Morpork, O=Debian SMTP, OU=Debian SMTP CA,
	CN=kokkonen.debian.org,
	EMAIL=hostmaster@kokkonen.debian.org (verified)
	by grieg.debian.org with esmtps (TLS1.0:RSA_AES_256_CBC_SHA1:32)
	(Exim 4.72) (envelope-from <buildd@antheil.debian.org>)
	id 1RktxJ-0008Pz-BD
	for logs@buildd.debian.org; Wed, 11 Jan 2012 08:54:50 +0000
Received: from antheil.islands.arm.com ([217.140.96.60]
	helo=antheil.debian.org)
	from C=NA, ST=NA, L=Ankh Morpork, O=Debian SMTP, OU=Debian SMTP CA,
	CN=antheil.debian.org, EMAIL=hostmaster@antheil.debian.org (verified)
	by kokkonen.debian.org with esmtps (TLS1.0:RSA_AES_256_CBC_SHA1:32)
	(Exim 4.72) (envelope-from <buildd@antheil.debian.org>)
	id 1RktxH-0007pJ-29
	for logs@buildd.debian.org; Wed, 11 Jan 2012 08:54:47 +0000
Received: from buildd by antheil.debian.org with local (Exim 4.72)
	(envelope-from <buildd@antheil.debian.org>)
	id 1RktxF-0007bA-NC; Wed, 11 Jan 2012 08:54:45 +0000
Date: Wed, 11 Jan 2012 08:54:45 +0000
Message-Id: <E1RktxF-0007bA-NC@antheil.debian.org>
From: buildd on antheil <buildd@antheil.debian.org>
To: buildd-porters@antheil.debian.org,logs@buildd.debian.org
Subject: Log for successful build of bedtools_2.15.0-1 on armel (dist=sid)
Content-Type: text/plain; charset=UTF-8
Content-Transfer-Encoding: 8bit
Delivered-To: logs@buildd.debian.org

sbuild (Debian sbuild) 0.61.0 (23 Feb 2011) on antheil.debian.org

╔══════════════════════════════════════════════════════════════════════════════╗
║ bedtools 2.15.0-1 (armel)                                  11 Jan 2012 08:27 ║
╚══════════════════════════════════════════════════════════════════════════════╝

Package: bedtools
Version: 2.15.0-1
Source Version: 2.15.0-1
Architecture: armel
Get:1 http://ftp.uk.debian.org unstable InRelease [189 kB]
Get:2 http://incoming.debian.org unstable InRelease [189 kB]
Get:3 http://ftp.uk.debian.org unstable/main Sources [6000 kB]
Ign http://incoming.debian.org  InRelease
Get:4 http://incoming.debian.org  Release.gpg [836 B]
Get:5 http://incoming.debian.org unstable/main Sources [6000 kB]
Get:6 http://ftp.uk.debian.org unstable/contrib Sources [54.4 kB]
Get:7 http://ftp.uk.debian.org unstable/non-free Sources [100 kB]
Get:8 http://ftp.uk.debian.org unstable/main armel Packages [7786 kB]
Get:9 http://incoming.debian.org unstable/contrib Sources [54.4 kB]
Get:10 http://incoming.debian.org unstable/non-free Sources [100 kB]
Get:11 http://incoming.debian.org unstable/main armel Packages [7786 kB]
Get:12 http://ftp.uk.debian.org unstable/contrib armel Packages [55.0 kB]
Ign http://ftp.uk.debian.org unstable/contrib TranslationIndex
Get:13 http://ftp.uk.debian.org unstable/main TranslationIndex [2085 B]
Ign http://ftp.uk.debian.org unstable/contrib Translation-en
Get:14 http://incoming.debian.org unstable/contrib armel Packages [55.0 kB]
Ign http://incoming.debian.org unstable/contrib TranslationIndex
Get:15 http://incoming.debian.org unstable/main TranslationIndex [2085 B]
Get:16 http://incoming.debian.org  Release [1616 B]
Get:17 http://incoming.debian.org  Sources [49.7 kB]
Get:18 http://incoming.debian.org  Packages [586 kB]
Ign http://incoming.debian.org unstable/contrib Translation-en
Ign http://incoming.debian.org  Translation-en
Fetched 29.0 MB in 1min 6s (439 kB/s)
Reading package lists...

┌──────────────────────────────────────────────────────────────────────────────┐
│ Fetch source files                                                           │
└──────────────────────────────────────────────────────────────────────────────┘


Check APT
─────────

Checking available source versions...

Download source files with APT
──────────────────────────────

Reading package lists...
Building dependency tree...
Reading state information...
NOTICE: 'bedtools' packaging is maintained in the 'Git' version control system at:
git://git.debian.org/git/debian-med/bedtools.git
Need to get 969 kB of source archives.
Get:1 http://incoming.debian.org/buildd-unstable/  bedtools 2.15.0-1 (dsc) [1975 B]
Get:2 http://incoming.debian.org/buildd-unstable/  bedtools 2.15.0-1 (tar) [963 kB]
Get:3 http://incoming.debian.org/buildd-unstable/  bedtools 2.15.0-1 (diff) [4499 B]
Fetched 969 kB in 1s (784 kB/s)
Download complete and in download only mode

Check arch
──────────


┌──────────────────────────────────────────────────────────────────────────────┐
│ Install core build dependencies (internal resolver)                          │
└──────────────────────────────────────────────────────────────────────────────┘

Build-Depends: build-essential, fakeroot
Checking for already installed dependencies...
build-essential: already installed (11.5)
fakeroot: already installed (1.18.2-1)
Checking for dependency conflicts...
Installing positive dependencies: 
Reading package lists...
Building dependency tree...
Reading state information...
0 upgraded, 0 newly installed, 0 to remove and 24 not upgraded.
Removing negative dependencies: 
Reading package lists...
Building dependency tree...
Reading state information...
0 upgraded, 0 newly installed, 0 to remove and 24 not upgraded.
Checking correctness of dependencies...

┌──────────────────────────────────────────────────────────────────────────────┐
│ Install bedtools build dependencies (internal resolver)                      │
└──────────────────────────────────────────────────────────────────────────────┘

Build-Depends: base-files, base-passwd, bash, coreutils, dash, debianutils, diffutils, dpkg, e2fsprogs, findutils, grep, gzip, hostname, ncurses-base, ncurses-bin, perl-base, sed, login, sysvinit-utils, sysvinit, tar, bsdutils, mount, util-linux, libc6-dev | libc-dev, gcc (>= 4:4.4.3), g++ (>= 4:4.4.3), make, dpkg-dev (>= 1.13.5), cdbs, debhelper (>= 8), quilt, python, zlib1g-dev
Checking for already installed dependencies...
base-files: already installed (6.5)
base-passwd: already installed (3.5.24)
bash: already installed (4.2-1)
coreutils: already installed (8.13-3)
dash: already installed (0.5.7-2)
debianutils: already installed (4.1)
diffutils: already installed (1:3.2-1)
dpkg: already installed (1.16.1.2)
e2fsprogs: already installed (1.42-1)
findutils: already installed (4.4.2-1+b1)
grep: already installed (2.10-1)
gzip: already installed (1.4-2)
hostname: already installed (3.08)
ncurses-base: already installed (5.9-4)
ncurses-bin: already installed (5.9-4)
perl-base: already installed (5.14.2-6)
sed: already installed (4.2.1-9)
login: already installed (1:4.1.4.2+svn3283-3)
sysvinit-utils: already installed (2.88dsf-18)
sysvinit: already installed (2.88dsf-18)
tar: already installed (1.26-3)
bsdutils: already installed (1:2.19.1-5)
mount: already installed (2.19.1-5)
util-linux: already installed (2.19.1-5)
libc6-dev: already installed (2.13-24)
gcc: already installed (4:4.6.2-2 >= 4:4.4.3 is satisfied)
g++: already installed (4:4.6.2-2 >= 4:4.4.3 is satisfied)
make: already installed (3.81-8.1)
dpkg-dev: already installed (1.16.1.2 >= 1.13.5 is satisfied)
cdbs: missing
debhelper: missing
Using default version 8.9.14
quilt: missing
python: missing
zlib1g-dev: missing
Checking for dependency conflicts...
Installing positive dependencies: cdbs debhelper quilt python zlib1g-dev
Reading package lists...
Building dependency tree...
Reading state information...
The following extra packages will be installed:
  bsdmainutils diffstat file gettext gettext-base groff-base html2text
  intltool-debian libcroco3 libdb4.8 libexpat1 libffi5 libglib2.0-0 libmagic1
  libncursesw5 libpcre3 libpipeline1 libsqlite3-0 libssl1.0.0 libunistring0
  libxml2 man-db mime-support po-debconf python-minimal python2.7
  python2.7-minimal
Suggested packages:
  wamerican wordlist whois vacation devscripts dh-make gettext-doc groff less
  www-browser libmail-box-perl python-doc python-tk python2.7-doc
  binfmt-support procmail graphviz default-mta mail-transport-agent
Recommended packages:
  autotools-dev curl wget lynx-cur autopoint libglib2.0-data shared-mime-info
  libgpm2 xml-core libmail-sendmail-perl
The following NEW packages will be installed:
  bsdmainutils cdbs debhelper diffstat file gettext gettext-base groff-base
  html2text intltool-debian libcroco3 libdb4.8 libexpat1 libffi5 libglib2.0-0
  libmagic1 libncursesw5 libpcre3 libpipeline1 libsqlite3-0 libssl1.0.0
  libunistring0 libxml2 man-db mime-support po-debconf python python-minimal
  python2.7 python2.7-minimal quilt zlib1g-dev
0 upgraded, 32 newly installed, 0 to remove and 24 not upgraded.
Need to get 16.6 MB of archives.
After this operation, 46.0 MB of additional disk space will be used.
Get:1 http://ftp.uk.debian.org/debian/ unstable/main libncursesw5 armel 5.9-4 [303 kB]
Get:2 http://ftp.uk.debian.org/debian/ unstable/main libpipeline1 armel 1.2.0-5 [34.2 kB]
Get:3 http://ftp.uk.debian.org/debian/ unstable/main libssl1.0.0 armel 1.0.0e-3 [1010 kB]
Get:4 http://ftp.uk.debian.org/debian/ unstable/main libpcre3 armel 8.12-4 [223 kB]
Get:5 http://ftp.uk.debian.org/debian/ unstable/main libffi5 armel 3.0.10-3 [22.8 kB]
Get:6 http://ftp.uk.debian.org/debian/ unstable/main libglib2.0-0 armel 2.30.2-4 [1742 kB]
Get:7 http://ftp.uk.debian.org/debian/ unstable/main libxml2 armel 2.7.8.dfsg-5.1 [814 kB]
Get:8 http://ftp.uk.debian.org/debian/ unstable/main libcroco3 armel 0.6.2-2 [110 kB]
Get:9 http://ftp.uk.debian.org/debian/ unstable/main libexpat1 armel 2.0.1-7.2 [114 kB]
Get:10 http://ftp.uk.debian.org/debian/ unstable/main libunistring0 armel 0.9.3-5 [406 kB]
Get:11 http://ftp.uk.debian.org/debian/ unstable/main libdb4.8 armel 4.8.30-11 [622 kB]
Get:12 http://ftp.uk.debian.org/debian/ unstable/main bsdmainutils armel 8.2.3 [207 kB]
Get:13 http://ftp.uk.debian.org/debian/ unstable/main groff-base armel 1.21-6 [1072 kB]
Get:14 http://ftp.uk.debian.org/debian/ unstable/main man-db armel 2.6.0.2-3 [987 kB]
Get:15 http://ftp.uk.debian.org/debian/ unstable/main libmagic1 armel 5.09-2 [247 kB]
Get:16 http://ftp.uk.debian.org/debian/ unstable/main file armel 5.09-2 [51.8 kB]
Get:17 http://ftp.uk.debian.org/debian/ unstable/main gettext-base armel 0.18.1.1-5 [138 kB]
Get:18 http://ftp.uk.debian.org/debian/ unstable/main libsqlite3-0 armel 3.7.9-3 [395 kB]
Get:19 http://ftp.uk.debian.org/debian/ unstable/main mime-support all 3.51-1 [35.0 kB]
Get:20 http://ftp.uk.debian.org/debian/ unstable/main python2.7-minimal armel 2.7.2-9 [1584 kB]
Get:21 http://ftp.uk.debian.org/debian/ unstable/main python2.7 armel 2.7.2-9 [2597 kB]
Get:22 http://ftp.uk.debian.org/debian/ unstable/main python-minimal all 2.7.2-9 [39.8 kB]
Get:23 http://ftp.uk.debian.org/debian/ unstable/main python all 2.7.2-9 [176 kB]
Get:24 http://ftp.uk.debian.org/debian/ unstable/main cdbs all 0.4.100 [77.1 kB]
Get:25 http://ftp.uk.debian.org/debian/ unstable/main html2text armel 1.3.2a-15 [97.0 kB]
Get:26 http://ftp.uk.debian.org/debian/ unstable/main gettext armel 0.18.1.1-5 [1980 kB]
Get:27 http://ftp.uk.debian.org/debian/ unstable/main intltool-debian all 0.35.0+20060710.1 [30.8 kB]
Get:28 http://ftp.uk.debian.org/debian/ unstable/main po-debconf all 1.0.16+nmu2 [224 kB]
Get:29 http://ftp.uk.debian.org/debian/ unstable/main debhelper all 8.9.14 [693 kB]
Get:30 http://ftp.uk.debian.org/debian/ unstable/main diffstat armel 1.55-2 [28.5 kB]
Get:31 http://ftp.uk.debian.org/debian/ unstable/main quilt all 0.50-2 [381 kB]
Get:32 http://ftp.uk.debian.org/debian/ unstable/main zlib1g-dev armel 1:1.2.3.4.dfsg-3 [190 kB]
debconf: delaying package configuration, since apt-utils is not installed
Fetched 16.6 MB in 4s (3461 kB/s)
Selecting previously unselected package libncursesw5.
(Reading database ... 10565 files and directories currently installed.)
Unpacking libncursesw5 (from .../libncursesw5_5.9-4_armel.deb) ...
Selecting previously unselected package libpipeline1.
Unpacking libpipeline1 (from .../libpipeline1_1.2.0-5_armel.deb) ...
Selecting previously unselected package libssl1.0.0.
Unpacking libssl1.0.0 (from .../libssl1.0.0_1.0.0e-3_armel.deb) ...
Selecting previously unselected package libpcre3.
Unpacking libpcre3 (from .../libpcre3_8.12-4_armel.deb) ...
Selecting previously unselected package libffi5.
Unpacking libffi5 (from .../libffi5_3.0.10-3_armel.deb) ...
Selecting previously unselected package libglib2.0-0.
Unpacking libglib2.0-0 (from .../libglib2.0-0_2.30.2-4_armel.deb) ...
Selecting previously unselected package libxml2.
Unpacking libxml2 (from .../libxml2_2.7.8.dfsg-5.1_armel.deb) ...
Selecting previously unselected package libcroco3.
Unpacking libcroco3 (from .../libcroco3_0.6.2-2_armel.deb) ...
Selecting previously unselected package libexpat1.
Unpacking libexpat1 (from .../libexpat1_2.0.1-7.2_armel.deb) ...
Selecting previously unselected package libunistring0.
Unpacking libunistring0 (from .../libunistring0_0.9.3-5_armel.deb) ...
Selecting previously unselected package libdb4.8.
Unpacking libdb4.8 (from .../libdb4.8_4.8.30-11_armel.deb) ...
Selecting previously unselected package bsdmainutils.
Unpacking bsdmainutils (from .../bsdmainutils_8.2.3_armel.deb) ...
Selecting previously unselected package groff-base.
Unpacking groff-base (from .../groff-base_1.21-6_armel.deb) ...
Selecting previously unselected package man-db.
Unpacking man-db (from .../man-db_2.6.0.2-3_armel.deb) ...
Selecting previously unselected package libmagic1.
Unpacking libmagic1 (from .../libmagic1_5.09-2_armel.deb) ...
Selecting previously unselected package file.
Unpacking file (from .../archives/file_5.09-2_armel.deb) ...
Selecting previously unselected package gettext-base.
Unpacking gettext-base (from .../gettext-base_0.18.1.1-5_armel.deb) ...
Selecting previously unselected package libsqlite3-0.
Unpacking libsqlite3-0 (from .../libsqlite3-0_3.7.9-3_armel.deb) ...
Selecting previously unselected package mime-support.
Unpacking mime-support (from .../mime-support_3.51-1_all.deb) ...
Selecting previously unselected package python2.7-minimal.
Unpacking python2.7-minimal (from .../python2.7-minimal_2.7.2-9_armel.deb) ...
Selecting previously unselected package python2.7.
Unpacking python2.7 (from .../python2.7_2.7.2-9_armel.deb) ...
Selecting previously unselected package python-minimal.
Unpacking python-minimal (from .../python-minimal_2.7.2-9_all.deb) ...
Selecting previously unselected package python.
Unpacking python (from .../python_2.7.2-9_all.deb) ...
Selecting previously unselected package cdbs.
Unpacking cdbs (from .../archives/cdbs_0.4.100_all.deb) ...
Selecting previously unselected package html2text.
Unpacking html2text (from .../html2text_1.3.2a-15_armel.deb) ...
Selecting previously unselected package gettext.
Unpacking gettext (from .../gettext_0.18.1.1-5_armel.deb) ...
Selecting previously unselected package intltool-debian.
Unpacking intltool-debian (from .../intltool-debian_0.35.0+20060710.1_all.deb) ...
Selecting previously unselected package po-debconf.
Unpacking po-debconf (from .../po-debconf_1.0.16+nmu2_all.deb) ...
Selecting previously unselected package debhelper.
Unpacking debhelper (from .../debhelper_8.9.14_all.deb) ...
Selecting previously unselected package diffstat.
Unpacking diffstat (from .../diffstat_1.55-2_armel.deb) ...
Selecting previously unselected package quilt.
Unpacking quilt (from .../archives/quilt_0.50-2_all.deb) ...
Selecting previously unselected package zlib1g-dev.
Unpacking zlib1g-dev (from .../zlib1g-dev_1%3a1.2.3.4.dfsg-3_armel.deb) ...
Setting up libncursesw5 (5.9-4) ...
Setting up libpipeline1 (1.2.0-5) ...
Setting up libssl1.0.0 (1.0.0e-3) ...
Setting up libpcre3 (8.12-4) ...
Setting up libffi5 (3.0.10-3) ...
Setting up libglib2.0-0 (2.30.2-4) ...
No schema files found: doing nothing.
Setting up libxml2 (2.7.8.dfsg-5.1) ...
Setting up libcroco3 (0.6.2-2) ...
Setting up libexpat1 (2.0.1-7.2) ...
Setting up libunistring0 (0.9.3-5) ...
Setting up libdb4.8 (4.8.30-11) ...
Setting up bsdmainutils (8.2.3) ...
update-alternatives: using /usr/bin/bsd-write to provide /usr/bin/write (write) in auto mode.
update-alternatives: using /usr/bin/bsd-from to provide /usr/bin/from (from) in auto mode.
Setting up groff-base (1.21-6) ...
Setting up man-db (2.6.0.2-3) ...
Building database of manual pages ...
Setting up libmagic1 (5.09-2) ...
Setting up file (5.09-2) ...
Setting up gettext-base (0.18.1.1-5) ...
Setting up libsqlite3-0 (3.7.9-3) ...
Setting up mime-support (3.51-1) ...
update-alternatives: using /usr/bin/see to provide /usr/bin/view (view) in auto mode.
Setting up python2.7-minimal (2.7.2-9) ...
Setting up python2.7 (2.7.2-9) ...
Setting up python-minimal (2.7.2-9) ...
Setting up python (2.7.2-9) ...
Setting up cdbs (0.4.100) ...
Setting up html2text (1.3.2a-15) ...
Setting up gettext (0.18.1.1-5) ...
Setting up intltool-debian (0.35.0+20060710.1) ...
Setting up po-debconf (1.0.16+nmu2) ...
Setting up debhelper (8.9.14) ...
Setting up diffstat (1.55-2) ...
Setting up quilt (0.50-2) ...
Setting up zlib1g-dev (1:1.2.3.4.dfsg-3) ...
Removing negative dependencies: 
Reading package lists...
Building dependency tree...
Reading state information...
0 upgraded, 0 newly installed, 0 to remove and 24 not upgraded.
Checking correctness of dependencies...
Kernel: Linux 2.6.32 armel (armv5tel)
Toolchain package versions: binutils_2.22-2 dpkg-dev_1.16.1.2 g++-4.6_4.6.2-9 gcc-4.6_4.6.2-9 libc6-dev_2.13-24 libstdc++6_4.6.2-9 libstdc++6-4.6-dev_4.6.2-9 linux-libc-dev_3.1.6-1
Package versions: apt_0.8.15.9 base-files_6.5 base-passwd_3.5.24 bash_4.2-1 binutils_2.22-2 bsdmainutils_8.2.3 bsdutils_1:2.19.1-5 build-essential_11.5 bzip2_1.0.6-1 cdbs_0.4.100 coreutils_8.13-3 cpp_4:4.6.2-2 cpp-4.6_4.6.2-9 dash_0.5.7-2 debconf_1.5.41 debfoster_2.7-1.1 debhelper_8.9.14 debian-archive-keyring_2010.08.28 debianutils_4.1 diffstat_1.55-2 diffutils_1:3.2-1 dpkg_1.16.1.2 dpkg-dev_1.16.1.2 e2fslibs_1.42-1 e2fsprogs_1.42-1 fakeroot_1.18.2-1 file_5.09-2 findutils_4.4.2-1+b1 g++_4:4.6.2-2 g++-4.6_4.6.2-9 gcc_4:4.6.2-2 gcc-4.4-base_4.4.6-14 gcc-4.5-base_4.5.3-9 gcc-4.6_4.6.2-9 gcc-4.6-base_4.6.2-9 gettext_0.18.1.1-5 gettext-base_0.18.1.1-5 gnupg_1.4.11-3 gpgv_1.4.11-3 grep_2.10-1 groff-base_1.21-6 gzip_1.4-2 hostname_3.08 html2text_1.3.2a-15 initscripts_2.88dsf-18 insserv_1.14.0-2.1 intltool-debian_0.35.0+20060710.1 libacl1_2.2.51-5 libattr1_1:2.4.46-5 libblkid1_2.19.1-5 libbz2-1.0_1.0.6-1 libc-bin_2.13-24 libc-dev-bin_2.13-24 libc6_2.13-24 libc6-dev_2.13-24 libclass-isa-perl_0.36-3 libcomerr2_1.42-1 libcroco3_0.6.2-2 libdb4.8_4.8.30-11 libdb5.1_5.1.29-1 libdpkg-perl_1.16.1.2 libexpat1_2.0.1-7.2 libffi5_3.0.10-3 libgc1c2_1:7.1-8 libgcc1_1:4.6.2-9 libgdbm3_1.8.3-10 libglib2.0-0_2.30.2-4 libgmp10_2:5.0.2+dfsg-2 libgomp1_4.6.2-9 liblzma2_5.1.1alpha+20110809-2 liblzma5_5.1.1alpha+20110809-3 libmagic1_5.09-2 libmount1_2.19.1-5 libmpc2_0.9-4 libmpfr4_3.1.0-3 libncurses5_5.9-4 libncursesw5_5.9-4 libpam-modules_1.1.3-6 libpam-modules-bin_1.1.3-6 libpam-runtime_1.1.3-6 libpam0g_1.1.3-6 libpcre3_8.12-4 libpipeline1_1.2.0-5 libreadline6_6.2-8 libselinux1_2.1.0-4 libsepol1_2.1.0-1.2 libslang2_2.2.4-5 libsqlite3-0_3.7.9-3 libss2_1.42-1 libssl1.0.0_1.0.0e-3 libstdc++6_4.6.2-9 libstdc++6-4.6-dev_4.6.2-9 libswitch-perl_2.16-2 libtimedate-perl_1.2000-1 libtinfo5_5.9-4 libunistring0_0.9.3-5 libusb-0.1-4_2:0.1.12-19 libuuid1_2.19.1-5 libxml2_2.7.8.dfsg-5.1 linux-libc-dev_3.1.6-1 login_1:4.1.4.2+svn3283-3 lsb-base_3.2-28 make_3.81-8.1 man-db_2.6.0.2-3 mawk_1.3.3-16 mime-support_3.51-1 mount_2.19.1-5 multiarch-support_2.13-24 ncurses-base_5.9-4 ncurses-bin_5.9-4 passwd_1:4.1.4.2+svn3283-3 patch_2.6.1-2 perl_5.14.2-6 perl-base_5.14.2-6 perl-modules_5.14.2-6 po-debconf_1.0.16+nmu2 python_2.7.2-9 python-minimal_2.7.2-9 python2.7_2.7.2-9 python2.7-minimal_2.7.2-9 quilt_0.50-2 readline-common_6.2-8 sed_4.2.1-9 sensible-utils_0.0.6 sudo_1.8.3p1-2 sysv-rc_2.88dsf-18 sysvinit_2.88dsf-18 sysvinit-utils_2.88dsf-18 tar_1.26-3 tzdata_2011n-1 util-linux_2.19.1-5 xz-utils_5.1.1alpha+20110809-3 zlib1g_1:1.2.3.4.dfsg-3 zlib1g-dev_1:1.2.3.4.dfsg-3

┌──────────────────────────────────────────────────────────────────────────────┐
│ Build                                                                        │
└──────────────────────────────────────────────────────────────────────────────┘


Unpack source
─────────────

gpgv: keyblock resource `/home/buildd/.gnupg/trustedkeys.gpg': file open error
gpgv: Signature made Wed Jan 11 06:48:11 2012 UTC using RSA key ID 2295D502
gpgv: Can't check signature: public key not found
dpkg-source: warning: failed to verify signature on ./bedtools_2.15.0-1.dsc
dpkg-source: info: extracting bedtools in bedtools-2.15.0
dpkg-source: info: unpacking bedtools_2.15.0.orig.tar.gz
dpkg-source: info: unpacking bedtools_2.15.0-1.debian.tar.gz
dpkg-source: info: applying gzstream.h.patch

Check disc space
────────────────


dpkg-buildpackage
─────────────────

dpkg-buildpackage: source package bedtools
dpkg-buildpackage: source version 2.15.0-1
 dpkg-source --before-build bedtools-2.15.0
dpkg-buildpackage: host architecture armel
 fakeroot debian/rules clean
test -x debian/rules
dh_testroot
rm -f debian/stamp-makefile-build debian/stamp-makefile-install
/usr/bin/make  -C . CFLAGS="-g -O2 -fstack-protector --param=ssp-buffer-size=4 -Wformat -Wformat-security -Werror=format-security -Wall" CXXFLAGS="-g -O2 -fstack-protector --param=ssp-buffer-size=4 -Wformat -Wformat-security -Werror=format-security -Wall" CPPFLAGS="" LDFLAGS=""  -k clean
make[1]: Entering directory `/build/buildd-bedtools_2.15.0-1-armel-XxZntt/bedtools-2.15.0'
Cleaning up.
make[1]: Leaving directory `/build/buildd-bedtools_2.15.0-1-armel-XxZntt/bedtools-2.15.0'
dh_clean 
/usr/bin/make -f debian/rules reverse-config
make[1]: Entering directory `/build/buildd-bedtools_2.15.0-1-armel-XxZntt/bedtools-2.15.0'
make[1]: Nothing to be done for `reverse-config'.
make[1]: Leaving directory `/build/buildd-bedtools_2.15.0-1-armel-XxZntt/bedtools-2.15.0'
if [ -d "." ]; then \
	  cd . && QUILT_PATCHES=/build/buildd-bedtools_2.15.0-1-armel-XxZntt/bedtools-2.15.0/debian/patches quilt --quiltrc /dev/null pop -a -R || test $? = 2 ; \
	fi
Removing patch gzstream.h.patch
Restoring src/utils/gzstream/gzstream.C

No patches applied
rm -rf ./.pc
rm -f debian/stamp-patch*
 debian/rules build
test -x debian/rules
mkdir -p "."
/usr/share/cdbs/1/rules/buildcore.mk:109: WARNING:  DEB_DH_BUILDDEB_ARGS is a deprecated variable
/usr/bin/make -f debian/rules reverse-config
make[1]: Entering directory `/build/buildd-bedtools_2.15.0-1-armel-XxZntt/bedtools-2.15.0'
make[1]: Nothing to be done for `reverse-config'.
make[1]: Leaving directory `/build/buildd-bedtools_2.15.0-1-armel-XxZntt/bedtools-2.15.0'
cd . && QUILT_PATCHES=/build/buildd-bedtools_2.15.0-1-armel-XxZntt/bedtools-2.15.0/debian/patches quilt --quiltrc /dev/null push -a || test $? = 2
Applying patch gzstream.h.patch
patching file src/utils/gzstream/gzstream.C

Now at patch gzstream.h.patch
touch debian/stamp-patched
/usr/bin/make -f debian/rules update-config
make[1]: Entering directory `/build/buildd-bedtools_2.15.0-1-armel-XxZntt/bedtools-2.15.0'
make[1]: Nothing to be done for `update-config'.
make[1]: Leaving directory `/build/buildd-bedtools_2.15.0-1-armel-XxZntt/bedtools-2.15.0'
/usr/bin/make  -C . CFLAGS="-g -O2 -fstack-protector --param=ssp-buffer-size=4 -Wformat -Wformat-security -Werror=format-security -Wall" CXXFLAGS="-g -O2 -fstack-protector --param=ssp-buffer-size=4 -Wformat -Wformat-security -Werror=format-security -Wall" CPPFLAGS="" LDFLAGS=""  
make[1]: Entering directory `/build/buildd-bedtools_2.15.0-1-armel-XxZntt/bedtools-2.15.0'
[ -d obj ] || mkdir -p obj
[ -d bin ] || mkdir -p bin
Building BEDTools:
=========================================================
- Building in src/utils/lineFileUtilities
  * compiling lineFileUtilities.cpp

- Building in src/utils/bedFile
  * compiling bedFile.cpp

- Building in src/utils/bedGraphFile
  * compiling bedGraphFile.cpp

- Building in src/utils/chromsweep
  * compiling chromsweep.cpp

- Building in src/utils/gzstream
g++ -g -O2 -fstack-protector --param=ssp-buffer-size=4 -Wformat -Wformat-security -Werror=format-security -Wall -c -o ../../../obj//gzstream.o gzstream.C -I.

- Building in src/utils/fileType
  * compiling fileType.cpp

- Building in src/utils/bedFilePE
  * compiling bedFilePE.cpp

- Building in src/utils/sequenceUtilities
  * compiling sequenceUtils.cpp

- Building in src/utils/tabFile
  * compiling tabFile.cpp

- Building in src/utils/BamTools
 * compiling BamAlignment.cpp
 * compiling BamMultiReader.cpp
 * compiling BamReader.cpp
 * compiling BamWriter.cpp
 * compiling SamHeader.cpp
 * compiling SamProgram.cpp
 * compiling SamProgramChain.cpp
 * compiling SamReadGroup.cpp
 * compiling SamReadGroupDictionary.cpp
 * compiling SamSequence.cpp
 * compiling SamSequenceDictionary.cpp
 * compiling BamHeader_p.cpp
 * compiling BamMultiReader_p.cpp
 * compiling BamRandomAccessController_p.cpp
 * compiling BamReader_p.cpp
 * compiling BamWriter_p.cpp
 * compiling BamIndexFactory_p.cpp
 * compiling BamStandardIndex_p.cpp
 * compiling BamToolsIndex_p.cpp
 * compiling BamDeviceFactory_p.cpp
 * compiling BamFile_p.cpp
 * compiling BamFtp_p.cpp
 * compiling BamHttp_p.cpp
 * compiling BamPipe_p.cpp
 * compiling BgzfStream_p.cpp
 * compiling ByteArray_p.cpp
 * compiling HostAddress_p.cpp
 * compiling HostInfo_p.cpp
 * compiling HttpHeader_p.cpp
 * compiling ILocalIODevice_p.cpp
 * compiling RollingBuffer_p.cpp
 * compiling TcpSocketEngine_p.cpp
 * compiling TcpSocketEngine_unix_p.cpp
 * compiling TcpSocket_p.cpp
 * compiling SamFormatParser_p.cpp
 * compiling SamFormatPrinter_p.cpp
 * compiling SamHeaderValidator_p.cpp
 * compiling BamException_p.cpp
[ -d lib ] || mkdir -p lib
[ -d include ] || mkdir -p include
[ -d include/api ] || mkdir -p include/api
[ -d include/shared ] || mkdir -p include/shared
 * linking libbamtools.a
ar cr lib/libbamtools.a src/api/BamAlignment.o src/api/BamMultiReader.o src/api/BamReader.o src/api/BamWriter.o src/api/SamHeader.o src/api/SamProgram.o src/api/SamProgramChain.o src/api/SamReadGroup.o src/api/SamReadGroupDictionary.o src/api/SamSequence.o src/api/SamSequenceDictionary.o src/api/internal/bam/BamHeader_p.o src/api/internal/bam/BamMultiReader_p.o src/api/internal/bam/BamRandomAccessController_p.o src/api/internal/bam/BamReader_p.o src/api/internal/bam/BamWriter_p.o src/api/internal/index/BamIndexFactory_p.o src/api/internal/index/BamStandardIndex_p.o src/api/internal/index/BamToolsIndex_p.o src/api/internal/io/BamDeviceFactory_p.o src/api/internal/io/BamFile_p.o src/api/internal/io/BamFtp_p.o src/api/internal/io/BamHttp_p.o src/api/internal/io/BamPipe_p.o src/api/internal/io/BgzfStream_p.o src/api/internal/io/ByteArray_p.o src/api/internal/io/HostAddress_p.o src/api/internal/io/HostInfo_p.o src/api/internal/io/HttpHeader_p.o src/api/internal/io/ILocalIODevice_p.o src/api/internal/io/RollingBuffer_p.o src/api/internal/io/TcpSocketEngine_p.o src/api/internal/io/TcpSocketEngine_unix_p.o src/api/internal/io/TcpSocket_p.o src/api/internal/sam/SamFormatParser_p.o src/api/internal/sam/SamFormatPrinter_p.o src/api/internal/sam/SamHeaderValidator_p.o src/api/internal/utils/BamException_p.o

- Building in src/utils/BamTools-Ancillary
  * compiling BamAncillary.cpp

- Building in src/utils/Fasta
  * compiling Fasta.cpp
Fasta.cpp: In member function 'void FastaIndexEntry::clear()':
Fasta.cpp:28:14: warning: converting to non-pointer type 'int' from NULL [-Wconversion-null]
Fasta.cpp:31:17: warning: converting to non-pointer type 'int' from NULL [-Wconversion-null]
Fasta.cpp:32:17: warning: converting to non-pointer type 'int' from NULL [-Wconversion-null]
  * compiling split.cpp

- Building in src/utils/genomeFile
  * compiling genomeFile.cpp
genomeFile.cpp: In member function 'void GenomeFile::loadGenomeFileIntoMap()':
genomeFile.cpp:61:26: warning: variable 'c2' set but not used [-Wunused-but-set-variable]

- Building in src/annotateBed
  * compiling annotateMain.cpp
annotateMain.cpp: In function 'int annotate_main(int, char**)':
annotateMain.cpp:39:10: warning: variable 'haveTitles' set but not used [-Wunused-but-set-variable]
  * compiling annotateBed.cpp

- Building in src/bamToBed
  * compiling bamToBed.cpp
bamToBed.cpp: In function 'int bamtobed_main(int, char**)':
bamToBed.cpp:74:10: warning: variable 'useAlignmentScore' set but not used [-Wunused-but-set-variable]

- Building in src/bedToBam
  * compiling bedToBam.cpp
bedToBam.cpp: In function 'int bedtobam_main(int, char**)':
bedToBam.cpp:60:10: warning: variable 'haveMapQual' set but not used [-Wunused-but-set-variable]

- Building in src/bedpeToBam
  * compiling bedpeToBam.cpp
bedpeToBam.cpp: In function 'int bedpetobam_main(int, char**)':
bedpeToBam.cpp:61:10: warning: variable 'haveMapQual' set but not used [-Wunused-but-set-variable]

- Building in src/bedToIgv
  * compiling bedToIgv.cpp

- Building in src/bed12ToBed6
  * compiling bed12ToBed6.cpp

- Building in src/closestBed
  * compiling closestMain.cpp
  * compiling closestBed.cpp

- Building in src/clusterBed
  * compiling clusterMain.cpp
clusterMain.cpp: In function 'int cluster_main(int, char**)':
clusterMain.cpp:38:10: warning: variable 'haveMaxDistance' set but not used [-Wunused-but-set-variable]
  * compiling clusterBed.cpp

- Building in src/complementBed
  * compiling complementMain.cpp
  * compiling complementBed.cpp

- Building in src/coverageBed
  * compiling coverageMain.cpp
  * compiling coverageBed.cpp

- Building in src/fastaFromBed
  * compiling fastaFromBedMain.cpp
  * compiling fastaFromBed.cpp

- Building in src/flankBed
  * compiling flankBedMain.cpp
  * compiling flankBed.cpp

- Building in src/genomeCoverageBed
  * compiling genomeCoverageMain.cpp
  * compiling genomeCoverageBed.cpp

- Building in src/getOverlap
  * compiling getOverlap.cpp
getOverlap.cpp: In function 'int getoverlap_main(int, char**)':
getOverlap.cpp:44:10: warning: variable 'haveColumns' set but not used [-Wunused-but-set-variable]

- Building in src/groupBy
  * compiling groupBy.cpp
groupBy.cpp: In function 'int groupby_main(int, char**)':
groupBy.cpp:84:10: warning: variable 'haveOps' set but not used [-Wunused-but-set-variable]

- Building in src/intersectBed
  * compiling intersectMain.cpp
  * compiling intersectBed.cpp

- Building in src/linksBed
  * compiling linksMain.cpp
  * compiling linksBed.cpp

- Building in src/maskFastaFromBed
  * compiling maskFastaFromBedMain.cpp
  * compiling maskFastaFromBed.cpp

- Building in src/mergeBed
  * compiling mergeMain.cpp
mergeMain.cpp: In function 'int merge_main(int, char**)':
mergeMain.cpp:40:10: warning: variable 'haveMaxDistance' set but not used [-Wunused-but-set-variable]
  * compiling mergeBed.cpp

- Building in src/multiBamCov
  * compiling multiBamCovMain.cpp
multiBamCovMain.cpp: In function 'int multibamcov_main(int, char**)':
multiBamCovMain.cpp:38:10: warning: variable 'haveBed' set but not used [-Wunused-but-set-variable]
multiBamCovMain.cpp:39:10: warning: variable 'haveBams' set but not used [-Wunused-but-set-variable]
  * compiling multiBamCov.cpp

- Building in src/multiIntersectBed
  * compiling multiIntersectBed.cpp
  * compiling multiIntersectBedMain.cpp
multiIntersectBedMain.cpp: In function 'int multiintersect_main(int, char**)':
multiIntersectBedMain.cpp:45:10: warning: variable 'haveFiles' set but not used [-Wunused-but-set-variable]
multiIntersectBedMain.cpp:47:10: warning: variable 'haveGenome' set but not used [-Wunused-but-set-variable]
multiIntersectBedMain.cpp:48:10: warning: variable 'haveFiller' set but not used [-Wunused-but-set-variable]

- Building in src/nucBed
  * compiling nucBedMain.cpp
  * compiling nucBed.cpp

- Building in src/pairToBed
  * compiling pairToBedMain.cpp
pairToBedMain.cpp: In function 'int pairtobed_main(int, char**)':
pairToBedMain.cpp:43:10: warning: variable 'haveFraction' set but not used [-Wunused-but-set-variable]
  * compiling pairToBed.cpp
pairToBed.cpp: In member function 'void BedIntersectPE::FindSpanningOverlaps(const BEDPE&, std::vector<BED>&, const string&)':
pairToBed.cpp:255:12: warning: variable 'spanLength' set but not used [-Wunused-but-set-variable]
pairToBed.cpp: In member function 'bool BedIntersectPE::FindOneOrMoreSpanningOverlaps(const BEDPE&, const string&)':
pairToBed.cpp:307:9: warning: variable 'spanLength' set but not used [-Wunused-but-set-variable]

- Building in src/pairToPair
  * compiling pairToPairMain.cpp
pairToPairMain.cpp: In function 'int pairtopair_main(int, char**)':
pairToPairMain.cpp:44:10: warning: variable 'haveFraction' set but not used [-Wunused-but-set-variable]
  * compiling pairToPair.cpp
pairToPair.cpp: In member function 'void PairToPair::FindOverlaps(const BEDPE&)':
pairToPair.cpp:112:14: warning: variable 'found1' set but not used [-Wunused-but-set-variable]
pairToPair.cpp:113:14: warning: variable 'found2' set but not used [-Wunused-but-set-variable]

- Building in src/shuffleBed
  * compiling shuffleBedMain.cpp
  * compiling shuffleBed.cpp

- Building in src/slopBed
  * compiling slopBedMain.cpp
  * compiling slopBed.cpp

- Building in src/sortBed
  * compiling sortMain.cpp
  * compiling sortBed.cpp

- Building in src/subtractBed
  * compiling subtractMain.cpp
subtractMain.cpp: In function 'int subtract_main(int, char**)':
subtractMain.cpp:41:10: warning: variable 'haveFraction' set but not used [-Wunused-but-set-variable]
  * compiling subtractBed.cpp

- Building in src/tagBam
  * compiling tagBamMain.cpp
tagBamMain.cpp: In function 'int tagbam_main(int, char**)':
tagBamMain.cpp:38:10: warning: variable 'haveFraction' set but not used [-Wunused-but-set-variable]
  * compiling tagBam.cpp

- Building in src/unionBedGraphs
  * compiling unionBedGraphs.cpp
  * compiling unionBedGraphsMain.cpp
unionBedGraphsMain.cpp: In function 'int unionbedgraphs_main(int, char**)':
unionBedGraphsMain.cpp:46:10: warning: variable 'haveFiles' set but not used [-Wunused-but-set-variable]
unionBedGraphsMain.cpp:48:10: warning: variable 'haveGenome' set but not used [-Wunused-but-set-variable]
unionBedGraphsMain.cpp:49:10: warning: variable 'haveFiller' set but not used [-Wunused-but-set-variable]

- Building in src/windowBed
  * compiling windowMain.cpp
  * compiling windowBed.cpp

- Building in src/windowMaker
  * compiling windowMakerMain.cpp
  * compiling windowMaker.cpp

- Building main bedtools binary.
done.
- Creating executables for old CLI.
done.
make[1]: Leaving directory `/build/buildd-bedtools_2.15.0-1-armel-XxZntt/bedtools-2.15.0'
touch debian/stamp-makefile-build
DEB_MAKE_CHECK_TARGET unset, not running checks
 fakeroot debian/rules binary-arch
test -x debian/rules
dh_testroot
dh_prep 
dh_installdirs -A 
mkdir -p "."
/usr/share/cdbs/1/rules/buildcore.mk:109: WARNING:  DEB_DH_BUILDDEB_ARGS is a deprecated variable
DEB_MAKE_CHECK_TARGET unset, not running checks
DEB_MAKE_INSTALL_TARGET unset, skipping default makefile.mk common-install target
Adding cdbs dependencies to debian/bedtools.substvars
dh_installdirs -pbedtools 
dh_installdocs -pbedtools 
dh_installexamples -pbedtools 
dh_installman -pbedtools  
dh_installinfo -pbedtools  
dh_installmenu -pbedtools 
dh_installcron -pbedtools 
dh_installinit -pbedtools  
dh_installdebconf -pbedtools 
dh_installemacsen -pbedtools   
dh_installcatalogs -pbedtools 
dh_installpam -pbedtools 
dh_installlogrotate -pbedtools 
dh_installlogcheck -pbedtools 
dh_installchangelogs -pbedtools  RELEASE_HISTORY 
dh_installudev -pbedtools 
dh_lintian -pbedtools 
dh_bugfiles -pbedtools 
dh_install -pbedtools  
dh_link -pbedtools  
dh_installmime -pbedtools 
dh_installgsettings -pbedtools 
dh_strip -pbedtools  
dh_compress -pbedtools  
dh_fixperms -pbedtools  
dh_makeshlibs -pbedtools  
rm /build/buildd-bedtools_2.15.0-1-armel-XxZntt/bedtools-2.15.0/debian/bedtools/usr/bin/groupBy # distributed in the filo package.
dh_installdeb -pbedtools 
dh_perl -pbedtools 
dh_shlibdeps -pbedtools    
dpkg-shlibdeps: warning: debian/bedtools/usr/bin/bedtools contains an unresolvable reference to symbol __aeabi_unwind_cpp_pr1@GCC_3.5: it's probably a plugin.
dh_gencontrol -pbedtools  
dh_md5sums -pbedtools 
dh_builddeb -pbedtools -- -Z xz
dpkg-deb: building package `bedtools' in `../bedtools_2.15.0-1_armel.deb'.
 dpkg-genchanges -B -marmel Build Daemon (antheil) <buildd_armel-antheil@buildd.debian.org> >../bedtools_2.15.0-1_armel.changes
dpkg-genchanges: arch-specific upload - not including arch-independent packages
dpkg-genchanges: binary-only upload - not including any source code
 dpkg-source --after-build bedtools-2.15.0
dpkg-buildpackage: binary only upload (no source included)
────────────────────────────────────────────────────────────────────────────────
Build finished at 20120111-0854

bedtools_2.15.0-1_armel.changes:
Format: 1.8
Date: Wed, 11 Jan 2012 15:07:45 +0900
Source: bedtools
Binary: bedtools
Architecture: armel
Version: 2.15.0-1
Distribution: sid
Urgency: low
Maintainer: armel Build Daemon (antheil) <buildd_armel-antheil@buildd.debian.org>
Changed-By: Charles Plessy <plessy@debian.org>
Description: 
 bedtools   - suite of utilities for comparing genomic features
Changes: 
 bedtools (2.15.0-1) unstable; urgency=low
 .
   [3f8e754] Upstream version 2.15.0.
   [f27b295] Build-depend on python because of scripts/makeBashScripts.py.
   [2e3e8e8] Removed the /usr/bin/groupBy wrapper, as groupBy is also
     distributed by the filo package.
Checksums-Sha1: 
 e6e1417713a2d3faab139338fdd43a86b0b2828e 333406 bedtools_2.15.0-1_armel.deb
Checksums-Sha256: 
 47d37c342c7df5e01ac02af7c01390e884fbe2c2092ea8b9cbd05a8c81af4965 333406 bedtools_2.15.0-1_armel.deb
Files: 
 30a6b0459b3d6b804a38a2fc3fde6f7d 333406 science optional bedtools_2.15.0-1_armel.deb

┌──────────────────────────────────────────────────────────────────────────────┐
│ Package contents                                                             │
└──────────────────────────────────────────────────────────────────────────────┘


bedtools_2.15.0-1_armel.deb
───────────────────────────

 new debian package, version 2.0.
 size 333406 bytes: control archive= 1869 bytes.
     865 bytes,    19 lines      control              
    2299 bytes,    40 lines      md5sums              
 Package: bedtools
 Version: 2.15.0-1
 Architecture: armel
 Maintainer: Debian Med Packaging Team <debian-med-packaging@lists.alioth.debian.org>
 Installed-Size: 1092
 Pre-Depends: dpkg (>= 1.15.6)
 Depends: libc6 (>= 2.4), libgcc1 (>= 1:4.4.0), libstdc++6 (>= 4.4.0), zlib1g (>= 1:1.1.4)
 Suggests: filo
 Section: science
 Priority: optional
 Homepage: http://code.google.com/p/bedtools/
 Description: suite of utilities for comparing genomic features
  The BEDTools utilities allow one to address common genomics tasks such as
  finding feature overlaps and computing coverage. The utilities are largely
  based on four widely-used file formats: BED, GFF/GTF, VCF, and SAM/BAM. Using
  BEDTools, one can develop sophisticated pipelines that answer complicated
  research questions by streaming several BEDTools together.
  .
  The groupBy utility is distribued in the filo package.

drwxr-xr-x root/root         0 2012-01-11 08:54 ./
drwxr-xr-x root/root         0 2012-01-11 08:54 ./usr/
drwxr-xr-x root/root         0 2012-01-11 08:54 ./usr/bin/
-rwxr-xr-x root/root        32 2012-01-11 08:53 ./usr/bin/closestBed
-rwxr-xr-x root/root        34 2012-01-11 08:53 ./usr/bin/unionBedGraphs
-rwxr-xr-x root/root        33 2012-01-11 08:53 ./usr/bin/multiBamCov
-rwxr-xr-x root/root        33 2012-01-11 08:53 ./usr/bin/subtractBed
-rwxr-xr-x root/root        29 2012-01-11 08:53 ./usr/bin/sortBed
-rwxr-xr-x root/root        30 2012-01-11 08:53 ./usr/bin/mergeBed
-rwxr-xr-x root/root        36 2012-01-11 08:53 ./usr/bin/windowMaker
-rwxr-xr-x root/root        29 2012-01-11 08:53 ./usr/bin/slopBed
-rwxr-xr-x root/root        32 2012-01-11 08:53 ./usr/bin/getOverlap
-rwxr-xr-x root/root        30 2012-01-11 08:53 ./usr/bin/flankBed
-rwxr-xr-x root/root        34 2012-01-11 08:53 ./usr/bin/pairToBed
-rwxr-xr-x root/root   1056896 2012-01-11 08:54 ./usr/bin/bedtools
-rwxr-xr-x root/root        30 2012-01-11 08:53 ./usr/bin/linksBed
-rwxr-xr-x root/root        28 2012-01-11 08:53 ./usr/bin/bedToIgv
-rwxr-xr-x root/root        28 2012-01-11 08:53 ./usr/bin/tagBam
-rwxr-xr-x root/root        33 2012-01-11 08:53 ./usr/bin/annotateBed
-rwxr-xr-x root/root        34 2012-01-11 08:53 ./usr/bin/maskFastaFromBed
-rwxr-xr-x root/root        31 2012-01-11 08:53 ./usr/bin/windowBed
-rwxr-xr-x root/root        33 2012-01-11 08:53 ./usr/bin/bamToBed
-rwxr-xr-x root/root        34 2012-01-11 08:53 ./usr/bin/intersectBed
-rwxr-xr-x root/root        32 2012-01-11 08:53 ./usr/bin/shuffleBed
-rwxr-xr-x root/root        33 2012-01-11 08:53 ./usr/bin/bedToBam
-rwxr-xr-x root/root        36 2012-01-11 08:53 ./usr/bin/bed12ToBed6
-rwxr-xr-x root/root        35 2012-01-11 08:53 ./usr/bin/bedpeToBam
-rwxr-xr-x root/root        35 2012-01-11 08:53 ./usr/bin/pairToPair
-rwxr-xr-x root/root        35 2012-01-11 08:53 ./usr/bin/multiIntersectBed
-rwxr-xr-x root/root        33 2012-01-11 08:53 ./usr/bin/coverageBed
-rwxr-xr-x root/root        32 2012-01-11 08:53 ./usr/bin/clusterBed
-rwxr-xr-x root/root        34 2012-01-11 08:53 ./usr/bin/genomeCoverageBed
-rwxr-xr-x root/root        35 2012-01-11 08:53 ./usr/bin/complementBed
-rwxr-xr-x root/root        33 2012-01-11 08:53 ./usr/bin/fastaFromBed
-rwxr-xr-x root/root        28 2012-01-11 08:53 ./usr/bin/nucBed
drwxr-xr-x root/root         0 2012-01-11 08:54 ./usr/share/
drwxr-xr-x root/root         0 2012-01-11 08:54 ./usr/share/bedtools/
drwxr-xr-x root/root         0 2012-01-11 08:31 ./usr/share/bedtools/genomes/
-rwxr-xr-x root/root      1972 2012-01-02 10:51 ./usr/share/bedtools/genomes/human.hg19.genome
-rwxr-xr-x root/root       565 2012-01-02 10:51 ./usr/share/bedtools/genomes/mouse.mm8.genome
-rwxr-xr-x root/root       585 2012-01-02 10:51 ./usr/share/bedtools/genomes/mouse.mm9.genome
-rwxr-xr-x root/root       856 2012-01-02 10:51 ./usr/share/bedtools/genomes/human.hg18.genome
drwxr-xr-x root/root         0 2012-01-11 08:54 ./usr/share/doc/
drwxr-xr-x root/root         0 2012-01-11 08:54 ./usr/share/doc/bedtools/
-rw-r--r-- root/root      1442 2012-01-02 10:51 ./usr/share/doc/bedtools/README.rst
-rw-r--r-- root/root     11640 2012-01-02 10:51 ./usr/share/doc/bedtools/changelog.gz
-rw-r--r-- root/root       832 2012-01-11 06:08 ./usr/share/doc/bedtools/changelog.Debian.gz
-rw-r--r-- root/root      4611 2012-01-05 01:53 ./usr/share/doc/bedtools/copyright


┌──────────────────────────────────────────────────────────────────────────────┐
│ Finished                                                                     │
└──────────────────────────────────────────────────────────────────────────────┘

Built successfully
────────────────────────────────────────────────────────────────────────────────

┌──────────────────────────────────────────────────────────────────────────────┐
│ Post Build                                                                   │
└──────────────────────────────────────────────────────────────────────────────┘

Purging /var/lib/schroot/mount/sid-armel-sbuild-60302bc7-fb58-4465-91b9-d135480d3f69/build/buildd-bedtools_2.15.0-1-armel-XxZntt
Not cleaning session: cloned chroot in use

┌──────────────────────────────────────────────────────────────────────────────┐
│ Summary                                                                      │
└──────────────────────────────────────────────────────────────────────────────┘

Architecture: armel
Build-Space: 65992
Build-Time: 1374
Distribution: sid
Install-Time: 142
Job: bedtools_2.15.0-1
Package: bedtools
Package-Time: 1615
Source-Version: 2.15.0-1
Space: 65992
Status: successful
Version: 2.15.0-1
────────────────────────────────────────────────────────────────────────────────
Finished at 20120111-0854
Build needed 00:26:55, 65992k disc space
Signature with key '5EAEB276' requested:

