From buildd@hasse.debian.org Fri Mar 16 14:04:16 2012
Return-path: <buildd@hasse.debian.org>
Received: from merikanto.debian.org ([2001:858:2:2:216:35ff:fec4:a49a])
	from C=NA, ST=NA, L=Ankh Morpork, O=Debian SMTP, OU=Debian SMTP CA,
	CN=merikanto.debian.org,
	EMAIL=hostmaster@merikanto.debian.org (verified)
	by grieg.debian.org with esmtps (TLS1.0:RSA_AES_256_CBC_SHA1:32)
	(Exim 4.72) (envelope-from <buildd@hasse.debian.org>)
	id 1S8XlP-0005R2-S1
	for logs@buildd.debian.org; Fri, 16 Mar 2012 14:04:16 +0000
Received: from [217.140.96.68] (helo=hasse.debian.org)
	from C=NA, ST=NA, L=Ankh Morpork, O=Debian SMTP, OU=Debian SMTP CA,
	CN=hasse.debian.org, EMAIL=hostmaster@hasse.debian.org (verified)
	by merikanto.debian.org with esmtps (TLS1.0:RSA_AES_256_CBC_SHA1:32)
	(Exim 4.72) (envelope-from <buildd@hasse.debian.org>)
	id 1S8XlO-0004Wn-KF
	for logs@buildd.debian.org; Fri, 16 Mar 2012 14:04:14 +0000
Received: from buildd by hasse.debian.org with local (Exim 4.77)
	(envelope-from <buildd@hasse.debian.org>)
	id 1S8XlN-0000ff-L1; Fri, 16 Mar 2012 14:04:13 +0000
From: buildd on hasse <buildd@hasse.debian.org>
To: logs@buildd.debian.org,buildd-porters@hasse.debian.org
Subject: Log for successful build of bedtools_2.16.1-1 on armhf (dist=sid)
Content-Type: text/plain; charset=UTF-8
Content-Transfer-Encoding: 8bit
Message-Id: <E1S8XlN-0000ff-L1@hasse.debian.org>
Date: Fri, 16 Mar 2012 14:04:13 +0000
Delivered-To: logs@buildd.debian.org

sbuild (Debian sbuild) 0.61.0 (23 Feb 2011) on hasse.debian.org

╔══════════════════════════════════════════════════════════════════════════════╗
║ bedtools 2.16.1-1 (armhf)                                  16 Mar 2012 13:36 ║
╚══════════════════════════════════════════════════════════════════════════════╝

Package: bedtools
Version: 2.16.1-1
Source Version: 2.16.1-1
Architecture: armhf
Get:1 http://incoming.debian.org unstable InRelease [198 kB]
Get:2 http://ftp.uk.debian.org unstable InRelease [198 kB]
Get:3 http://ftp.uk.debian.org unstable/main Sources [6213 kB]
Ign http://incoming.debian.org  InRelease
Get:4 http://incoming.debian.org  Release.gpg [836 B]
Get:5 http://incoming.debian.org unstable/main Sources [6213 kB]
Get:6 http://ftp.uk.debian.org unstable/contrib Sources [54.4 kB]
Get:7 http://ftp.uk.debian.org unstable/non-free Sources [99.8 kB]
Get:8 http://ftp.uk.debian.org unstable/main armhf Packages [5650 kB]
Get:9 http://ftp.uk.debian.org unstable/contrib armhf Packages [35.6 kB]
Ign http://ftp.uk.debian.org unstable/contrib TranslationIndex
Get:10 http://ftp.uk.debian.org unstable/main TranslationIndex [2223 B]
Get:11 http://ftp.uk.debian.org unstable/contrib Translation-en [37.1 kB]
Get:12 http://ftp.uk.debian.org unstable/main Translation-en [3902 kB]
Get:13 http://incoming.debian.org unstable/contrib Sources [54.4 kB]
Get:14 http://incoming.debian.org unstable/non-free Sources [99.8 kB]
Get:15 http://incoming.debian.org unstable/main armhf Packages [5650 kB]
Get:16 http://incoming.debian.org unstable/contrib armhf Packages [35.6 kB]
Ign http://incoming.debian.org unstable/contrib TranslationIndex
Get:17 http://incoming.debian.org unstable/main TranslationIndex [2223 B]
Get:18 http://incoming.debian.org  Release [1616 B]
Get:19 http://incoming.debian.org unstable/contrib Translation-en [37.1 kB]
Get:20 http://incoming.debian.org unstable/main Translation-en [3902 kB]
Get:21 http://incoming.debian.org  Sources [61.5 kB]
Get:22 http://incoming.debian.org  Packages [696 kB]
Ign http://incoming.debian.org  Translation-en
Fetched 33.1 MB in 1min 19s (416 kB/s)
Reading package lists...

┌──────────────────────────────────────────────────────────────────────────────┐
│ Fetch source files                                                           │
└──────────────────────────────────────────────────────────────────────────────┘


Check APT
─────────

Checking available source versions...

Download source files with APT
──────────────────────────────

Reading package lists...
Building dependency tree...
Reading state information...
NOTICE: 'bedtools' packaging is maintained in the 'Git' version control system at:
git://git.debian.org/git/debian-med/bedtools.git
Need to get 985 kB of source archives.
Get:1 http://incoming.debian.org/buildd-unstable/  bedtools 2.16.1-1 (dsc) [1975 B]
Get:2 http://incoming.debian.org/buildd-unstable/  bedtools 2.16.1-1 (tar) [978 kB]
Get:3 http://incoming.debian.org/buildd-unstable/  bedtools 2.16.1-1 (diff) [5035 B]
Fetched 985 kB in 3s (285 kB/s)
Download complete and in download only mode

Check arch
──────────


┌──────────────────────────────────────────────────────────────────────────────┐
│ Install core build dependencies (internal resolver)                          │
└──────────────────────────────────────────────────────────────────────────────┘

Build-Depends: build-essential, fakeroot
Checking for already installed dependencies...
build-essential: already installed (11.5+b1)
fakeroot: already installed (1.18.2-1)
Checking for dependency conflicts...
Installing positive dependencies: 
Reading package lists...
Building dependency tree...
Reading state information...
0 upgraded, 0 newly installed, 0 to remove and 4 not upgraded.
Removing negative dependencies: 
Reading package lists...
Building dependency tree...
Reading state information...
0 upgraded, 0 newly installed, 0 to remove and 4 not upgraded.
Checking correctness of dependencies...

┌──────────────────────────────────────────────────────────────────────────────┐
│ Install bedtools build dependencies (internal resolver)                      │
└──────────────────────────────────────────────────────────────────────────────┘

Build-Depends: libc6-dev | libc-dev, gcc (>= 4:4.4.3), g++ (>= 4:4.4.3), make, dpkg-dev (>= 1.13.5), cdbs, debhelper (>= 8), quilt, python, zlib1g-dev
Checking for already installed dependencies...
libc6-dev: already installed (2.13-27)
gcc: already installed (4:4.6.2-4 >= 4:4.4.3 is satisfied)
g++: already installed (4:4.6.2-4 >= 4:4.4.3 is satisfied)
make: already installed (3.81-8.1+b1)
dpkg-dev: already installed (1.16.1.2 >= 1.13.5 is satisfied)
cdbs: missing
debhelper: missing
Using default version 9.20120312
quilt: missing
python: missing
zlib1g-dev: missing
Checking for dependency conflicts...
Installing positive dependencies: cdbs debhelper quilt python zlib1g-dev
Reading package lists...
Building dependency tree...
Reading state information...
The following extra packages will be installed:
  bsdmainutils diffstat file gettext gettext-base groff-base html2text
  intltool-debian libcroco3 libdb4.8 libexpat1 libffi5 libglib2.0-0 libmagic1
  libncursesw5 libpcre3 libpipeline1 libsqlite3-0 libssl1.0.0 libunistring0
  libxml2 man-db mime-support po-debconf python-minimal python2.7
  python2.7-minimal
Suggested packages:
  wamerican wordlist whois vacation devscripts dh-make gettext-doc groff less
  www-browser libmail-box-perl python-doc python-tk python2.7-doc
  binfmt-support procmail graphviz default-mta mail-transport-agent
Recommended packages:
  autotools-dev curl wget lynx-cur autopoint libglib2.0-data shared-mime-info
  libgpm2 xml-core libmail-sendmail-perl
The following NEW packages will be installed:
  bsdmainutils cdbs debhelper diffstat file gettext gettext-base groff-base
  html2text intltool-debian libcroco3 libdb4.8 libexpat1 libffi5 libglib2.0-0
  libmagic1 libncursesw5 libpcre3 libpipeline1 libsqlite3-0 libssl1.0.0
  libunistring0 libxml2 man-db mime-support po-debconf python python-minimal
  python2.7 python2.7-minimal quilt zlib1g-dev
0 upgraded, 32 newly installed, 0 to remove and 4 not upgraded.
Need to get 16.4 MB of archives.
After this operation, 42.0 MB of additional disk space will be used.
Get:1 http://ftp.uk.debian.org/debian/ unstable/main libncursesw5 armhf 5.9-4+b1 [293 kB]
Get:2 http://ftp.uk.debian.org/debian/ unstable/main libpipeline1 armhf 1.2.1-1 [33.2 kB]
Get:3 http://ftp.uk.debian.org/debian/ unstable/main libssl1.0.0 armhf 1.0.0h-1 [962 kB]
Get:4 http://ftp.uk.debian.org/debian/ unstable/main libmagic1 armhf 5.10-1 [246 kB]
Get:5 http://ftp.uk.debian.org/debian/ unstable/main libpcre3 armhf 8.12-4+b1 [222 kB]
Get:6 http://ftp.uk.debian.org/debian/ unstable/main libffi5 armhf 3.0.10-3+b1 [22.3 kB]
Get:7 http://ftp.uk.debian.org/debian/ unstable/main libglib2.0-0 armhf 2.30.2-6 [1673 kB]
Get:8 http://ftp.uk.debian.org/debian/ unstable/main libxml2 armhf 2.7.8.dfsg-7 [779 kB]
Get:9 http://ftp.uk.debian.org/debian/ unstable/main libcroco3 armhf 0.6.4-2 [134 kB]
Get:10 http://ftp.uk.debian.org/debian/ unstable/main libexpat1 armhf 2.0.1-7.2+b1 [106 kB]
Get:11 http://ftp.uk.debian.org/debian/ unstable/main libunistring0 armhf 0.9.3-5+b1 [404 kB]
Get:12 http://ftp.uk.debian.org/debian/ unstable/main libdb4.8 armhf 4.8.30-11 [590 kB]
Get:13 http://ftp.uk.debian.org/debian/ unstable/main bsdmainutils armhf 9.0.1 [203 kB]
Get:14 http://ftp.uk.debian.org/debian/ unstable/main groff-base armhf 1.21-6+b1 [1027 kB]
Get:15 http://ftp.uk.debian.org/debian/ unstable/main man-db armhf 2.6.1-1 [1009 kB]
Get:16 http://ftp.uk.debian.org/debian/ unstable/main file armhf 5.10-1 [52.4 kB]
Get:17 http://ftp.uk.debian.org/debian/ unstable/main gettext-base armhf 0.18.1.1-5+b1 [132 kB]
Get:18 http://ftp.uk.debian.org/debian/ unstable/main libsqlite3-0 armhf 3.7.10-1 [371 kB]
Get:19 http://ftp.uk.debian.org/debian/ unstable/main mime-support all 3.52-1 [35.5 kB]
Get:20 http://ftp.uk.debian.org/debian/ unstable/main python2.7-minimal armhf 2.7.3~rc1-1 [1595 kB]
Get:21 http://ftp.uk.debian.org/debian/ unstable/main python2.7 armhf 2.7.3~rc1-1 [2635 kB]
Get:22 http://ftp.uk.debian.org/debian/ unstable/main python-minimal all 2.7.2-10 [40.0 kB]
Get:23 http://ftp.uk.debian.org/debian/ unstable/main python all 2.7.2-10 [177 kB]
Get:24 http://ftp.uk.debian.org/debian/ unstable/main cdbs all 0.4.109 [79.4 kB]
Get:25 http://ftp.uk.debian.org/debian/ unstable/main html2text armhf 1.3.2a-15+b1 [94.6 kB]
Get:26 http://ftp.uk.debian.org/debian/ unstable/main gettext armhf 0.18.1.1-5+b1 [1920 kB]
Get:27 http://ftp.uk.debian.org/debian/ unstable/main intltool-debian all 0.35.0+20060710.1 [30.8 kB]
Get:28 http://ftp.uk.debian.org/debian/ unstable/main po-debconf all 1.0.16+nmu2 [224 kB]
Get:29 http://ftp.uk.debian.org/debian/ unstable/main debhelper all 9.20120312 [694 kB]
Get:30 http://ftp.uk.debian.org/debian/ unstable/main diffstat armhf 1.55-2 [27.4 kB]
Get:31 http://ftp.uk.debian.org/debian/ unstable/main quilt all 0.60-2 [377 kB]
Get:32 http://ftp.uk.debian.org/debian/ unstable/main zlib1g-dev armhf 1:1.2.6.dfsg-2 [206 kB]
debconf: delaying package configuration, since apt-utils is not installed
Fetched 16.4 MB in 4s (3526 kB/s)
Selecting previously unselected package libncursesw5.
(Reading database ... 12757 files and directories currently installed.)
Unpacking libncursesw5 (from .../libncursesw5_5.9-4+b1_armhf.deb) ...
Selecting previously unselected package libpipeline1.
Unpacking libpipeline1 (from .../libpipeline1_1.2.1-1_armhf.deb) ...
Selecting previously unselected package libssl1.0.0.
Unpacking libssl1.0.0 (from .../libssl1.0.0_1.0.0h-1_armhf.deb) ...
Selecting previously unselected package libmagic1.
Unpacking libmagic1 (from .../libmagic1_5.10-1_armhf.deb) ...
Selecting previously unselected package libpcre3.
Unpacking libpcre3 (from .../libpcre3_8.12-4+b1_armhf.deb) ...
Selecting previously unselected package libffi5.
Unpacking libffi5 (from .../libffi5_3.0.10-3+b1_armhf.deb) ...
Selecting previously unselected package libglib2.0-0.
Unpacking libglib2.0-0 (from .../libglib2.0-0_2.30.2-6_armhf.deb) ...
Selecting previously unselected package libxml2.
Unpacking libxml2 (from .../libxml2_2.7.8.dfsg-7_armhf.deb) ...
Selecting previously unselected package libcroco3.
Unpacking libcroco3 (from .../libcroco3_0.6.4-2_armhf.deb) ...
Selecting previously unselected package libexpat1.
Unpacking libexpat1 (from .../libexpat1_2.0.1-7.2+b1_armhf.deb) ...
Selecting previously unselected package libunistring0.
Unpacking libunistring0 (from .../libunistring0_0.9.3-5+b1_armhf.deb) ...
Selecting previously unselected package libdb4.8.
Unpacking libdb4.8 (from .../libdb4.8_4.8.30-11_armhf.deb) ...
Selecting previously unselected package bsdmainutils.
Unpacking bsdmainutils (from .../bsdmainutils_9.0.1_armhf.deb) ...
Selecting previously unselected package groff-base.
Unpacking groff-base (from .../groff-base_1.21-6+b1_armhf.deb) ...
Selecting previously unselected package man-db.
Unpacking man-db (from .../man-db_2.6.1-1_armhf.deb) ...
Selecting previously unselected package file.
Unpacking file (from .../archives/file_5.10-1_armhf.deb) ...
Selecting previously unselected package gettext-base.
Unpacking gettext-base (from .../gettext-base_0.18.1.1-5+b1_armhf.deb) ...
Selecting previously unselected package libsqlite3-0.
Unpacking libsqlite3-0 (from .../libsqlite3-0_3.7.10-1_armhf.deb) ...
Selecting previously unselected package mime-support.
Unpacking mime-support (from .../mime-support_3.52-1_all.deb) ...
Selecting previously unselected package python2.7-minimal.
Unpacking python2.7-minimal (from .../python2.7-minimal_2.7.3~rc1-1_armhf.deb) ...
Selecting previously unselected package python2.7.
Unpacking python2.7 (from .../python2.7_2.7.3~rc1-1_armhf.deb) ...
Selecting previously unselected package python-minimal.
Unpacking python-minimal (from .../python-minimal_2.7.2-10_all.deb) ...
Selecting previously unselected package python.
Unpacking python (from .../python_2.7.2-10_all.deb) ...
Selecting previously unselected package cdbs.
Unpacking cdbs (from .../archives/cdbs_0.4.109_all.deb) ...
Selecting previously unselected package html2text.
Unpacking html2text (from .../html2text_1.3.2a-15+b1_armhf.deb) ...
Selecting previously unselected package gettext.
Unpacking gettext (from .../gettext_0.18.1.1-5+b1_armhf.deb) ...
Selecting previously unselected package intltool-debian.
Unpacking intltool-debian (from .../intltool-debian_0.35.0+20060710.1_all.deb) ...
Selecting previously unselected package po-debconf.
Unpacking po-debconf (from .../po-debconf_1.0.16+nmu2_all.deb) ...
Selecting previously unselected package debhelper.
Unpacking debhelper (from .../debhelper_9.20120312_all.deb) ...
Selecting previously unselected package diffstat.
Unpacking diffstat (from .../diffstat_1.55-2_armhf.deb) ...
Selecting previously unselected package quilt.
Unpacking quilt (from .../archives/quilt_0.60-2_all.deb) ...
Selecting previously unselected package zlib1g-dev.
Unpacking zlib1g-dev (from .../zlib1g-dev_1%3a1.2.6.dfsg-2_armhf.deb) ...
Setting up libncursesw5 (5.9-4+b1) ...
Setting up libpipeline1 (1.2.1-1) ...
Setting up libssl1.0.0 (1.0.0h-1) ...
Setting up libmagic1 (5.10-1) ...
Setting up libpcre3 (8.12-4+b1) ...
Setting up libffi5 (3.0.10-3+b1) ...
Setting up libglib2.0-0 (2.30.2-6) ...
No schema files found: doing nothing.
Setting up libxml2 (2.7.8.dfsg-7) ...
Setting up libcroco3 (0.6.4-2) ...
Setting up libexpat1 (2.0.1-7.2+b1) ...
Setting up libunistring0 (0.9.3-5+b1) ...
Setting up libdb4.8 (4.8.30-11) ...
Setting up bsdmainutils (9.0.1) ...
update-alternatives: using /usr/bin/bsd-write to provide /usr/bin/write (write) in auto mode.
update-alternatives: using /usr/bin/bsd-from to provide /usr/bin/from (from) in auto mode.
Setting up groff-base (1.21-6+b1) ...
Setting up man-db (2.6.1-1) ...
Building database of manual pages ...
Setting up file (5.10-1) ...
Setting up gettext-base (0.18.1.1-5+b1) ...
Setting up libsqlite3-0 (3.7.10-1) ...
Setting up mime-support (3.52-1) ...
update-alternatives: using /usr/bin/see to provide /usr/bin/view (view) in auto mode.
Setting up python2.7-minimal (2.7.3~rc1-1) ...
Setting up python2.7 (2.7.3~rc1-1) ...
Setting up python-minimal (2.7.2-10) ...
Setting up python (2.7.2-10) ...
Setting up cdbs (0.4.109) ...
Setting up html2text (1.3.2a-15+b1) ...
Setting up gettext (0.18.1.1-5+b1) ...
Setting up intltool-debian (0.35.0+20060710.1) ...
Setting up po-debconf (1.0.16+nmu2) ...
Setting up debhelper (9.20120312) ...
Setting up diffstat (1.55-2) ...
Setting up quilt (0.60-2) ...
Setting up zlib1g-dev (1:1.2.6.dfsg-2) ...
Removing negative dependencies: 
Reading package lists...
Building dependency tree...
Reading state information...
0 upgraded, 0 newly installed, 0 to remove and 4 not upgraded.
Checking correctness of dependencies...
Kernel: Linux 3.2.0-2-mx5 armhf (armv7l)
Toolchain package versions: binutils_2.22-6 dpkg-dev_1.16.1.2 g++-4.6_4.6.3-1 gcc-4.6_4.6.3-1 libc6-dev_2.13-27 libstdc++6_4.6.3-1 libstdc++6-4.6-dev_4.6.3-1 linux-libc-dev_3.2.9-1
Package versions: apt_0.8.15.10 base-files_6.7 base-passwd_3.5.24 bash_4.2-1 binutils_2.22-6 bsdmainutils_9.0.1 bsdutils_1:2.20.1-4 build-essential_11.5+b1 bzip2_1.0.6-1 cdbs_0.4.109 coreutils_8.13-3+b1 cpp_4:4.6.2-4 cpp-4.6_4.6.3-1 dash_0.5.7-3 debconf_1.5.41 debfoster_2.7-1.1+b1 debhelper_9.20120312 debian-archive-keyring_2010.08.28 debian-ports-archive-keyring_2012.01.08 debianutils_4.2.1 diffstat_1.55-2 diffutils_1:3.2-2 dpkg_1.16.1.2 dpkg-dev_1.16.1.2 e2fslibs_1.42.1-2 e2fsprogs_1.42.1-2 fakeroot_1.18.2-1 file_5.10-1 findutils_4.4.2-4 g++_4:4.6.2-4 g++-4.6_4.6.3-1 gcc_4:4.6.2-4 gcc-4.4-base_4.4.6-15 gcc-4.5-base_4.5.3-12 gcc-4.6_4.6.3-1 gcc-4.6-base_4.6.3-1 gettext_0.18.1.1-5+b1 gettext-base_0.18.1.1-5+b1 gnupg_1.4.12-4 gpgv_1.4.12-4 grep_2.10-1 groff-base_1.21-6+b1 gzip_1.4-3 hostname_3.11 html2text_1.3.2a-15+b1 initscripts_2.88dsf-22 insserv_1.14.0-2.2 intltool-debian_0.35.0+20060710.1 libacl1_2.2.51-5 libalgorithm-diff-perl_1.19.02-2 libalgorithm-merge-perl_0.08-2 libattr1_1:2.4.46-5 libblkid1_2.20.1-4 libbz2-1.0_1.0.6-1 libc-bin_2.13-27 libc-dev-bin_2.13-27 libc6_2.13-27 libc6-dev_2.13-27 libclass-isa-perl_0.36-3 libcomerr2_1.42.1-2 libcroco3_0.6.4-2 libdb4.8_4.8.30-11 libdb5.1_5.1.29-1 libdpkg-perl_1.16.1.2 libexpat1_2.0.1-7.2+b1 libffi5_3.0.10-3+b1 libgc1c2_1:7.1-8+b1 libgcc1_1:4.6.3-1 libgdbm3_1.8.3-10+b1 libglib2.0-0_2.30.2-6 libgmp10_2:5.0.4+dfsg-1 libgomp1_4.6.3-1 liblzma2_5.1.1alpha+20110809-2 liblzma5_5.1.1alpha+20110809-3+b1 libmagic1_5.10-1 libmount1_2.20.1-4 libmpc2_0.9-4+b1 libmpfr4_3.1.0-4 libncurses5_5.9-4+b1 libncursesw5_5.9-4+b1 libpam-modules_1.1.3-7 libpam-modules-bin_1.1.3-7 libpam-runtime_1.1.3-7 libpam0g_1.1.3-7 libpcre3_8.12-4+b1 libpipeline1_1.2.1-1 libreadline6_6.2-8+b1 libselinux1_2.1.9-2 libsemanage-common_2.1.6-2 libsemanage1_2.1.6-2 libsepol1_2.1.4-1 libslang2_2.2.4-7 libsqlite3-0_3.7.10-1 libss2_1.42.1-2 libssl1.0.0_1.0.0h-1 libstdc++6_4.6.3-1 libstdc++6-4.6-dev_4.6.3-1 libswitch-perl_2.16-2 libtimedate-perl_1.2000-1 libtinfo5_5.9-4+b1 libunistring0_0.9.3-5+b1 libusb-0.1-4_2:0.1.12-20 libustr-1.0-1_1.0.4-2 libuuid1_2.20.1-4 libxml2_2.7.8.dfsg-7 linux-libc-dev_3.2.9-1 login_1:4.1.5-1 lsb-base_3.2+Debian31 make_3.81-8.1+b1 man-db_2.6.1-1 manpages_3.35-0.1 manpages-dev_3.35-0.1 mawk_1.3.3-16+b1 mime-support_3.52-1 mount_2.20.1-4 multiarch-support_2.13-27 ncurses-base_5.9-4 ncurses-bin_5.9-4+b1 passwd_1:4.1.5-1 patch_2.6.1-3 perl_5.14.2-9 perl-base_5.14.2-9 perl-modules_5.14.2-9 po-debconf_1.0.16+nmu2 python_2.7.2-10 python-minimal_2.7.2-10 python2.7_2.7.3~rc1-1 python2.7-minimal_2.7.3~rc1-1 quilt_0.60-2 readline-common_6.2-8 sed_4.2.1-9+b1 sensible-utils_0.0.6 sudo_1.8.3p2-1 sysv-rc_2.88dsf-22 sysvinit_2.88dsf-22 sysvinit-utils_2.88dsf-22 tar_1.26-4 tzdata_2012b-1 ucf_3.0025+nmu2 util-linux_2.20.1-4 xz-utils_5.1.1alpha+20110809-3+b1 zlib1g_1:1.2.6.dfsg-2 zlib1g-dev_1:1.2.6.dfsg-2

┌──────────────────────────────────────────────────────────────────────────────┐
│ Build                                                                        │
└──────────────────────────────────────────────────────────────────────────────┘


Unpack source
─────────────

gpgv: keyblock resource `/home/buildd/.gnupg/trustedkeys.gpg': file open error
gpgv: Signature made Fri Mar 16 11:42:52 2012 UTC using RSA key ID 2295D502
gpgv: Can't check signature: public key not found
dpkg-source: warning: failed to verify signature on ./bedtools_2.16.1-1.dsc
dpkg-source: info: extracting bedtools in bedtools-2.16.1
dpkg-source: info: unpacking bedtools_2.16.1.orig.tar.gz
dpkg-source: info: unpacking bedtools_2.16.1-1.debian.tar.gz
dpkg-source: info: applying gzstream.h.patch

Check disc space
────────────────


dpkg-buildpackage
─────────────────

dpkg-buildpackage: source package bedtools
dpkg-buildpackage: source version 2.16.1-1
 dpkg-source --before-build bedtools-2.16.1
dpkg-buildpackage: host architecture armhf
 fakeroot debian/rules clean
test -x debian/rules
dh_testroot
rm -f debian/stamp-makefile-build debian/stamp-makefile-install
/usr/bin/make  -C . CFLAGS="-g -O2 -fstack-protector --param=ssp-buffer-size=4 -Wformat -Wformat-security -Werror=format-security -Wall" CXXFLAGS="-g -O2 -fstack-protector --param=ssp-buffer-size=4 -Wformat -Wformat-security -Werror=format-security -Wall" CPPFLAGS="-D_FORTIFY_SOURCE=2" LDFLAGS="-Wl,-z,relro"  -k clean
make[1]: Entering directory `/build/buildd-bedtools_2.16.1-1-armhf-cuD_vP/bedtools-2.16.1'
 * Cleaning-up BamTools API
 * Cleaning up.
make[1]: Leaving directory `/build/buildd-bedtools_2.16.1-1-armhf-cuD_vP/bedtools-2.16.1'
dh_clean 
	rm -f debian/bedtools.substvars
	rm -f debian/bedtools.*.debhelper
	rm -rf debian/bedtools/
	rm -f debian/*.debhelper.log
	rm -f debian/files
	find .  \( \( -type f -a \
	        \( -name '#*#' -o -name '.*~' -o -name '*~' -o -name DEADJOE \
		 -o -name '*.orig' -o -name '*.rej' -o -name '*.bak' \
		 -o -name '.*.orig' -o -name .*.rej -o -name '.SUMS' \
		 -o -name TAGS -o \( -path '*/.deps/*' -a -name '*.P' \) \
		\) -exec rm -f {} \; \) -o \
		\( -type d -a -name autom4te.cache -prune -exec rm -rf {} \; \) \)
	rm -f *-stamp
/usr/bin/make -f debian/rules reverse-config
make[1]: Entering directory `/build/buildd-bedtools_2.16.1-1-armhf-cuD_vP/bedtools-2.16.1'
make[1]: Nothing to be done for `reverse-config'.
make[1]: Leaving directory `/build/buildd-bedtools_2.16.1-1-armhf-cuD_vP/bedtools-2.16.1'
if [ -d "." ]; then \
	  cd . && QUILT_PATCHES=/build/buildd-bedtools_2.16.1-1-armhf-cuD_vP/bedtools-2.16.1/debian/patches quilt --quiltrc /dev/null pop -a -R || test $? = 2 ; \
	fi
Removing patch gzstream.h.patch
Restoring src/utils/gzstream/gzstream.C

No patches applied
rm -rf ./.pc
rm -f debian/stamp-patch*
 debian/rules build
test -x debian/rules
mkdir -p "."
/usr/share/cdbs/1/rules/buildcore.mk:109: WARNING:  DEB_DH_BUILDDEB_ARGS is a deprecated variable
/usr/bin/make -f debian/rules reverse-config
make[1]: Entering directory `/build/buildd-bedtools_2.16.1-1-armhf-cuD_vP/bedtools-2.16.1'
make[1]: Nothing to be done for `reverse-config'.
make[1]: Leaving directory `/build/buildd-bedtools_2.16.1-1-armhf-cuD_vP/bedtools-2.16.1'
cd . && QUILT_PATCHES=/build/buildd-bedtools_2.16.1-1-armhf-cuD_vP/bedtools-2.16.1/debian/patches quilt --quiltrc /dev/null push -a || test $? = 2
Applying patch gzstream.h.patch
patching file src/utils/gzstream/gzstream.C

Now at patch gzstream.h.patch
touch debian/stamp-patched
/usr/bin/make -f debian/rules update-config
make[1]: Entering directory `/build/buildd-bedtools_2.16.1-1-armhf-cuD_vP/bedtools-2.16.1'
make[1]: Nothing to be done for `update-config'.
make[1]: Leaving directory `/build/buildd-bedtools_2.16.1-1-armhf-cuD_vP/bedtools-2.16.1'
/usr/bin/make  -C . CFLAGS="-g -O2 -fstack-protector --param=ssp-buffer-size=4 -Wformat -Wformat-security -Werror=format-security -Wall" CXXFLAGS="-g -O2 -fstack-protector --param=ssp-buffer-size=4 -Wformat -Wformat-security -Werror=format-security -Wall" CPPFLAGS="-D_FORTIFY_SOURCE=2" LDFLAGS="-Wl,-z,relro"  
make[1]: Entering directory `/build/buildd-bedtools_2.16.1-1-armhf-cuD_vP/bedtools-2.16.1'
Building BEDTools:
=========================================================
DETECTED_VERSION = v2.16.1
CURRENT_VERSION  = v2.16.1
 * Creating BamTools API
- Building in src/utils/bedFile
  * compiling bedFile.cpp
- Building in src/utils/version
  * compiling version.cpp
- Building in src/utils/bedGraphFile
  * compiling bedGraphFile.cpp
- Building in src/utils/chromsweep
  * compiling chromsweep.cpp
- Building in src/utils/gzstream
g++ -g -O2 -fstack-protector --param=ssp-buffer-size=4 -Wformat -Wformat-security -Werror=format-security -Wall -c -o ../../../obj//gzstream.o gzstream.C -I.
- Building in src/utils/fileType
  * compiling fileType.cpp
- Building in src/utils/bedFilePE
  * compiling bedFilePE.cpp
- Building in src/utils/sequenceUtilities
  * compiling sequenceUtils.cpp
- Building in src/utils/tabFile
  * compiling tabFile.cpp
- Building in src/utils/BamTools
 * compiling BamAlignment.cpp
 * compiling BamMultiReader.cpp
 * compiling BamReader.cpp
 * compiling BamWriter.cpp
 * compiling SamHeader.cpp
 * compiling SamProgram.cpp
 * compiling SamProgramChain.cpp
 * compiling SamReadGroup.cpp
 * compiling SamReadGroupDictionary.cpp
 * compiling SamSequence.cpp
 * compiling SamSequenceDictionary.cpp
 * compiling BamHeader_p.cpp
 * compiling BamMultiReader_p.cpp
 * compiling BamRandomAccessController_p.cpp
 * compiling BamReader_p.cpp
 * compiling BamWriter_p.cpp
 * compiling BamIndexFactory_p.cpp
 * compiling BamStandardIndex_p.cpp
 * compiling BamToolsIndex_p.cpp
 * compiling BamDeviceFactory_p.cpp
 * compiling BamFile_p.cpp
 * compiling BamFtp_p.cpp
 * compiling BamHttp_p.cpp
 * compiling BamPipe_p.cpp
 * compiling BgzfStream_p.cpp
 * compiling ByteArray_p.cpp
 * compiling HostAddress_p.cpp
 * compiling HostInfo_p.cpp
 * compiling HttpHeader_p.cpp
 * compiling ILocalIODevice_p.cpp
 * compiling RollingBuffer_p.cpp
 * compiling TcpSocketEngine_p.cpp
 * compiling TcpSocketEngine_unix_p.cpp
 * compiling TcpSocket_p.cpp
 * compiling SamFormatParser_p.cpp
 * compiling SamFormatPrinter_p.cpp
 * compiling SamHeaderValidator_p.cpp
 * compiling BamException_p.cpp
 * linking lib/libbamtools.a
ar cr lib/libbamtools.a src/api/BamAlignment.o src/api/BamMultiReader.o src/api/BamReader.o src/api/BamWriter.o src/api/SamHeader.o src/api/SamProgram.o src/api/SamProgramChain.o src/api/SamReadGroup.o src/api/SamReadGroupDictionary.o src/api/SamSequence.o src/api/SamSequenceDictionary.o src/api/internal/bam/BamHeader_p.o src/api/internal/bam/BamMultiReader_p.o src/api/internal/bam/BamRandomAccessController_p.o src/api/internal/bam/BamReader_p.o src/api/internal/bam/BamWriter_p.o src/api/internal/index/BamIndexFactory_p.o src/api/internal/index/BamStandardIndex_p.o src/api/internal/index/BamToolsIndex_p.o src/api/internal/io/BamDeviceFactory_p.o src/api/internal/io/BamFile_p.o src/api/internal/io/BamFtp_p.o src/api/internal/io/BamHttp_p.o src/api/internal/io/BamPipe_p.o src/api/internal/io/BgzfStream_p.o src/api/internal/io/ByteArray_p.o src/api/internal/io/HostAddress_p.o src/api/internal/io/HostInfo_p.o src/api/internal/io/HttpHeader_p.o src/api/internal/io/ILocalIODevice_p.o src/api/internal/io/RollingBuffer_p.o src/api/internal/io/TcpSocketEngine_p.o src/api/internal/io/TcpSocketEngine_unix_p.o src/api/internal/io/TcpSocket_p.o src/api/internal/sam/SamFormatParser_p.o src/api/internal/sam/SamFormatPrinter_p.o src/api/internal/sam/SamHeaderValidator_p.o src/api/internal/utils/BamException_p.o
ranlib lib/libbamtools.a
- Building in src/utils/BamTools-Ancillary
  * compiling BamAncillary.cpp
  * compiling BamAncillary.cpp
- Building in src/utils/BlockedIntervals
  * compiling BlockedIntervals.cpp
  * compiling BlockedIntervals.cpp
- Building in src/utils/Fasta
  * compiling Fasta.cpp
Fasta.cpp: In member function 'void FastaIndexEntry::clear()':
Fasta.cpp:28:14: warning: converting to non-pointer type 'int' from NULL [-Wconversion-null]
Fasta.cpp:31:17: warning: converting to non-pointer type 'int' from NULL [-Wconversion-null]
Fasta.cpp:32:17: warning: converting to non-pointer type 'int' from NULL [-Wconversion-null]
  * compiling Fasta.cpp
Fasta.cpp: In member function 'void FastaIndexEntry::clear()':
Fasta.cpp:28:14: warning: converting to non-pointer type 'int' from NULL [-Wconversion-null]
Fasta.cpp:31:17: warning: converting to non-pointer type 'int' from NULL [-Wconversion-null]
Fasta.cpp:32:17: warning: converting to non-pointer type 'int' from NULL [-Wconversion-null]
  * compiling split.cpp
  * compiling split.cpp
- Building in src/utils/VectorOps
  * compiling VectorOps.cpp
- Building in src/utils/genomeFile
  * compiling genomeFile.cpp
genomeFile.cpp: In member function 'void GenomeFile::loadGenomeFileIntoMap()':
genomeFile.cpp:61:26: warning: variable 'c2' set but not used [-Wunused-but-set-variable]
- Building in src/annotateBed
  * compiling annotateMain.cpp
annotateMain.cpp: In function 'int annotate_main(int, char**)':
annotateMain.cpp:39:10: warning: variable 'haveTitles' set but not used [-Wunused-but-set-variable]
  * compiling annotateBed.cpp
- Building in src/bamToBed
  * compiling bamToBed.cpp
bamToBed.cpp: In function 'int bamtobed_main(int, char**)':
bamToBed.cpp:74:10: warning: variable 'useAlignmentScore' set but not used [-Wunused-but-set-variable]
- Building in src/bamToFastq
  * compiling bamToFastqMain.cpp
bamToFastqMain.cpp: In function 'int bamtofastq_main(int, char**)':
bamToFastqMain.cpp:38:10: warning: variable 'haveFastq2' set but not used [-Wunused-but-set-variable]
  * compiling bamToFastq.cpp
- Building in src/bedToBam
  * compiling bedToBam.cpp
bedToBam.cpp: In function 'int bedtobam_main(int, char**)':
bedToBam.cpp:60:10: warning: variable 'haveMapQual' set but not used [-Wunused-but-set-variable]
- Building in src/bedpeToBam
  * compiling bedpeToBam.cpp
bedpeToBam.cpp: In function 'int bedpetobam_main(int, char**)':
bedpeToBam.cpp:61:10: warning: variable 'haveMapQual' set but not used [-Wunused-but-set-variable]
- Building in src/bedToIgv
  * compiling bedToIgv.cpp
- Building in src/bed12ToBed6
  * compiling bed12ToBed6.cpp
- Building in src/closestBed
  * compiling closestMain.cpp
  * compiling closestBed.cpp
- Building in src/clusterBed
  * compiling clusterMain.cpp
clusterMain.cpp: In function 'int cluster_main(int, char**)':
clusterMain.cpp:38:10: warning: variable 'haveMaxDistance' set but not used [-Wunused-but-set-variable]
  * compiling clusterBed.cpp
- Building in src/complementBed
  * compiling complementMain.cpp
  * compiling complementBed.cpp
- Building in src/coverageBed
  * compiling coverageMain.cpp
  * compiling coverageBed.cpp
- Building in src/expand
  * compiling expand.cpp
- Building in src/fastaFromBed
  * compiling fastaFromBedMain.cpp
  * compiling fastaFromBed.cpp
- Building in src/flankBed
  * compiling flankBedMain.cpp
  * compiling flankBed.cpp
- Building in src/genomeCoverageBed
  * compiling genomeCoverageMain.cpp
  * compiling genomeCoverageBed.cpp
- Building in src/getOverlap
  * compiling getOverlap.cpp
getOverlap.cpp: In function 'int getoverlap_main(int, char**)':
getOverlap.cpp:44:10: warning: variable 'haveColumns' set but not used [-Wunused-but-set-variable]
- Building in src/groupBy
  * compiling groupBy.cpp
groupBy.cpp: In function 'int groupby_main(int, char**)':
groupBy.cpp:64:10: warning: variable 'haveOps' set but not used [-Wunused-but-set-variable]
- Building in src/intersectBed
  * compiling intersectMain.cpp
  * compiling intersectBed.cpp
- Building in src/linksBed
  * compiling linksMain.cpp
  * compiling linksBed.cpp
- Building in src/maskFastaFromBed
  * compiling maskFastaFromBedMain.cpp
  * compiling maskFastaFromBed.cpp
- Building in src/mapBed
  * compiling mapMain.cpp
mapMain.cpp: In function 'int map_main(int, char**)':
mapMain.cpp:44:10: warning: variable 'haveColumn' set but not used [-Wunused-but-set-variable]
mapMain.cpp:45:10: warning: variable 'haveOperation' set but not used [-Wunused-but-set-variable]
  * compiling mapBed.cpp
- Building in src/mergeBed
  * compiling mergeMain.cpp
mergeMain.cpp: In function 'int merge_main(int, char**)':
mergeMain.cpp:40:10: warning: variable 'haveMaxDistance' set but not used [-Wunused-but-set-variable]
  * compiling mergeBed.cpp
- Building in src/multiBamCov
  * compiling multiBamCovMain.cpp
multiBamCovMain.cpp: In function 'int multibamcov_main(int, char**)':
multiBamCovMain.cpp:38:10: warning: variable 'haveBed' set but not used [-Wunused-but-set-variable]
multiBamCovMain.cpp:39:10: warning: variable 'haveBams' set but not used [-Wunused-but-set-variable]
  * compiling multiBamCov.cpp
- Building in src/multiIntersectBed
  * compiling multiIntersectBedMain.cpp
multiIntersectBedMain.cpp: In function 'int multiintersect_main(int, char**)':
multiIntersectBedMain.cpp:45:10: warning: variable 'haveFiles' set but not used [-Wunused-but-set-variable]
multiIntersectBedMain.cpp:47:10: warning: variable 'haveGenome' set but not used [-Wunused-but-set-variable]
multiIntersectBedMain.cpp:48:10: warning: variable 'haveFiller' set but not used [-Wunused-but-set-variable]
  * compiling multiIntersectBed.cpp
- Building in src/nucBed
  * compiling nucBedMain.cpp
  * compiling nucBed.cpp
- Building in src/pairToBed
  * compiling pairToBedMain.cpp
pairToBedMain.cpp: In function 'int pairtobed_main(int, char**)':
pairToBedMain.cpp:43:10: warning: variable 'haveFraction' set but not used [-Wunused-but-set-variable]
  * compiling pairToBed.cpp
pairToBed.cpp: In member function 'void BedIntersectPE::FindSpanningOverlaps(const BEDPE&, std::vector<BED>&, const string&)':
pairToBed.cpp:257:12: warning: variable 'spanLength' set but not used [-Wunused-but-set-variable]
pairToBed.cpp: In member function 'bool BedIntersectPE::FindOneOrMoreSpanningOverlaps(const BEDPE&, const string&)':
pairToBed.cpp:310:9: warning: variable 'spanLength' set but not used [-Wunused-but-set-variable]
- Building in src/pairToPair
  * compiling pairToPairMain.cpp
pairToPairMain.cpp: In function 'int pairtopair_main(int, char**)':
pairToPairMain.cpp:44:10: warning: variable 'haveFraction' set but not used [-Wunused-but-set-variable]
  * compiling pairToPair.cpp
pairToPair.cpp: In member function 'void PairToPair::FindOverlaps(const BEDPE&)':
pairToPair.cpp:112:14: warning: variable 'found1' set but not used [-Wunused-but-set-variable]
pairToPair.cpp:113:14: warning: variable 'found2' set but not used [-Wunused-but-set-variable]
- Building in src/randomBed
  * compiling randomBedMain.cpp
  * compiling randomBed.cpp
- Building in src/shuffleBed
  * compiling shuffleBedMain.cpp
  * compiling shuffleBed.cpp
- Building in src/slopBed
  * compiling slopBedMain.cpp
  * compiling slopBed.cpp
- Building in src/sortBed
  * compiling sortMain.cpp
  * compiling sortBed.cpp
- Building in src/subtractBed
  * compiling subtractMain.cpp
subtractMain.cpp: In function 'int subtract_main(int, char**)':
subtractMain.cpp:41:10: warning: variable 'haveFraction' set but not used [-Wunused-but-set-variable]
  * compiling subtractBed.cpp
- Building in src/tagBam
  * compiling tagBamMain.cpp
tagBamMain.cpp: In function 'int tagbam_main(int, char**)':
tagBamMain.cpp:38:10: warning: variable 'haveFraction' set but not used [-Wunused-but-set-variable]
  * compiling tagBam.cpp
- Building in src/unionBedGraphs
  * compiling unionBedGraphsMain.cpp
unionBedGraphsMain.cpp: In function 'int unionbedgraphs_main(int, char**)':
unionBedGraphsMain.cpp:46:10: warning: variable 'haveFiles' set but not used [-Wunused-but-set-variable]
unionBedGraphsMain.cpp:48:10: warning: variable 'haveGenome' set but not used [-Wunused-but-set-variable]
unionBedGraphsMain.cpp:49:10: warning: variable 'haveFiller' set but not used [-Wunused-but-set-variable]
  * compiling unionBedGraphs.cpp
- Building in src/windowBed
  * compiling windowMain.cpp
  * compiling windowBed.cpp
- Building in src/windowMaker
  * compiling windowMakerMain.cpp
  * compiling windowMaker.cpp
- Building main bedtools binary.
done.
- Creating executables for old CLI.
done.
make[1]: Leaving directory `/build/buildd-bedtools_2.16.1-1-armhf-cuD_vP/bedtools-2.16.1'
touch debian/stamp-makefile-build
DEB_MAKE_CHECK_TARGET unset, not running checks
 fakeroot debian/rules binary-arch
test -x debian/rules
dh_testroot
dh_prep 
	rm -f debian/bedtools.substvars
	rm -f debian/bedtools.*.debhelper
	rm -rf debian/bedtools/
dh_installdirs -A 
	install -d debian/bedtools
mkdir -p "."
/usr/share/cdbs/1/rules/buildcore.mk:109: WARNING:  DEB_DH_BUILDDEB_ARGS is a deprecated variable
DEB_MAKE_CHECK_TARGET unset, not running checks
DEB_MAKE_INSTALL_TARGET unset, skipping default makefile.mk common-install target
Adding cdbs dependencies to debian/bedtools.substvars
dh_installdirs -pbedtools 
dh_installdocs -pbedtools 
	install -g 0 -o 0 -d debian/bedtools/usr/share/doc/bedtools
	cp -a README.rst debian/bedtools/usr/share/doc/bedtools
	chown -R 0:0 debian/bedtools/usr/share/doc
	chmod -R go=rX debian/bedtools/usr/share/doc
	chmod -R u\+rw debian/bedtools/usr/share/doc
	install -g 0 -o 0 -m 644 -p debian/copyright debian/bedtools/usr/share/doc/bedtools/copyright
dh_installexamples -pbedtools 
dh_installman -pbedtools  
dh_installinfo -pbedtools  
dh_installmenu -pbedtools 
dh_installcron -pbedtools 
dh_installinit -pbedtools  
dh_installdebconf -pbedtools 
	install -o 0 -g 0 -d debian/bedtools/DEBIAN
dh_installemacsen -pbedtools   
dh_installcatalogs -pbedtools 
	grep -s -v '^misc:Depends=' debian/bedtools.substvars > debian/bedtools.substvars.new || true
	mv debian/bedtools.substvars.new debian/bedtools.substvars
dh_installpam -pbedtools 
dh_installlogrotate -pbedtools 
dh_installlogcheck -pbedtools 
dh_installchangelogs -pbedtools  RELEASE_HISTORY 
	install -o 0 -g 0 -p -m644 debian/changelog debian/bedtools/usr/share/doc/bedtools/changelog.Debian
	install -o 0 -g 0 -p -m644 RELEASE_HISTORY debian/bedtools/usr/share/doc/bedtools/changelog
dh_installudev -pbedtools 
dh_lintian -pbedtools 
dh_bugfiles -pbedtools 
dh_install -pbedtools  
	install -d debian/bedtools/usr/bin
	cp -a ./bin/annotateBed debian/bedtools/usr/bin/
	cp -a ./bin/bamToBed debian/bedtools/usr/bin/
	cp -a ./bin/bamToFastq debian/bedtools/usr/bin/
	cp -a ./bin/bed12ToBed6 debian/bedtools/usr/bin/
	cp -a ./bin/bedpeToBam debian/bedtools/usr/bin/
	cp -a ./bin/bedToBam debian/bedtools/usr/bin/
	cp -a ./bin/bedToIgv debian/bedtools/usr/bin/
	cp -a ./bin/bedtools debian/bedtools/usr/bin/
	cp -a ./bin/closestBed debian/bedtools/usr/bin/
	cp -a ./bin/clusterBed debian/bedtools/usr/bin/
	cp -a ./bin/complementBed debian/bedtools/usr/bin/
	cp -a ./bin/coverageBed debian/bedtools/usr/bin/
	cp -a ./bin/expandCols debian/bedtools/usr/bin/
	cp -a ./bin/fastaFromBed debian/bedtools/usr/bin/
	cp -a ./bin/flankBed debian/bedtools/usr/bin/
	cp -a ./bin/genomeCoverageBed debian/bedtools/usr/bin/
	cp -a ./bin/getOverlap debian/bedtools/usr/bin/
	cp -a ./bin/groupBy debian/bedtools/usr/bin/
	cp -a ./bin/intersectBed debian/bedtools/usr/bin/
	cp -a ./bin/linksBed debian/bedtools/usr/bin/
	cp -a ./bin/mapBed debian/bedtools/usr/bin/
	cp -a ./bin/maskFastaFromBed debian/bedtools/usr/bin/
	cp -a ./bin/mergeBed debian/bedtools/usr/bin/
	cp -a ./bin/multiBamCov debian/bedtools/usr/bin/
	cp -a ./bin/multiIntersectBed debian/bedtools/usr/bin/
	cp -a ./bin/nucBed debian/bedtools/usr/bin/
	cp -a ./bin/pairToBed debian/bedtools/usr/bin/
	cp -a ./bin/pairToPair debian/bedtools/usr/bin/
	cp -a ./bin/randomBed debian/bedtools/usr/bin/
	cp -a ./bin/shuffleBed debian/bedtools/usr/bin/
	cp -a ./bin/slopBed debian/bedtools/usr/bin/
	cp -a ./bin/sortBed debian/bedtools/usr/bin/
	cp -a ./bin/subtractBed debian/bedtools/usr/bin/
	cp -a ./bin/tagBam debian/bedtools/usr/bin/
	cp -a ./bin/unionBedGraphs debian/bedtools/usr/bin/
	cp -a ./bin/windowBed debian/bedtools/usr/bin/
	cp -a ./bin/windowMaker debian/bedtools/usr/bin/
	install -d debian/bedtools/usr/share/bedtools
	cp -a ./genomes debian/bedtools/usr/share/bedtools/
dh_link -pbedtools  
dh_installmime -pbedtools 
dh_installgsettings -pbedtools 
dh_strip -pbedtools  
	strip --remove-section=.comment --remove-section=.note debian/bedtools/usr/bin/bedtools
dh_compress -pbedtools  
	cd debian/bedtools
	chmod a-x usr/share/doc/bedtools/changelog.Debian usr/share/doc/bedtools/changelog
	gzip -9nf usr/share/doc/bedtools/changelog.Debian usr/share/doc/bedtools/changelog
	cd '/build/buildd-bedtools_2.16.1-1-armhf-cuD_vP/bedtools-2.16.1'
dh_fixperms -pbedtools  
	find debian/bedtools  -print0 2>/dev/null | xargs -0r chown --no-dereference 0:0
	find debian/bedtools ! -type l  -print0 2>/dev/null | xargs -0r chmod go=rX,u+rw,a-s
	find debian/bedtools/usr/share/doc -type f  ! -regex 'debian/bedtools/usr/share/doc/[^/]*/examples/.*' -print0 2>/dev/null | xargs -0r chmod 644
	find debian/bedtools/usr/share/doc -type d  -print0 2>/dev/null | xargs -0r chmod 755
	find debian/bedtools/usr/share/man debian/bedtools/usr/man/ debian/bedtools/usr/X11*/man/ -type f  -print0 2>/dev/null | xargs -0r chmod 644
	find debian/bedtools -perm -5 -type f \( -name '*.so.*' -or -name '*.so' -or -name '*.la' -or -name '*.a' \)  -print0 2>/dev/null | xargs -0r chmod 644
	find debian/bedtools/usr/include -type f  -print0 2>/dev/null | xargs -0r chmod 644
	find debian/bedtools/usr/share/applications -type f  -print0 2>/dev/null | xargs -0r chmod 644
	find debian/bedtools -perm -5 -type f \( -name '*.cmxs' \)  -print0 2>/dev/null | xargs -0r chmod 644
	find debian/bedtools/usr/lib/perl5 debian/bedtools/usr/share/perl5 -type f -perm -5 -name '*.pm'  -print0 2>/dev/null | xargs -0r chmod a-X
	find debian/bedtools/usr/bin -type f  -print0 2>/dev/null | xargs -0r chmod a+x
	find debian/bedtools/usr/lib -type f -name '*.ali'  -print0 2>/dev/null | xargs -0r chmod uga-w
dh_makeshlibs -pbedtools  
	rm -f debian/bedtools/DEBIAN/shlibs
rm /build/buildd-bedtools_2.16.1-1-armhf-cuD_vP/bedtools-2.16.1/debian/bedtools/usr/bin/groupBy # distributed in the filo package.
dh_installdeb -pbedtools 
dh_perl -pbedtools 
dh_shlibdeps -pbedtools    
	dpkg-shlibdeps -Tdebian/bedtools.substvars debian/bedtools/usr/bin/bedtools
dpkg-shlibdeps: warning: debian/bedtools/usr/bin/bedtools contains an unresolvable reference to symbol __aeabi_unwind_cpp_pr1@GCC_3.5: it's probably a plugin.
dh_gencontrol -pbedtools  
	echo misc:Depends= >> debian/bedtools.substvars
	dpkg-gencontrol -ldebian/changelog -Tdebian/bedtools.substvars -Pdebian/bedtools
	chmod 644 debian/bedtools/DEBIAN/control
	chown 0:0 debian/bedtools/DEBIAN/control
dh_md5sums -pbedtools 
	(cd debian/bedtools >/dev/null ; find . -type f  ! -regex '.*/DEBIAN/.*' -printf '%P\0' | LC_ALL=C sort -z | xargs -r0 md5sum > DEBIAN/md5sums) >/dev/null
	chmod 644 debian/bedtools/DEBIAN/md5sums
	chown 0:0 debian/bedtools/DEBIAN/md5sums
dh_builddeb -pbedtools -- -Z xz
	dpkg-deb -Z xz --build debian/bedtools ..
dpkg-deb: building package `bedtools' in `../bedtools_2.16.1-1_armhf.deb'.
 dpkg-genchanges -B -marmhf Build Daemon (hasse) <buildd_armhf-hasse@buildd.debian.org> >../bedtools_2.16.1-1_armhf.changes
dpkg-genchanges: arch-specific upload - not including arch-independent packages
dpkg-genchanges: binary-only upload - not including any source code
 dpkg-source --after-build bedtools-2.16.1
dpkg-buildpackage: binary only upload (no source included)
────────────────────────────────────────────────────────────────────────────────
Build finished at 20120316-1404

bedtools_2.16.1-1_armhf.changes:
Format: 1.8
Date: Fri, 16 Mar 2012 19:06:49 +0900
Source: bedtools
Binary: bedtools
Architecture: armhf
Version: 2.16.1-1
Distribution: sid
Urgency: low
Maintainer: armhf Build Daemon (hasse) <buildd_armhf-hasse@buildd.debian.org>
Changed-By: Charles Plessy <plessy@debian.org>
Description: 
 bedtools   - suite of utilities for comparing genomic features
Changes: 
 bedtools (2.16.1-1) unstable; urgency=low
 .
   b7f2405 New upstream release.
   4add346 Corrected, updated and normalised Debian copyright.
   00b426d Conforms to Debian Policy 3.9.3.
   72c3c94 Verbose Debhelper.
Checksums-Sha1: 
 09871415f8afe7fef890051540cec22ff76c99a6 383636 bedtools_2.16.1-1_armhf.deb
Checksums-Sha256: 
 f20bb01e537268a79e5789862157e61ed7f59845a6657db886f750778f4fb553 383636 bedtools_2.16.1-1_armhf.deb
Files: 
 66425f372ea8459df6508fec03eaa213 383636 science optional bedtools_2.16.1-1_armhf.deb

┌──────────────────────────────────────────────────────────────────────────────┐
│ Package contents                                                             │
└──────────────────────────────────────────────────────────────────────────────┘


bedtools_2.16.1-1_armhf.deb
───────────────────────────

 new debian package, version 2.0.
 size 383636 bytes: control archive= 1972 bytes.
     864 bytes,    19 lines      control              
    2506 bytes,    44 lines      md5sums              
 Package: bedtools
 Version: 2.16.1-1
 Architecture: armhf
 Maintainer: Debian Med Packaging Team <debian-med-packaging@lists.alioth.debian.org>
 Installed-Size: 958
 Pre-Depends: dpkg (>= 1.15.6)
 Depends: libc6 (>= 2.4), libgcc1 (>= 1:4.4.0), libstdc++6 (>= 4.4.0), zlib1g (>= 1:1.1.4)
 Suggests: filo
 Section: science
 Priority: optional
 Homepage: http://code.google.com/p/bedtools/
 Description: suite of utilities for comparing genomic features
  The BEDTools utilities allow one to address common genomics tasks such as
  finding feature overlaps and computing coverage. The utilities are largely
  based on four widely-used file formats: BED, GFF/GTF, VCF, and SAM/BAM. Using
  BEDTools, one can develop sophisticated pipelines that answer complicated
  research questions by streaming several BEDTools together.
  .
  The groupBy utility is distribued in the filo package.

drwxr-xr-x root/root         0 2012-03-16 14:03 ./
drwxr-xr-x root/root         0 2012-03-16 14:03 ./usr/
drwxr-xr-x root/root         0 2012-03-16 14:03 ./usr/bin/
-rwxr-xr-x root/root        33 2012-03-16 14:03 ./usr/bin/subtractBed
-rwxr-xr-x root/root        33 2012-03-16 14:03 ./usr/bin/coverageBed
-rwxr-xr-x root/root    919800 2012-03-16 14:03 ./usr/bin/bedtools
-rwxr-xr-x root/root        30 2012-03-16 14:03 ./usr/bin/linksBed
-rwxr-xr-x root/root        33 2012-03-16 14:03 ./usr/bin/multiBamCov
-rwxr-xr-x root/root        28 2012-03-16 14:03 ./usr/bin/nucBed
-rwxr-xr-x root/root        36 2012-03-16 14:03 ./usr/bin/bed12ToBed6
-rwxr-xr-x root/root        30 2012-03-16 14:03 ./usr/bin/mergeBed
-rwxr-xr-x root/root        28 2012-03-16 14:03 ./usr/bin/tagBam
-rwxr-xr-x root/root        29 2012-03-16 14:03 ./usr/bin/sortBed
-rwxr-xr-x root/root        32 2012-03-16 14:03 ./usr/bin/getOverlap
-rwxr-xr-x root/root        28 2012-03-16 14:03 ./usr/bin/mapBed
-rwxr-xr-x root/root        35 2012-03-16 14:03 ./usr/bin/bamToFastq
-rwxr-xr-x root/root        33 2012-03-16 14:03 ./usr/bin/bamToBed
-rwxr-xr-x root/root        31 2012-03-16 14:03 ./usr/bin/expandCols
-rwxr-xr-x root/root        34 2012-03-16 14:03 ./usr/bin/intersectBed
-rwxr-xr-x root/root        34 2012-03-16 14:03 ./usr/bin/unionBedGraphs
-rwxr-xr-x root/root        35 2012-03-16 14:03 ./usr/bin/bedpeToBam
-rwxr-xr-x root/root        34 2012-03-16 14:03 ./usr/bin/pairToBed
-rwxr-xr-x root/root        36 2012-03-16 14:03 ./usr/bin/windowMaker
-rwxr-xr-x root/root        32 2012-03-16 14:03 ./usr/bin/closestBed
-rwxr-xr-x root/root        33 2012-03-16 14:03 ./usr/bin/fastaFromBed
-rwxr-xr-x root/root        32 2012-03-16 14:03 ./usr/bin/shuffleBed
-rwxr-xr-x root/root        34 2012-03-16 14:03 ./usr/bin/maskFastaFromBed
-rwxr-xr-x root/root        31 2012-03-16 14:03 ./usr/bin/windowBed
-rwxr-xr-x root/root        32 2012-03-16 14:03 ./usr/bin/clusterBed
-rwxr-xr-x root/root        34 2012-03-16 14:03 ./usr/bin/genomeCoverageBed
-rwxr-xr-x root/root        28 2012-03-16 14:03 ./usr/bin/bedToIgv
-rwxr-xr-x root/root        29 2012-03-16 14:03 ./usr/bin/slopBed
-rwxr-xr-x root/root        35 2012-03-16 14:03 ./usr/bin/multiIntersectBed
-rwxr-xr-x root/root        30 2012-03-16 14:03 ./usr/bin/flankBed
-rwxr-xr-x root/root        33 2012-03-16 14:03 ./usr/bin/annotateBed
-rwxr-xr-x root/root        31 2012-03-16 14:03 ./usr/bin/randomBed
-rwxr-xr-x root/root        33 2012-03-16 14:03 ./usr/bin/bedToBam
-rwxr-xr-x root/root        35 2012-03-16 14:03 ./usr/bin/pairToPair
-rwxr-xr-x root/root        35 2012-03-16 14:03 ./usr/bin/complementBed
drwxr-xr-x root/root         0 2012-03-16 14:03 ./usr/share/
drwxr-xr-x root/root         0 2012-03-16 14:03 ./usr/share/bedtools/
drwxr-xr-x root/root         0 2012-03-16 13:39 ./usr/share/bedtools/genomes/
-rwxr-xr-x root/root       585 2012-03-13 13:10 ./usr/share/bedtools/genomes/mouse.mm9.genome
-rwxr-xr-x root/root      1972 2012-03-13 13:10 ./usr/share/bedtools/genomes/human.hg19.genome
-rwxr-xr-x root/root       856 2012-03-13 13:10 ./usr/share/bedtools/genomes/human.hg18.genome
-rwxr-xr-x root/root       565 2012-03-13 13:10 ./usr/share/bedtools/genomes/mouse.mm8.genome
drwxr-xr-x root/root         0 2012-03-16 14:03 ./usr/share/doc/
drwxr-xr-x root/root         0 2012-03-16 14:03 ./usr/share/doc/bedtools/
-rw-r--r-- root/root       934 2012-03-16 10:08 ./usr/share/doc/bedtools/changelog.Debian.gz
-rw-r--r-- root/root      1505 2012-03-13 13:10 ./usr/share/doc/bedtools/README.rst
-rw-r--r-- root/root     11640 2012-03-13 13:10 ./usr/share/doc/bedtools/changelog.gz
-rw-r--r-- root/root      4827 2012-03-16 04:09 ./usr/share/doc/bedtools/copyright


┌──────────────────────────────────────────────────────────────────────────────┐
│ Finished                                                                     │
└──────────────────────────────────────────────────────────────────────────────┘

Built successfully
────────────────────────────────────────────────────────────────────────────────

┌──────────────────────────────────────────────────────────────────────────────┐
│ Post Build                                                                   │
└──────────────────────────────────────────────────────────────────────────────┘

Purging /var/lib/schroot/mount/sid-armhf-sbuild-55323db0-9268-44ad-b050-6eb0a35707d6/build/buildd-bedtools_2.16.1-1-armhf-cuD_vP
Not cleaning session: cloned chroot in use

┌──────────────────────────────────────────────────────────────────────────────┐
│ Summary                                                                      │
└──────────────────────────────────────────────────────────────────────────────┘

Architecture: armhf
Build-Space: 75200
Build-Time: 1464
Distribution: sid
Install-Time: 92
Job: bedtools_2.16.1-1
Package: bedtools
Package-Time: 1668
Source-Version: 2.16.1-1
Space: 75200
Status: successful
Version: 2.16.1-1
────────────────────────────────────────────────────────────────────────────────
Finished at 20120316-1404
Build needed 00:27:48, 75200k disc space
Signature with key '0B213A80' requested:

