From buildd@rossini.debian.net Wed Jun 08 11:22:35 2011
Return-path: <buildd@rossini.debian.net>
Received: from io.ethz.ch ([129.132.80.17] helo=io.debian.net)
	by grieg.debian.org with esmtps (TLS1.0:RSA_AES_256_CBC_SHA1:32)
	(Exim 4.72) (envelope-from <buildd@rossini.debian.net>)
	id 1QUGqI-0001Wo-2Y
	for logs@buildd.debian.org; Wed, 08 Jun 2011 11:22:34 +0000
Received: from hurd.ethz.ch ([192.33.98.55] helo=rossini.debian.net)
	by io.debian.net with esmtps (TLS1.0:RSA_AES_256_CBC_SHA1:32)
	(Exim 4.72) (envelope-from <buildd@rossini.debian.net>)
	id 1QUGqF-000Cne-VG; Wed, 08 Jun 2011 13:22:32 +0200
Received: from buildd by rossini.debian.net with local (Exim 4.72)
	(envelope-from <buildd@rossini.debian.net>)
	id 1QUGqG-0001BU-I8; Wed, 08 Jun 2011 11:22:32 +0000
Date: Wed, 08 Jun 2011 11:22:32 +0000
Message-Id: <E1QUGqG-0001BU-I8@rossini.debian.net>
From: Build Daemon <buildd@rossini.debian.net>
To: samuel.thibault@labri.fr, mbanck@gmx.net, logs@buildd.debian-ports.org,
	logs@buildd.debian.org, debian-hurd-build-logs@lists.alioth.debian.org
Subject: Log for successful build of bedtools_2.12.0-1 on hurd-i386 (dist=sid)
Content-Type: text/plain; charset=UTF-8
Content-Transfer-Encoding: 8bit
Delivered-To: logs@buildd.debian.org

sbuild (Debian sbuild) 0.60.0 (23 Feb 2010) on rossini.debian.net

╔══════════════════════════════════════════════════════════════════════════════╗
║ bedtools 2.12.0-1 (hurd-i386)                              08 Jun 2011 11:07 ║
╚══════════════════════════════════════════════════════════════════════════════╝

Package: bedtools
Version: 2.12.0-1
Architecture: hurd-i386
Chroot Build Dir: /home/buildd/build/chroot-sid/build/buildd-bedtools_2.12.0-1-hurd-i386-W43v1Y
Start Time: 20110608-1107
Ign file: ./ InRelease
Ign file: ./ Release.gpg
Ign file: ./ Release
Ign file: ./ Translation-en
Hit http://ftp.ch.debian.org unstable InRelease
Hit http://ftp.ch.debian.org experimental InRelease
Ign http://incoming.debian.org  InRelease
Ign http://ftp.debian-ports.org unreleased InRelease
Hit http://ftp.ch.debian.org unstable/main Sources/DiffIndex
Get:1 http://incoming.debian.org  Release.gpg [836 B]
Hit http://ftp.ch.debian.org unstable/contrib Sources/DiffIndex
Hit http://ftp.ch.debian.org unstable/non-free Sources/DiffIndex
Hit http://ftp.ch.debian.org unstable/main hurd-i386 Packages/DiffIndex
Hit http://ftp.ch.debian.org unstable/main TranslationIndex
Hit http://ftp.ch.debian.org experimental/main Sources/DiffIndex
Hit http://ftp.ch.debian.org experimental/contrib Sources/DiffIndex
Hit http://ftp.ch.debian.org experimental/non-free Sources/DiffIndex
Hit http://ftp.debian-ports.org unreleased Release.gpg
Get:2 http://incoming.debian.org  Release [1604 B]
Get:3 http://incoming.debian.org  Sources [48.8 kB]
Hit http://ftp.debian-ports.org unreleased Release
Hit http://ftp.debian-ports.org unreleased/main hurd-i386 Packages
Ign http://ftp.debian-ports.org unreleased/main TranslationIndex
Get:4 http://incoming.debian.org  Packages [468 kB]
Ign http://ftp.debian-ports.org unreleased/main Translation-en
Ign http://incoming.debian.org  Translation-en
Fetched 519 kB in 1min 39s (5232 B/s)
Reading package lists...

┌──────────────────────────────────────────────────────────────────────────────┐
│ Fetch source files                                                           │
└──────────────────────────────────────────────────────────────────────────────┘


Check APT
─────────

Checking available source versions...

Download source files with APT
──────────────────────────────

Reading package lists...
Building dependency tree...
Reading state information...
NOTICE: 'bedtools' packaging is maintained in the 'Git' version control system at:
git://git.debian.org/git/debian-med/bedtools.git
Need to get 796 kB of source archives.
Get:1 http://incoming.debian.org/buildd-unstable/  bedtools 2.12.0-1 (dsc) [1924 B]
Get:2 http://incoming.debian.org/buildd-unstable/  bedtools 2.12.0-1 (tar) [790 kB]
Get:3 http://incoming.debian.org/buildd-unstable/  bedtools 2.12.0-1 (diff) [4198 B]
Fetched 796 kB in 6s (124 kB/s)
Download complete and in download only mode

Check arch
──────────

** Using build dependencies supplied by package:
Build-Depends: cdbs, debhelper (>= 8), quilt, zlib1g-dev

┌──────────────────────────────────────────────────────────────────────────────┐
│ Install build dependencies (internal resolver)                               │
└──────────────────────────────────────────────────────────────────────────────┘

Checking for already installed source dependencies...
cdbs: missing
debhelper: missing
Using default version 8.1.6
quilt: missing
zlib1g-dev: missing
Checking for source dependency conflicts...
Installing positive dependencies: cdbs debhelper quilt zlib1g-dev
Reading package lists...
Building dependency tree...
Reading state information...
The following package was automatically installed and is no longer required:
  libboost-iostreams1.42.0
Use 'apt-get autoremove' to remove them.
The following extra packages will be installed:
  diffstat file gettext gettext-base html2text intltool-debian libcroco3
  libexpat1 libglib2.0-0 libmagic1 libunistring0 libxml2 po-debconf
Suggested packages:
  devscripts dh-make gettext-doc libmail-box-perl procmail graphviz
Recommended packages:
  autotools-dev autopoint libglib2.0-data shared-mime-info xml-core
  libmail-sendmail-perl
The following NEW packages will be installed:
  cdbs debhelper diffstat file gettext gettext-base html2text intltool-debian
  libcroco3 libexpat1 libglib2.0-0 libmagic1 libunistring0 libxml2 po-debconf
  quilt zlib1g-dev
0 upgraded, 17 newly installed, 0 to remove and 18 not upgraded.
Need to get 0 B/7142 kB of archives.
After this operation, 21.9 MB of additional disk space will be used.
WARNING: The following packages cannot be authenticated!
  libmagic1 file gettext-base libxml2 html2text libglib2.0-0 libcroco3
  libexpat1 libunistring0 gettext intltool-debian po-debconf debhelper cdbs
  diffstat quilt zlib1g-dev
Authentication warning overridden.
Selecting previously deselected package libmagic1.
(Reading database ... 13452 files and directories currently installed.)
Unpacking libmagic1 (from .../libmagic1_5.03-5+b1_hurd-i386.deb) ...
Selecting previously deselected package file.
Unpacking file (from .../file_5.03-5+b1_hurd-i386.deb) ...
Selecting previously deselected package gettext-base.
Unpacking gettext-base (from .../gettext-base_0.18.1.1-3_hurd-i386.deb) ...
Selecting previously deselected package libxml2.
Unpacking libxml2 (from .../libxml2_2.7.8.dfsg-3_hurd-i386.deb) ...
Selecting previously deselected package html2text.
Unpacking html2text (from .../html2text_1.3.2a-15+b1_hurd-i386.deb) ...
Selecting previously deselected package libglib2.0-0.
Unpacking libglib2.0-0 (from .../libglib2.0-0_2.28.6-1_hurd-i386.deb) ...
Selecting previously deselected package libcroco3.
Unpacking libcroco3 (from .../libcroco3_0.6.2-1_hurd-i386.deb) ...
Selecting previously deselected package libexpat1.
Unpacking libexpat1 (from .../libexpat1_2.0.1-7_hurd-i386.deb) ...
Selecting previously deselected package libunistring0.
Unpacking libunistring0 (from .../libunistring0_0.9.3-4_hurd-i386.deb) ...
Selecting previously deselected package gettext.
Unpacking gettext (from .../gettext_0.18.1.1-3_hurd-i386.deb) ...
Selecting previously deselected package intltool-debian.
Unpacking intltool-debian (from .../intltool-debian_0.35.0+20060710.1_all.deb) ...
Selecting previously deselected package po-debconf.
Unpacking po-debconf (from .../po-debconf_1.0.16+nmu1_all.deb) ...
Selecting previously deselected package debhelper.
Unpacking debhelper (from .../debhelper_8.1.6_all.deb) ...
Selecting previously deselected package cdbs.
Unpacking cdbs (from .../archives/cdbs_0.4.94_all.deb) ...
Selecting previously deselected package diffstat.
Unpacking diffstat (from .../diffstat_1.54-1_hurd-i386.deb) ...
Selecting previously deselected package quilt.
Unpacking quilt (from .../archives/quilt_0.48-7_all.deb) ...
Selecting previously deselected package zlib1g-dev.
Unpacking zlib1g-dev (from .../zlib1g-dev_1%3a1.2.3.4.dfsg-3_hurd-i386.deb) ...
Processing triggers for man-db ...
Processing triggers for install-info ...
Setting up libmagic1 (5.03-5+b1) ...
Setting up file (5.03-5+b1) ...
Setting up gettext-base (0.18.1.1-3) ...
Setting up libxml2 (2.7.8.dfsg-3) ...
Setting up html2text (1.3.2a-15+b1) ...
Setting up libglib2.0-0 (2.28.6-1) ...
No schema files found: doing nothing.
Setting up libcroco3 (0.6.2-1) ...
Setting up libexpat1 (2.0.1-7) ...
Setting up libunistring0 (0.9.3-4) ...
Setting up gettext (0.18.1.1-3) ...
Setting up intltool-debian (0.35.0+20060710.1) ...
Setting up po-debconf (1.0.16+nmu1) ...
Setting up debhelper (8.1.6) ...
Setting up cdbs (0.4.94) ...
Setting up diffstat (1.54-1) ...
Setting up quilt (0.48-7) ...
Setting up zlib1g-dev (1:1.2.3.4.dfsg-3) ...
Removing negative dependencies: 
Checking correctness of source dependencies...
Kernel: GNU 0.3 hurd-i386 (i686-AT386)
Toolchain package versions: libc0.3-dev_2.13-4 dpkg-dev_1.16.0.3 hurd-dev_20110519-1 gnumach-dev_2:1.3.99.dfsg.git20110305-1 gcc-4.6_4.6.0-9 g++-4.6_4.6.0-9 binutils_2.21.51.20110523-1 libstdc++6-4.6-dev_4.6.0-9 libstdc++6_4.6.0-9
Package versions: adduser_3.112+nmu2 apt_0.8.14.1 apt-utils_0.8.14.1 base-files_6.4 base-passwd_3.5.22 bash_4.1-3+hurd.1 binutils_2.21.51.20110523-1 bsdmainutils_8.2.2 bsdutils_1:2.16.2-0 build-essential_11.5 bzip2_1.0.5-6 ca-certificates_20110421 cdbs_0.4.94 coreutils_8.5-1 cpio_2.11-7 cpp_4:4.6.0-5 cpp-4.4_4.4.5-10 cpp-4.5_4.5.3-1 cpp-4.6_4.6.0-9 dash_0.5.5.1-7.4 debconf_1.5.39 debfoster_2.6-2 debhelper_8.1.6 debian-archive-keyring_2010.08.28 debian-ports-archive-keyring_2011.01.12 debianutils_4.0.1 diffstat_1.54-1 diffutils_1:3.0-1 dpkg_1.16.0.3 dpkg-dev_1.16.0.3 e2fslibs_1.41.12-4 e2fsprogs_1.41.12-4 fakeroot_1.15.1-1 file_5.03-5+b1 findutils_4.4.2-1+b1 g++_4:4.4.5-7 g++-4.4_4.4.5-10 g++-4.5_4.5.3-1 g++-4.6_4.6.0-9 gcc_4:4.4.5-7 gcc-4.2-base_4.2.4-6+b1 gcc-4.4_4.4.5-10 gcc-4.4-base_4.4.5-10 gcc-4.5_4.5.3-1 gcc-4.5-base_4.5.3-1 gcc-4.6_4.6.0-9 gcc-4.6-base_4.6.0-9 gettext_0.18.1.1-3 gettext-base_0.18.1.1-3 gfortran-4.4_4.4.5-10 gnumach-dev_2:1.3.99.dfsg.git20110305-1 gnupg_1.4.11-3 gnupg-curl_1.4.11-3 gobjc-4.4_4.4.5-10 gpgv_1.4.11-3 grep_2.6.3-3 groff-base_1.21-6 gzip_1.3.12-9 hostname_3.06 html2text_1.3.2a-15+b1 hurd_20110519-1 hurd-dev_20110519-1 ifupdown_0.6.9+hurd.1 inetutils-tools_2:1.8-3 initscripts_2.88dsf-13.7 insserv_1.14.0-2.1 install-info_4.13a.dfsg.1-6 intltool-debian_0.35.0+20060710.1 libacl1_2.2.47-3 libattr1_1:2.4.44-3 libblkid1_2.16.2-0 libboost-iostreams1.42.0_1.42.0-4+b2 libboost-iostreams1.46.1_1.46.1-5 libbz2-1.0_1.0.5-6 libc-bin_2.13-4 libc-dev-bin_2.13-4 libc0.3_2.13-4 libc0.3-dev_2.13-4 libc0.3-xen_2.13-4 libcloog-ppl0_0.15.9-3 libcomerr2_1.41.12-4 libcroco3_0.6.2-1 libcurl3-gnutls_7.21.6-1 libdb5.1_5.1.25-10 libdpkg-perl_1.16.0.3 libelfg0_0.8.13-1 libexpat1_2.0.1-7 libfribidi0_0.19.2-1 libgcc1_1:4.6.0-9 libgcrypt11_1.4.6-5 libgdbm3_1.8.3-9 libgfortran3_4.6.0-9 libglib2.0-0_2.28.6-1 libgmp10_2:5.0.1+dfsg-7 libgmp3c2_2:4.3.2+dfsg-2 libgmpxx4ldbl_2:5.0.1+dfsg-7 libgnutls26_2.10.4-2 libgomp1_4.6.0-9 libgpg-error0_1.10-0.3 libident_0.22-3 libidn11_1.20-1 libldap-2.4-2_2.4.25-1 liblocale-gettext-perl_1.05-6+b1 liblzma2_5.0.0-2 liblzo2-2_2.04-1 libmagic1_5.03-5+b1 libmpc2_0.9-3 libmpfr4_3.0.1-3 libncurses5_5.9-1 libncursesw5_5.9-1 libnewt0.52_0.52.11-2 libobjc2_4.5.3-1 libpam-modules_1.1.2-3 libpam-runtime_1.1.2-3 libpam0g_1.1.3-1 libparted0debian1_2.3-3+hurd.1 libpcre3_8.12-3+b1 libpipeline1_1.2.0-2 libpng12-0_1.2.44-2 libpopt0_1.16-1 libppl-c2_0.10.2-9 libppl-c4_0.11.2-3 libppl7_0.10.2-9 libppl9_0.11.2-3 libpthread-stubs0_0.3-2 libpthread-stubs0-dev_0.3-2 libpwl5_0.11.2-3 libquadmath0_4.6.0-9 libreadline6_6.2-2 librtmp0_2.3-2 libsasl2-2_2.1.24~rc1.dfsg1+cvs2011-05-23-2 libsasl2-modules_2.1.24~rc1.dfsg1+cvs2011-05-23-2 libslang2_2.2.4-2 libss2_1.41.12-4 libssl0.9.8_0.9.8o-7+b1 libssl1.0.0_1.0.0d-2 libstdc++6_4.6.0-9 libstdc++6-4.4-dev_4.4.5-10 libstdc++6-4.5-dev_4.5.3-1 libstdc++6-4.6-dev_4.6.0-9 libsysfs2_2.1.0+repack-1 libtasn1-3_2.9-3 libtimedate-perl_1.2000-1 libunistring0_0.9.3-4 libusb-0.1-4p_2:0.1.12-13+hurd.1 libuuid1_2.16.2-0 libwrap0_7.6.dbs-14+hurd.2 libxdmcp-dev_1:1.1.0-1 libxdmcp6_1:1.1.0-1 libxml2_2.7.8.dfsg-3 lsb-base_3.2-27 make_3.81-8.1 man-db_2.6.0.2-1 mawk_1.3.3-15 ncurses-base_5.9-1 ncurses-bin_5.9-1 netbase_4.45 netcat-traditional_1.10-39 openssl_1.0.0d-2 passwd_1:4.1.4.2+svn3283-3 patch_2.6.1-2 perl_5.12.3-6 perl-base_5.12.3-6 perl-modules_5.12.3-6 po-debconf_1.0.16+nmu1 procps_1:3.2.8-10 psmisc_22.3-1 quilt_0.48-7 readline-common_6.2-2 sed_4.2.1-9 sensible-utils_0.0.6 sysv-rc_2.88dsf-13.7 sysvinit_2.88dsf-13.7 sysvinit-utils_2.88dsf-13.7 tar_1.25-2 tzdata_2011g-1 util-linux_2.16.2-0 wget_1.11.4-4 whiptail_0.52.11-2 x11proto-core-dev_7.0.21-2 xz-utils_5.0.0-2 zlib1g_1:1.2.3.4.dfsg-3 zlib1g-dev_1:1.2.3.4.dfsg-3

┌──────────────────────────────────────────────────────────────────────────────┐
│ Build                                                                        │
└──────────────────────────────────────────────────────────────────────────────┘


Unpack source
─────────────

dpkg-source: warning: -sn is not a valid option for Dpkg::Source::Package::V3::quilt
gpgv: keyblock resource `/home/buildd/.gnupg/trustedkeys.gpg': file open error
gpgv: Signature made Wed Jun  8 08:23:42 2011 UTC using RSA key ID 2295D502
gpgv: Can't check signature: public key not found
dpkg-source: warning: failed to verify signature on ./bedtools_2.12.0-1.dsc
dpkg-source: info: extracting bedtools in bedtools-2.12.0
dpkg-source: info: unpacking bedtools_2.12.0.orig.tar.bz2
dpkg-source: info: unpacking bedtools_2.12.0-1.debian.tar.gz
dpkg-source: info: applying gzstream.h.patch

Check disc space
────────────────


dpkg-buildpackage
─────────────────

dpkg-buildpackage: export CFLAGS from dpkg-buildflags (origin: vendor): -g -O2
dpkg-buildpackage: export CPPFLAGS from dpkg-buildflags (origin: vendor): 
dpkg-buildpackage: export CXXFLAGS from dpkg-buildflags (origin: vendor): -g -O2
dpkg-buildpackage: export FFLAGS from dpkg-buildflags (origin: vendor): -g -O2
dpkg-buildpackage: export LDFLAGS from dpkg-buildflags (origin: vendor): 
dpkg-buildpackage: source package bedtools
dpkg-buildpackage: source version 2.12.0-1
 dpkg-source --before-build bedtools-2.12.0
dpkg-buildpackage: host architecture hurd-i386
 /usr/bin/fakeroot debian/rules clean
test -x debian/rules
dh_testroot
rm -f debian/stamp-makefile-build debian/stamp-makefile-install
/usr/bin/make  -C . CFLAGS="-g -O2 -g -O2 -Wall" CXXFLAGS="-g -O2 -g -O2 -Wall" CPPFLAGS="" LDFLAGS=""  -k clean
make[1]: Entering directory `/build/buildd-bedtools_2.12.0-1-hurd-i386-W43v1Y/bedtools-2.12.0'
Cleaning up.
make[1]: Leaving directory `/build/buildd-bedtools_2.12.0-1-hurd-i386-W43v1Y/bedtools-2.12.0'
dh_clean 
/usr/bin/make -f debian/rules reverse-config
make[1]: Entering directory `/build/buildd-bedtools_2.12.0-1-hurd-i386-W43v1Y/bedtools-2.12.0'
make[1]: Nothing to be done for `reverse-config'.
make[1]: Leaving directory `/build/buildd-bedtools_2.12.0-1-hurd-i386-W43v1Y/bedtools-2.12.0'
if [ -d "." ]; then \
	  cd . && QUILT_PATCHES=/build/buildd-bedtools_2.12.0-1-hurd-i386-W43v1Y/bedtools-2.12.0/debian/patches quilt --quiltrc /dev/null pop -a -R || test $? = 2 ; \
	fi
Removing patch gzstream.h.patch
Restoring src/utils/gzstream/gzstream.C

No patches applied
rm -rf ./.pc
 debian/rules build
rm -f debian/stamp-patch*
test -x debian/rules
mkdir -p "."
/usr/bin/make -f debian/rules reverse-config
make[1]: Entering directory `/build/buildd-bedtools_2.12.0-1-hurd-i386-W43v1Y/bedtools-2.12.0'
make[1]: Nothing to be done for `reverse-config'.
make[1]: Leaving directory `/build/buildd-bedtools_2.12.0-1-hurd-i386-W43v1Y/bedtools-2.12.0'
cd . && QUILT_PATCHES=/build/buildd-bedtools_2.12.0-1-hurd-i386-W43v1Y/bedtools-2.12.0/debian/patches quilt --quiltrc /dev/null push -a || test $? = 2
Applying patch gzstream.h.patch
patching file src/utils/gzstream/gzstream.C

Now at patch gzstream.h.patch
touch debian/stamp-patched
/usr/bin/make -f debian/rules update-config
make[1]: Entering directory `/build/buildd-bedtools_2.12.0-1-hurd-i386-W43v1Y/bedtools-2.12.0'
make[1]: Nothing to be done for `update-config'.
make[1]: Leaving directory `/build/buildd-bedtools_2.12.0-1-hurd-i386-W43v1Y/bedtools-2.12.0'
/usr/bin/make  -C . CFLAGS="-g -O2 -g -O2 -Wall" CXXFLAGS="-g -O2 -g -O2 -Wall" CPPFLAGS="" LDFLAGS=""  
make[1]: Entering directory `/build/buildd-bedtools_2.12.0-1-hurd-i386-W43v1Y/bedtools-2.12.0'
[ -d obj ] || mkdir -p obj
[ -d bin ] || mkdir -p bin
Building BEDTools:
=========================================================
- Building in src/utils/lineFileUtilities
  * compiling lineFileUtilities.cpp

- Building in src/utils/bedFile
  * compiling bedFile.cpp

- Building in src/utils/bedGraphFile
  * compiling bedGraphFile.cpp

- Building in src/utils/tabFile
  * compiling tabFile.cpp

- Building in src/utils/genomeFile
  * compiling genomeFile.cpp

- Building in src/utils/gzstream
g++ -g -O2 -g -O2 -Wall -c -o ../../../obj//gzstream.o gzstream.C -I.

- Building in src/utils/fileType
  * compiling fileType.cpp

- Building in src/utils/bedFilePE
  * compiling bedFilePE.cpp

- Building in src/utils/sequenceUtilities
  * compiling sequenceUtils.cpp

- Building in src/utils/BamTools
  * compiling BamReader.cpp
  * compiling BamWriter.cpp
  * compiling BGZF.cpp
  * compiling BamAncillary.cpp
  * compiling BamIndex.cpp

- Building in src/annotateBed
  * compiling annotateMain.cpp
  * compiling annotateBed.cpp
  * linking annotateBed

- Building in src/bamToBed
  * compiling bamToBed.cpp
  * linking bamToBed

- Building in src/bedToBam
  * compiling bedToBam.cpp
  * linking bedToBam

- Building in src/bedToIgv
  * compiling bedToIgv.cpp
  * linking bedToIgv

- Building in src/bed12ToBed6
  * compiling bed12ToBed6.cpp
  * linking bed12ToBed6

- Building in src/closestBed
  * compiling closestMain.cpp
  * compiling closestBed.cpp
  * linking closestBed

- Building in src/complementBed
  * compiling complementMain.cpp
  * compiling complementBed.cpp
  * linking complementBed

- Building in src/coverageBed
  * compiling coverageMain.cpp
  * compiling coverageBed.cpp
  * linking coverageBed

- Building in src/cuffToTrans
  * compiling cuffToTransMain.cpp
  * compiling cuffToTrans.cpp
  * compiling Fasta.cpp
  * compiling split.cpp
  * linking cuffToTrans

- Building in src/fastaFromBed
  * compiling fastaFromBedMain.cpp
  * compiling fastaFromBed.cpp
  * linking fastaFromBed

- Building in src/flankBed
  * compiling flankBedMain.cpp
  * compiling flankBed.cpp
  * linking flankBed

- Building in src/fjoin
  * compiling fjoinMain.cpp
  * compiling fjoin.cpp
  * linking fjoin

- Building in src/genomeCoverageBed
  * compiling genomeCoverageMain.cpp
  * compiling genomeCoverageBed.cpp
  * linking genomeCoverageBed

- Building in src/intersectBed
  * compiling intersectMain.cpp
  * compiling intersectBed.cpp
  * linking intersectBed

- Building in src/linksBed
  * compiling linksMain.cpp
  * compiling linksBed.cpp
  * linking linksBed

- Building in src/maskFastaFromBed
  * compiling maskFastaFromBedMain.cpp
  * compiling maskFastaFromBed.cpp
  * linking maskFastaFromBed

- Building in src/mergeBed
  * compiling mergeMain.cpp
  * compiling mergeBed.cpp
  * linking mergeBed

- Building in src/overlap
  * compiling overlap.cpp
  * linking overlap

- Building in src/pairToBed
  * compiling pairToBedMain.cpp
  * compiling pairToBed.cpp
  * linking pairToBed

- Building in src/pairToPair
  * compiling pairToPairMain.cpp
  * compiling pairToPair.cpp
  * linking pairToPair

- Building in src/shuffleBed
  * compiling shuffleBedMain.cpp
  * compiling shuffleBed.cpp
  * linking shuffleBed

- Building in src/slopBed
  * compiling slopBedMain.cpp
  * compiling slopBed.cpp
  * linking slopBed

- Building in src/sortBed
  * compiling sortMain.cpp
  * compiling sortBed.cpp
  * linking sortBed

- Building in src/subtractBed
  * compiling subtractMain.cpp
  * compiling subtractBed.cpp
  * linking subtractBed

- Building in src/unionBedGraphs
  * compiling unionBedGraphs.cpp
  * compiling unionBedGraphsMain.cpp
  * linking unionBedGraphs

- Building in src/windowBed
  * compiling windowMain.cpp
  * compiling windowBed.cpp
  * linking windowBed

make[1]: Leaving directory `/build/buildd-bedtools_2.12.0-1-hurd-i386-W43v1Y/bedtools-2.12.0'
touch debian/stamp-makefile-build
 /usr/bin/fakeroot debian/rules binary-arch
DEB_MAKE_CHECK_TARGET unset, not running checks
test -x debian/rules
dh_testroot
dh_prep 
dh_installdirs -A 
mkdir -p "."
DEB_MAKE_CHECK_TARGET unset, not running checks
DEB_MAKE_INSTALL_TARGET unset, skipping default makefile.mk common-install target
Adding cdbs dependencies to debian/bedtools.substvars
dh_installdirs -pbedtools 
dh_installdocs -pbedtools 
dh_installexamples -pbedtools 
dh_installman -pbedtools  
dh_installinfo -pbedtools  
dh_installmenu -pbedtools 
dh_installcron -pbedtools 
dh_installinit -pbedtools  
dh_installdebconf -pbedtools 
dh_installemacsen -pbedtools   
dh_installcatalogs -pbedtools 
dh_installpam -pbedtools 
dh_installlogrotate -pbedtools 
dh_installlogcheck -pbedtools 
dh_installchangelogs -pbedtools  RELEASE_HISTORY 
dh_installudev -pbedtools 
dh_lintian -pbedtools 
dh_bugfiles -pbedtools 
dh_install -pbedtools  
dh_link -pbedtools  
dh_installmime -pbedtools 
dh_installgsettings -pbedtools 
dh_strip -pbedtools  
dh_compress -pbedtools  
dh_fixperms -pbedtools  
dh_makeshlibs -pbedtools  
dh_installdeb -pbedtools 
dh_perl -pbedtools 
dh_shlibdeps -pbedtools    
dh_gencontrol -pbedtools  
dh_md5sums -pbedtools 
dh_builddeb -pbedtools 
dpkg-deb: building package `bedtools' in `../bedtools_2.12.0-1_hurd-i386.deb'.
 dpkg-genchanges -B -mDebian GNU/Hurd Build Daemon <buildd_hurd-i386-rossini@buildd.debian.org> >../bedtools_2.12.0-1_hurd-i386.changes
dpkg-genchanges: arch-specific upload - not including arch-independent packages
dpkg-genchanges: binary-only upload - not including any source code
 dpkg-source --after-build bedtools-2.12.0
dpkg-buildpackage: binary only upload (no source included)
────────────────────────────────────────────────────────────────────────────────
Build finished at 20110608-1122

bedtools_2.12.0-1_hurd-i386.changes:
Format: 1.8
Date: Wed, 08 Jun 2011 17:01:19 +0900
Source: bedtools
Binary: bedtools
Architecture: hurd-i386
Version: 2.12.0-1
Distribution: sid
Urgency: low
Maintainer: Debian GNU/Hurd Build Daemon <buildd_hurd-i386-rossini@buildd.debian.org>
Changed-By: Charles Plessy <plessy@debian.org>
Description: 
 bedtools   - suite of utilities for comparing genomic features
Closes: 629597
Changes: 
 bedtools (2.12.0-1) unstable; urgency=low
 .
   * Initial release (Closes: #629597)
Checksums-Sha1: 
 7ff42ec7138f5b41d0052cd861b750eaf209c267 1413172 bedtools_2.12.0-1_hurd-i386.deb
Checksums-Sha256: 
 0876ac512bf01a4dabb4beb5967c4b80b4eb05bb05f0578e6c0afdc3bcd7674e 1413172 bedtools_2.12.0-1_hurd-i386.deb
Files: 
 eaab6c2cc574668dc31c66a8760fdcc7 1413172 science optional bedtools_2.12.0-1_hurd-i386.deb

┌──────────────────────────────────────────────────────────────────────────────┐
│ Package contents                                                             │
└──────────────────────────────────────────────────────────────────────────────┘


bedtools_2.12.0-1_hurd-i386.deb
───────────────────────────────

 new debian package, version 2.0.
 size 1413172 bytes: control archive= 1662 bytes.
     766 bytes,    15 lines      control              
    1978 bytes,    34 lines      md5sums              
 Package: bedtools
 Version: 2.12.0-1
 Architecture: hurd-i386
 Maintainer: Debian Med Packaging Team <debian-med-packaging@lists.alioth.debian.org>
 Installed-Size: 3252
 Depends: libc0.3 (>= 2.13), libgcc1 (>= 4.2.1), libstdc++6 (>= 4.4.0), zlib1g (>= 1:1.1.4)
 Section: science
 Priority: optional
 Homepage: http://code.google.com/p/bedtools/
 Description: suite of utilities for comparing genomic features
  The BEDTools utilities allow one to address common genomics tasks such as
  finding feature overlaps and computing coverage. The utilities are largely
  based on four widely-used file formats: BED, GFF/GTF, VCF, and SAM/BAM. Using
  BEDTools, one can develop sophisticated pipelines that answer complicated
  research questions by streaming several BEDTools together.

drwxr-xr-x root/root         0 2011-06-08 11:19 ./
drwxr-xr-x root/root         0 2011-06-08 11:19 ./usr/
drwxr-xr-x root/root         0 2011-06-08 11:20 ./usr/share/
drwxr-xr-x root/root         0 2011-06-08 11:19 ./usr/share/doc/
drwxr-xr-x root/root         0 2011-06-08 11:20 ./usr/share/doc/bedtools/
-rw-r--r-- root/root      8577 2011-04-04 01:30 ./usr/share/doc/bedtools/changelog.gz
-rw-r--r-- root/root      4611 2011-06-08 07:59 ./usr/share/doc/bedtools/copyright
-rw-r--r-- root/root      1586 2011-04-04 01:30 ./usr/share/doc/bedtools/README.rst.gz
-rw-r--r-- root/root       156 2011-06-08 08:01 ./usr/share/doc/bedtools/changelog.Debian.gz
drwxr-xr-x root/root         0 2011-06-08 11:20 ./usr/share/bedtools/
drwxr-xr-x root/root         0 2011-06-08 11:10 ./usr/share/bedtools/genomes/
-rwxr-xr-x root/root       856 2011-04-04 01:30 ./usr/share/bedtools/genomes/human.hg18.genome
-rwxr-xr-x root/root      1972 2011-04-04 01:30 ./usr/share/bedtools/genomes/human.hg19.genome
-rwxr-xr-x root/root       565 2011-04-04 01:30 ./usr/share/bedtools/genomes/mouse.mm8.genome
-rwxr-xr-x root/root       585 2011-04-04 01:30 ./usr/share/bedtools/genomes/mouse.mm9.genome
drwxr-xr-x root/root         0 2011-06-08 11:20 ./usr/bin/
-rwxr-xr-x root/root    154992 2011-06-08 11:20 ./usr/bin/annotateBed
-rwxr-xr-x root/root     92944 2011-06-08 11:20 ./usr/bin/bamToBed
-rwxr-xr-x root/root     85044 2011-06-08 11:20 ./usr/bin/bed12ToBed6
-rwxr-xr-x root/root    116936 2011-06-08 11:20 ./usr/bin/bedToBam
-rwxr-xr-x root/root    104552 2011-06-08 11:20 ./usr/bin/bedToIgv
-rwxr-xr-x root/root    100452 2011-06-08 11:20 ./usr/bin/closestBed
-rwxr-xr-x root/root     97724 2011-06-08 11:20 ./usr/bin/complementBed
-rwxr-xr-x root/root    157912 2011-06-08 11:20 ./usr/bin/coverageBed
-rwxr-xr-x root/root    125116 2011-06-08 11:20 ./usr/bin/cuffToTrans
-rwxr-xr-x root/root    125116 2011-06-08 11:20 ./usr/bin/fastaFromBed
-rwxr-xr-x root/root    174308 2011-06-08 11:20 ./usr/bin/fjoin
-rwxr-xr-x root/root    100540 2011-06-08 11:20 ./usr/bin/flankBed
-rwxr-xr-x root/root    174708 2011-06-08 11:20 ./usr/bin/genomeCoverageBed
-rwxr-xr-x root/root    174308 2011-06-08 11:20 ./usr/bin/intersectBed
-rwxr-xr-x root/root     96356 2011-06-08 11:20 ./usr/bin/linksBed
-rwxr-xr-x root/root     96368 2011-06-08 11:20 ./usr/bin/maskFastaFromBed
-rwxr-xr-x root/root    100452 2011-06-08 11:20 ./usr/bin/mergeBed
-rwxr-xr-x root/root     88460 2011-06-08 11:20 ./usr/bin/overlap
-rwxr-xr-x root/root    190712 2011-06-08 11:20 ./usr/bin/pairToBed
-rwxr-xr-x root/root    121644 2011-06-08 11:20 ./usr/bin/pairToPair
-rwxr-xr-x root/root    109516 2011-06-08 11:20 ./usr/bin/shuffleBed
-rwxr-xr-x root/root     97716 2011-06-08 11:20 ./usr/bin/slopBed
-rwxr-xr-x root/root    101040 2011-06-08 11:20 ./usr/bin/sortBed
-rwxr-xr-x root/root     92260 2011-06-08 11:20 ./usr/bin/subtractBed
-rwxr-xr-x root/root     60992 2011-06-08 11:20 ./usr/bin/unionBedGraphs
-rwxr-xr-x root/root    163144 2011-06-08 11:20 ./usr/bin/windowBed


┌──────────────────────────────────────────────────────────────────────────────┐
│ Finished                                                                     │
└──────────────────────────────────────────────────────────────────────────────┘

Built successfully
────────────────────────────────────────────────────────────────────────────────
Purging /home/buildd/build/chroot-sid/build/buildd-bedtools_2.12.0-1-hurd-i386-W43v1Y
(Reading database ... 14424 files and directories currently installed.)
Removing zlib1g-dev ...
Removing cdbs ...
Removing debhelper ...
Removing po-debconf ...
Removing quilt ...
Purging configuration files for quilt ...
Removing intltool-debian ...
Removing gettext ...
Removing file ...
Purging configuration files for file ...
Removing diffstat ...
Removing html2text ...
Purging configuration files for html2text ...
Removing gettext-base ...
Removing libunistring0 ...
Purging configuration files for libunistring0 ...
Removing libcroco3 ...
Purging configuration files for libcroco3 ...
Removing libmagic1 ...
Purging configuration files for libmagic1 ...
Removing libexpat1 ...
Purging configuration files for libexpat1 ...
Removing libxml2 ...
Purging configuration files for libxml2 ...
Removing libglib2.0-0 ...
Purging configuration files for libglib2.0-0 ...
Processing triggers for man-db ...
Processing triggers for install-info ...
────────────────────────────────────────────────────────────────────────────────
Finished at 20110608-1122
Build needed 00:14:54, 56880k disc space

