From buildd@murphy.debian.org Wed Oct 05 09:38:19 2011
Return-path: <buildd@murphy.debian.org>
Received: from merikanto.debian.org ([2001:858:2:2:216:35ff:fec4:a49a])
	from C=NA, ST=NA, L=Ankh Morpork, O=Debian SMTP, OU=Debian SMTP CA,
	CN=merikanto.debian.org,
	EMAIL=hostmaster@merikanto.debian.org (verified)
	by grieg.debian.org with esmtps (TLS1.0:RSA_AES_256_CBC_SHA1:32)
	(Exim 4.72) (envelope-from <buildd@murphy.debian.org>)
	id 1RBNvf-00073x-8c
	for logs@buildd.debian.org; Wed, 05 Oct 2011 09:38:19 +0000
Received: from murphy.debian.org ([70.103.162.31])
	from C=NA, ST=NA, L=Ankh Morpork, O=Debian SMTP, OU=Debian SMTP CA,
	CN=murphy.debian.org, EMAIL=hostmaster@murphy.debian.org (verified)
	by merikanto.debian.org with esmtps (TLS1.0:RSA_AES_256_CBC_SHA1:32)
	(Exim 4.72) (envelope-from <buildd@murphy.debian.org>)
	id 1RBNve-0001OF-AO
	for logs@buildd.debian.org; Wed, 05 Oct 2011 09:38:18 +0000
Received: from buildd by murphy.debian.org with local (Exim 4.72)
	(envelope-from <buildd@murphy.debian.org>)
	id 1RBNvc-00013f-OA; Wed, 05 Oct 2011 09:38:16 +0000
Message-Id: <E1RBNvc-00013f-OA@murphy.debian.org>
MIME-Version: 1.0
Content-Transfer-Encoding: binary
X-Mailer: MIME::Lite 3.027 (F2.77; B3.08; Q3.08)
Date: Wed, 5 Oct 2011 09:38:16 +0000
From: buildd on murphy <buildd@murphy.debian.org>
To: logs@buildd.debian.org,buildd-admin@murphy.debian.org
Subject: Log for successful build of bedtools_2.13.3-1 on i386 (dist=sid)
Key-Id: AC7BC9C1
Delivered-To: logs@buildd.debian.org

sbuild (Debian sbuild) 0.61.0 (23 Feb 2011) on murphy.debian.org

╔══════════════════════════════════════════════════════════════════════════════╗
║ bedtools 2.13.3-1 (i386)                                   05 Oct 2011 09:34 ║
╚══════════════════════════════════════════════════════════════════════════════╝

Package: bedtools
Version: 2.13.3-1
Source Version: 2.13.3-1
Architecture: i386
Get:1 http://incoming.debian.org sid InRelease [146 kB]
Hit http://ftp.us.debian.org sid InRelease
Hit http://ftp.us.debian.org sid/main Sources/DiffIndex
Ign http://incoming.debian.org  InRelease
Get:2 http://incoming.debian.org  Release.gpg [836 B]
Hit http://ftp.us.debian.org sid/contrib Sources/DiffIndex
Hit http://ftp.us.debian.org sid/main i386 Packages/DiffIndex
Hit http://ftp.us.debian.org sid/contrib i386 Packages/DiffIndex
Ign http://ftp.us.debian.org sid/contrib TranslationIndex
Hit http://ftp.us.debian.org sid/main TranslationIndex
Get:3 http://incoming.debian.org sid/main Sources/DiffIndex [2038 B]
Hit http://incoming.debian.org sid/contrib Sources/DiffIndex
Get:4 http://incoming.debian.org sid/main i386 Packages/DiffIndex [2038 B]
Hit http://incoming.debian.org sid/contrib i386 Packages/DiffIndex
Ign http://incoming.debian.org sid/contrib TranslationIndex
Get:5 http://incoming.debian.org sid/main TranslationIndex [2045 B]
Get:6 http://incoming.debian.org  Release [1604 B]
Get:7 http://incoming.debian.org sid/main 2011-10-05-0826.58.pdiff [5108 B]
Get:8 http://incoming.debian.org sid/main i386 2011-10-05-0826.58.pdiff [5592 B]
Get:9 http://incoming.debian.org sid/main 2011-10-05-0826.58.pdiff [5108 B]
Get:10 http://incoming.debian.org  Sources [36.7 kB]
Ign http://ftp.us.debian.org sid/contrib Translation-en
Get:11 http://incoming.debian.org  Packages [271 kB]
Get:12 http://incoming.debian.org sid/main i386 2011-10-05-0826.58.pdiff [5592 B]
Ign http://incoming.debian.org sid/contrib Translation-en
Ign http://incoming.debian.org  Translation-en
Fetched 473 kB in 7s (64.8 kB/s)
Reading package lists...

┌──────────────────────────────────────────────────────────────────────────────┐
│ Fetch source files                                                           │
└──────────────────────────────────────────────────────────────────────────────┘


Check APT
─────────

Checking available source versions...

Download source files with APT
──────────────────────────────

Reading package lists...
Building dependency tree...
Reading state information...
NOTICE: 'bedtools' packaging is maintained in the 'Git' version control system at:
git://git.debian.org/git/debian-med/bedtools.git
Need to get 666 kB of source archives.
Get:1 http://incoming.debian.org/buildd-unstable/  bedtools 2.13.3-1 (dsc) [1967 B]
Get:2 http://incoming.debian.org/buildd-unstable/  bedtools 2.13.3-1 (tar) [660 kB]
Get:3 http://incoming.debian.org/buildd-unstable/  bedtools 2.13.3-1 (diff) [4282 B]
Fetched 666 kB in 2s (327 kB/s)
Download complete and in download only mode

Check arch
──────────


┌──────────────────────────────────────────────────────────────────────────────┐
│ Install core build dependencies (internal resolver)                          │
└──────────────────────────────────────────────────────────────────────────────┘

Build-Depends: build-essential, fakeroot
Checking for already installed dependencies...
build-essential: already installed (11.5)
fakeroot: already installed (1.18-1)
Checking for dependency conflicts...
Installing positive dependencies: 
Reading package lists...
Building dependency tree...
Reading state information...
0 upgraded, 0 newly installed, 0 to remove and 15 not upgraded.
Removing negative dependencies: 
Reading package lists...
Building dependency tree...
Reading state information...
0 upgraded, 0 newly installed, 0 to remove and 15 not upgraded.
Checking correctness of dependencies...

┌──────────────────────────────────────────────────────────────────────────────┐
│ Install bedtools build dependencies (internal resolver)                      │
└──────────────────────────────────────────────────────────────────────────────┘

Build-Depends: base-files, base-passwd, bash, coreutils, dash, debianutils, diffutils, dpkg, e2fsprogs, findutils, grep, gzip, hostname, ncurses-base, ncurses-bin, perl-base, sed, login, sysvinit-utils, sysvinit, tar, bsdutils, mount, util-linux, libc6-dev | libc-dev, gcc (>= 4:4.4.3), g++ (>= 4:4.4.3), make, dpkg-dev (>= 1.13.5), cdbs, debhelper (>= 8), quilt, zlib1g-dev
Checking for already installed dependencies...
base-files: already installed (6.5)
base-passwd: already installed (3.5.23)
bash: already installed (4.1-3)
coreutils: already installed (8.13-2)
dash: already installed (0.5.7-2)
debianutils: already installed (4.0.2)
diffutils: already installed (1:3.0-1)
dpkg: already installed (1.16.1)
e2fsprogs: already installed (1.42~WIP-2011-09-25-1)
findutils: already installed (4.4.2-1+b1)
grep: already installed (2.9-2)
gzip: already installed (1.4-1)
hostname: already installed (3.06)
ncurses-base: already installed (5.9-1)
ncurses-bin: already installed (5.9-2)
perl-base: already installed (5.12.4-5)
sed: already installed (4.2.1-9)
login: already installed (1:4.1.4.2+svn3283-3)
sysvinit-utils: already installed (2.88dsf-13.11)
sysvinit: already installed (2.88dsf-13.11)
tar: already installed (1.26-2)
bsdutils: already installed (1:2.19.1-5)
mount: already installed (2.19.1-5)
util-linux: already installed (2.19.1-5)
libc6-dev: already installed (2.13-21)
gcc: already installed (4:4.6.1-3 >= 4:4.4.3 is satisfied)
g++: already installed (4:4.6.1-3 >= 4:4.4.3 is satisfied)
make: already installed (3.81-8.1)
dpkg-dev: already installed (1.16.1 >= 1.13.5 is satisfied)
cdbs: missing
debhelper: already installed (8.9.8 >= 8 is satisfied)
quilt: missing
zlib1g-dev: already installed (1:1.2.3.4.dfsg-3)
Checking for dependency conflicts...
Installing positive dependencies: cdbs quilt
Reading package lists...
Building dependency tree...
Reading state information...
The following extra packages will be installed:
  diffstat
Suggested packages:
  devscripts procmail graphviz
The following NEW packages will be installed:
  cdbs diffstat quilt
debconf: delaying package configuration, since apt-utils is not installed
0 upgraded, 3 newly installed, 0 to remove and 15 not upgraded.
Need to get 0 B/461 kB of archives.
After this operation, 1215 kB of additional disk space will be used.
Selecting previously unselected package cdbs.
(Reading database ... 20082 files and directories currently installed.)
Unpacking cdbs (from .../archives/cdbs_0.4.99_all.deb) ...
Selecting previously unselected package diffstat.
Unpacking diffstat (from .../diffstat_1.54-1_i386.deb) ...
Selecting previously unselected package quilt.
Unpacking quilt (from .../archives/quilt_0.48-8_all.deb) ...
Processing triggers for man-db ...
Setting up cdbs (0.4.99) ...
Setting up diffstat (1.54-1) ...
Setting up quilt (0.48-8) ...
Removing negative dependencies: 
Reading package lists...
Building dependency tree...
Reading state information...
0 upgraded, 0 newly installed, 0 to remove and 15 not upgraded.
Checking correctness of dependencies...
Kernel: Linux 2.6.32-5-686-bigmem i386 (i686)
Toolchain package versions: binutils_2.21.53.20110922-1 dpkg-dev_1.16.1 g++-4.6_4.6.1-13 gcc-4.6_4.6.1-13 libc6-dev_2.13-21 libstdc++6_4.6.1-13 libstdc++6-4.6-dev_4.6.1-13 linux-libc-dev_3.0.0-3
Package versions: apt_0.8.15.8 autoconf_2.68-1 automake_1:1.11.1-1 autotools-dev_20110511.1 base-files_6.5 base-passwd_3.5.23 bash_4.1-3 binutils_2.21.53.20110922-1 bsdmainutils_8.2.3 bsdutils_1:2.19.1-5 build-essential_11.5 bzip2_1.0.5-7 ca-certificates_20110502+nmu1 cdbs_0.4.99 coreutils_8.13-2 cpp_4:4.6.1-3 cpp-4.6_4.6.1-13 dash_0.5.7-2 dconf-gsettings-backend_0.7.5-3 debconf_1.5.41 debfoster_2.7-1.1 debhelper_8.9.8 debian-archive-keyring_2010.08.28 debianutils_4.0.2 diffstat_1.54-1 diffutils_1:3.0-1 dpkg_1.16.1 dpkg-dev_1.16.1 e2fslibs_1.42~WIP-2011-09-25-1 e2fsprogs_1.42~WIP-2011-09-25-1 fakeroot_1.18-1 file_5.08-1 findutils_4.4.2-1+b1 fontconfig_2.8.0-3 fontconfig-config_2.8.0-3 g++_4:4.6.1-3 g++-4.6_4.6.1-13 gcc_4:4.6.1-3 gcc-4.6_4.6.1-13 gcc-4.6-base_4.6.1-13 gettext_0.18.1.1-4 gettext-base_0.18.1.1-4 gnupg_1.4.11-3 gpgv_1.4.11-3 grep_2.9-2 groff-base_1.21-6 gzip_1.4-1 hostname_3.06 html2text_1.3.2a-15 initscripts_2.88dsf-13.11 insserv_1.14.0-2.1 intltool_0.41.1-2 intltool-debian_0.35.0+20060710.1 libacl1_2.2.51-3 libasound2_1.0.24.1-4 libasound2-dev_1.0.24.1-4 libasyncns0_0.8-4 libatk1.0-0_2.2.0-1 libatk1.0-data_2.2.0-1 libattr1_1:2.4.46-3 libavahi-client-dev_0.6.30-5 libavahi-client3_0.6.30-5 libavahi-common-data_0.6.30-5 libavahi-common-dev_0.6.30-5 libavahi-common3_0.6.30-5 libblkid1_2.19.1-5 libbz2-1.0_1.0.5-7 libc-bin_2.13-21 libc-dev-bin_2.13-21 libc6_2.13-21 libc6-dev_2.13-21 libcaca-dev_0.99.beta17-2.1 libcaca0_0.99.beta17-2.1 libcairo-gobject2_1.10.2-6.1 libcairo2_1.10.2-6.1 libcap2_1:2.22-1 libcomerr2_1.42~WIP-2011-10-01-1 libcroco3_0.6.2-1 libcups2_1.5.0-8 libdatrie1_0.2.4-3 libdb4.8_4.8.30-10 libdb5.1_5.1.25-11 libdbus-1-3_1.4.16-1 libdbus-1-dev_1.4.16-1 libdirectfb-1.2-9_1.2.10.0-4.2 libdirectfb-dev_1.2.10.0-4.2 libdirectfb-extra_1.2.10.0-4.2 libdpkg-perl_1.16.1 libdrm2_2.4.26-1 libencode-locale-perl_1.02-2 libexpat1_2.0.1-7 libfile-listing-perl_6.03-1 libflac8_1.2.1-5 libfontconfig1_2.8.0-3 libfreetype6_2.4.6-2 libfreetype6-dev_2.4.6-2 libgc1c2_1:7.1-8 libgcc1_1:4.6.1-13 libgcrypt11_1.5.0-3 libgdbm3_1.8.3-10 libgdk-pixbuf2.0-0_2.24.0-1 libgl1-mesa-dev_7.11-6 libgl1-mesa-glx_7.11-6 libglapi-mesa_7.11-6 libglib2.0-0_2.28.6-1 libglib2.0-bin_2.28.6-1 libglib2.0-data_2.28.6-1 libglib2.0-dev_2.28.6-1 libglu1-mesa_7.11-6 libglu1-mesa-dev_7.11-6 libgmp10_2:5.0.2+dfsg-1 libgnutls26_2.12.11-1 libgomp1_4.6.1-13 libgpg-error0_1.10-1 libgssapi-krb5-2_1.9.1+dfsg-3 libgtk-3-0_3.0.12-2 libgtk-3-common_3.0.12-2 libgtk2.0-0_2.24.6-1 libgtk2.0-common_2.24.6-1 libhtml-parser-perl_3.68-1+b1 libhtml-tagset-perl_3.20-2 libhtml-tree-perl_4.2-1 libhttp-cookies-perl_6.00-2 libhttp-date-perl_6.00-1 libhttp-message-perl_6.01-1 libhttp-negotiate-perl_6.00-2 libice-dev_2:1.0.7-2 libice6_2:1.0.7-2 libio-socket-ssl-perl_1.44-1 libjasper1_1.900.1-10 libjpeg8_8c-2 libjpeg8-dev_8c-2 libjson0_0.9-1 libk5crypto3_1.9.1+dfsg-3 libkeyutils1_1.5.2-2 libkrb5-3_1.9.1+dfsg-3 libkrb5support0_1.9.1+dfsg-3 liblwp-mediatypes-perl_6.01-1 liblwp-protocol-https-perl_6.02-1 liblzma2_5.1.1alpha+20110809-2 libmagic1_5.08-1 libmount1_2.19.1-5 libmpc2_0.9-3 libmpfr4_3.0.1-6 libncurses5_5.9-2 libncurses5-dev_5.9-2 libncursesw5_5.9-2 libnet-http-perl_6.01-1 libnet-ssleay-perl_1.41-1 libode-sp-dev_2:0.11.1-4 libode1sp_2:0.11.1-4 libogg0_1.2.2~dfsg-1 libp11-kit0_0.7-2 libpam-modules_1.1.3-4 libpam-modules-bin_1.1.3-4 libpam-runtime_1.1.3-4 libpam0g_1.1.3-4 libpango1.0-0_1.29.4-1 libpcre3_8.12-4 libpipeline1_1.2.0-3 libpixman-1-0_0.22.2-1 libpng12-0_1.2.46-3 libpng12-dev_1.2.46-3 libpopt0_1.16-1 libpthread-stubs0_0.3-2.1 libpthread-stubs0-dev_0.3-2.1 libpulse-dev_1.0-3 libpulse-mainloop-glib0_1.0-3 libpulse0_1.0-3 libquadmath0_4.6.1-13 libreadline6_6.2-6 librsvg2-2_2.34.1-2 librsvg2-bin_2.34.1-2 librsvg2-common_2.34.1-2 libsamplerate0_0.1.8-1 libsdl-image1.2_1.2.10-2.1+b1 libsdl-image1.2-dev_1.2.10-2.1+b1 libsdl-ttf2.0-0_2.0.9-1.1 libsdl-ttf2.0-dev_2.0.9-1.1 libsdl1.2-dev_1.2.14-6.4 libsdl1.2debian_1.2.14-6.4 libselinux1_2.1.0-1 libsepol1_2.1.0-1.1 libslang2_2.2.4-3 libslang2-dev_2.2.4-3 libsm-dev_2:1.2.0-2 libsm6_2:1.2.0-2 libsndfile1_1.0.25-3 libsqlite3-0_3.7.8-1 libss2_1.42~WIP-2011-10-01-1 libssl1.0.0_1.0.0e-2 libstdc++6_4.6.1-13 libstdc++6-4.6-dev_4.6.1-13 libsysfs-dev_2.1.0+repack-1 libsysfs2_2.1.0+repack-1 libtasn1-3_2.9-4 libthai-data_0.1.15-2 libthai0_0.1.15-2 libtiff4_3.9.5-2 libtiff4-dev_3.9.5-2 libtiffxx0c2_3.9.5-2 libtimedate-perl_1.2000-1 libtinfo-dev_5.9-2 libtinfo5_5.9-2 libtool_2.4-4 libts-0.0-0_1.0-9 libunistring0_0.9.3-4 liburi-perl_1.59-1 libusb-0.1-4_2:0.1.12-19 libuuid1_2.19.1-5 libvorbis0a_1.3.2-1 libvorbisenc2_1.3.2-1 libwrap0_7.6.q-21 libwww-perl_6.02-1 libwww-robotrules-perl_6.01-1 libx11-6_2:1.4.4-2 libx11-data_2:1.4.4-2 libx11-dev_2:1.4.4-2 libx11-xcb1_2:1.4.4-2 libxau-dev_1:1.0.6-3 libxau6_1:1.0.6-3 libxcb-render0_1.7-3 libxcb-shm0_1.7-3 libxcb1_1.7-3 libxcb1-dev_1.7-3 libxcomposite1_1:0.4.3-2 libxcursor1_1:1.1.12-1 libxdamage1_1:1.1.3-2 libxdmcp-dev_1:1.1.0-3 libxdmcp6_1:1.1.0-3 libxext-dev_2:1.3.0-3 libxext6_2:1.3.0-3 libxfixes3_1:5.0-4 libxft2_2.2.0-3 libxi6_2:1.4.3-3 libxinerama1_2:1.1.1-3 libxml-parser-perl_2.41-1 libxml2_2.7.8.dfsg-4 libxrandr2_2:1.3.2-2 libxrender1_1:0.9.6-2 libxt-dev_1:1.1.1-2 libxt6_1:1.1.1-2 libxtst6_2:1.2.0-3 libxxf86vm1_1:1.1.1-2 linux-libc-dev_3.0.0-3 login_1:4.1.4.2+svn3283-3 lsb-base_3.2-28 m4_1.4.16-2 make_3.81-8.1 man-db_2.6.0.2-2 mawk_1.3.3-15 mesa-common-dev_7.11-6 mime-support_3.51-1 mount_2.19.1-5 multiarch-support_2.13-21 ncurses-base_5.9-1 ncurses-bin_5.9-2 netbase_4.46 openssl_1.0.0e-2 passwd_1:4.1.4.2+svn3283-3 patch_2.6.1-2 perl_5.12.4-5 perl-base_5.12.4-5 perl-modules_5.12.4-5 pkg-config_0.26-1 po-debconf_1.0.16+nmu1 python_2.7.2-7 python-minimal_2.7.2-7 python2.7_2.7.2-6 python2.7-minimal_2.7.2-6 quilt_0.48-8 readline-common_6.2-4 sed_4.2.1-9 sensible-utils_0.0.6 shared-mime-info_0.90-1 sudo_1.8.2-2 sysv-rc_2.88dsf-13.11 sysvinit_2.88dsf-13.11 sysvinit-utils_2.88dsf-13.11 tar_1.26-2 tsconf_1.0-9 ttf-dejavu-core_2.33-2 tzdata_2011k-1 ucf_3.0025+nmu2 util-linux_2.19.1-5 x11-common_1:7.6+9 x11proto-core-dev_7.0.22-1 x11proto-input-dev_2.0.2-2 x11proto-kb-dev_1.0.5-2 x11proto-xext-dev_7.2.0-3 xorg-sgml-doctools_1:1.8-2 xtrans-dev_1.2.6-2 xz-utils_5.1.1alpha+20110809-2 zlib1g_1:1.2.3.4.dfsg-3 zlib1g-dev_1:1.2.3.4.dfsg-3

┌──────────────────────────────────────────────────────────────────────────────┐
│ Build                                                                        │
└──────────────────────────────────────────────────────────────────────────────┘


Unpack source
─────────────

gpgv: keyblock resource `/home/buildd/.gnupg/trustedkeys.gpg': file open error
gpgv: Signature made Wed Oct  5 08:41:27 2011 UTC using RSA key ID 2295D502
gpgv: Can't check signature: public key not found
dpkg-source: warning: failed to verify signature on ./bedtools_2.13.3-1.dsc
dpkg-source: info: extracting bedtools in bedtools-2.13.3
dpkg-source: info: unpacking bedtools_2.13.3.orig.tar.xz
dpkg-source: info: unpacking bedtools_2.13.3-1.debian.tar.gz
dpkg-source: info: applying gzstream.h.patch

Check disc space
────────────────


dpkg-buildpackage
─────────────────

dpkg-buildpackage: dpkg-buildflags (origin: vendor): CFLAGS = -g -O2 -fstack-protector --param=ssp-buffer-size=4 -D_FORTIFY_SOURCE=2 -Wformat -Wformat-security -Werror=format-security
dpkg-buildpackage: dpkg-buildflags (origin: vendor): CPPFLAGS = 
dpkg-buildpackage: dpkg-buildflags (origin: vendor): CXXFLAGS = -g -O2 -fstack-protector --param=ssp-buffer-size=4 -D_FORTIFY_SOURCE=2 -Wformat -Wformat-security -Werror=format-security
dpkg-buildpackage: dpkg-buildflags (origin: vendor): FFLAGS = -g -O2
dpkg-buildpackage: dpkg-buildflags (origin: vendor): LDFLAGS = -Wl,-z,relro
dpkg-buildpackage: source package bedtools
dpkg-buildpackage: source version 2.13.3-1
 dpkg-source --before-build bedtools-2.13.3
dpkg-buildpackage: host architecture i386
 fakeroot debian/rules clean
test -x debian/rules
dh_testroot
rm -f debian/stamp-makefile-build debian/stamp-makefile-install
/usr/bin/make  -C . CFLAGS="-g -O2 -fstack-protector --param=ssp-buffer-size=4 -D_FORTIFY_SOURCE=2 -Wformat -Wformat-security -Werror=format-security -Wall" CXXFLAGS="-g -O2 -fstack-protector --param=ssp-buffer-size=4 -D_FORTIFY_SOURCE=2 -Wformat -Wformat-security -Werror=format-security -Wall" CPPFLAGS="" LDFLAGS=""  -k clean
make[1]: Entering directory `/build/buildd-bedtools_2.13.3-1-i386-PCGCnt/bedtools-2.13.3'
Cleaning up.
make[1]: Leaving directory `/build/buildd-bedtools_2.13.3-1-i386-PCGCnt/bedtools-2.13.3'
dh_clean 
/usr/bin/make -f debian/rules reverse-config
make[1]: Entering directory `/build/buildd-bedtools_2.13.3-1-i386-PCGCnt/bedtools-2.13.3'
make[1]: Nothing to be done for `reverse-config'.
make[1]: Leaving directory `/build/buildd-bedtools_2.13.3-1-i386-PCGCnt/bedtools-2.13.3'
if [ -d "." ]; then \
	  cd . && QUILT_PATCHES=/build/buildd-bedtools_2.13.3-1-i386-PCGCnt/bedtools-2.13.3/debian/patches quilt --quiltrc /dev/null pop -a -R || test $? = 2 ; \
	fi
Removing patch gzstream.h.patch
Restoring src/utils/gzstream/gzstream.C

No patches applied
rm -rf ./.pc
rm -f debian/stamp-patch*
 debian/rules build
test -x debian/rules
mkdir -p "."
/usr/share/cdbs/1/rules/buildcore.mk:109: WARNING:  DEB_DH_BUILDDEB_ARGS is a deprecated variable
/usr/bin/make -f debian/rules reverse-config
make[1]: Entering directory `/build/buildd-bedtools_2.13.3-1-i386-PCGCnt/bedtools-2.13.3'
make[1]: Nothing to be done for `reverse-config'.
make[1]: Leaving directory `/build/buildd-bedtools_2.13.3-1-i386-PCGCnt/bedtools-2.13.3'
cd . && QUILT_PATCHES=/build/buildd-bedtools_2.13.3-1-i386-PCGCnt/bedtools-2.13.3/debian/patches quilt --quiltrc /dev/null push -a || test $? = 2
Applying patch gzstream.h.patch
patching file src/utils/gzstream/gzstream.C

Now at patch gzstream.h.patch
touch debian/stamp-patched
/usr/bin/make -f debian/rules update-config
make[1]: Entering directory `/build/buildd-bedtools_2.13.3-1-i386-PCGCnt/bedtools-2.13.3'
make[1]: Nothing to be done for `update-config'.
make[1]: Leaving directory `/build/buildd-bedtools_2.13.3-1-i386-PCGCnt/bedtools-2.13.3'
/usr/bin/make  -C . CFLAGS="-g -O2 -fstack-protector --param=ssp-buffer-size=4 -D_FORTIFY_SOURCE=2 -Wformat -Wformat-security -Werror=format-security -Wall" CXXFLAGS="-g -O2 -fstack-protector --param=ssp-buffer-size=4 -D_FORTIFY_SOURCE=2 -Wformat -Wformat-security -Werror=format-security -Wall" CPPFLAGS="" LDFLAGS=""  
make[1]: Entering directory `/build/buildd-bedtools_2.13.3-1-i386-PCGCnt/bedtools-2.13.3'
[ -d obj ] || mkdir -p obj
[ -d bin ] || mkdir -p bin
Building BEDTools:
=========================================================
- Building in src/utils/lineFileUtilities
  * compiling lineFileUtilities.cpp

- Building in src/utils/bedFile
  * compiling bedFile.cpp

- Building in src/utils/bedGraphFile
  * compiling bedGraphFile.cpp

- Building in src/utils/chromsweep
  * compiling chromsweep.cpp

- Building in src/utils/gzstream
g++ -g -O2 -fstack-protector --param=ssp-buffer-size=4 -D_FORTIFY_SOURCE=2 -Wformat -Wformat-security -Werror=format-security -Wall -c -o ../../../obj//gzstream.o gzstream.C -I.

- Building in src/utils/fileType
  * compiling fileType.cpp

- Building in src/utils/bedFilePE
  * compiling bedFilePE.cpp

- Building in src/utils/sequenceUtilities
  * compiling sequenceUtils.cpp

- Building in src/utils/tabFile
  * compiling tabFile.cpp

- Building in src/utils/BamTools
  * compiling BamAlignment.cpp
src/api/BamAlignment.cpp: In member function 'bool BamTools::BamAlignment::GetTag(const string&, std::vector<unsigned int>&) const':
src/api/BamAlignment.cpp:1769:9: warning: variable 'elementLength' set but not used [-Wunused-but-set-variable]
src/api/BamAlignment.cpp: In member function 'bool BamTools::BamAlignment::GetTag(const string&, std::vector<int>&) const':
src/api/BamAlignment.cpp:1856:9: warning: variable 'elementLength' set but not used [-Wunused-but-set-variable]
src/api/BamAlignment.cpp: In member function 'bool BamTools::BamAlignment::GetTag(const string&, std::vector<float>&) const':
src/api/BamAlignment.cpp:1944:9: warning: variable 'elementLength' set but not used [-Wunused-but-set-variable]
  * compiling BamMultiReader.cpp
  * compiling BamReader.cpp
  * compiling BamWriter.cpp
  * compiling SamHeader.cpp
  * compiling SamProgram.cpp
  * compiling SamProgramChain.cpp
  * compiling SamReadGroup.cpp
  * compiling SamReadGroupDictionary.cpp
  * compiling SamSequence.cpp
  * compiling SamSequenceDictionary.cpp
  * compiling BamHeader_p.cpp
  * compiling BamIndexFactory_p.cpp
  * compiling BamMultiReader_p.cpp
  * compiling BamRandomAccessController_p.cpp
  * compiling BamReader_p.cpp
  * compiling BamStandardIndex_p.cpp
  * compiling BamToolsIndex_p.cpp
  * compiling BamWriter_p.cpp
  * compiling BgzfStream_p.cpp
  * compiling SamFormatParser_p.cpp
  * compiling SamFormatPrinter_p.cpp
  * compiling SamHeaderValidator_p.cpp
[ -d lib ] || mkdir -p lib
[ -d include ] || mkdir -p include
[ -d include/api ] || mkdir -p include/api
[ -d include/shared ] || mkdir -p include/shared
  * linking libbamtools.a
ar cr lib/libbamtools.a  src/api/BamAlignment.o src/api/BamMultiReader.o src/api/BamReader.o src/api/BamWriter.o src/api/SamHeader.o src/api/SamProgram.o src/api/SamProgramChain.o src/api/SamReadGroup.o src/api/SamReadGroupDictionary.o src/api/SamSequence.o src/api/SamSequenceDictionary.o src/api/internal/BamHeader_p.o src/api/internal/BamIndexFactory_p.o src/api/internal/BamMultiReader_p.o src/api/internal/BamRandomAccessController_p.o src/api/internal/BamReader_p.o src/api/internal/BamStandardIndex_p.o src/api/internal/BamToolsIndex_p.o src/api/internal/BamWriter_p.o src/api/internal/BgzfStream_p.o src/api/internal/SamFormatParser_p.o src/api/internal/SamFormatPrinter_p.o src/api/internal/SamHeaderValidator_p.o

- Building in src/utils/BamTools-Ancillary
  * compiling BamAncillary.cpp

- Building in src/utils/Fasta
  * compiling Fasta.cpp
Fasta.cpp: In member function 'void FastaIndexEntry::clear()':
Fasta.cpp:28:14: warning: converting to non-pointer type 'int' from NULL [-Wconversion-null]
Fasta.cpp:31:17: warning: converting to non-pointer type 'int' from NULL [-Wconversion-null]
Fasta.cpp:32:17: warning: converting to non-pointer type 'int' from NULL [-Wconversion-null]
Fasta.cpp: In member function 'std::string FastaReference::getSubSequence(std::string, int, int)':
Fasta.cpp:308:55: warning: ignoring return value of 'size_t fread(void*, size_t, size_t, FILE*)', declared with attribute warn_unused_result [-Wunused-result]
Fasta.cpp: In member function 'std::string FastaReference::getSequence(std::string)':
Fasta.cpp:266:47: warning: ignoring return value of 'size_t fread(void*, size_t, size_t, FILE*)', declared with attribute warn_unused_result [-Wunused-result]
  * compiling split.cpp

- Building in src/utils/genomeFile
  * compiling genomeFile.cpp
genomeFile.cpp: In member function 'void GenomeFile::loadGenomeFileIntoMap()':
genomeFile.cpp:61:26: warning: variable 'c2' set but not used [-Wunused-but-set-variable]

- Building in src/annotateBed
  * compiling annotateMain.cpp
annotateMain.cpp: In function 'int main(int, char**)':
annotateMain.cpp:39:10: warning: variable 'haveTitles' set but not used [-Wunused-but-set-variable]
  * compiling annotateBed.cpp
  * linking annotateBed

- Building in src/bamToBed
  * compiling bamToBed.cpp
bamToBed.cpp: In function 'int main(int, char**)':
bamToBed.cpp:70:10: warning: variable 'useAlignmentScore' set but not used [-Wunused-but-set-variable]
  * linking bamToBed

- Building in src/bedToBam
  * compiling bedToBam.cpp
bedToBam.cpp: In function 'int main(int, char**)':
bedToBam.cpp:60:10: warning: variable 'haveMapQual' set but not used [-Wunused-but-set-variable]
  * linking bedToBam

- Building in src/bedToIgv
  * compiling bedToIgv.cpp
  * linking bedToIgv

- Building in src/bed12ToBed6
  * compiling bed12ToBed6.cpp
  * linking bed12ToBed6

- Building in src/closestBed
  * compiling closestMain.cpp
  * compiling closestBed.cpp
  * linking closestBed

- Building in src/complementBed
  * compiling complementMain.cpp
  * compiling complementBed.cpp
  * linking complementBed

- Building in src/coverageBed
  * compiling coverageMain.cpp
  * compiling coverageBed.cpp
  * linking coverageBed

- Building in src/fastaFromBed
  * compiling fastaFromBedMain.cpp
  * compiling fastaFromBed.cpp
  * linking fastaFromBed

- Building in src/flankBed
  * compiling flankBedMain.cpp
  * compiling flankBed.cpp
  * linking flankBed

- Building in src/genomeCoverageBed
  * compiling genomeCoverageMain.cpp
  * compiling genomeCoverageBed.cpp
  * linking genomeCoverageBed

- Building in src/intersectBed
  * compiling intersectMain.cpp
  * compiling intersectBed.cpp
  * linking intersectBed

- Building in src/linksBed
  * compiling linksMain.cpp
  * compiling linksBed.cpp
  * linking linksBed

- Building in src/maskFastaFromBed
  * compiling maskFastaFromBedMain.cpp
  * compiling maskFastaFromBed.cpp
  * linking maskFastaFromBed

- Building in src/mergeBed
  * compiling mergeMain.cpp
mergeMain.cpp: In function 'int main(int, char**)':
mergeMain.cpp:40:10: warning: variable 'haveMaxDistance' set but not used [-Wunused-but-set-variable]
  * compiling mergeBed.cpp
  * linking mergeBed

- Building in src/multiBamCov
  * compiling multiBamCovMain.cpp
multiBamCovMain.cpp: In function 'int main(int, char**)':
multiBamCovMain.cpp:38:10: warning: variable 'haveBed' set but not used [-Wunused-but-set-variable]
multiBamCovMain.cpp:39:10: warning: variable 'haveBams' set but not used [-Wunused-but-set-variable]
  * compiling multiBamCov.cpp
  * linking multiBamCov

- Building in src/nucBed
  * compiling nucBedMain.cpp
  * compiling nucBed.cpp
  * linking nucBed

- Building in src/overlap
  * compiling overlap.cpp
overlap.cpp: In function 'int main(int, char**)':
overlap.cpp:44:10: warning: variable 'haveColumns' set but not used [-Wunused-but-set-variable]
  * linking overlap

- Building in src/pairToBed
  * compiling pairToBedMain.cpp
pairToBedMain.cpp: In function 'int main(int, char**)':
pairToBedMain.cpp:43:10: warning: variable 'haveFraction' set but not used [-Wunused-but-set-variable]
  * compiling pairToBed.cpp
pairToBed.cpp: In member function 'void BedIntersectPE::FindSpanningOverlaps(const BEDPE&, std::vector<BED>&, const string&)':
pairToBed.cpp:255:12: warning: variable 'spanLength' set but not used [-Wunused-but-set-variable]
pairToBed.cpp: In member function 'bool BedIntersectPE::FindOneOrMoreSpanningOverlaps(const BEDPE&, const string&)':
pairToBed.cpp:307:9: warning: variable 'spanLength' set but not used [-Wunused-but-set-variable]
  * linking pairToBed

- Building in src/pairToPair
  * compiling pairToPairMain.cpp
pairToPairMain.cpp: In function 'int main(int, char**)':
pairToPairMain.cpp:44:10: warning: variable 'haveFraction' set but not used [-Wunused-but-set-variable]
  * compiling pairToPair.cpp
pairToPair.cpp: In member function 'void PairToPair::FindOverlaps(const BEDPE&)':
pairToPair.cpp:112:14: warning: variable 'found1' set but not used [-Wunused-but-set-variable]
pairToPair.cpp:113:14: warning: variable 'found2' set but not used [-Wunused-but-set-variable]
  * linking pairToPair

- Building in src/shuffleBed
  * compiling shuffleBedMain.cpp
  * compiling shuffleBed.cpp
  * linking shuffleBed

- Building in src/slopBed
  * compiling slopBedMain.cpp
  * compiling slopBed.cpp
  * linking slopBed

- Building in src/sortBed
  * compiling sortMain.cpp
  * compiling sortBed.cpp
  * linking sortBed

- Building in src/subtractBed
  * compiling subtractMain.cpp
subtractMain.cpp: In function 'int main(int, char**)':
subtractMain.cpp:41:10: warning: variable 'haveFraction' set but not used [-Wunused-but-set-variable]
  * compiling subtractBed.cpp
  * linking subtractBed

- Building in src/tagBam
  * compiling tagBamMain.cpp
tagBamMain.cpp: In function 'int main(int, char**)':
tagBamMain.cpp:38:10: warning: variable 'haveFraction' set but not used [-Wunused-but-set-variable]
  * compiling tagBam.cpp
  * linking tagBam

- Building in src/unionBedGraphs
  * compiling unionBedGraphs.cpp
  * compiling unionBedGraphsMain.cpp
unionBedGraphsMain.cpp: In function 'int main(int, char**)':
unionBedGraphsMain.cpp:46:10: warning: variable 'haveFiles' set but not used [-Wunused-but-set-variable]
unionBedGraphsMain.cpp:48:10: warning: variable 'haveGenome' set but not used [-Wunused-but-set-variable]
unionBedGraphsMain.cpp:49:10: warning: variable 'haveFiller' set but not used [-Wunused-but-set-variable]
  * linking unionBedGraphs

- Building in src/windowBed
  * compiling windowMain.cpp
  * compiling windowBed.cpp
  * linking windowBed

make[1]: Leaving directory `/build/buildd-bedtools_2.13.3-1-i386-PCGCnt/bedtools-2.13.3'
touch debian/stamp-makefile-build
DEB_MAKE_CHECK_TARGET unset, not running checks
 fakeroot debian/rules binary-arch
test -x debian/rules
dh_testroot
dh_prep 
dh_installdirs -A 
mkdir -p "."
/usr/share/cdbs/1/rules/buildcore.mk:109: WARNING:  DEB_DH_BUILDDEB_ARGS is a deprecated variable
DEB_MAKE_CHECK_TARGET unset, not running checks
DEB_MAKE_INSTALL_TARGET unset, skipping default makefile.mk common-install target
Adding cdbs dependencies to debian/bedtools.substvars
dh_installdirs -pbedtools 
dh_installdocs -pbedtools 
dh_installexamples -pbedtools 
dh_installman -pbedtools  
dh_installinfo -pbedtools  
dh_installmenu -pbedtools 
dh_installcron -pbedtools 
dh_installinit -pbedtools  
dh_installdebconf -pbedtools 
dh_installemacsen -pbedtools   
dh_installcatalogs -pbedtools 
dh_installpam -pbedtools 
dh_installlogrotate -pbedtools 
dh_installlogcheck -pbedtools 
dh_installchangelogs -pbedtools  RELEASE_HISTORY 
dh_installudev -pbedtools 
dh_lintian -pbedtools 
dh_bugfiles -pbedtools 
dh_install -pbedtools  
dh_link -pbedtools  
dh_installmime -pbedtools 
dh_installgsettings -pbedtools 
dh_strip -pbedtools  
dh_compress -pbedtools  
dh_fixperms -pbedtools  
dh_makeshlibs -pbedtools  
dh_installdeb -pbedtools 
dh_perl -pbedtools 
dh_shlibdeps -pbedtools    
dh_gencontrol -pbedtools  
dh_md5sums -pbedtools 
dh_builddeb -pbedtools -- -Z xz
dpkg-deb: building package `bedtools' in `../bedtools_2.13.3-1_i386.deb'.
 dpkg-genchanges -B -mi386 Build Daemon (murphy) <buildd_i386-murphy@buildd.debian.org> >../bedtools_2.13.3-1_i386.changes
dpkg-genchanges: arch-specific upload - not including arch-independent packages
dpkg-genchanges: binary-only upload - not including any source code
 dpkg-source --after-build bedtools-2.13.3
dpkg-buildpackage: binary only upload (no source included)
────────────────────────────────────────────────────────────────────────────────
Build finished at 20111005-0938

bedtools_2.13.3-1_i386.changes:
Format: 1.8
Date: Wed, 05 Oct 2011 17:18:15 +0900
Source: bedtools
Binary: bedtools
Architecture: i386
Version: 2.13.3-1
Distribution: sid
Urgency: low
Maintainer: i386 Build Daemon (murphy) <buildd_i386-murphy@buildd.debian.org>
Changed-By: Charles Plessy <plessy@debian.org>
Description: 
 bedtools   - suite of utilities for comparing genomic features
Changes: 
 bedtools (2.13.3-1) unstable; urgency=low
 .
   [ea1c596] New upstream release.
Checksums-Sha1: 
 fd9b0d36d582794ca0512453dae58a63b4f79730 676004 bedtools_2.13.3-1_i386.deb
Checksums-Sha256: 
 ac2ca581306581c962ebf435c0c85c5c41aa58a656305a86886b596ac2907a43 676004 bedtools_2.13.3-1_i386.deb
Files: 
 7aa3403311f6bf782a997b633c70bb3c 676004 science optional bedtools_2.13.3-1_i386.deb

┌──────────────────────────────────────────────────────────────────────────────┐
│ Package contents                                                             │
└──────────────────────────────────────────────────────────────────────────────┘


bedtools_2.13.3-1_i386.deb
──────────────────────────

 new debian package, version 2.0.
 size 676004 bytes: control archive= 1715 bytes.
     834 bytes,    18 lines      control              
    2025 bytes,    35 lines      md5sums              
 Package: bedtools
 Version: 2.13.3-1
 Architecture: i386
 Maintainer: Debian Med Packaging Team <debian-med-packaging@lists.alioth.debian.org>
 Installed-Size: 4633
 Depends: libc6 (>= 2.4), libgcc1 (>= 1:4.1.1), libstdc++6 (>= 4.4.0), zlib1g (>= 1:1.1.4)
 Suggests: filo
 Section: science
 Priority: optional
 Homepage: http://code.google.com/p/bedtools/
 Description: suite of utilities for comparing genomic features
  The BEDTools utilities allow one to address common genomics tasks such as
  finding feature overlaps and computing coverage. The utilities are largely
  based on four widely-used file formats: BED, GFF/GTF, VCF, and SAM/BAM. Using
  BEDTools, one can develop sophisticated pipelines that answer complicated
  research questions by streaming several BEDTools together.
  .
  The groupBy utility is distribued in the filo package.

drwxr-xr-x root/root         0 2011-10-05 09:38 ./
drwxr-xr-x root/root         0 2011-10-05 09:38 ./usr/
drwxr-xr-x root/root         0 2011-10-05 09:38 ./usr/bin/
-rwxr-xr-x root/root    121164 2011-10-05 09:38 ./usr/bin/bedToIgv
-rwxr-xr-x root/root    297324 2011-10-05 09:38 ./usr/bin/genomeCoverageBed
-rwxr-xr-x root/root    272744 2011-10-05 09:38 ./usr/bin/tagBam
-rwxr-xr-x root/root     96356 2011-10-05 09:38 ./usr/bin/bed12ToBed6
-rwxr-xr-x root/root    142236 2011-10-05 09:38 ./usr/bin/nucBed
-rwxr-xr-x root/root    143260 2011-10-05 09:38 ./usr/bin/sortBed
-rwxr-xr-x root/root    285024 2011-10-05 09:38 ./usr/bin/windowBed
-rwxr-xr-x root/root    120916 2011-10-05 09:38 ./usr/bin/closestBed
-rwxr-xr-x root/root    280920 2011-10-05 09:38 ./usr/bin/coverageBed
-rwxr-xr-x root/root    109276 2011-10-05 09:38 ./usr/bin/maskFastaFromBed
-rwxr-xr-x root/root    103124 2011-10-05 09:38 ./usr/bin/annotateBed
-rwxr-xr-x root/root    142064 2011-10-05 09:38 ./usr/bin/fastaFromBed
-rwxr-xr-x root/root    129356 2011-10-05 09:38 ./usr/bin/shuffleBed
-rwxr-xr-x root/root    366968 2011-10-05 09:38 ./usr/bin/pairToBed
-rwxr-xr-x root/root    106836 2011-10-05 09:38 ./usr/bin/mergeBed
-rwxr-xr-x root/root    105244 2011-10-05 09:38 ./usr/bin/complementBed
-rwxr-xr-x root/root    297312 2011-10-05 09:38 ./usr/bin/multiBamCov
-rwxr-xr-x root/root     88164 2011-10-05 09:38 ./usr/bin/overlap
-rwxr-xr-x root/root    178284 2011-10-05 09:38 ./usr/bin/pairToPair
-rwxr-xr-x root/root    105332 2011-10-05 09:38 ./usr/bin/linksBed
-rwxr-xr-x root/root    112848 2011-10-05 09:38 ./usr/bin/subtractBed
-rwxr-xr-x root/root    227628 2011-10-05 09:38 ./usr/bin/bedToBam
-rwxr-xr-x root/root     59648 2011-10-05 09:38 ./usr/bin/unionBedGraphs
-rwxr-xr-x root/root    223440 2011-10-05 09:38 ./usr/bin/bamToBed
-rwxr-xr-x root/root    114232 2011-10-05 09:38 ./usr/bin/flankBed
-rwxr-xr-x root/root    350572 2011-10-05 09:38 ./usr/bin/intersectBed
-rwxr-xr-x root/root    105116 2011-10-05 09:38 ./usr/bin/slopBed
drwxr-xr-x root/root         0 2011-10-05 09:38 ./usr/share/
drwxr-xr-x root/root         0 2011-10-05 09:38 ./usr/share/bedtools/
drwxr-xr-x root/root         0 2011-10-05 09:34 ./usr/share/bedtools/genomes/
-rwxr-xr-x root/root       565 2011-09-30 19:42 ./usr/share/bedtools/genomes/mouse.mm8.genome
-rwxr-xr-x root/root      1972 2011-09-30 19:42 ./usr/share/bedtools/genomes/human.hg19.genome
-rwxr-xr-x root/root       585 2011-09-30 19:42 ./usr/share/bedtools/genomes/mouse.mm9.genome
-rwxr-xr-x root/root       856 2011-09-30 19:42 ./usr/share/bedtools/genomes/human.hg18.genome
drwxr-xr-x root/root         0 2011-10-05 09:38 ./usr/share/doc/
drwxr-xr-x root/root         0 2011-10-05 09:38 ./usr/share/doc/bedtools/
-rw-r--r-- root/root       440 2011-10-05 08:18 ./usr/share/doc/bedtools/changelog.Debian.gz
-rw-r--r-- root/root      4611 2011-10-03 04:37 ./usr/share/doc/bedtools/copyright
-rw-r--r-- root/root      1442 2011-09-30 19:42 ./usr/share/doc/bedtools/README.rst
-rw-r--r-- root/root     11213 2011-09-30 19:42 ./usr/share/doc/bedtools/changelog.gz


┌──────────────────────────────────────────────────────────────────────────────┐
│ Finished                                                                     │
└──────────────────────────────────────────────────────────────────────────────┘

Built successfully
────────────────────────────────────────────────────────────────────────────────

┌──────────────────────────────────────────────────────────────────────────────┐
│ Post Build                                                                   │
└──────────────────────────────────────────────────────────────────────────────┘

Purging /var/lib/schroot/mount/sid-i386-sbuild-20013937-43eb-4fc3-ac1e-54fde9be699d/build/buildd-bedtools_2.13.3-1-i386-PCGCnt
Reading package lists...
Building dependency tree...
Reading state information...
0 upgraded, 0 newly installed, 0 to remove and 15 not upgraded.
Reading package lists...
Building dependency tree...
Reading state information...
The following packages will be REMOVED:
  cdbs* diffstat* quilt*
0 upgraded, 0 newly installed, 3 to remove and 15 not upgraded.
After this operation, 1215 kB disk space will be freed.
(Reading database ... 20217 files and directories currently installed.)
Removing cdbs ...
Removing quilt ...
Purging configuration files for quilt ...
Removing diffstat ...
Processing triggers for man-db ...

┌──────────────────────────────────────────────────────────────────────────────┐
│ Summary                                                                      │
└──────────────────────────────────────────────────────────────────────────────┘

Architecture: i386
Build-Space: 94292
Build-Time: 204
Distribution: sid
Install-Time: 7
Job: bedtools_2.13.3-1
Package: bedtools
Package-Time: 227
Source-Version: 2.13.3-1
Space: 94292
Status: successful
Version: 2.13.3-1
────────────────────────────────────────────────────────────────────────────────
Finished at 20111005-0938
Build needed 00:03:47, 94292k disc space
Signature with key 'AC7BC9C1' requested:
