From buildd@caballero.debian.org Wed Jun 08 16:06:29 2011
Return-path: <buildd@caballero.debian.org>
Received: from merikanto.debian.org ([2001:858:2:2:216:35ff:fec4:a49a])
	from C=NA, ST=NA, L=Ankh Morpork, O=Debian SMTP, OU=Debian SMTP CA,
	CN=merikanto.debian.org,
	EMAIL=hostmaster@merikanto.debian.org (verified)
	by grieg.debian.org with esmtps (TLS1.0:RSA_AES_256_CBC_SHA1:32)
	(Exim 4.72) (envelope-from <buildd@caballero.debian.org>)
	id 1QULH2-00024d-LA
	for logs@buildd.debian.org; Wed, 08 Jun 2011 16:06:29 +0000
Received: from caballero.debian.org ([193.201.200.200])
	from C=NA, ST=NA, L=Ankh Morpork, O=Debian SMTP, OU=Debian SMTP CA,
	CN=caballero.debian.org,
	EMAIL=hostmaster@caballero.debian.org (verified)
	by merikanto.debian.org with esmtps (TLS1.0:RSA_AES_256_CBC_SHA1:32)
	(Exim 4.72) (envelope-from <buildd@caballero.debian.org>)
	id 1QULGy-0001jR-RA; Wed, 08 Jun 2011 16:06:25 +0000
Received: from buildd by caballero.debian.org with local (Exim 4.69)
	(envelope-from <buildd@caballero.debian.org>) id 1QULGx-00071L-MG
	for buildd-porters@caballero.debian.org; Wed, 08 Jun 2011 16:06:23 +0000
From: buildd on caballero <buildd@caballero.debian.org>
To: buildd-porters@caballero.debian.org
Subject: Log for successful build of bedtools_2.12.0-1 on ia64 (dist=sid)
Content-Type: text/plain; charset=UTF-8
Content-Transfer-Encoding: 8bit
Message-Id: <E1QULGx-00071L-MG@caballero.debian.org>
Date: Wed, 08 Jun 2011 16:06:23 +0000
Delivered-To: buildd-porters@caballero.debian.org
Delivered-To: logs@buildd.debian.org

sbuild (Debian sbuild) 0.61.0 (23 Feb 2011) on caballero.debian.org

╔══════════════════════════════════════════════════════════════════════════════╗
║ bedtools 2.12.0-1 (ia64)                                   08 Jun 2011 16:01 ║
╚══════════════════════════════════════════════════════════════════════════════╝

Package: bedtools
Version: 2.12.0-1
Source Version: 2.12.0-1
Architecture: ia64
Hit http://mirror.positive-internet.com sid InRelease
Hit http://mirror.positive-internet.com sid/main Sources/DiffIndex
Hit http://incoming.debian.org sid InRelease
Ign http://incoming.debian.org  InRelease
Hit http://mirror.positive-internet.com sid/contrib Sources/DiffIndex
Hit http://mirror.positive-internet.com sid/main ia64 Packages/DiffIndex
Hit http://mirror.positive-internet.com sid/contrib ia64 Packages/DiffIndex
Ign http://mirror.positive-internet.com sid/contrib TranslationIndex
Hit http://mirror.positive-internet.com sid/main TranslationIndex
Hit http://incoming.debian.org  Release.gpg
Ign http://mirror.positive-internet.com sid/contrib Translation-en
Hit http://incoming.debian.org sid/main Sources/DiffIndex
Hit http://incoming.debian.org sid/contrib Sources/DiffIndex
Hit http://incoming.debian.org sid/main ia64 Packages/DiffIndex
Hit http://incoming.debian.org sid/contrib ia64 Packages/DiffIndex
Ign http://incoming.debian.org sid/contrib TranslationIndex
Hit http://incoming.debian.org sid/main TranslationIndex
Hit http://incoming.debian.org  Release
Hit http://incoming.debian.org  Sources
Hit http://incoming.debian.org  Packages
Ign http://incoming.debian.org sid/contrib Translation-en
Ign http://incoming.debian.org  Translation-en
Reading package lists...

┌──────────────────────────────────────────────────────────────────────────────┐
│ Fetch source files                                                           │
└──────────────────────────────────────────────────────────────────────────────┘


Check APT
─────────

Checking available source versions...

Download source files with APT
──────────────────────────────

Reading package lists...
Building dependency tree...
Reading state information...
NOTICE: 'bedtools' packaging is maintained in the 'Git' version control system at:
git://git.debian.org/git/debian-med/bedtools.git
Need to get 796 kB of source archives.
Get:1 http://incoming.debian.org/debian/ sid/main bedtools 2.12.0-1 (dsc) [1924 B]
Get:2 http://incoming.debian.org/debian/ sid/main bedtools 2.12.0-1 (tar) [790 kB]
Get:3 http://incoming.debian.org/debian/ sid/main bedtools 2.12.0-1 (diff) [4198 B]
Fetched 796 kB in 1s (610 kB/s)
Download complete and in download only mode

Check arch
──────────


┌──────────────────────────────────────────────────────────────────────────────┐
│ Install core build dependencies (internal resolver)                          │
└──────────────────────────────────────────────────────────────────────────────┘

Build-Depends: build-essential, fakeroot
Checking for already installed dependencies...
build-essential: already installed (11.5)
fakeroot: already installed (1.15.1-1)
Checking for dependency conflicts...
Installing positive dependencies: 
Reading package lists...
Building dependency tree...
Reading state information...
0 upgraded, 0 newly installed, 0 to remove and 22 not upgraded.
Removing negative dependencies: 
Reading package lists...
Building dependency tree...
Reading state information...
0 upgraded, 0 newly installed, 0 to remove and 22 not upgraded.
Checking correctness of dependencies...

┌──────────────────────────────────────────────────────────────────────────────┐
│ Install bedtools build dependencies (internal resolver)                      │
└──────────────────────────────────────────────────────────────────────────────┘

Build-Depends: base-files, base-passwd, bash, coreutils, dash, debianutils, diffutils, dpkg, e2fsprogs, findutils, grep, gzip, hostname, ncurses-base, ncurses-bin, perl-base, sed, login, sysvinit-utils, sysvinit, tar, bsdutils, mount, util-linux, libc6.1-dev | libc-dev, gcc (>= 4:4.4.3), g++ (>= 4:4.4.3), make, dpkg-dev (>= 1.13.5), cdbs, debhelper (>= 8), quilt, zlib1g-dev
Checking for already installed dependencies...
base-files: already installed (6.3)
base-passwd: already installed (3.5.22)
bash: already installed (4.1-3)
coreutils: already installed (8.5-1)
dash: already installed (0.5.5.1-7.4)
debianutils: already installed (3.4.4)
diffutils: already installed (1:3.0-1)
dpkg: already installed (1.16.0.3)
e2fsprogs: already installed (1.41.12-4)
findutils: already installed (4.4.2-1+b1)
grep: already installed (2.6.3-3)
gzip: already installed (1.3.12-9)
hostname: already installed (3.06)
ncurses-base: already installed (5.9-1)
ncurses-bin: already installed (5.9-1)
perl-base: already installed (5.12.3-7)
sed: already installed (4.2.1-9)
login: already installed (1:4.1.4.2+svn3283-3)
sysvinit-utils: already installed (2.88dsf-13.2)
sysvinit: already installed (2.88dsf-13.2)
tar: already installed (1.25-3)
bsdutils: already installed (1:2.17.2-9.1)
mount: already installed (2.17.2-9.1)
util-linux: already installed (2.17.2-9.1)
libc6.1-dev: already installed (2.13-4)
gcc: already installed (4:4.4.5-9 >= 4:4.4.3 is satisfied)
g++: already installed (4:4.4.5-9 >= 4:4.4.3 is satisfied)
make: already installed (3.81-8.1)
dpkg-dev: already installed (1.16.0.3 >= 1.13.5 is satisfied)
cdbs: missing
debhelper: missing
Using default version 8.1.6
quilt: missing
zlib1g-dev: missing
Checking for dependency conflicts...
Installing positive dependencies: cdbs debhelper quilt zlib1g-dev
Reading package lists...
Building dependency tree...
Reading state information...
The following extra packages will be installed:
  bsdmainutils diffstat file gettext gettext-base groff-base html2text
  intltool-debian libcroco3 libglib2.0-0 libmagic1 libpcre3 libpipeline1
  libunistring0 libxml2 man-db po-debconf
Suggested packages:
  wamerican wordlist whois vacation devscripts dh-make gettext-doc groff less
  www-browser libmail-box-perl procmail graphviz
Recommended packages:
  autotools-dev curl wget lynx-cur autopoint libglib2.0-data shared-mime-info
  xml-core libmail-sendmail-perl
The following NEW packages will be installed:
  bsdmainutils cdbs debhelper diffstat file gettext gettext-base groff-base
  html2text intltool-debian libcroco3 libglib2.0-0 libmagic1 libpcre3
  libpipeline1 libunistring0 libxml2 man-db po-debconf quilt zlib1g-dev
debconf: delaying package configuration, since apt-utils is not installed
0 upgraded, 21 newly installed, 0 to remove and 22 not upgraded.
Need to get 0 B/11.5 MB of archives.
After this operation, 39.9 MB of additional disk space will be used.
Selecting previously deselected package bsdmainutils.
(Reading database ... 10487 files and directories currently installed.)
Unpacking bsdmainutils (from .../bsdmainutils_8.2.3_ia64.deb) ...
Selecting previously deselected package groff-base.
Unpacking groff-base (from .../groff-base_1.21-6_ia64.deb) ...
Selecting previously deselected package libpipeline1.
Unpacking libpipeline1 (from .../libpipeline1_1.2.0-2_ia64.deb) ...
Selecting previously deselected package man-db.
Unpacking man-db (from .../man-db_2.6.0.2-1_ia64.deb) ...
Selecting previously deselected package libmagic1.
Unpacking libmagic1 (from .../libmagic1_5.04-5+b1_ia64.deb) ...
Selecting previously deselected package file.
Unpacking file (from .../file_5.04-5+b1_ia64.deb) ...
Selecting previously deselected package gettext-base.
Unpacking gettext-base (from .../gettext-base_0.18.1.1-3_ia64.deb) ...
Selecting previously deselected package libpcre3.
Unpacking libpcre3 (from .../libpcre3_8.12-3_ia64.deb) ...
Selecting previously deselected package libxml2.
Unpacking libxml2 (from .../libxml2_2.7.8.dfsg-3_ia64.deb) ...
Selecting previously deselected package html2text.
Unpacking html2text (from .../html2text_1.3.2a-15_ia64.deb) ...
Selecting previously deselected package libglib2.0-0.
Unpacking libglib2.0-0 (from .../libglib2.0-0_2.28.6-1_ia64.deb) ...
Selecting previously deselected package libcroco3.
Unpacking libcroco3 (from .../libcroco3_0.6.2-1_ia64.deb) ...
Selecting previously deselected package libunistring0.
Unpacking libunistring0 (from .../libunistring0_0.9.3-4_ia64.deb) ...
Selecting previously deselected package gettext.
Unpacking gettext (from .../gettext_0.18.1.1-3_ia64.deb) ...
Selecting previously deselected package intltool-debian.
Unpacking intltool-debian (from .../intltool-debian_0.35.0+20060710.1_all.deb) ...
Selecting previously deselected package po-debconf.
Unpacking po-debconf (from .../po-debconf_1.0.16+nmu1_all.deb) ...
Selecting previously deselected package debhelper.
Unpacking debhelper (from .../debhelper_8.1.6_all.deb) ...
Selecting previously deselected package cdbs.
Unpacking cdbs (from .../archives/cdbs_0.4.94_all.deb) ...
Selecting previously deselected package diffstat.
Unpacking diffstat (from .../diffstat_1.54-1_ia64.deb) ...
Selecting previously deselected package quilt.
Unpacking quilt (from .../archives/quilt_0.48-7_all.deb) ...
Selecting previously deselected package zlib1g-dev.
Unpacking zlib1g-dev (from .../zlib1g-dev_1%3a1.2.3.4.dfsg-3_ia64.deb) ...
Setting up bsdmainutils (8.2.3) ...
update-alternatives: using /usr/bin/bsd-write to provide /usr/bin/write (write) in auto mode.
update-alternatives: using /usr/bin/bsd-from to provide /usr/bin/from (from) in auto mode.
Setting up groff-base (1.21-6) ...
Setting up libpipeline1 (1.2.0-2) ...
Setting up man-db (2.6.0.2-1) ...
Building database of manual pages ...
Setting up libmagic1 (5.04-5+b1) ...
Setting up file (5.04-5+b1) ...
Setting up gettext-base (0.18.1.1-3) ...
Setting up libpcre3 (8.12-3) ...
Setting up libxml2 (2.7.8.dfsg-3) ...
Setting up html2text (1.3.2a-15) ...
Setting up libglib2.0-0 (2.28.6-1) ...
No schema files found: doing nothing.
Setting up libcroco3 (0.6.2-1) ...
Setting up libunistring0 (0.9.3-4) ...
Setting up gettext (0.18.1.1-3) ...
Setting up intltool-debian (0.35.0+20060710.1) ...
Setting up po-debconf (1.0.16+nmu1) ...
Setting up debhelper (8.1.6) ...
Setting up cdbs (0.4.94) ...
Setting up diffstat (1.54-1) ...
Setting up quilt (0.48-7) ...
Setting up zlib1g-dev (1:1.2.3.4.dfsg-3) ...
Removing negative dependencies: 
Reading package lists...
Building dependency tree...
Reading state information...
0 upgraded, 0 newly installed, 0 to remove and 22 not upgraded.
Checking correctness of dependencies...
Kernel: Linux 2.6.32-bpo.5-mckinley ia64 (ia64)
Toolchain package versions: binutils_2.21.51.20110523-1 dpkg-dev_1.16.0.3 g++-4.4_4.4.6-3 gcc-4.4_4.4.6-3 libc6.1-dev_2.13-4 libstdc++6_4.6.0-11 libstdc++6-4.4-dev_4.4.6-3 linux-libc-dev_2.6.38-5
Package versions: apt_0.8.14.1 base-files_6.3 base-passwd_3.5.22 bash_4.1-3 binutils_2.21.51.20110523-1 bsdmainutils_8.2.3 bsdutils_1:2.17.2-9.1 build-essential_11.5 bzip2_1.0.5-6 cdbs_0.4.94 coreutils_8.5-1 cpp_4:4.4.5-9 cpp-4.4_4.4.6-3 dash_0.5.5.1-7.4 debconf_1.5.39 debfoster_2.7-1.1 debhelper_8.1.6 debian-archive-keyring_2010.08.28 debianutils_3.4.4 diffstat_1.54-1 diffutils_1:3.0-1 dpkg_1.16.0.3 dpkg-dev_1.16.0.3 e2fslibs_1.41.12-4 e2fsprogs_1.41.12-4 fakeroot_1.15.1-1 file_5.04-5+b1 findutils_4.4.2-1+b1 g++_4:4.4.5-9 g++-4.4_4.4.6-3 gcc_4:4.4.5-9 gcc-4.4_4.4.6-3 gcc-4.4-base_4.4.6-3 gcc-4.6-base_4.6.0-11 gettext_0.18.1.1-3 gettext-base_0.18.1.1-3 gnupg_1.4.11-3 gpgv_1.4.11-3 grep_2.6.3-3 groff-base_1.21-6 gzip_1.3.12-9 hostname_3.06 html2text_1.3.2a-15 initscripts_2.88dsf-13.2 insserv_1.14.0-2.1 intltool-debian_0.35.0+20060710.1 libacl1_2.2.49-5 libattr1_1:2.4.44-3 libblkid1_2.17.2-9.1 libbz2-1.0_1.0.5-6 libc-bin_2.13-4 libc-dev-bin_2.13-4 libc6.1_2.13-4 libc6.1-dev_2.13-4 libcomerr2_1.41.12-4 libcroco3_0.6.2-1 libdb5.1_5.1.25-10 libdpkg-perl_1.16.0.3 libgc1c2_1:7.1-8 libgcc1_1:4.6.0-11 libgdbm3_1.8.3-9 libglib2.0-0_2.28.6-1 libgmp10_2:5.0.1+dfsg-7 libgomp1_4.6.0-11 liblzma2_5.0.0-2 libmagic1_5.04-5+b1 libmpfr4_3.0.1-3 libncurses5_5.9-1 libpam-modules_1.1.2-3 libpam-runtime_1.1.2-3 libpam0g_1.1.3-1 libpcre3_8.12-3 libpipeline1_1.2.0-2 libreadline6_6.2-2 libselinux1_2.0.98-1+b1 libsepol1_2.0.42-1 libslang2_2.2.4-2 libss2_1.41.12-4 libstdc++6_4.6.0-11 libstdc++6-4.4-dev_4.4.6-3 libtimedate-perl_1.2000-1 libunistring0_0.9.3-4 libunwind7_0.99-0.2 libunwind7-dev_0.99-0.2 libusb-0.1-4_2:0.1.12-17 libuuid1_2.17.2-9.1 libxml2_2.7.8.dfsg-3 linux-libc-dev_2.6.38-5 login_1:4.1.4.2+svn3283-3 lsb-base_3.2-27 make_3.81-8.1 man-db_2.6.0.2-1 mawk_1.3.3-15 mount_2.17.2-9.1 ncurses-base_5.9-1 ncurses-bin_5.9-1 passwd_1:4.1.4.2+svn3283-3 patch_2.6.1-1 perl_5.12.3-7 perl-base_5.12.3-7 perl-modules_5.12.3-7 po-debconf_1.0.16+nmu1 quilt_0.48-7 readline-common_6.2-1 sed_4.2.1-9 sensible-utils_0.0.6 sudo_1.7.4p6-1 sysv-rc_2.88dsf-13.2 sysvinit_2.88dsf-13.2 sysvinit-utils_2.88dsf-13.2 tar_1.25-3 tzdata_2011g-1 util-linux_2.17.2-9.1 xz-utils_5.0.0-2 zlib1g_1:1.2.3.4.dfsg-3 zlib1g-dev_1:1.2.3.4.dfsg-3

┌──────────────────────────────────────────────────────────────────────────────┐
│ Build                                                                        │
└──────────────────────────────────────────────────────────────────────────────┘


Unpack source
─────────────

Use of uninitialized value $ENV{"HOME"} in concatenation (.) or string at /usr/share/perl5/Dpkg/Source/Package.pm line 258.
gpgv: keyblock resource `/home/buildd/.gnupg/trustedkeys.gpg': file open error
gpgv: Signature made Wed Jun  8 08:23:42 2011 UTC using RSA key ID 2295D502
gpgv: Can't check signature: public key not found
dpkg-source: warning: failed to verify signature on ./bedtools_2.12.0-1.dsc
dpkg-source: info: extracting bedtools in bedtools-2.12.0
dpkg-source: info: unpacking bedtools_2.12.0.orig.tar.bz2
dpkg-source: info: unpacking bedtools_2.12.0-1.debian.tar.gz
dpkg-source: info: applying gzstream.h.patch

Check disc space
────────────────


dpkg-buildpackage
─────────────────

Use of uninitialized value $ENV{"HOME"} in concatenation (.) or string at /usr/share/perl5/Dpkg/BuildFlags.pm line 109.
dpkg-buildpackage: export CFLAGS from dpkg-buildflags (origin: vendor): -g -O2
dpkg-buildpackage: export CPPFLAGS from dpkg-buildflags (origin: vendor): 
dpkg-buildpackage: export CXXFLAGS from dpkg-buildflags (origin: vendor): -g -O2
dpkg-buildpackage: export FFLAGS from dpkg-buildflags (origin: vendor): -g -O2
dpkg-buildpackage: export LDFLAGS from dpkg-buildflags (origin: vendor): 
dpkg-buildpackage: source package bedtools
dpkg-buildpackage: source version 2.12.0-1
 dpkg-source --before-build bedtools-2.12.0
dpkg-buildpackage: host architecture ia64
 fakeroot debian/rules clean
Use of uninitialized value $ENV{"HOME"} in concatenation (.) or string at /usr/share/perl5/Dpkg/BuildFlags.pm line 109.
Use of uninitialized value $ENV{"HOME"} in concatenation (.) or string at /usr/share/perl5/Dpkg/BuildFlags.pm line 109.
Use of uninitialized value $ENV{"HOME"} in concatenation (.) or string at /usr/share/perl5/Dpkg/BuildFlags.pm line 109.
Use of uninitialized value $ENV{"HOME"} in concatenation (.) or string at /usr/share/perl5/Dpkg/BuildFlags.pm line 109.
test -x debian/rules
dh_testroot
rm -f debian/stamp-makefile-build debian/stamp-makefile-install
/usr/bin/make  -C . CFLAGS="-g -O2 -g -O2 -Wall" CXXFLAGS="-g -O2 -g -O2 -Wall" CPPFLAGS="" LDFLAGS=""  -k clean
make[1]: Entering directory `/build/buildd-bedtools_2.12.0-1-ia64-dMxw7B/bedtools-2.12.0'
Cleaning up.
make[1]: Leaving directory `/build/buildd-bedtools_2.12.0-1-ia64-dMxw7B/bedtools-2.12.0'
dh_clean 
/usr/bin/make -f debian/rules reverse-config
Use of uninitialized value $ENV{"HOME"} in concatenation (.) or string at /usr/share/perl5/Dpkg/BuildFlags.pm line 109.
Use of uninitialized value $ENV{"HOME"} in concatenation (.) or string at /usr/share/perl5/Dpkg/BuildFlags.pm line 109.
Use of uninitialized value $ENV{"HOME"} in concatenation (.) or string at /usr/share/perl5/Dpkg/BuildFlags.pm line 109.
Use of uninitialized value $ENV{"HOME"} in concatenation (.) or string at /usr/share/perl5/Dpkg/BuildFlags.pm line 109.
make[1]: Entering directory `/build/buildd-bedtools_2.12.0-1-ia64-dMxw7B/bedtools-2.12.0'
make[1]: Nothing to be done for `reverse-config'.
make[1]: Leaving directory `/build/buildd-bedtools_2.12.0-1-ia64-dMxw7B/bedtools-2.12.0'
if [ -d "." ]; then \
	  cd . && QUILT_PATCHES=/build/buildd-bedtools_2.12.0-1-ia64-dMxw7B/bedtools-2.12.0/debian/patches quilt --quiltrc /dev/null pop -a -R || test $? = 2 ; \
	fi
Removing patch gzstream.h.patch
Restoring src/utils/gzstream/gzstream.C

No patches applied
rm -rf ./.pc
rm -f debian/stamp-patch*
 debian/rules build
Use of uninitialized value $ENV{"HOME"} in concatenation (.) or string at /usr/share/perl5/Dpkg/BuildFlags.pm line 109.
Use of uninitialized value $ENV{"HOME"} in concatenation (.) or string at /usr/share/perl5/Dpkg/BuildFlags.pm line 109.
Use of uninitialized value $ENV{"HOME"} in concatenation (.) or string at /usr/share/perl5/Dpkg/BuildFlags.pm line 109.
Use of uninitialized value $ENV{"HOME"} in concatenation (.) or string at /usr/share/perl5/Dpkg/BuildFlags.pm line 109.
test -x debian/rules
mkdir -p "."
/usr/bin/make -f debian/rules reverse-config
Use of uninitialized value $ENV{"HOME"} in concatenation (.) or string at /usr/share/perl5/Dpkg/BuildFlags.pm line 109.
Use of uninitialized value $ENV{"HOME"} in concatenation (.) or string at /usr/share/perl5/Dpkg/BuildFlags.pm line 109.
Use of uninitialized value $ENV{"HOME"} in concatenation (.) or string at /usr/share/perl5/Dpkg/BuildFlags.pm line 109.
Use of uninitialized value $ENV{"HOME"} in concatenation (.) or string at /usr/share/perl5/Dpkg/BuildFlags.pm line 109.
make[1]: Entering directory `/build/buildd-bedtools_2.12.0-1-ia64-dMxw7B/bedtools-2.12.0'
make[1]: Nothing to be done for `reverse-config'.
make[1]: Leaving directory `/build/buildd-bedtools_2.12.0-1-ia64-dMxw7B/bedtools-2.12.0'
cd . && QUILT_PATCHES=/build/buildd-bedtools_2.12.0-1-ia64-dMxw7B/bedtools-2.12.0/debian/patches quilt --quiltrc /dev/null push -a || test $? = 2
Applying patch gzstream.h.patch
patching file src/utils/gzstream/gzstream.C

Now at patch gzstream.h.patch
touch debian/stamp-patched
/usr/bin/make -f debian/rules update-config
Use of uninitialized value $ENV{"HOME"} in concatenation (.) or string at /usr/share/perl5/Dpkg/BuildFlags.pm line 109.
Use of uninitialized value $ENV{"HOME"} in concatenation (.) or string at /usr/share/perl5/Dpkg/BuildFlags.pm line 109.
Use of uninitialized value $ENV{"HOME"} in concatenation (.) or string at /usr/share/perl5/Dpkg/BuildFlags.pm line 109.
Use of uninitialized value $ENV{"HOME"} in concatenation (.) or string at /usr/share/perl5/Dpkg/BuildFlags.pm line 109.
make[1]: Entering directory `/build/buildd-bedtools_2.12.0-1-ia64-dMxw7B/bedtools-2.12.0'
make[1]: Nothing to be done for `update-config'.
make[1]: Leaving directory `/build/buildd-bedtools_2.12.0-1-ia64-dMxw7B/bedtools-2.12.0'
/usr/bin/make  -C . CFLAGS="-g -O2 -g -O2 -Wall" CXXFLAGS="-g -O2 -g -O2 -Wall" CPPFLAGS="" LDFLAGS=""  
make[1]: Entering directory `/build/buildd-bedtools_2.12.0-1-ia64-dMxw7B/bedtools-2.12.0'
[ -d obj ] || mkdir -p obj
[ -d bin ] || mkdir -p bin
Building BEDTools:
=========================================================
- Building in src/utils/lineFileUtilities
  * compiling lineFileUtilities.cpp

- Building in src/utils/bedFile
  * compiling bedFile.cpp

- Building in src/utils/bedGraphFile
  * compiling bedGraphFile.cpp

- Building in src/utils/tabFile
  * compiling tabFile.cpp

- Building in src/utils/genomeFile
  * compiling genomeFile.cpp

- Building in src/utils/gzstream
g++ -g -O2 -g -O2 -Wall -c -o ../../../obj//gzstream.o gzstream.C -I.

- Building in src/utils/fileType
  * compiling fileType.cpp

- Building in src/utils/bedFilePE
  * compiling bedFilePE.cpp

- Building in src/utils/sequenceUtilities
  * compiling sequenceUtils.cpp

- Building in src/utils/BamTools
  * compiling BamReader.cpp
  * compiling BamWriter.cpp
  * compiling BGZF.cpp
  * compiling BamAncillary.cpp
  * compiling BamIndex.cpp

- Building in src/annotateBed
  * compiling annotateMain.cpp
  * compiling annotateBed.cpp
  * linking annotateBed

- Building in src/bamToBed
  * compiling bamToBed.cpp
  * linking bamToBed

- Building in src/bedToBam
  * compiling bedToBam.cpp
  * linking bedToBam

- Building in src/bedToIgv
  * compiling bedToIgv.cpp
  * linking bedToIgv

- Building in src/bed12ToBed6
  * compiling bed12ToBed6.cpp
  * linking bed12ToBed6

- Building in src/closestBed
  * compiling closestMain.cpp
  * compiling closestBed.cpp
  * linking closestBed

- Building in src/complementBed
  * compiling complementMain.cpp
  * compiling complementBed.cpp
  * linking complementBed

- Building in src/coverageBed
  * compiling coverageMain.cpp
  * compiling coverageBed.cpp
  * linking coverageBed

- Building in src/cuffToTrans
  * compiling cuffToTransMain.cpp
  * compiling cuffToTrans.cpp
  * compiling Fasta.cpp
  * compiling split.cpp
  * linking cuffToTrans

- Building in src/fastaFromBed
  * compiling fastaFromBedMain.cpp
  * compiling fastaFromBed.cpp
  * linking fastaFromBed

- Building in src/flankBed
  * compiling flankBedMain.cpp
  * compiling flankBed.cpp
  * linking flankBed

- Building in src/fjoin
  * compiling fjoinMain.cpp
  * compiling fjoin.cpp
  * linking fjoin

- Building in src/genomeCoverageBed
  * compiling genomeCoverageMain.cpp
  * compiling genomeCoverageBed.cpp
  * linking genomeCoverageBed

- Building in src/intersectBed
  * compiling intersectMain.cpp
  * compiling intersectBed.cpp
  * linking intersectBed

- Building in src/linksBed
  * compiling linksMain.cpp
  * compiling linksBed.cpp
  * linking linksBed

- Building in src/maskFastaFromBed
  * compiling maskFastaFromBedMain.cpp
  * compiling maskFastaFromBed.cpp
  * linking maskFastaFromBed

- Building in src/mergeBed
  * compiling mergeMain.cpp
  * compiling mergeBed.cpp
  * linking mergeBed

- Building in src/overlap
  * compiling overlap.cpp
  * linking overlap

- Building in src/pairToBed
  * compiling pairToBedMain.cpp
  * compiling pairToBed.cpp
  * linking pairToBed

- Building in src/pairToPair
  * compiling pairToPairMain.cpp
  * compiling pairToPair.cpp
  * linking pairToPair

- Building in src/shuffleBed
  * compiling shuffleBedMain.cpp
  * compiling shuffleBed.cpp
  * linking shuffleBed

- Building in src/slopBed
  * compiling slopBedMain.cpp
  * compiling slopBed.cpp
  * linking slopBed

- Building in src/sortBed
  * compiling sortMain.cpp
  * compiling sortBed.cpp
  * linking sortBed

- Building in src/subtractBed
  * compiling subtractMain.cpp
  * compiling subtractBed.cpp
  * linking subtractBed

- Building in src/unionBedGraphs
  * compiling unionBedGraphs.cpp
  * compiling unionBedGraphsMain.cpp
  * linking unionBedGraphs

- Building in src/windowBed
  * compiling windowMain.cpp
  * compiling windowBed.cpp
  * linking windowBed

make[1]: Leaving directory `/build/buildd-bedtools_2.12.0-1-ia64-dMxw7B/bedtools-2.12.0'
touch debian/stamp-makefile-build
DEB_MAKE_CHECK_TARGET unset, not running checks
 fakeroot debian/rules binary-arch
Use of uninitialized value $ENV{"HOME"} in concatenation (.) or string at /usr/share/perl5/Dpkg/BuildFlags.pm line 109.
Use of uninitialized value $ENV{"HOME"} in concatenation (.) or string at /usr/share/perl5/Dpkg/BuildFlags.pm line 109.
Use of uninitialized value $ENV{"HOME"} in concatenation (.) or string at /usr/share/perl5/Dpkg/BuildFlags.pm line 109.
Use of uninitialized value $ENV{"HOME"} in concatenation (.) or string at /usr/share/perl5/Dpkg/BuildFlags.pm line 109.
test -x debian/rules
dh_testroot
dh_prep 
dh_installdirs -A 
mkdir -p "."
DEB_MAKE_CHECK_TARGET unset, not running checks
DEB_MAKE_INSTALL_TARGET unset, skipping default makefile.mk common-install target
Adding cdbs dependencies to debian/bedtools.substvars
dh_installdirs -pbedtools 
dh_installdocs -pbedtools 
dh_installexamples -pbedtools 
dh_installman -pbedtools  
dh_installinfo -pbedtools  
dh_installmenu -pbedtools 
dh_installcron -pbedtools 
dh_installinit -pbedtools  
dh_installdebconf -pbedtools 
dh_installemacsen -pbedtools   
dh_installcatalogs -pbedtools 
dh_installpam -pbedtools 
dh_installlogrotate -pbedtools 
dh_installlogcheck -pbedtools 
dh_installchangelogs -pbedtools  RELEASE_HISTORY 
dh_installudev -pbedtools 
dh_lintian -pbedtools 
dh_bugfiles -pbedtools 
dh_install -pbedtools  
dh_link -pbedtools  
dh_installmime -pbedtools 
dh_installgsettings -pbedtools 
dh_strip -pbedtools  
dh_compress -pbedtools  
dh_fixperms -pbedtools  
dh_makeshlibs -pbedtools  
dh_installdeb -pbedtools 
dh_perl -pbedtools 
dh_shlibdeps -pbedtools    
dpkg-shlibdeps: warning: dependency on libm.so.6.1 could be avoided if "debian/bedtools/usr/bin/flankBed debian/bedtools/usr/bin/unionBedGraphs debian/bedtools/usr/bin/pairToBed debian/bedtools/usr/bin/bed12ToBed6 debian/bedtools/usr/bin/bamToBed debian/bedtools/usr/bin/overlap debian/bedtools/usr/bin/fastaFromBed debian/bedtools/usr/bin/closestBed debian/bedtools/usr/bin/coverageBed debian/bedtools/usr/bin/maskFastaFromBed debian/bedtools/usr/bin/bedToBam debian/bedtools/usr/bin/genomeCoverageBed debian/bedtools/usr/bin/annotateBed debian/bedtools/usr/bin/subtractBed debian/bedtools/usr/bin/sortBed debian/bedtools/usr/bin/cuffToTrans debian/bedtools/usr/bin/pairToPair debian/bedtools/usr/bin/shuffleBed debian/bedtools/usr/bin/mergeBed debian/bedtools/usr/bin/bedToIgv debian/bedtools/usr/bin/windowBed debian/bedtools/usr/bin/fjoin debian/bedtools/usr/bin/linksBed debian/bedtools/usr/bin/slopBed debian/bedtools/usr/bin/intersectBed debian/bedtools/usr/bin/complementBed" were not uselessly linked against it (they use none of its symbols).
dh_gencontrol -pbedtools  
dh_md5sums -pbedtools 
dh_builddeb -pbedtools 
dpkg-deb: building package `bedtools' in `../bedtools_2.12.0-1_ia64.deb'.
 dpkg-genchanges -B -mia64 Build Daemon (caballero) <buildd_ia64-caballero@buildd.debian.org> >../bedtools_2.12.0-1_ia64.changes
dpkg-genchanges: arch-specific upload - not including arch-independent packages
dpkg-genchanges: binary-only upload - not including any source code
 dpkg-source --after-build bedtools-2.12.0
dpkg-buildpackage: binary only upload (no source included)
────────────────────────────────────────────────────────────────────────────────
Build finished at 20110608-1606

bedtools_2.12.0-1_ia64.changes:
Format: 1.8
Date: Wed, 08 Jun 2011 17:01:19 +0900
Source: bedtools
Binary: bedtools
Architecture: ia64
Version: 2.12.0-1
Distribution: sid
Urgency: low
Maintainer: ia64 Build Daemon (caballero) <buildd_ia64-caballero@buildd.debian.org>
Changed-By: Charles Plessy <plessy@debian.org>
Description: 
 bedtools   - suite of utilities for comparing genomic features
Closes: 629597
Changes: 
 bedtools (2.12.0-1) unstable; urgency=low
 .
   * Initial release (Closes: #629597)
Checksums-Sha1: 
 76cb7b80dbadfe77cee87f5c04432846375bd7c9 2106114 bedtools_2.12.0-1_ia64.deb
Checksums-Sha256: 
 32d93ebbe64f4365c78bb30626f73487b9060cd7ef04591df4864186969dfc7c 2106114 bedtools_2.12.0-1_ia64.deb
Files: 
 01fce0f7072c450390fa4c29f9057f0e 2106114 science optional bedtools_2.12.0-1_ia64.deb

┌──────────────────────────────────────────────────────────────────────────────┐
│ Package contents                                                             │
└──────────────────────────────────────────────────────────────────────────────┘


bedtools_2.12.0-1_ia64.deb
──────────────────────────

 new debian package, version 2.0.
 size 2106114 bytes: control archive= 1664 bytes.
     774 bytes,    15 lines      control              
    1978 bytes,    34 lines      md5sums              
 Package: bedtools
 Version: 2.12.0-1
 Architecture: ia64
 Maintainer: Debian Med Packaging Team <debian-med-packaging@lists.alioth.debian.org>
 Installed-Size: 6744
 Depends: libc6.1 (>= 2.2), libgcc1 (>= 1:4.1.1), libstdc++6 (>= 4.4.0), libunwind7, zlib1g (>= 1:1.1.4)
 Section: science
 Priority: optional
 Homepage: http://code.google.com/p/bedtools/
 Description: suite of utilities for comparing genomic features
  The BEDTools utilities allow one to address common genomics tasks such as
  finding feature overlaps and computing coverage. The utilities are largely
  based on four widely-used file formats: BED, GFF/GTF, VCF, and SAM/BAM. Using
  BEDTools, one can develop sophisticated pipelines that answer complicated
  research questions by streaming several BEDTools together.

drwxr-xr-x root/root         0 2011-06-08 16:05 ./
drwxr-xr-x root/root         0 2011-06-08 16:05 ./usr/
drwxr-xr-x root/root         0 2011-06-08 16:05 ./usr/share/
drwxr-xr-x root/root         0 2011-06-08 16:05 ./usr/share/doc/
drwxr-xr-x root/root         0 2011-06-08 16:05 ./usr/share/doc/bedtools/
-rw-r--r-- root/root      8577 2011-04-04 01:30 ./usr/share/doc/bedtools/changelog.gz
-rw-r--r-- root/root      4611 2011-06-08 07:59 ./usr/share/doc/bedtools/copyright
-rw-r--r-- root/root      1586 2011-04-04 01:30 ./usr/share/doc/bedtools/README.rst.gz
-rw-r--r-- root/root       156 2011-06-08 08:01 ./usr/share/doc/bedtools/changelog.Debian.gz
drwxr-xr-x root/root         0 2011-06-08 16:05 ./usr/share/bedtools/
drwxr-xr-x root/root         0 2011-06-08 16:01 ./usr/share/bedtools/genomes/
-rwxr-xr-x root/root       856 2011-04-04 01:30 ./usr/share/bedtools/genomes/human.hg18.genome
-rwxr-xr-x root/root      1972 2011-04-04 01:30 ./usr/share/bedtools/genomes/human.hg19.genome
-rwxr-xr-x root/root       565 2011-04-04 01:30 ./usr/share/bedtools/genomes/mouse.mm8.genome
-rwxr-xr-x root/root       585 2011-04-04 01:30 ./usr/share/bedtools/genomes/mouse.mm9.genome
drwxr-xr-x root/root         0 2011-06-08 16:05 ./usr/bin/
-rwxr-xr-x root/root    335296 2011-06-08 16:05 ./usr/bin/annotateBed
-rwxr-xr-x root/root    201528 2011-06-08 16:05 ./usr/bin/bamToBed
-rwxr-xr-x root/root    183424 2011-06-08 16:05 ./usr/bin/bed12ToBed6
-rwxr-xr-x root/root    249536 2011-06-08 16:05 ./usr/bin/bedToBam
-rwxr-xr-x root/root    222800 2011-06-08 16:05 ./usr/bin/bedToIgv
-rwxr-xr-x root/root    213472 2011-06-08 16:05 ./usr/bin/closestBed
-rwxr-xr-x root/root    213040 2011-06-08 16:05 ./usr/bin/complementBed
-rwxr-xr-x root/root    336184 2011-06-08 16:05 ./usr/bin/coverageBed
-rwxr-xr-x root/root    269472 2011-06-08 16:05 ./usr/bin/cuffToTrans
-rwxr-xr-x root/root    269472 2011-06-08 16:05 ./usr/bin/fastaFromBed
-rwxr-xr-x root/root    369832 2011-06-08 16:05 ./usr/bin/fjoin
-rwxr-xr-x root/root    213936 2011-06-08 16:05 ./usr/bin/flankBed
-rwxr-xr-x root/root    373048 2011-06-08 16:05 ./usr/bin/genomeCoverageBed
-rwxr-xr-x root/root    368392 2011-06-08 16:05 ./usr/bin/intersectBed
-rwxr-xr-x root/root    205384 2011-06-08 16:05 ./usr/bin/linksBed
-rwxr-xr-x root/root    206552 2011-06-08 16:05 ./usr/bin/maskFastaFromBed
-rwxr-xr-x root/root    223584 2011-06-08 16:05 ./usr/bin/mergeBed
-rwxr-xr-x root/root    192208 2011-06-08 16:05 ./usr/bin/overlap
-rwxr-xr-x root/root    405504 2011-06-08 16:05 ./usr/bin/pairToBed
-rwxr-xr-x root/root    266072 2011-06-08 16:05 ./usr/bin/pairToPair
-rwxr-xr-x root/root    235424 2011-06-08 16:05 ./usr/bin/shuffleBed
-rwxr-xr-x root/root    208192 2011-06-08 16:05 ./usr/bin/slopBed
-rwxr-xr-x root/root    225320 2011-06-08 16:05 ./usr/bin/sortBed
-rwxr-xr-x root/root    197528 2011-06-08 16:05 ./usr/bin/subtractBed
-rwxr-xr-x root/root    129808 2011-06-08 16:05 ./usr/bin/unionBedGraphs
-rwxr-xr-x root/root    350496 2011-06-08 16:05 ./usr/bin/windowBed


┌──────────────────────────────────────────────────────────────────────────────┐
│ Finished                                                                     │
└──────────────────────────────────────────────────────────────────────────────┘

Built successfully
────────────────────────────────────────────────────────────────────────────────

┌──────────────────────────────────────────────────────────────────────────────┐
│ Post Build                                                                   │
└──────────────────────────────────────────────────────────────────────────────┘

Purging /var/lib/schroot/mount/sid-ia64-sbuild-14c4dfce-4ef8-4e62-9142-ce5f3132fd14/build/buildd-bedtools_2.12.0-1-ia64-dMxw7B
Reading package lists...
Building dependency tree...
Reading state information...
0 upgraded, 0 newly installed, 0 to remove and 22 not upgraded.
Reading package lists...
Building dependency tree...
Reading state information...
The following packages will be REMOVED:
  bsdmainutils* cdbs* debhelper* diffstat* file* gettext* gettext-base*
  groff-base* html2text* intltool-debian* libcroco3* libglib2.0-0* libmagic1*
  libpcre3* libpipeline1* libunistring0* libxml2* man-db* po-debconf* quilt*
  zlib1g-dev*
0 upgraded, 0 newly installed, 21 to remove and 22 not upgraded.
After this operation, 39.9 MB disk space will be freed.
(Reading database ... 11960 files and directories currently installed.)
Removing cdbs ...
Removing debhelper ...
Removing man-db ...
Purging configuration files for man-db ...
Removing bsdmainutils ...
Purging configuration files for bsdmainutils ...
Removing quilt ...
Purging configuration files for quilt ...
Removing diffstat ...
Removing file ...
Removing po-debconf ...
Removing intltool-debian ...
Removing gettext ...
Removing gettext-base ...
Removing groff-base ...
Purging configuration files for groff-base ...
Removing html2text ...
Purging configuration files for html2text ...
Removing libcroco3 ...
Purging configuration files for libcroco3 ...
Removing libglib2.0-0 ...
Purging configuration files for libglib2.0-0 ...
Removing libmagic1 ...
Purging configuration files for libmagic1 ...
Removing libpcre3 ...
Purging configuration files for libpcre3 ...
Removing libpipeline1 ...
Purging configuration files for libpipeline1 ...
Removing libunistring0 ...
Purging configuration files for libunistring0 ...
Removing libxml2 ...
Purging configuration files for libxml2 ...
Removing zlib1g-dev ...

┌──────────────────────────────────────────────────────────────────────────────┐
│ Summary                                                                      │
└──────────────────────────────────────────────────────────────────────────────┘

Architecture: ia64
Build-Space: 81372
Build-Time: 273
Distribution: sid
Install-Time: 22
Job: bedtools_2.12.0-1
Package: bedtools
Package-Time: 306
Source-Version: 2.12.0-1
Space: 81372
Status: successful
Version: 2.12.0-1
────────────────────────────────────────────────────────────────────────────────
Finished at 20110608-1606
Build needed 00:05:06, 81372k disc space

