From buildd@finzi.debian.org Sun Nov 04 11:35:45 2012
Return-path: <buildd@finzi.debian.org>
Received: from merikanto.debian.org ([2001:858:2:2:216:35ff:fec4:a49a])
	from C=NA, ST=NA, L=Ankh Morpork, O=Debian SMTP, OU=Debian SMTP CA,
	CN=merikanto.debian.org,
	EMAIL=hostmaster@merikanto.debian.org (verified)
	by grieg.debian.org with esmtps (TLS1.0:RSA_AES_256_CBC_SHA1:32)
	(Exim 4.72) (envelope-from <buildd@finzi.debian.org>)
	id 1TUyUT-0001Ig-4n
	for logs@buildd.debian.org; Sun, 04 Nov 2012 11:35:45 +0000
Received: from finzi.debian.org ([206.12.19.111])
	from C=NA, ST=NA, L=Ankh Morpork, O=Debian SMTP, OU=Debian SMTP CA,
	CN=finzi.debian.org, EMAIL=hostmaster@finzi.debian.org (verified)
	by merikanto.debian.org with esmtps (TLS1.0:RSA_AES_256_CBC_SHA1:32)
	(Exim 4.72) (envelope-from <buildd@finzi.debian.org>)
	id 1TUyUR-00059S-AT; Sun, 04 Nov 2012 11:35:44 +0000
Received: from buildd by finzi.debian.org with local (Exim 4.72)
	(envelope-from <buildd@finzi.debian.org>)
	id 1TUyUP-000LBZ-1b; Sun, 04 Nov 2012 11:35:41 +0000
Message-Id: <E1TUyUP-000LBZ-1b@finzi.debian.org>
MIME-Version: 1.0
Content-Transfer-Encoding: binary
X-Mailer: MIME::Lite 3.027 (F2.77; B3.08; Q3.08)
Date: Sun, 4 Nov 2012 11:35:40 +0000
From: buildd on finzi <buildd@finzi.debian.org>
To: logs@buildd.debian.org,christoph@debian.org
Subject: Log for successful build of bedtools_2.17.0-1 on kfreebsd-i386
	(dist=sid)
Key-Id: B3DA9773
Delivered-To: logs@buildd.debian.org

sbuild (Debian sbuild) 0.61.0 (23 Feb 2011) on finzi.debian.org

╔══════════════════════════════════════════════════════════════════════════════╗
║ bedtools 2.17.0-1 (kfreebsd-i386)                          04 Nov 2012 11:29 ║
╚══════════════════════════════════════════════════════════════════════════════╝

Package: bedtools
Version: 2.17.0-1
Source Version: 2.17.0-1
Architecture: kfreebsd-i386
Get:1 http://incoming.debian.org unstable InRelease [219 kB]
Ign http://incoming.debian.org  InRelease
Get:2 http://incoming.debian.org unstable/main Sources [6381 kB]
Get:3 http://mirror-ubc.debian.org unstable InRelease [219 kB]
Get:4 http://mirror-ubc.debian.org unstable/main Sources [6381 kB]
Get:5 http://mirror-ubc.debian.org unstable/contrib Sources [53.1 kB]
Get:6 http://mirror-ubc.debian.org unstable/non-free Sources [101 kB]
Get:7 http://mirror-ubc.debian.org unstable/main kfreebsd-i386 Packages [5715 kB]
Get:8 http://mirror-ubc.debian.org unstable/contrib kfreebsd-i386 Packages [36.4 kB]
Get:9 http://incoming.debian.org unstable/contrib Sources [53.1 kB]
Get:10 http://incoming.debian.org unstable/non-free Sources [101 kB]
Get:11 http://incoming.debian.org unstable/main kfreebsd-i386 Packages [5715 kB]
Get:12 http://incoming.debian.org unstable/contrib kfreebsd-i386 Packages [36.4 kB]
Get:13 http://incoming.debian.org  Release.gpg [836 B]
Get:14 http://incoming.debian.org  Release [1141 B]
Get:15 http://incoming.debian.org  Sources [16.2 kB]
Get:16 http://incoming.debian.org  Packages [140 kB]
Fetched 25.2 MB in 17s (1480 kB/s)
Reading package lists...

┌──────────────────────────────────────────────────────────────────────────────┐
│ Fetch source files                                                           │
└──────────────────────────────────────────────────────────────────────────────┘


Check APT
─────────

Checking available source versions...

Download source files with APT
──────────────────────────────

Reading package lists...
Building dependency tree...
Reading state information...
NOTICE: 'bedtools' packaging is maintained in the 'Git' version control system at:
git://git.debian.org/debian-med/bedtools.git
Need to get 1216 kB of source archives.
Get:1 http://incoming.debian.org/buildd-unstable/  bedtools 2.17.0-1 (dsc) [1951 B]
Get:2 http://incoming.debian.org/buildd-unstable/  bedtools 2.17.0-1 (tar) [1209 kB]
Get:3 http://incoming.debian.org/buildd-unstable/  bedtools 2.17.0-1 (diff) [5663 B]
Fetched 1216 kB in 1s (710 kB/s)
Download complete and in download only mode

Check arch
──────────


┌──────────────────────────────────────────────────────────────────────────────┐
│ Install core build dependencies (internal resolver)                          │
└──────────────────────────────────────────────────────────────────────────────┘

Build-Depends: build-essential, fakeroot
Checking for already installed dependencies...
build-essential: already installed (11.5)
fakeroot: already installed (1.18.4-2)
Checking for dependency conflicts...
Installing positive dependencies: 
Reading package lists...
Building dependency tree...
Reading state information...
0 upgraded, 0 newly installed, 0 to remove and 1 not upgraded.
Removing negative dependencies: 
Reading package lists...
Building dependency tree...
Reading state information...
0 upgraded, 0 newly installed, 0 to remove and 1 not upgraded.
Checking correctness of dependencies...

┌──────────────────────────────────────────────────────────────────────────────┐
│ Install bedtools build dependencies (internal resolver)                      │
└──────────────────────────────────────────────────────────────────────────────┘

Build-Depends: base-files, base-passwd, bash, coreutils, dash, debianutils, diffutils, dpkg, e2fsprogs, findutils, freebsd-utils, grep, gzip, hostname, ncurses-base, ncurses-bin, perl-base, sed, login, sysvinit-utils, sysvinit, tar, bsdutils, util-linux, libc6-dev | libc-dev, gcc (>= 4:4.4.3), g++ (>= 4:4.4.3), make, dpkg-dev (>= 1.13.5), cdbs, debhelper (>= 9), quilt, python, zlib1g-dev
Checking for already installed dependencies...
base-files: already installed (6.12)
base-passwd: already installed (3.5.26)
bash: already installed (4.2-5)
coreutils: already installed (8.13-3.3)
dash: already installed (0.5.7-3)
debianutils: already installed (4.3.4)
diffutils: already installed (1:3.2-7)
dpkg: already installed (1.16.9)
e2fsprogs: already installed (1.42.5-1)
findutils: already installed (4.4.2-5)
freebsd-utils: already installed (9.0+ds1-8)
grep: already installed (2.12-2)
gzip: already installed (1.5-1.1)
hostname: already installed (3.11)
ncurses-base: already installed (5.9-10)
ncurses-bin: already installed (5.9-10)
perl-base: already installed (5.14.2-14)
sed: already installed (4.2.1-10)
login: already installed (1:4.1.5.1-1)
sysvinit-utils: already installed (2.88dsf-32)
sysvinit: already installed (2.88dsf-32)
tar: already installed (1.26-4)
bsdutils: already installed (1:2.20.1-5.2)
util-linux: already installed (2.20.1-5.2)
libc6-dev: already installed (~*=PROVIDED=*=)
gcc: already installed (4:4.7.2-1 >= 4:4.4.3 is satisfied)
g++: already installed (4:4.7.2-1 >= 4:4.4.3 is satisfied)
make: already installed (3.81-8.2)
dpkg-dev: already installed (1.16.9 >= 1.13.5 is satisfied)
cdbs: missing
debhelper: missing
Using default version 9.20120909
quilt: missing
python: missing
zlib1g-dev: missing
Checking for dependency conflicts...
Installing positive dependencies: cdbs debhelper quilt python zlib1g-dev
Reading package lists...
Building dependency tree...
Reading state information...
The following extra packages will be installed:
  bsdmainutils diffstat file gettext gettext-base groff-base html2text
  intltool-debian libasprintf0c2 libcroco3 libffi5 libgettextpo0 libglib2.0-0
  libmagic1 libncursesw5 libpcre3 libpipeline1 libsqlite3-0 libssl1.0.0
  libunistring0 libxml2 man-db mime-support po-debconf python-minimal
  python2.7 python2.7-minimal
Suggested packages:
  wamerican wordlist whois vacation devscripts dh-make gettext-doc groff less
  www-browser libmail-box-perl python-doc python-tk python2.7-doc
  binfmt-support procmail graphviz default-mta mail-transport-agent
Recommended packages:
  autotools-dev curl wget lynx-cur autopoint libglib2.0-data shared-mime-info
  xml-core libmail-sendmail-perl
The following NEW packages will be installed:
  bsdmainutils cdbs debhelper diffstat file gettext gettext-base groff-base
  html2text intltool-debian libasprintf0c2 libcroco3 libffi5 libgettextpo0
  libglib2.0-0 libmagic1 libncursesw5 libpcre3 libpipeline1 libsqlite3-0
  libssl1.0.0 libunistring0 libxml2 man-db mime-support po-debconf python
  python-minimal python2.7 python2.7-minimal quilt zlib1g-dev
0 upgraded, 32 newly installed, 0 to remove and 1 not upgraded.
Need to get 16.5 MB of archives.
After this operation, 44.3 MB of additional disk space will be used.
Get:1 http://mirror-ubc.debian.org/debian/ unstable/main libncursesw5 kfreebsd-i386 5.9-10 [147 kB]
Get:2 http://mirror-ubc.debian.org/debian/ unstable/main libpipeline1 kfreebsd-i386 1.2.2-1 [38.8 kB]
Get:3 http://mirror-ubc.debian.org/debian/ unstable/main libssl1.0.0 kfreebsd-i386 1.0.1c-4 [1192 kB]
Get:4 http://mirror-ubc.debian.org/debian/ unstable/main libasprintf0c2 kfreebsd-i386 0.18.1.1-9 [26.7 kB]
Get:5 http://mirror-ubc.debian.org/debian/ unstable/main libmagic1 kfreebsd-i386 5.11-2 [204 kB]
Get:6 http://mirror-ubc.debian.org/debian/ unstable/main libpcre3 kfreebsd-i386 1:8.31-1 [247 kB]
Get:7 http://mirror-ubc.debian.org/debian/ unstable/main libsqlite3-0 kfreebsd-i386 3.7.14.1-1 [465 kB]
Get:8 http://mirror-ubc.debian.org/debian/ unstable/main libxml2 kfreebsd-i386 2.8.0+dfsg1-6 [904 kB]
Get:9 http://mirror-ubc.debian.org/debian/ unstable/main libffi5 kfreebsd-i386 3.0.10-3 [20.3 kB]
Get:10 http://mirror-ubc.debian.org/debian/ unstable/main libglib2.0-0 kfreebsd-i386 2.33.12+really2.32.4-3 [1819 kB]
Get:11 http://mirror-ubc.debian.org/debian/ unstable/main libcroco3 kfreebsd-i386 0.6.6-1 [133 kB]
Get:12 http://mirror-ubc.debian.org/debian/ unstable/main libunistring0 kfreebsd-i386 0.9.3-5 [440 kB]
Get:13 http://mirror-ubc.debian.org/debian/ unstable/main libgettextpo0 kfreebsd-i386 0.18.1.1-9 [140 kB]
Get:14 http://mirror-ubc.debian.org/debian/ unstable/main bsdmainutils kfreebsd-i386 9.0.3 [204 kB]
Get:15 http://mirror-ubc.debian.org/debian/ unstable/main groff-base kfreebsd-i386 1.21-9 [1095 kB]
Get:16 http://mirror-ubc.debian.org/debian/ unstable/main man-db kfreebsd-i386 2.6.3-1 [1038 kB]
Get:17 http://mirror-ubc.debian.org/debian/ unstable/main file kfreebsd-i386 5.11-2 [51.5 kB]
Get:18 http://mirror-ubc.debian.org/debian/ unstable/main gettext-base kfreebsd-i386 0.18.1.1-9 [131 kB]
Get:19 http://mirror-ubc.debian.org/debian/ unstable/main mime-support all 3.52-2 [35.2 kB]
Get:20 http://mirror-ubc.debian.org/debian/ unstable/main python2.7-minimal kfreebsd-i386 2.7.3-5 [1647 kB]
Get:21 http://mirror-ubc.debian.org/debian/ unstable/main python2.7 kfreebsd-i386 2.7.3-5 [2636 kB]
Get:22 http://mirror-ubc.debian.org/debian/ unstable/main python-minimal all 2.7.3-3 [42.5 kB]
Get:23 http://mirror-ubc.debian.org/debian/ unstable/main python all 2.7.3-3 [179 kB]
Get:24 http://mirror-ubc.debian.org/debian/ unstable/main cdbs all 0.4.118 [80.0 kB]
Get:25 http://mirror-ubc.debian.org/debian/ unstable/main html2text kfreebsd-i386 1.3.2a-15 [101 kB]
Get:26 http://mirror-ubc.debian.org/debian/ unstable/main gettext kfreebsd-i386 0.18.1.1-9 [1894 kB]
Get:27 http://mirror-ubc.debian.org/debian/ unstable/main intltool-debian all 0.35.0+20060710.1 [30.8 kB]
Get:28 http://mirror-ubc.debian.org/debian/ unstable/main po-debconf all 1.0.16+nmu2 [224 kB]
Get:29 http://mirror-ubc.debian.org/debian/ unstable/main debhelper all 9.20120909 [705 kB]
Get:30 http://mirror-ubc.debian.org/debian/ unstable/main diffstat kfreebsd-i386 1.55-3 [29.0 kB]
Get:31 http://mirror-ubc.debian.org/debian/ unstable/main quilt all 0.60-2 [377 kB]
Get:32 http://mirror-ubc.debian.org/debian/ unstable/main zlib1g-dev kfreebsd-i386 1:1.2.7.dfsg-13 [213 kB]
debconf: delaying package configuration, since apt-utils is not installed
Fetched 16.5 MB in 4s (3989 kB/s)
Selecting previously unselected package libncursesw5:kfreebsd-i386.
(Reading database ... 11298 files and directories currently installed.)
Unpacking libncursesw5:kfreebsd-i386 (from .../libncursesw5_5.9-10_kfreebsd-i386.deb) ...
Selecting previously unselected package libpipeline1:kfreebsd-i386.
Unpacking libpipeline1:kfreebsd-i386 (from .../libpipeline1_1.2.2-1_kfreebsd-i386.deb) ...
Selecting previously unselected package libssl1.0.0:kfreebsd-i386.
Unpacking libssl1.0.0:kfreebsd-i386 (from .../libssl1.0.0_1.0.1c-4_kfreebsd-i386.deb) ...
Selecting previously unselected package libasprintf0c2:kfreebsd-i386.
Unpacking libasprintf0c2:kfreebsd-i386 (from .../libasprintf0c2_0.18.1.1-9_kfreebsd-i386.deb) ...
Selecting previously unselected package libmagic1:kfreebsd-i386.
Unpacking libmagic1:kfreebsd-i386 (from .../libmagic1_5.11-2_kfreebsd-i386.deb) ...
Selecting previously unselected package libpcre3:kfreebsd-i386.
Unpacking libpcre3:kfreebsd-i386 (from .../libpcre3_1%3a8.31-1_kfreebsd-i386.deb) ...
Selecting previously unselected package libsqlite3-0:kfreebsd-i386.
Unpacking libsqlite3-0:kfreebsd-i386 (from .../libsqlite3-0_3.7.14.1-1_kfreebsd-i386.deb) ...
Selecting previously unselected package libxml2:kfreebsd-i386.
Unpacking libxml2:kfreebsd-i386 (from .../libxml2_2.8.0+dfsg1-6_kfreebsd-i386.deb) ...
Selecting previously unselected package libffi5:kfreebsd-i386.
Unpacking libffi5:kfreebsd-i386 (from .../libffi5_3.0.10-3_kfreebsd-i386.deb) ...
Selecting previously unselected package libglib2.0-0:kfreebsd-i386.
Unpacking libglib2.0-0:kfreebsd-i386 (from .../libglib2.0-0_2.33.12+really2.32.4-3_kfreebsd-i386.deb) ...
Selecting previously unselected package libcroco3:kfreebsd-i386.
Unpacking libcroco3:kfreebsd-i386 (from .../libcroco3_0.6.6-1_kfreebsd-i386.deb) ...
Selecting previously unselected package libunistring0:kfreebsd-i386.
Unpacking libunistring0:kfreebsd-i386 (from .../libunistring0_0.9.3-5_kfreebsd-i386.deb) ...
Selecting previously unselected package libgettextpo0:kfreebsd-i386.
Unpacking libgettextpo0:kfreebsd-i386 (from .../libgettextpo0_0.18.1.1-9_kfreebsd-i386.deb) ...
Selecting previously unselected package bsdmainutils.
Unpacking bsdmainutils (from .../bsdmainutils_9.0.3_kfreebsd-i386.deb) ...
Selecting previously unselected package groff-base.
Unpacking groff-base (from .../groff-base_1.21-9_kfreebsd-i386.deb) ...
Selecting previously unselected package man-db.
Unpacking man-db (from .../man-db_2.6.3-1_kfreebsd-i386.deb) ...
Selecting previously unselected package file.
Unpacking file (from .../file_5.11-2_kfreebsd-i386.deb) ...
Selecting previously unselected package gettext-base.
Unpacking gettext-base (from .../gettext-base_0.18.1.1-9_kfreebsd-i386.deb) ...
Selecting previously unselected package mime-support.
Unpacking mime-support (from .../mime-support_3.52-2_all.deb) ...
Selecting previously unselected package python2.7-minimal.
Unpacking python2.7-minimal (from .../python2.7-minimal_2.7.3-5_kfreebsd-i386.deb) ...
Selecting previously unselected package python2.7.
Unpacking python2.7 (from .../python2.7_2.7.3-5_kfreebsd-i386.deb) ...
Selecting previously unselected package python-minimal.
Unpacking python-minimal (from .../python-minimal_2.7.3-3_all.deb) ...
Selecting previously unselected package python.
Unpacking python (from .../python_2.7.3-3_all.deb) ...
Selecting previously unselected package cdbs.
Unpacking cdbs (from .../archives/cdbs_0.4.118_all.deb) ...
Selecting previously unselected package html2text.
Unpacking html2text (from .../html2text_1.3.2a-15_kfreebsd-i386.deb) ...
Selecting previously unselected package gettext.
Unpacking gettext (from .../gettext_0.18.1.1-9_kfreebsd-i386.deb) ...
Selecting previously unselected package intltool-debian.
Unpacking intltool-debian (from .../intltool-debian_0.35.0+20060710.1_all.deb) ...
Selecting previously unselected package po-debconf.
Unpacking po-debconf (from .../po-debconf_1.0.16+nmu2_all.deb) ...
Selecting previously unselected package debhelper.
Unpacking debhelper (from .../debhelper_9.20120909_all.deb) ...
Selecting previously unselected package diffstat.
Unpacking diffstat (from .../diffstat_1.55-3_kfreebsd-i386.deb) ...
Selecting previously unselected package quilt.
Unpacking quilt (from .../archives/quilt_0.60-2_all.deb) ...
Selecting previously unselected package zlib1g-dev:kfreebsd-i386.
Unpacking zlib1g-dev:kfreebsd-i386 (from .../zlib1g-dev_1%3a1.2.7.dfsg-13_kfreebsd-i386.deb) ...
Setting up libncursesw5:kfreebsd-i386 (5.9-10) ...
Setting up libpipeline1:kfreebsd-i386 (1.2.2-1) ...
Setting up libssl1.0.0:kfreebsd-i386 (1.0.1c-4) ...
Setting up libasprintf0c2:kfreebsd-i386 (0.18.1.1-9) ...
Setting up libmagic1:kfreebsd-i386 (5.11-2) ...
Setting up libpcre3:kfreebsd-i386 (1:8.31-1) ...
Setting up libsqlite3-0:kfreebsd-i386 (3.7.14.1-1) ...
Setting up libxml2:kfreebsd-i386 (2.8.0+dfsg1-6) ...
Setting up libffi5:kfreebsd-i386 (3.0.10-3) ...
Setting up libglib2.0-0:kfreebsd-i386 (2.33.12+really2.32.4-3) ...
No schema files found: doing nothing.
Setting up libcroco3:kfreebsd-i386 (0.6.6-1) ...
Setting up libunistring0:kfreebsd-i386 (0.9.3-5) ...
Setting up libgettextpo0:kfreebsd-i386 (0.18.1.1-9) ...
Setting up bsdmainutils (9.0.3) ...
update-alternatives: using /usr/bin/bsd-write to provide /usr/bin/write (write) in auto mode
update-alternatives: using /usr/bin/bsd-from to provide /usr/bin/from (from) in auto mode
Setting up groff-base (1.21-9) ...
Setting up man-db (2.6.3-1) ...
Building database of manual pages ...
Setting up file (5.11-2) ...
Setting up gettext-base (0.18.1.1-9) ...
Setting up mime-support (3.52-2) ...
update-alternatives: using /usr/bin/see to provide /usr/bin/view (view) in auto mode
Setting up python2.7-minimal (2.7.3-5) ...
Setting up python2.7 (2.7.3-5) ...
Setting up python-minimal (2.7.3-3) ...
Setting up python (2.7.3-3) ...
Setting up cdbs (0.4.118) ...
Setting up html2text (1.3.2a-15) ...
Setting up gettext (0.18.1.1-9) ...
Setting up intltool-debian (0.35.0+20060710.1) ...
Setting up po-debconf (1.0.16+nmu2) ...
Setting up debhelper (9.20120909) ...
Setting up diffstat (1.55-3) ...
Setting up quilt (0.60-2) ...
Setting up zlib1g-dev:kfreebsd-i386 (1:1.2.7.dfsg-13) ...
Removing negative dependencies: 
Reading package lists...
Building dependency tree...
Reading state information...
0 upgraded, 0 newly installed, 0 to remove and 1 not upgraded.
Checking correctness of dependencies...
Kernel: GNU/kFreeBSD 8.1-1-686-smp kfreebsd-i386 (i686)
Toolchain package versions: binutils_2.22-7.1 dpkg-dev_1.16.9 g++-4.7_4.7.2-4 gcc-4.7_4.7.2-4 kfreebsd-kernel-headers_0.82 libc0.1-dev_2.13-36 libstdc++6_4.7.2-4 libstdc++6-4.7-dev_4.7.2-4
Package versions: apt_0.9.7.6 base-files_6.12 base-passwd_3.5.26 bash_4.2-5 binutils_2.22-7.1 bsdmainutils_9.0.3 bsdutils_1:2.20.1-5.2 build-essential_11.5 bzip2_1.0.6-4 cdbs_0.4.118 coreutils_8.13-3.3 cpp_4:4.7.2-1 cpp-4.7_4.7.2-4 dash_0.5.7-3 debconf_1.5.46 debconf-i18n_1.5.46 debfoster_2.7-1.2 debhelper_9.20120909 debian-archive-keyring_2012.4 debianutils_4.3.4 diffstat_1.55-3 diffutils_1:3.2-7 dpkg_1.16.9 dpkg-dev_1.16.9 e2fslibs_1.42.5-1 e2fsprogs_1.42.5-1 fakeroot_1.18.4-2 file_5.11-2 findutils_4.4.2-5 freebsd-utils_9.0+ds1-8 g++_4:4.7.2-1 g++-4.7_4.7.2-4 gcc_4:4.7.2-1 gcc-4.7_4.7.2-4 gcc-4.7-base_4.7.2-4 gettext_0.18.1.1-9 gettext-base_0.18.1.1-9 gnupg_1.4.12-6 gpgv_1.4.12-6 grep_2.12-2 groff-base_1.21-9 gzip_1.5-1.1 hostname_3.11 html2text_1.3.2a-15 initscripts_2.88dsf-32 insserv_1.14.0-4 intltool-debian_0.35.0+20060710.1 kbdcontrol_9.0+ds1-8 kfreebsd-kernel-headers_0.82 libapt-pkg4.12_0.9.7.6 libasprintf0c2_0.18.1.1-9 libblkid1_2.20.1-5.2 libbsd0_0.4.2-1 libbz2-1.0_1.0.6-4 libc-bin_2.13-36 libc-dev-bin_2.13-36 libc0.1_2.13-36 libc0.1-dev_2.13-36 libcam6_9.0+ds1-3 libclass-isa-perl_0.36-3 libcomerr2_1.42.5-1 libcroco3_0.6.6-1 libdb5.1_5.1.29-5 libdpkg-perl_1.16.9 libexpat1_2.1.0-1 libffi5_3.0.10-3 libfile-fcntllock-perl_0.14-2 libgc1c2_1:7.1-9 libgcc1_1:4.7.2-4 libgdbm3_1.8.3-11 libgeom1_9.0+ds1-3 libgettextpo0_0.18.1.1-9 libglib2.0-0_2.33.12+really2.32.4-3 libgmp10_2:5.0.5+dfsg-2 libgomp1_4.7.2-4 libgssglue1_0.4-2 libjail1_9.0+ds1-3 libkiconv4_9.0+ds1-3 libkvm0_9.0+ds1-3 liblocale-gettext-perl_1.05-7+b1 liblzma5_5.1.1alpha+20120614-1 libmagic1_5.11-2 libmpc2_0.9-4 libmpfr4_3.1.0-5 libncurses5_5.9-10 libncursesw5_5.9-10 libpam-modules_1.1.3-7.1 libpam-modules-bin_1.1.3-7.1 libpam-runtime_1.1.3-7.1 libpam0g_1.1.3-7.1 libpcre3_1:8.31-1 libpipeline1_1.2.2-1 libquadmath0_4.7.2-4 libreadline6_6.2-9 libsbuf6_9.0+ds1-3 libslang2_2.2.4-15 libsqlite3-0_3.7.14.1-1 libss2_1.42.5-1 libssl1.0.0_1.0.1c-4 libstdc++6_4.7.2-4 libstdc++6-4.7-dev_4.7.2-4 libswitch-perl_2.16-2 libtext-charwidth-perl_0.04-7+b1 libtext-iconv-perl_1.7-5 libtext-wrapi18n-perl_0.06-7 libtimedate-perl_1.2000-1 libtinfo5_5.9-10 libtirpc1_0.2.2-5 libunistring0_0.9.3-5 libusb-0.1-4_2:0.1.12-23+nmu1 libuuid1_2.20.1-5.2 libxml2_2.8.0+dfsg1-6 login_1:4.1.5.1-1 lsb-base_4.1+Debian7 make_3.81-8.2 man-db_2.6.3-1 mawk_1.3.3-17 mime-support_3.52-2 multiarch-support_2.13-36 ncurses-base_5.9-10 ncurses-bin_5.9-10 passwd_1:4.1.5.1-1 patch_2.6.1-3 perl_5.14.2-14 perl-base_5.14.2-14 perl-modules_5.14.2-14 po-debconf_1.0.16+nmu2 python_2.7.3-3 python-minimal_2.7.3-3 python2.7_2.7.3-5 python2.7-minimal_2.7.3-5 quilt_0.60-2 readline-common_6.2-9 sed_4.2.1-10 sensible-utils_0.0.7 sudo_1.8.5p2-1 sysv-rc_2.88dsf-32 sysvinit_2.88dsf-32 sysvinit-utils_2.88dsf-32 tar_1.26-4 tzdata_2012g-1 util-linux_2.20.1-5.2 xz-utils_5.1.1alpha+20120614-1 zlib1g_1:1.2.7.dfsg-13 zlib1g-dev_1:1.2.7.dfsg-13

┌──────────────────────────────────────────────────────────────────────────────┐
│ Build                                                                        │
└──────────────────────────────────────────────────────────────────────────────┘


Unpack source
─────────────

gpgv: keyblock resource `/home/buildd/.gnupg/trustedkeys.gpg': file open error
gpgv: Signature made Sun Nov  4 09:07:58 2012 UTC using RSA key ID 2295D502
gpgv: Can't check signature: public key not found
dpkg-source: warning: failed to verify signature on ./bedtools_2.17.0-1.dsc
dpkg-source: info: extracting bedtools in bedtools-2.17.0
dpkg-source: info: unpacking bedtools_2.17.0.orig.tar.gz
dpkg-source: info: unpacking bedtools_2.17.0-1.debian.tar.gz
dpkg-source: info: applying gzstream.h.patch

Check disc space
────────────────


dpkg-buildpackage
─────────────────

dpkg-buildpackage: source package bedtools
dpkg-buildpackage: source version 2.17.0-1
 dpkg-source --before-build bedtools-2.17.0
dpkg-buildpackage: host architecture kfreebsd-i386
 fakeroot debian/rules clean
test -x debian/rules
dh_testroot
rm -f debian/stamp-makefile-build debian/stamp-makefile-install
/usr/bin/make  -C . CFLAGS="-g -O2 -fstack-protector --param=ssp-buffer-size=4 -Wformat -Werror=format-security -Wall" CXXFLAGS="-g -O2 -fstack-protector --param=ssp-buffer-size=4 -Wformat -Werror=format-security -Wall" CPPFLAGS="-D_FORTIFY_SOURCE=2" LDFLAGS="-Wl,-z,relro"  -k clean
make[1]: Entering directory `/build/buildd-bedtools_2.17.0-1-kfreebsd-i386-CSLuXL/bedtools-2.17.0'
 * Cleaning-up BamTools API
 * Cleaning up.
make[1]: Leaving directory `/build/buildd-bedtools_2.17.0-1-kfreebsd-i386-CSLuXL/bedtools-2.17.0'
dh_clean 
	rm -f debian/bedtools.substvars
	rm -f debian/bedtools.*.debhelper
	rm -rf debian/bedtools/
	rm -f debian/*.debhelper.log
	rm -f debian/files
	find .  \( \( -type f -a \
	        \( -name '#*#' -o -name '.*~' -o -name '*~' -o -name DEADJOE \
		 -o -name '*.orig' -o -name '*.rej' -o -name '*.bak' \
		 -o -name '.*.orig' -o -name .*.rej -o -name '.SUMS' \
		 -o -name TAGS -o \( -path '*/.deps/*' -a -name '*.P' \) \
		\) -exec rm -f {} \; \) -o \
		\( -type d -a -name autom4te.cache -prune -exec rm -rf {} \; \) \)
	rm -f *-stamp
/usr/bin/make -f debian/rules reverse-config
make[1]: Entering directory `/build/buildd-bedtools_2.17.0-1-kfreebsd-i386-CSLuXL/bedtools-2.17.0'
make[1]: Nothing to be done for `reverse-config'.
make[1]: Leaving directory `/build/buildd-bedtools_2.17.0-1-kfreebsd-i386-CSLuXL/bedtools-2.17.0'
if [ -d "." ]; then \
	  cd . && QUILT_PATCHES=/build/buildd-bedtools_2.17.0-1-kfreebsd-i386-CSLuXL/bedtools-2.17.0/debian/patches quilt --quiltrc /dev/null pop -a -R || test $? = 2 ; \
	fi
Removing patch gzstream.h.patch
Restoring src/utils/gzstream/gzstream.C

No patches applied
rm -rf ./.pc
rm -f debian/stamp-patch*
 debian/rules build-arch
test -x debian/rules
mkdir -p "."
/usr/share/cdbs/1/rules/buildcore.mk:109: WARNING:  DEB_DH_BUILDDEB_ARGS is a deprecated variable
/usr/share/cdbs/1/rules/buildcore.mk:109: WARNING:  DEB_COMPRESS_EXCLUDE is a deprecated variable
/usr/bin/make -f debian/rules reverse-config
make[1]: Entering directory `/build/buildd-bedtools_2.17.0-1-kfreebsd-i386-CSLuXL/bedtools-2.17.0'
make[1]: Nothing to be done for `reverse-config'.
make[1]: Leaving directory `/build/buildd-bedtools_2.17.0-1-kfreebsd-i386-CSLuXL/bedtools-2.17.0'
cd . && QUILT_PATCHES=/build/buildd-bedtools_2.17.0-1-kfreebsd-i386-CSLuXL/bedtools-2.17.0/debian/patches quilt --quiltrc /dev/null push -a || test $? = 2
Applying patch gzstream.h.patch
patching file src/utils/gzstream/gzstream.C

Now at patch gzstream.h.patch
touch debian/stamp-patched
/usr/bin/make -f debian/rules update-config
make[1]: Entering directory `/build/buildd-bedtools_2.17.0-1-kfreebsd-i386-CSLuXL/bedtools-2.17.0'
make[1]: Nothing to be done for `update-config'.
make[1]: Leaving directory `/build/buildd-bedtools_2.17.0-1-kfreebsd-i386-CSLuXL/bedtools-2.17.0'
/usr/bin/make  -C . CFLAGS="-g -O2 -fstack-protector --param=ssp-buffer-size=4 -Wformat -Werror=format-security -Wall" CXXFLAGS="-g -O2 -fstack-protector --param=ssp-buffer-size=4 -Wformat -Werror=format-security -Wall" CPPFLAGS="-D_FORTIFY_SOURCE=2" LDFLAGS="-Wl,-z,relro"  
make[1]: Entering directory `/build/buildd-bedtools_2.17.0-1-kfreebsd-i386-CSLuXL/bedtools-2.17.0'
Building BEDTools:
=========================================================
DETECTED_VERSION = v2.17.0
CURRENT_VERSION  = 
Updating version file.
 * Creating BamTools API
- Building in src/utils/bedFile
  * compiling bedFile.cpp
- Building in src/utils/version
  * compiling version.cpp
- Building in src/utils/bedGraphFile
  * compiling bedGraphFile.cpp
- Building in src/utils/chromsweep
  * compiling chromsweep.cpp
- Building in src/utils/gzstream
g++ -g -O2 -fstack-protector --param=ssp-buffer-size=4 -Wformat -Werror=format-security -Wall -c -o ../../../obj//gzstream.o gzstream.C -I.
- Building in src/utils/fileType
  * compiling fileType.cpp
- Building in src/utils/bedFilePE
  * compiling bedFilePE.cpp
- Building in src/utils/sequenceUtilities
  * compiling sequenceUtils.cpp
- Building in src/utils/tabFile
  * compiling tabFile.cpp
- Building in src/utils/BamTools
 * compiling BamAlignment.cpp
 * compiling BamMultiReader.cpp
 * compiling BamReader.cpp
 * compiling BamWriter.cpp
 * compiling SamHeader.cpp
 * compiling SamProgram.cpp
 * compiling SamProgramChain.cpp
 * compiling SamReadGroup.cpp
 * compiling SamReadGroupDictionary.cpp
 * compiling SamSequence.cpp
 * compiling SamSequenceDictionary.cpp
 * compiling BamHeader_p.cpp
 * compiling BamMultiReader_p.cpp
 * compiling BamRandomAccessController_p.cpp
 * compiling BamReader_p.cpp
 * compiling BamWriter_p.cpp
 * compiling BamIndexFactory_p.cpp
 * compiling BamStandardIndex_p.cpp
 * compiling BamToolsIndex_p.cpp
 * compiling BamDeviceFactory_p.cpp
 * compiling BamFile_p.cpp
 * compiling BamFtp_p.cpp
 * compiling BamHttp_p.cpp
 * compiling BamPipe_p.cpp
 * compiling BgzfStream_p.cpp
 * compiling ByteArray_p.cpp
 * compiling HostAddress_p.cpp
 * compiling HostInfo_p.cpp
 * compiling HttpHeader_p.cpp
 * compiling ILocalIODevice_p.cpp
 * compiling RollingBuffer_p.cpp
 * compiling TcpSocketEngine_p.cpp
 * compiling TcpSocketEngine_unix_p.cpp
 * compiling TcpSocket_p.cpp
 * compiling SamFormatParser_p.cpp
 * compiling SamFormatPrinter_p.cpp
 * compiling SamHeaderValidator_p.cpp
 * compiling BamException_p.cpp
 * linking lib/libbamtools.a
ar cr lib/libbamtools.a src/api/BamAlignment.o src/api/BamMultiReader.o src/api/BamReader.o src/api/BamWriter.o src/api/SamHeader.o src/api/SamProgram.o src/api/SamProgramChain.o src/api/SamReadGroup.o src/api/SamReadGroupDictionary.o src/api/SamSequence.o src/api/SamSequenceDictionary.o src/api/internal/bam/BamHeader_p.o src/api/internal/bam/BamMultiReader_p.o src/api/internal/bam/BamRandomAccessController_p.o src/api/internal/bam/BamReader_p.o src/api/internal/bam/BamWriter_p.o src/api/internal/index/BamIndexFactory_p.o src/api/internal/index/BamStandardIndex_p.o src/api/internal/index/BamToolsIndex_p.o src/api/internal/io/BamDeviceFactory_p.o src/api/internal/io/BamFile_p.o src/api/internal/io/BamFtp_p.o src/api/internal/io/BamHttp_p.o src/api/internal/io/BamPipe_p.o src/api/internal/io/BgzfStream_p.o src/api/internal/io/ByteArray_p.o src/api/internal/io/HostAddress_p.o src/api/internal/io/HostInfo_p.o src/api/internal/io/HttpHeader_p.o src/api/internal/io/ILocalIODevice_p.o src/api/internal/io/RollingBuffer_p.o src/api/internal/io/TcpSocketEngine_p.o src/api/internal/io/TcpSocketEngine_unix_p.o src/api/internal/io/TcpSocket_p.o src/api/internal/sam/SamFormatParser_p.o src/api/internal/sam/SamFormatPrinter_p.o src/api/internal/sam/SamHeaderValidator_p.o src/api/internal/utils/BamException_p.o
ranlib lib/libbamtools.a
- Building in src/utils/BamTools-Ancillary
  * compiling BamAncillary.cpp
  * compiling BamAncillary.cpp
- Building in src/utils/BlockedIntervals
  * compiling BlockedIntervals.cpp
  * compiling BlockedIntervals.cpp
- Building in src/utils/Fasta
  * compiling Fasta.cpp
Fasta.cpp: In member function 'void FastaIndexEntry::clear()':
Fasta.cpp:28:14: warning: converting to non-pointer type 'int' from NULL [-Wconversion-null]
Fasta.cpp:31:17: warning: converting to non-pointer type 'int' from NULL [-Wconversion-null]
Fasta.cpp:32:17: warning: converting to non-pointer type 'int' from NULL [-Wconversion-null]
  * compiling Fasta.cpp
Fasta.cpp: In member function 'void FastaIndexEntry::clear()':
Fasta.cpp:28:14: warning: converting to non-pointer type 'int' from NULL [-Wconversion-null]
Fasta.cpp:31:17: warning: converting to non-pointer type 'int' from NULL [-Wconversion-null]
Fasta.cpp:32:17: warning: converting to non-pointer type 'int' from NULL [-Wconversion-null]
  * compiling split.cpp
  * compiling split.cpp
- Building in src/utils/VectorOps
  * compiling VectorOps.cpp
- Building in src/utils/genomeFile
  * compiling genomeFile.cpp
genomeFile.cpp: In member function 'void GenomeFile::loadGenomeFileIntoMap()':
genomeFile.cpp:60:26: warning: variable 'c2' set but not used [-Wunused-but-set-variable]
- Building in src/annotateBed
  * compiling annotateMain.cpp
annotateMain.cpp: In function 'int annotate_main(int, char**)':
annotateMain.cpp:39:10: warning: variable 'haveTitles' set but not used [-Wunused-but-set-variable]
  * compiling annotateBed.cpp
- Building in src/bamToBed
  * compiling bamToBed.cpp
bamToBed.cpp: In function 'int bamtobed_main(int, char**)':
bamToBed.cpp:85:10: warning: variable 'useAlignmentScore' set but not used [-Wunused-but-set-variable]
- Building in src/bamToFastq
  * compiling bamToFastqMain.cpp
bamToFastqMain.cpp: In function 'int bamtofastq_main(int, char**)':
bamToFastqMain.cpp:38:10: warning: variable 'haveFastq2' set but not used [-Wunused-but-set-variable]
  * compiling bamToFastq.cpp
- Building in src/bedToBam
  * compiling bedToBam.cpp
bedToBam.cpp: In function 'int bedtobam_main(int, char**)':
bedToBam.cpp:60:10: warning: variable 'haveMapQual' set but not used [-Wunused-but-set-variable]
- Building in src/bedpeToBam
  * compiling bedpeToBam.cpp
bedpeToBam.cpp: In function 'int bedpetobam_main(int, char**)':
bedpeToBam.cpp:61:10: warning: variable 'haveMapQual' set but not used [-Wunused-but-set-variable]
- Building in src/bedToIgv
  * compiling bedToIgv.cpp
- Building in src/bed12ToBed6
  * compiling bed12ToBed6.cpp
- Building in src/closestBed
  * compiling closestMain.cpp
  * compiling closestBed.cpp
- Building in src/clusterBed
  * compiling clusterMain.cpp
clusterMain.cpp: In function 'int cluster_main(int, char**)':
clusterMain.cpp:38:10: warning: variable 'haveMaxDistance' set but not used [-Wunused-but-set-variable]
  * compiling clusterBed.cpp
- Building in src/complementBed
  * compiling complementMain.cpp
  * compiling complementBed.cpp
- Building in src/coverageBed
  * compiling coverageMain.cpp
  * compiling coverageBed.cpp
- Building in src/expand
  * compiling expand.cpp
- Building in src/fastaFromBed
  * compiling fastaFromBedMain.cpp
  * compiling fastaFromBed.cpp
- Building in src/flankBed
  * compiling flankBedMain.cpp
  * compiling flankBed.cpp
- Building in src/genomeCoverageBed
  * compiling genomeCoverageMain.cpp
  * compiling genomeCoverageBed.cpp
- Building in src/getOverlap
  * compiling getOverlap.cpp
getOverlap.cpp: In function 'int getoverlap_main(int, char**)':
getOverlap.cpp:44:10: warning: variable 'haveColumns' set but not used [-Wunused-but-set-variable]
- Building in src/groupBy
  * compiling groupBy.cpp
groupBy.cpp: In function 'int groupby_main(int, char**)':
groupBy.cpp:82:10: warning: variable 'haveOps' set but not used [-Wunused-but-set-variable]
- Building in src/intersectBed
  * compiling intersectMain.cpp
  * compiling intersectBed.cpp
- Building in src/jaccard
  * compiling jaccardMain.cpp
  * compiling jaccard.cpp
- Building in src/linksBed
  * compiling linksMain.cpp
  * compiling linksBed.cpp
- Building in src/maskFastaFromBed
  * compiling maskFastaFromBedMain.cpp
  * compiling maskFastaFromBed.cpp
- Building in src/mapBed
  * compiling mapMain.cpp
mapMain.cpp: In function 'int map_main(int, char**)':
mapMain.cpp:44:10: warning: variable 'haveColumn' set but not used [-Wunused-but-set-variable]
mapMain.cpp:45:10: warning: variable 'haveOperation' set but not used [-Wunused-but-set-variable]
  * compiling mapBed.cpp
- Building in src/mergeBed
  * compiling mergeMain.cpp
mergeMain.cpp: In function 'int merge_main(int, char**)':
mergeMain.cpp:40:10: warning: variable 'haveMaxDistance' set but not used [-Wunused-but-set-variable]
  * compiling mergeBed.cpp
- Building in src/multiBamCov
  * compiling multiBamCovMain.cpp
multiBamCovMain.cpp: In function 'int multibamcov_main(int, char**)':
multiBamCovMain.cpp:38:10: warning: variable 'haveBed' set but not used [-Wunused-but-set-variable]
multiBamCovMain.cpp:39:10: warning: variable 'haveBams' set but not used [-Wunused-but-set-variable]
multiBamCovMain.cpp:47:10: warning: variable 'haveFraction' set but not used [-Wunused-but-set-variable]
  * compiling multiBamCov.cpp
- Building in src/multiIntersectBed
  * compiling multiIntersectBedMain.cpp
multiIntersectBedMain.cpp: In function 'int multiintersect_main(int, char**)':
multiIntersectBedMain.cpp:45:10: warning: variable 'haveFiles' set but not used [-Wunused-but-set-variable]
multiIntersectBedMain.cpp:47:10: warning: variable 'haveGenome' set but not used [-Wunused-but-set-variable]
multiIntersectBedMain.cpp:48:10: warning: variable 'haveFiller' set but not used [-Wunused-but-set-variable]
  * compiling multiIntersectBed.cpp
- Building in src/nucBed
  * compiling nucBedMain.cpp
  * compiling nucBed.cpp
- Building in src/pairToBed
  * compiling pairToBedMain.cpp
pairToBedMain.cpp: In function 'int pairtobed_main(int, char**)':
pairToBedMain.cpp:43:10: warning: variable 'haveFraction' set but not used [-Wunused-but-set-variable]
  * compiling pairToBed.cpp
pairToBed.cpp: In member function 'void BedIntersectPE::FindSpanningOverlaps(const BEDPE&, std::vector<BED>&, const string&)':
pairToBed.cpp:257:12: warning: variable 'spanLength' set but not used [-Wunused-but-set-variable]
pairToBed.cpp: In member function 'bool BedIntersectPE::FindOneOrMoreSpanningOverlaps(const BEDPE&, const string&)':
pairToBed.cpp:310:9: warning: variable 'spanLength' set but not used [-Wunused-but-set-variable]
- Building in src/pairToPair
  * compiling pairToPairMain.cpp
pairToPairMain.cpp: In function 'int pairtopair_main(int, char**)':
pairToPairMain.cpp:44:10: warning: variable 'haveFraction' set but not used [-Wunused-but-set-variable]
  * compiling pairToPair.cpp
pairToPair.cpp: In member function 'void PairToPair::FindOverlaps(const BEDPE&)':
pairToPair.cpp:112:14: warning: variable 'found1' set but not used [-Wunused-but-set-variable]
pairToPair.cpp:113:14: warning: variable 'found2' set but not used [-Wunused-but-set-variable]
- Building in src/randomBed
  * compiling randomBedMain.cpp
  * compiling randomBed.cpp
- Building in src/shuffleBed
  * compiling shuffleBedMain.cpp
  * compiling shuffleBed.cpp
- Building in src/slopBed
  * compiling slopBedMain.cpp
  * compiling slopBed.cpp
- Building in src/sortBed
  * compiling sortMain.cpp
  * compiling sortBed.cpp
- Building in src/subtractBed
  * compiling subtractMain.cpp
subtractMain.cpp: In function 'int subtract_main(int, char**)':
subtractMain.cpp:43:10: warning: variable 'haveFraction' set but not used [-Wunused-but-set-variable]
  * compiling subtractBed.cpp
- Building in src/tagBam
  * compiling tagBamMain.cpp
tagBamMain.cpp: In function 'int tagbam_main(int, char**)':
tagBamMain.cpp:38:10: warning: variable 'haveFraction' set but not used [-Wunused-but-set-variable]
  * compiling tagBam.cpp
- Building in src/unionBedGraphs
  * compiling unionBedGraphsMain.cpp
unionBedGraphsMain.cpp: In function 'int unionbedgraphs_main(int, char**)':
unionBedGraphsMain.cpp:46:10: warning: variable 'haveFiles' set but not used [-Wunused-but-set-variable]
unionBedGraphsMain.cpp:48:10: warning: variable 'haveGenome' set but not used [-Wunused-but-set-variable]
unionBedGraphsMain.cpp:49:10: warning: variable 'haveFiller' set but not used [-Wunused-but-set-variable]
  * compiling unionBedGraphs.cpp
- Building in src/windowBed
  * compiling windowMain.cpp
  * compiling windowBed.cpp
- Building in src/windowMaker
  * compiling windowMakerMain.cpp
  * compiling windowMaker.cpp
- Building main bedtools binary.
done.
- Creating executables for old CLI.
done.
make[1]: Leaving directory `/build/buildd-bedtools_2.17.0-1-kfreebsd-i386-CSLuXL/bedtools-2.17.0'
touch debian/stamp-makefile-build
DEB_MAKE_CHECK_TARGET unset, not running checks
 fakeroot debian/rules binary-arch
test -x debian/rules
dh_testroot
dh_prep 
	rm -f debian/bedtools.substvars
	rm -f debian/bedtools.*.debhelper
	rm -rf debian/bedtools/
dh_installdirs -A 
	install -d debian/bedtools
mkdir -p "."
/usr/share/cdbs/1/rules/buildcore.mk:109: WARNING:  DEB_DH_BUILDDEB_ARGS is a deprecated variable
/usr/share/cdbs/1/rules/buildcore.mk:109: WARNING:  DEB_COMPRESS_EXCLUDE is a deprecated variable
DEB_MAKE_CHECK_TARGET unset, not running checks
DEB_MAKE_INSTALL_TARGET unset, skipping default makefile.mk common-install target
Adding cdbs dependencies to debian/bedtools.substvars
dh_installdirs -pbedtools 
dh_installdocs -pbedtools 
	install -g 0 -o 0 -d debian/bedtools/usr/share/doc/bedtools
	cp -a README.rst debian/bedtools/usr/share/doc/bedtools
	chown -R 0:0 debian/bedtools/usr/share/doc
	chmod -R go=rX debian/bedtools/usr/share/doc
	chmod -R u\+rw debian/bedtools/usr/share/doc
	install -g 0 -o 0 -m 644 -p debian/copyright debian/bedtools/usr/share/doc/bedtools/copyright
dh_installexamples -pbedtools 
dh_installman -pbedtools  
dh_installinfo -pbedtools  
dh_installmenu -pbedtools 
dh_installcron -pbedtools 
dh_installinit -pbedtools  
dh_installdebconf -pbedtools 
	install -o 0 -g 0 -d debian/bedtools/DEBIAN
dh_installemacsen -pbedtools   
dh_installcatalogs -pbedtools 
	grep -s -v '^misc:Depends=' debian/bedtools.substvars > debian/bedtools.substvars.new || true
	mv debian/bedtools.substvars.new debian/bedtools.substvars
dh_installpam -pbedtools 
dh_installlogrotate -pbedtools 
dh_installlogcheck -pbedtools 
dh_installchangelogs -pbedtools  RELEASE_HISTORY 
	install -o 0 -g 0 -p -m644 debian/changelog debian/bedtools/usr/share/doc/bedtools/changelog.Debian
	install -o 0 -g 0 -p -m644 RELEASE_HISTORY debian/bedtools/usr/share/doc/bedtools/changelog
dh_installudev -pbedtools 
dh_lintian -pbedtools 
dh_bugfiles -pbedtools 
dh_install -pbedtools  
	install -d debian/bedtools/usr/bin
	cp -a ./bin/annotateBed debian/bedtools/usr/bin/
	cp -a ./bin/bamToBed debian/bedtools/usr/bin/
	cp -a ./bin/bamToFastq debian/bedtools/usr/bin/
	cp -a ./bin/bed12ToBed6 debian/bedtools/usr/bin/
	cp -a ./bin/bedpeToBam debian/bedtools/usr/bin/
	cp -a ./bin/bedToBam debian/bedtools/usr/bin/
	cp -a ./bin/bedToIgv debian/bedtools/usr/bin/
	cp -a ./bin/bedtools debian/bedtools/usr/bin/
	cp -a ./bin/closestBed debian/bedtools/usr/bin/
	cp -a ./bin/clusterBed debian/bedtools/usr/bin/
	cp -a ./bin/complementBed debian/bedtools/usr/bin/
	cp -a ./bin/coverageBed debian/bedtools/usr/bin/
	cp -a ./bin/expandCols debian/bedtools/usr/bin/
	cp -a ./bin/fastaFromBed debian/bedtools/usr/bin/
	cp -a ./bin/flankBed debian/bedtools/usr/bin/
	cp -a ./bin/genomeCoverageBed debian/bedtools/usr/bin/
	cp -a ./bin/getOverlap debian/bedtools/usr/bin/
	cp -a ./bin/groupBy debian/bedtools/usr/bin/
	cp -a ./bin/intersectBed debian/bedtools/usr/bin/
	cp -a ./bin/linksBed debian/bedtools/usr/bin/
	cp -a ./bin/mapBed debian/bedtools/usr/bin/
	cp -a ./bin/maskFastaFromBed debian/bedtools/usr/bin/
	cp -a ./bin/mergeBed debian/bedtools/usr/bin/
	cp -a ./bin/multiBamCov debian/bedtools/usr/bin/
	cp -a ./bin/multiIntersectBed debian/bedtools/usr/bin/
	cp -a ./bin/nucBed debian/bedtools/usr/bin/
	cp -a ./bin/pairToBed debian/bedtools/usr/bin/
	cp -a ./bin/pairToPair debian/bedtools/usr/bin/
	cp -a ./bin/randomBed debian/bedtools/usr/bin/
	cp -a ./bin/shuffleBed debian/bedtools/usr/bin/
	cp -a ./bin/slopBed debian/bedtools/usr/bin/
	cp -a ./bin/sortBed debian/bedtools/usr/bin/
	cp -a ./bin/subtractBed debian/bedtools/usr/bin/
	cp -a ./bin/tagBam debian/bedtools/usr/bin/
	cp -a ./bin/unionBedGraphs debian/bedtools/usr/bin/
	cp -a ./bin/windowBed debian/bedtools/usr/bin/
	cp -a ./bin/windowMaker debian/bedtools/usr/bin/
	install -d debian/bedtools/usr/share/bedtools
	cp -a ./genomes debian/bedtools/usr/share/bedtools/
	install -d debian/bedtools/usr/share/bedtools/test
	cp -a ./test/bamtobed debian/bedtools/usr/share/bedtools/test/
	cp -a ./test/bed12tobed6 debian/bedtools/usr/share/bedtools/test/
	cp -a ./test/closest debian/bedtools/usr/share/bedtools/test/
	cp -a ./test/cluster debian/bedtools/usr/share/bedtools/test/
	cp -a ./test/coverage debian/bedtools/usr/share/bedtools/test/
	cp -a ./test/expand debian/bedtools/usr/share/bedtools/test/
	cp -a ./test/flank debian/bedtools/usr/share/bedtools/test/
	cp -a ./test/general debian/bedtools/usr/share/bedtools/test/
	cp -a ./test/genomecov debian/bedtools/usr/share/bedtools/test/
	cp -a ./test/getfasta debian/bedtools/usr/share/bedtools/test/
	cp -a ./test/groupBy debian/bedtools/usr/share/bedtools/test/
	cp -a ./test/intersect debian/bedtools/usr/share/bedtools/test/
	cp -a ./test/jaccard debian/bedtools/usr/share/bedtools/test/
	cp -a ./test/map debian/bedtools/usr/share/bedtools/test/
	cp -a ./test/merge debian/bedtools/usr/share/bedtools/test/
	cp -a ./test/multicov debian/bedtools/usr/share/bedtools/test/
	cp -a ./test/slop debian/bedtools/usr/share/bedtools/test/
	cp -a ./test/subtract debian/bedtools/usr/share/bedtools/test/
	cp -a ./test/test.sh debian/bedtools/usr/share/bedtools/test/
	install -d debian/bedtools/etc/bash_completion.d
	cp -a ./debian/bash_completion/bedtools debian/bedtools/etc/bash_completion.d/
dh_link -pbedtools  
dh_installmime -pbedtools 
dh_installgsettings -pbedtools 
dh_strip -pbedtools  
	strip --remove-section=.comment --remove-section=.note debian/bedtools/usr/bin/bedtools
dh_compress -pbedtools -X test 
	cd debian/bedtools
	chmod a-x usr/share/doc/bedtools/changelog.Debian usr/share/doc/bedtools/changelog
	gzip -9nf usr/share/doc/bedtools/changelog.Debian usr/share/doc/bedtools/changelog
	cd '/build/buildd-bedtools_2.17.0-1-kfreebsd-i386-CSLuXL/bedtools-2.17.0'
dh_fixperms -pbedtools  
	find debian/bedtools  -print0 2>/dev/null | xargs -0r chown --no-dereference 0:0
	find debian/bedtools ! -type l  -print0 2>/dev/null | xargs -0r chmod go=rX,u+rw,a-s
	find debian/bedtools/usr/share/doc -type f  ! -regex 'debian/bedtools/usr/share/doc/[^/]*/examples/.*' -print0 2>/dev/null | xargs -0r chmod 644
	find debian/bedtools/usr/share/doc -type d  -print0 2>/dev/null | xargs -0r chmod 755
	find debian/bedtools/usr/share/man debian/bedtools/usr/man/ debian/bedtools/usr/X11*/man/ -type f  -print0 2>/dev/null | xargs -0r chmod 644
	find debian/bedtools -perm -5 -type f \( -name '*.so.*' -or -name '*.so' -or -name '*.la' -or -name '*.a' \)  -print0 2>/dev/null | xargs -0r chmod 644
	find debian/bedtools/usr/include -type f  -print0 2>/dev/null | xargs -0r chmod 644
	find debian/bedtools/usr/share/applications -type f  -print0 2>/dev/null | xargs -0r chmod 644
	find debian/bedtools -perm -5 -type f \( -name '*.cmxs' \)  -print0 2>/dev/null | xargs -0r chmod 644
	find debian/bedtools/usr/lib/perl5 debian/bedtools/usr/share/perl5 -type f -perm -5 -name '*.pm'  -print0 2>/dev/null | xargs -0r chmod a-X
	find debian/bedtools/usr/bin -type f  -print0 2>/dev/null | xargs -0r chmod a+x
	find debian/bedtools/usr/lib -type f -name '*.ali'  -print0 2>/dev/null | xargs -0r chmod uga-w
dh_makeshlibs -pbedtools  
	rm -f debian/bedtools/DEBIAN/shlibs
rm /build/buildd-bedtools_2.17.0-1-kfreebsd-i386-CSLuXL/bedtools-2.17.0/debian/bedtools/usr/bin/groupBy # distributed in the filo package.
dh_installdeb -pbedtools 
	find debian/bedtools/etc -type f -printf '/etc/%P
' >> debian/bedtools/DEBIAN/conffiles
	chmod 644 debian/bedtools/DEBIAN/conffiles
dh_perl -pbedtools 
dh_shlibdeps -pbedtools    
	dpkg-shlibdeps -Tdebian/bedtools.substvars debian/bedtools/usr/bin/bedtools
dh_gencontrol -pbedtools  
	echo misc:Depends= >> debian/bedtools.substvars
	dpkg-gencontrol -ldebian/changelog -Tdebian/bedtools.substvars -Pdebian/bedtools
	chmod 644 debian/bedtools/DEBIAN/control
	chown 0:0 debian/bedtools/DEBIAN/control
dh_md5sums -pbedtools 
	(cd debian/bedtools >/dev/null ; find . -type f ! -path "./etc/bash_completion.d/bedtools"  ! -regex './DEBIAN/.*' -printf '%P\0' | LC_ALL=C sort -z | xargs -r0 md5sum > DEBIAN/md5sums) >/dev/null
	chmod 644 debian/bedtools/DEBIAN/md5sums
	chown 0:0 debian/bedtools/DEBIAN/md5sums
dh_builddeb -pbedtools -- -Z xz
	dpkg-deb -Z xz --build debian/bedtools ..
dpkg-deb: building package `bedtools' in `../bedtools_2.17.0-1_kfreebsd-i386.deb'.
 dpkg-genchanges -B -mkfreebsd-i386 Build Daemon (finzi) <buildd_kfreebsd-i386-finzi@buildd.debian.org> >../bedtools_2.17.0-1_kfreebsd-i386.changes
dpkg-genchanges: arch-specific upload - not including arch-independent packages
dpkg-genchanges: binary-only upload - not including any source code
 dpkg-source --after-build bedtools-2.17.0
dpkg-buildpackage: binary only upload (no source included)
────────────────────────────────────────────────────────────────────────────────
Build finished at 20121104-1135

bedtools_2.17.0-1_kfreebsd-i386.changes:
Format: 1.8
Date: Sun, 04 Nov 2012 17:59:41 +0900
Source: bedtools
Binary: bedtools
Architecture: kfreebsd-i386
Version: 2.17.0-1
Distribution: sid
Urgency: low
Maintainer: kfreebsd-i386 Build Daemon (finzi) <buildd_kfreebsd-i386-finzi@buildd.debian.org>
Changed-By: Charles Plessy <plessy@debian.org>
Description: 
 bedtools   - suite of utilities for comparing genomic features
Changes: 
 bedtools (2.17.0-1) unstable; urgency=low
 .
   bb9012e Imported Upstream version 2.16.2.
   9006b23 Imported Upstream version 2.17.0.
   9112569 Documented BEDTools license as a whole.
   325689c Removed Pre-Depends: dpkg (>= 1.15.6).
   a781b14 Conforms with Policy 3.9.4.
   84b1167 Use Debhelper 9.
   0bf572d Distribute the test suite.
   422cd34 Bash completion for BEDTools.
Checksums-Sha1: 
 a580021ac7a012cc99441d883d77ef4b8bb477c0 448668 bedtools_2.17.0-1_kfreebsd-i386.deb
Checksums-Sha256: 
 0c44224ca9cace394e17afd82561b8ce67f9b21a1196f70df7904bc3a6e5ed57 448668 bedtools_2.17.0-1_kfreebsd-i386.deb
Files: 
 f4cfed76ebb99b21e044f01301f9ef05 448668 science optional bedtools_2.17.0-1_kfreebsd-i386.deb

┌──────────────────────────────────────────────────────────────────────────────┐
│ Package contents                                                             │
└──────────────────────────────────────────────────────────────────────────────┘


bedtools_2.17.0-1_kfreebsd-i386.deb
───────────────────────────────────

 new debian package, version 2.0.
 size 448668 bytes: control archive= 4119 bytes.
      32 bytes,     1 lines      conffiles            
     843 bytes,    18 lines      control              
    9605 bytes,   132 lines      md5sums              
 Package: bedtools
 Version: 2.17.0-1
 Architecture: kfreebsd-i386
 Maintainer: Debian Med Packaging Team <debian-med-packaging@lists.alioth.debian.org>
 Installed-Size: 1423
 Depends: libc0.1 (>= 2.4), libgcc1 (>= 1:4.1.1), libstdc++6 (>= 4.6), zlib1g (>= 1:1.1.4)
 Suggests: filo
 Section: science
 Priority: optional
 Homepage: http://code.google.com/p/bedtools/
 Description: suite of utilities for comparing genomic features
  The BEDTools utilities allow one to address common genomics tasks such as
  finding feature overlaps and computing coverage. The utilities are largely
  based on four widely-used file formats: BED, GFF/GTF, VCF, and SAM/BAM. Using
  BEDTools, one can develop sophisticated pipelines that answer complicated
  research questions by streaming several BEDTools together.
  .
  The groupBy utility is distribued in the filo package.

drwxr-xr-x root/root         0 2012-11-04 11:35 ./
drwxr-xr-x root/root         0 2012-11-04 11:35 ./usr/
drwxr-xr-x root/root         0 2012-11-04 11:35 ./usr/share/
drwxr-xr-x root/root         0 2012-11-04 11:35 ./usr/share/doc/
drwxr-xr-x root/root         0 2012-11-04 11:35 ./usr/share/doc/bedtools/
-rw-r--r-- root/root      1505 2012-11-03 17:11 ./usr/share/doc/bedtools/README.rst
-rw-r--r-- root/root      5395 2012-11-04 05:11 ./usr/share/doc/bedtools/copyright
-rw-r--r-- root/root     11640 2012-11-03 17:11 ./usr/share/doc/bedtools/changelog.gz
-rw-r--r-- root/root      1089 2012-11-04 08:59 ./usr/share/doc/bedtools/changelog.Debian.gz
drwxr-xr-x root/root         0 2012-11-04 11:35 ./usr/share/bedtools/
drwxr-xr-x root/root         0 2012-11-04 11:31 ./usr/share/bedtools/genomes/
-rwxr-xr-x root/root       856 2012-11-03 17:11 ./usr/share/bedtools/genomes/human.hg18.genome
-rwxr-xr-x root/root      1972 2012-11-03 17:11 ./usr/share/bedtools/genomes/human.hg19.genome
-rwxr-xr-x root/root       565 2012-11-03 17:11 ./usr/share/bedtools/genomes/mouse.mm8.genome
-rwxr-xr-x root/root       585 2012-11-03 17:11 ./usr/share/bedtools/genomes/mouse.mm9.genome
drwxr-xr-x root/root         0 2012-11-04 11:35 ./usr/share/bedtools/test/
drwxr-xr-x root/root         0 2012-11-04 11:31 ./usr/share/bedtools/test/bamtobed/
-rw-r--r-- root/root       162 2012-11-03 17:11 ./usr/share/bedtools/test/bamtobed/one_block.sam
-rw-r--r-- root/root      3304 2012-11-03 17:11 ./usr/share/bedtools/test/bamtobed/test-bamtobed.sh
-rw-r--r-- root/root       176 2012-11-03 17:11 ./usr/share/bedtools/test/bamtobed/three_blocks.sam
-rw-r--r-- root/root       167 2012-11-03 17:11 ./usr/share/bedtools/test/bamtobed/two_blocks.sam
drwxr-xr-x root/root         0 2012-11-04 11:31 ./usr/share/bedtools/test/bed12tobed6/
-rw-r--r-- root/root        18 2012-11-03 17:11 ./usr/share/bedtools/test/bed12tobed6/bed6.bed
-rw-r--r-- root/root        46 2012-11-03 17:11 ./usr/share/bedtools/test/bed12tobed6/one_blocks.bed
-rw-r--r-- root/root      1919 2012-11-03 17:11 ./usr/share/bedtools/test/bed12tobed6/test-bed12tobed6.sh
-rw-r--r-- root/root        60 2012-11-03 17:11 ./usr/share/bedtools/test/bed12tobed6/three_blocks.bed
-rw-r--r-- root/root        52 2012-11-03 17:11 ./usr/share/bedtools/test/bed12tobed6/two_blocks.bed
drwxr-xr-x root/root         0 2012-11-04 11:31 ./usr/share/bedtools/test/closest/
-rw-r--r-- root/root        11 2012-11-03 17:11 ./usr/share/bedtools/test/closest/a.bed
-rw-r--r-- root/root        35 2012-11-03 17:11 ./usr/share/bedtools/test/closest/a.names.bed
-rw-r--r-- root/root        11 2012-11-03 17:11 ./usr/share/bedtools/test/closest/b-one-bp-closer.bed
-rw-r--r-- root/root        11 2012-11-03 17:11 ./usr/share/bedtools/test/closest/b.bed
-rw-r--r-- root/root        36 2012-11-03 17:11 ./usr/share/bedtools/test/closest/b.names.bed
-rw-r--r-- root/root      2126 2012-11-03 17:11 ./usr/share/bedtools/test/closest/test-closest.sh
drwxr-xr-x root/root         0 2012-11-04 11:31 ./usr/share/bedtools/test/cluster/
-rw-r--r-- root/root       264 2012-11-03 17:11 ./usr/share/bedtools/test/cluster/in.bed
-rw-r--r-- root/root      1455 2012-11-03 17:11 ./usr/share/bedtools/test/cluster/test-cluster.sh
drwxr-xr-x root/root         0 2012-11-04 11:31 ./usr/share/bedtools/test/coverage/
-rw-r--r-- root/root        96 2012-11-03 17:11 ./usr/share/bedtools/test/coverage/one_block.bam.bai
-rw-r--r-- root/root       156 2012-11-03 17:11 ./usr/share/bedtools/test/coverage/one_block.sam
-rw-r--r-- root/root        96 2012-11-03 17:11 ./usr/share/bedtools/test/coverage/sam-w-del.bam.bai
-rw-r--r-- root/root       142 2012-11-03 17:11 ./usr/share/bedtools/test/coverage/sam-w-del.sam
-rw-r--r-- root/root       988 2012-11-03 17:11 ./usr/share/bedtools/test/coverage/test-coverage.sh
-rw-r--r-- root/root        96 2012-11-03 17:11 ./usr/share/bedtools/test/coverage/three_blocks.bam.bai
-rw-r--r-- root/root       171 2012-11-03 17:11 ./usr/share/bedtools/test/coverage/three_blocks.sam
-rw-r--r-- root/root        60 2012-11-03 17:11 ./usr/share/bedtools/test/coverage/three_blocks_match.bed
-rw-r--r-- root/root        63 2012-11-03 17:11 ./usr/share/bedtools/test/coverage/three_blocks_match_1bp.bed
-rw-r--r-- root/root        63 2012-11-03 17:11 ./usr/share/bedtools/test/coverage/three_blocks_nomatch.bed
-rw-r--r-- root/root        96 2012-11-03 17:11 ./usr/share/bedtools/test/coverage/two_blocks.bam.bai
-rw-r--r-- root/root       162 2012-11-03 17:11 ./usr/share/bedtools/test/coverage/two_blocks.sam
drwxr-xr-x root/root         0 2012-11-04 11:31 ./usr/share/bedtools/test/expand/
-rw-r--r-- root/root        52 2012-11-03 17:11 ./usr/share/bedtools/test/expand/expand.txt
-rw-r--r-- root/root      1278 2012-11-03 17:11 ./usr/share/bedtools/test/expand/test-expand.sh
drwxr-xr-x root/root         0 2012-11-04 11:31 ./usr/share/bedtools/test/flank/
-rw-r--r-- root/root        41 2012-11-03 17:11 ./usr/share/bedtools/test/flank/a.bed
-rw-r--r-- root/root      3859 2012-11-03 17:11 ./usr/share/bedtools/test/flank/test-flank.sh
-rw-r--r-- root/root        10 2012-11-03 17:11 ./usr/share/bedtools/test/flank/tiny.genome
drwxr-xr-x root/root         0 2012-11-04 11:31 ./usr/share/bedtools/test/general/
-rw-r--r-- root/root      1950 2012-11-03 17:11 ./usr/share/bedtools/test/general/test-general.sh
drwxr-xr-x root/root         0 2012-11-04 11:31 ./usr/share/bedtools/test/genomecov/
-rw-r--r-- root/root       156 2012-11-03 17:11 ./usr/share/bedtools/test/genomecov/one_block.sam
-rw-r--r-- root/root       142 2012-11-03 17:11 ./usr/share/bedtools/test/genomecov/sam-w-del.sam
-rw-r--r-- root/root      3402 2012-11-03 17:11 ./usr/share/bedtools/test/genomecov/test-genomecov.sh
-rw-r--r-- root/root       171 2012-11-03 17:11 ./usr/share/bedtools/test/genomecov/three_blocks.sam
-rw-r--r-- root/root        60 2012-11-03 17:11 ./usr/share/bedtools/test/genomecov/three_blocks_match.bed
-rw-r--r-- root/root        63 2012-11-03 17:11 ./usr/share/bedtools/test/genomecov/three_blocks_match_1bp.bed
-rw-r--r-- root/root        63 2012-11-03 17:11 ./usr/share/bedtools/test/genomecov/three_blocks_nomatch.bed
-rw-r--r-- root/root       162 2012-11-03 17:11 ./usr/share/bedtools/test/genomecov/two_blocks.sam
drwxr-xr-x root/root         0 2012-11-04 11:31 ./usr/share/bedtools/test/getfasta/
-rw-r--r-- root/root       117 2012-11-03 17:11 ./usr/share/bedtools/test/getfasta/blocks.bed
-rw-r--r-- root/root         0 2012-11-03 17:11 ./usr/share/bedtools/test/getfasta/t.bed
-rw-r--r-- root/root        61 2012-11-03 17:11 ./usr/share/bedtools/test/getfasta/t.fa
-rw-r--r-- root/root        16 2012-11-03 17:11 ./usr/share/bedtools/test/getfasta/t.fa.fai
-rw-r--r-- root/root      1193 2012-11-03 17:11 ./usr/share/bedtools/test/getfasta/test-getfasta.sh
drwxr-xr-x root/root         0 2012-11-04 11:31 ./usr/share/bedtools/test/groupBy/
-rw-r--r-- root/root       885 2012-11-03 17:11 ./usr/share/bedtools/test/groupBy/test-groupby.sh
-rw-r--r-- root/root       250 2012-11-03 17:11 ./usr/share/bedtools/test/groupBy/values3.header.bed
drwxr-xr-x root/root         0 2012-11-04 11:31 ./usr/share/bedtools/test/intersect/
-rw-r--r-- root/root        38 2012-11-03 17:11 ./usr/share/bedtools/test/intersect/a.bed
-rw-r--r-- root/root        76 2012-11-03 17:11 ./usr/share/bedtools/test/intersect/b.bed
-rw-r--r-- root/root        18 2012-11-03 17:11 ./usr/share/bedtools/test/intersect/c.bed
-rw-r--r-- root/root       255 2012-11-03 17:11 ./usr/share/bedtools/test/intersect/mapped_and_unmapped.sam
-rw-r--r-- root/root       162 2012-11-03 17:11 ./usr/share/bedtools/test/intersect/one_block.sam
-rw-r--r-- root/root     10172 2012-11-03 17:11 ./usr/share/bedtools/test/intersect/test-intersect.sh
-rw-r--r-- root/root       176 2012-11-03 17:11 ./usr/share/bedtools/test/intersect/three_blocks.sam
-rw-r--r-- root/root        60 2012-11-03 17:11 ./usr/share/bedtools/test/intersect/three_blocks_match.bed
-rw-r--r-- root/root        63 2012-11-03 17:11 ./usr/share/bedtools/test/intersect/three_blocks_match_1bp.bed
-rw-r--r-- root/root        63 2012-11-03 17:11 ./usr/share/bedtools/test/intersect/three_blocks_nomatch.bed
-rw-r--r-- root/root       167 2012-11-03 17:11 ./usr/share/bedtools/test/intersect/two_blocks.sam
drwxr-xr-x root/root         0 2012-11-04 11:31 ./usr/share/bedtools/test/jaccard/
-rw-r--r-- root/root        38 2012-11-03 17:11 ./usr/share/bedtools/test/jaccard/a.bed
-rw-r--r-- root/root        77 2012-11-03 17:11 ./usr/share/bedtools/test/jaccard/b.bed
-rw-r--r-- root/root        18 2012-11-03 17:11 ./usr/share/bedtools/test/jaccard/c.bed
-rw-r--r-- root/root        11 2012-11-03 17:11 ./usr/share/bedtools/test/jaccard/d.bed
-rw-r--r-- root/root       825 2012-11-03 17:11 ./usr/share/bedtools/test/jaccard/test-jaccard.sh
drwxr-xr-x root/root         0 2012-11-04 11:31 ./usr/share/bedtools/test/map/
-rw-r--r-- root/root        72 2012-11-03 17:11 ./usr/share/bedtools/test/map/ivls.bed
-rw-r--r-- root/root      2753 2012-11-03 17:11 ./usr/share/bedtools/test/map/test-map.sh
-rw-r--r-- root/root       147 2012-11-03 17:11 ./usr/share/bedtools/test/map/values.bed
-rw-r--r-- root/root       186 2012-11-03 17:11 ./usr/share/bedtools/test/map/values2.bed
-rw-r--r-- root/root       227 2012-11-03 17:11 ./usr/share/bedtools/test/map/values3.bed
drwxr-xr-x root/root         0 2012-11-04 11:31 ./usr/share/bedtools/test/merge/
-rw-r--r-- root/root        46 2012-11-03 17:11 ./usr/share/bedtools/test/merge/a.bed
-rw-r--r-- root/root       147 2012-11-03 17:11 ./usr/share/bedtools/test/merge/a.full.bed
-rw-r--r-- root/root        57 2012-11-03 17:11 ./usr/share/bedtools/test/merge/a.names.bed
-rw-r--r-- root/root      3642 2012-11-03 17:11 ./usr/share/bedtools/test/merge/test-merge.sh
drwxr-xr-x root/root         0 2012-11-04 11:31 ./usr/share/bedtools/test/multicov/
-rw-r--r-- root/root        72 2012-11-03 17:11 ./usr/share/bedtools/test/multicov/multicov.bed
-rw-r--r-- root/root        96 2012-11-03 17:11 ./usr/share/bedtools/test/multicov/one_block.bam.bai
-rw-r--r-- root/root       162 2012-11-03 17:11 ./usr/share/bedtools/test/multicov/one_block.sam
-rw-r--r-- root/root      3836 2012-11-03 17:11 ./usr/share/bedtools/test/multicov/test-multicov.sh
-rw-r--r-- root/root        96 2012-11-03 17:11 ./usr/share/bedtools/test/multicov/two_blocks.bam.bai
-rw-r--r-- root/root       167 2012-11-03 17:11 ./usr/share/bedtools/test/multicov/two_blocks.sam
drwxr-xr-x root/root         0 2012-11-04 11:31 ./usr/share/bedtools/test/slop/
-rw-r--r-- root/root        41 2012-11-03 17:11 ./usr/share/bedtools/test/slop/a.bed
-rw-r--r-- root/root      3603 2012-11-03 17:11 ./usr/share/bedtools/test/slop/test-slop.sh
-rw-r--r-- root/root        10 2012-11-03 17:11 ./usr/share/bedtools/test/slop/tiny.genome
drwxr-xr-x root/root         0 2012-11-04 11:31 ./usr/share/bedtools/test/subtract/
-rw-r--r-- root/root        36 2012-11-03 17:11 ./usr/share/bedtools/test/subtract/a.bed
-rw-r--r-- root/root        36 2012-11-03 17:11 ./usr/share/bedtools/test/subtract/b.bed
-rw-r--r-- root/root      2532 2012-11-03 17:11 ./usr/share/bedtools/test/subtract/test-subtract.sh
-rw-r--r-- root/root      1243 2012-11-03 17:11 ./usr/share/bedtools/test/test.sh
drwxr-xr-x root/root         0 2012-11-04 11:35 ./usr/bin/
-rwxr-xr-x root/root        41 2012-11-04 11:35 ./usr/bin/annotateBed
-rwxr-xr-x root/root        41 2012-11-04 11:35 ./usr/bin/bamToBed
-rwxr-xr-x root/root        43 2012-11-04 11:35 ./usr/bin/bamToFastq
-rwxr-xr-x root/root        44 2012-11-04 11:35 ./usr/bin/bed12ToBed6
-rwxr-xr-x root/root        43 2012-11-04 11:35 ./usr/bin/bedpeToBam
-rwxr-xr-x root/root        41 2012-11-04 11:35 ./usr/bin/bedToBam
-rwxr-xr-x root/root        36 2012-11-04 11:35 ./usr/bin/bedToIgv
-rwxr-xr-x root/root   1357996 2012-11-04 11:35 ./usr/bin/bedtools
-rwxr-xr-x root/root        40 2012-11-04 11:35 ./usr/bin/closestBed
-rwxr-xr-x root/root        40 2012-11-04 11:35 ./usr/bin/clusterBed
-rwxr-xr-x root/root        43 2012-11-04 11:35 ./usr/bin/complementBed
-rwxr-xr-x root/root        41 2012-11-04 11:35 ./usr/bin/coverageBed
-rwxr-xr-x root/root        39 2012-11-04 11:35 ./usr/bin/expandCols
-rwxr-xr-x root/root        41 2012-11-04 11:35 ./usr/bin/fastaFromBed
-rwxr-xr-x root/root        38 2012-11-04 11:35 ./usr/bin/flankBed
-rwxr-xr-x root/root        42 2012-11-04 11:35 ./usr/bin/genomeCoverageBed
-rwxr-xr-x root/root        40 2012-11-04 11:35 ./usr/bin/getOverlap
-rwxr-xr-x root/root        42 2012-11-04 11:35 ./usr/bin/intersectBed
-rwxr-xr-x root/root        38 2012-11-04 11:35 ./usr/bin/linksBed
-rwxr-xr-x root/root        36 2012-11-04 11:35 ./usr/bin/mapBed
-rwxr-xr-x root/root        42 2012-11-04 11:35 ./usr/bin/maskFastaFromBed
-rwxr-xr-x root/root        38 2012-11-04 11:35 ./usr/bin/mergeBed
-rwxr-xr-x root/root        41 2012-11-04 11:35 ./usr/bin/multiBamCov
-rwxr-xr-x root/root        43 2012-11-04 11:35 ./usr/bin/multiIntersectBed
-rwxr-xr-x root/root        36 2012-11-04 11:35 ./usr/bin/nucBed
-rwxr-xr-x root/root        42 2012-11-04 11:35 ./usr/bin/pairToBed
-rwxr-xr-x root/root        43 2012-11-04 11:35 ./usr/bin/pairToPair
-rwxr-xr-x root/root        39 2012-11-04 11:35 ./usr/bin/randomBed
-rwxr-xr-x root/root        40 2012-11-04 11:35 ./usr/bin/shuffleBed
-rwxr-xr-x root/root        37 2012-11-04 11:35 ./usr/bin/slopBed
-rwxr-xr-x root/root        37 2012-11-04 11:35 ./usr/bin/sortBed
-rwxr-xr-x root/root        41 2012-11-04 11:35 ./usr/bin/subtractBed
-rwxr-xr-x root/root        36 2012-11-04 11:35 ./usr/bin/tagBam
-rwxr-xr-x root/root        42 2012-11-04 11:35 ./usr/bin/unionBedGraphs
-rwxr-xr-x root/root        39 2012-11-04 11:35 ./usr/bin/windowBed
-rwxr-xr-x root/root        44 2012-11-04 11:35 ./usr/bin/windowMaker
drwxr-xr-x root/root         0 2012-11-04 11:35 ./etc/
drwxr-xr-x root/root         0 2012-11-04 11:35 ./etc/bash_completion.d/
-rw-r--r-- root/root       638 2012-11-04 08:54 ./etc/bash_completion.d/bedtools


┌──────────────────────────────────────────────────────────────────────────────┐
│ Finished                                                                     │
└──────────────────────────────────────────────────────────────────────────────┘

Built successfully
────────────────────────────────────────────────────────────────────────────────

┌──────────────────────────────────────────────────────────────────────────────┐
│ Post Build                                                                   │
└──────────────────────────────────────────────────────────────────────────────┘

Purging /var/lib/schroot/mount/sid-ki-sbuild-1352028575-77249/build/buildd-bedtools_2.17.0-1-kfreebsd-i386-CSLuXL
Not cleaning session: cloned chroot in use

┌──────────────────────────────────────────────────────────────────────────────┐
│ Summary                                                                      │
└──────────────────────────────────────────────────────────────────────────────┘

Architecture: kfreebsd-i386
Build-Space: 74924
Build-Time: 244
Distribution: sid
Install-Time: 52
Job: bedtools_2.17.0-1
Package: bedtools
Package-Time: 358
Source-Version: 2.17.0-1
Space: 74924
Status: successful
Version: 2.17.0-1
────────────────────────────────────────────────────────────────────────────────
Finished at 20121104-1135
Build needed 00:05:58, 74924k disc space
Signature with key 'B3DA9773' requested:
