From buildd@mayer.debian.org Wed Oct 05 10:06:11 2011
Return-path: <buildd@mayer.debian.org>
Received: from kokkonen.debian.org ([2001:41b8:202:deb:1a1a:0:52c3:4b61])
	from C=NA, ST=NA, L=Ankh Morpork, O=Debian SMTP, OU=Debian SMTP CA,
	CN=kokkonen.debian.org,
	EMAIL=hostmaster@kokkonen.debian.org (verified)
	by grieg.debian.org with esmtps (TLS1.0:RSA_AES_256_CBC_SHA1:32)
	(Exim 4.72) (envelope-from <buildd@mayer.debian.org>)
	id 1RBOMd-0004JL-8U
	for logs@buildd.debian.org; Wed, 05 Oct 2011 10:06:11 +0000
Received: from mayer.debian.org ([140.211.166.78])
	from C=NA, ST=NA, L=Ankh Morpork, O=Debian SMTP, OU=Debian SMTP CA,
	CN=mayer.debian.org, EMAIL=hostmaster@mayer.debian.org (verified)
	by kokkonen.debian.org with esmtps (TLS1.0:RSA_AES_256_CBC_SHA1:32)
	(Exim 4.72) (envelope-from <buildd@mayer.debian.org>)
	id 1RBOMc-00034a-01
	for logs@buildd.debian.org; Wed, 05 Oct 2011 10:06:10 +0000
Received: from buildd by mayer.debian.org with local (Exim 4.69)
	(envelope-from <buildd@mayer.debian.org>) id 1RBOMX-0004yO-0Q
	for logs@buildd.debian.org; Wed, 05 Oct 2011 10:06:05 +0000
From: buildd on mayer <buildd@mayer.debian.org>
To: logs@buildd.debian.org
Subject: Log for successful build of bedtools_2.13.3-1 on mipsel (dist=sid)
Content-Type: text/plain; charset=UTF-8
Content-Transfer-Encoding: 8bit
Message-Id: <E1RBOMX-0004yO-0Q@mayer.debian.org>
Date: Wed, 05 Oct 2011 10:06:05 +0000
Delivered-To: logs@buildd.debian.org

sbuild (Debian sbuild) 0.61.0 (23 Feb 2011) on mayer.debian.org

╔══════════════════════════════════════════════════════════════════════════════╗
║ bedtools 2.13.3-1 (mipsel)                                 05 Oct 2011 09:44 ║
╚══════════════════════════════════════════════════════════════════════════════╝

Package: bedtools
Version: 2.13.3-1
Source Version: 2.13.3-1
Architecture: mipsel
Get:1 http://debian.oregonstate.edu sid InRelease [146 kB]
Get:2 http://debian.oregonstate.edu sid/main Sources [5816 kB]
Hit http://incoming.debian.org sid InRelease
Ign http://incoming.debian.org  InRelease
Hit http://incoming.debian.org  Release.gpg
Hit http://incoming.debian.org sid/main Sources
Hit http://incoming.debian.org sid/contrib Sources
Hit http://incoming.debian.org sid/main mipsel Packages
Hit http://incoming.debian.org sid/contrib mipsel Packages
Ign http://incoming.debian.org sid/contrib TranslationIndex
Hit http://incoming.debian.org sid/main TranslationIndex
Hit http://incoming.debian.org  Release
Hit http://incoming.debian.org  Sources
Hit http://incoming.debian.org  Packages
Get:3 http://debian.oregonstate.edu sid/contrib Sources [57.1 kB]
Get:4 http://debian.oregonstate.edu sid/main mipsel Packages [7572 kB]
Ign http://incoming.debian.org sid/contrib Translation-en
Ign http://incoming.debian.org  Translation-en
Get:5 http://debian.oregonstate.edu sid/contrib mipsel Packages [55.6 kB]
Ign http://debian.oregonstate.edu sid/contrib TranslationIndex
Hit http://debian.oregonstate.edu sid/main TranslationIndex
Ign http://debian.oregonstate.edu sid/contrib Translation-en
Fetched 13.6 MB in 27s (501 kB/s)
Reading package lists...

┌──────────────────────────────────────────────────────────────────────────────┐
│ Fetch source files                                                           │
└──────────────────────────────────────────────────────────────────────────────┘


Check APT
─────────

Checking available source versions...

Download source files with APT
──────────────────────────────

Reading package lists...
Building dependency tree...
Reading state information...
NOTICE: 'bedtools' packaging is maintained in the 'Git' version control system at:
git://git.debian.org/git/debian-med/bedtools.git
Need to get 666 kB of source archives.
Get:1 http://incoming.debian.org/buildd-unstable/  bedtools 2.13.3-1 (dsc) [1967 B]
Get:2 http://incoming.debian.org/buildd-unstable/  bedtools 2.13.3-1 (tar) [660 kB]
Get:3 http://incoming.debian.org/buildd-unstable/  bedtools 2.13.3-1 (diff) [4282 B]
Fetched 666 kB in 1s (663 kB/s)
Download complete and in download only mode

Check arch
──────────


┌──────────────────────────────────────────────────────────────────────────────┐
│ Install core build dependencies (internal resolver)                          │
└──────────────────────────────────────────────────────────────────────────────┘

Build-Depends: build-essential, fakeroot
Checking for already installed dependencies...
build-essential: already installed (11.5)
fakeroot: already installed (1.18-1)
Checking for dependency conflicts...
Installing positive dependencies: 
Reading package lists...
Building dependency tree...
Reading state information...
0 upgraded, 0 newly installed, 0 to remove and 12 not upgraded.
Removing negative dependencies: 
Reading package lists...
Building dependency tree...
Reading state information...
0 upgraded, 0 newly installed, 0 to remove and 12 not upgraded.
Checking correctness of dependencies...

┌──────────────────────────────────────────────────────────────────────────────┐
│ Install bedtools build dependencies (internal resolver)                      │
└──────────────────────────────────────────────────────────────────────────────┘

Build-Depends: base-files, base-passwd, bash, coreutils, dash, debianutils, diffutils, dpkg, e2fsprogs, findutils, grep, gzip, hostname, ncurses-base, ncurses-bin, perl-base, sed, login, sysvinit-utils, sysvinit, tar, bsdutils, mount, util-linux, libc6-dev | libc-dev, gcc (>= 4:4.4.3), g++ (>= 4:4.4.3), make, dpkg-dev (>= 1.13.5), cdbs, debhelper (>= 8), quilt, zlib1g-dev
Checking for already installed dependencies...
base-files: already installed (6.5)
base-passwd: already installed (3.5.23)
bash: already installed (4.1-3)
coreutils: already installed (8.13-2)
dash: already installed (0.5.7-2)
debianutils: already installed (4.0.2)
diffutils: already installed (1:3.0-1)
dpkg: already installed (1.16.1)
e2fsprogs: already installed (1.42~WIP-2011-07-02-1)
findutils: already installed (4.4.2-1+b1)
grep: already installed (2.9-2)
gzip: already installed (1.4-1)
hostname: already installed (3.06)
ncurses-base: already installed (5.9-2)
ncurses-bin: already installed (5.9-2)
perl-base: already installed (5.12.4-4)
sed: already installed (4.2.1-9)
login: already installed (1:4.1.4.2+svn3283-3)
sysvinit-utils: already installed (2.88dsf-13.11)
sysvinit: already installed (2.88dsf-13.11)
tar: already installed (1.26-2)
bsdutils: already installed (1:2.19.1-5)
mount: already installed (2.19.1-5)
util-linux: already installed (2.19.1-5)
libc6-dev: already installed (2.13-21)
gcc: already installed (4:4.6.1-3 >= 4:4.4.3 is satisfied)
g++: already installed (4:4.6.1-3 >= 4:4.4.3 is satisfied)
make: already installed (3.81-8.1)
dpkg-dev: already installed (1.16.1 >= 1.13.5 is satisfied)
cdbs: already installed (0.4.99)
debhelper: already installed (8.9.8 >= 8 is satisfied)
quilt: missing
zlib1g-dev: already installed (1:1.2.3.4.dfsg-3)
Checking for dependency conflicts...
Installing positive dependencies: quilt
Reading package lists...
Building dependency tree...
Reading state information...
The following extra packages will be installed:
  diffstat
Suggested packages:
  procmail graphviz
The following NEW packages will be installed:
  diffstat quilt
debconf: delaying package configuration, since apt-utils is not installed
0 upgraded, 2 newly installed, 0 to remove and 12 not upgraded.
Need to get 0 B/385 kB of archives.
After this operation, 835 kB of additional disk space will be used.
Selecting previously unselected package diffstat.
(Reading database ... 26387 files and directories currently installed.)
Unpacking diffstat (from .../diffstat_1.54-1_mipsel.deb) ...
Selecting previously unselected package quilt.
Unpacking quilt (from .../archives/quilt_0.48-8_all.deb) ...
Processing triggers for man-db ...
Setting up diffstat (1.54-1) ...
Setting up quilt (0.48-8) ...
Removing negative dependencies: 
Reading package lists...
Building dependency tree...
Reading state information...
0 upgraded, 0 newly installed, 0 to remove and 12 not upgraded.
Checking correctness of dependencies...
Kernel: Linux 2.6.32-5-sb1-bcm91250a mipsel (mips64)
Toolchain package versions: binutils_2.21.53.20110922-1 dpkg-dev_1.16.1 g++-4.6_4.6.1-13 gcc-4.6_4.6.1-13 libc6-dev_2.13-21 libstdc++6_4.6.1-13 libstdc++6-4.6-dev_4.6.1-13 linux-libc-dev_3.0.0-3
Package versions: apt_0.8.15.8 base-files_6.5 base-passwd_3.5.23 bash_4.1-3 binutils_2.21.53.20110922-1 bsdmainutils_8.2.3 bsdutils_1:2.19.1-5 build-essential_11.5 bzip2_1.0.5-7 cdbs_0.4.99 coreutils_8.13-2 cpio_2.11-7 cpp_4:4.6.1-3 cpp-4.6_4.6.1-13 dash_0.5.7-2 debconf_1.5.41 debfoster_2.7-1.1 debhelper_8.9.8 debian-archive-keyring_2010.08.28 debianutils_4.0.2 dh-buildinfo_0.9 diffstat_1.54-1 diffutils_1:3.0-1 dmsetup_2:1.02.65-1 docutils-common_0.8.1-3 doxygen_1.7.4-4 doxygen-latex_1.7.4-4 dpkg_1.16.1 dpkg-dev_1.16.1 e2fslibs_1.42~WIP-2011-07-02-1 e2fsprogs_1.42~WIP-2011-07-02-1 ed_1.5-3 fakeroot_1.18-1 file_5.08-1 findutils_4.4.2-1+b1 fontconfig_2.8.0-3 fontconfig-config_2.8.0-3 g++_4:4.6.1-3 g++-4.6_4.6.1-13 gcc_4:4.6.1-3 gcc-4.4-base_4.4.6-11 gcc-4.5-base_4.5.3-9 gcc-4.6_4.6.1-13 gcc-4.6-base_4.6.1-13 gettext_0.18.1.1-4 gettext-base_0.18.1.1-4 gfortran_4:4.6.1-3 gfortran-4.6_4.6.1-13 ghostscript_9.02~dfsg-3 gnupg_1.4.11-3 gperf_3.0.3-1+b1 gpgv_1.4.11-3 grep_2.9-2 groff-base_1.21-6 gs-cjk-resource_1.20100103-2 gsfonts_1:8.11+urwcyr1.0.7~pre44-4.2 gzip_1.4-1 hostname_3.06 html2text_1.3.2a-15 initscripts_2.88dsf-13.11 insserv_1.14.0-2.1 intltool-debian_0.35.0+20060710.1 latex-xcolor_2.11-1 libacl1_2.2.51-3 libattr1_1:2.4.46-3 libaudio2_1.9.2-9 libavahi-client3_0.6.30-5 libavahi-common-data_0.6.30-5 libavahi-common3_0.6.30-5 libblas3gf_1.2.20110419-2 libblkid1_2.19.1-5 libbz2-1.0_1.0.5-7 libc-bin_2.13-21 libc-dev-bin_2.13-21 libc6_2.13-21 libc6-dev_2.13-21 libcnf-dev_4.0-2 libcomerr2_1.42~WIP-2011-07-02-1 libcroco3_0.6.2-1 libcups2_1.5.0-8 libcupsimage2_1.5.0-8 libdb4.8_4.8.30-10 libdb5.1_5.1.25-11 libdbus-1-3_1.4.16-1 libdevmapper1.02.1_2:1.02.65-1 libdpkg-perl_1.16.1 libexpat1_2.0.1-7 libexpat1-dev_2.0.1-7 libfontconfig1_2.8.0-3 libfreetype6_2.4.6-2 libgc1c2_1:7.1-8 libgcc1_1:4.6.1-13 libgcrypt11_1.5.0-3 libgdbm3_1.8.3-10 libgfortran3_4.6.1-13 libglib2.0-0_2.28.6-1 libgmp10_2:5.0.2+dfsg-1 libgnutls26_2.12.11-1 libgomp1_4.6.1-13 libgpg-error0_1.10-1 libgs9_9.02~dfsg-3 libgs9-common_9.02~dfsg-3 libgssapi-krb5-2_1.9.1+dfsg-3 libice6_2:1.0.7-2 libidn11_1.22-3 libijs-0.35_0.35-8 libjasper1_1.900.1-10 libjbig2dec0_0.11-1 libjpeg62_6b1-2 libjpeg8_8c-2 libk5crypto3_1.9.1+dfsg-3 libkeyutils1_1.5.2-2 libkpathsea5_2009-11 libkrb5-3_1.9.1+dfsg-3 libkrb5support0_1.9.1+dfsg-3 liblapack3gf_3.3.1-1 liblcms1_1.19.dfsg-1+b1 libltdl-dev_2.4-4 libltdl7_2.4-4 liblua5.1-0_5.1.4-10 liblua5.1-0-dev_5.1.4-10 liblzma2_5.1.1alpha+20110809-2 libmagic1_5.08-1 libmng1_1.0.10-3 libmount1_2.19.1-5 libmpc2_0.9-3 libmpfr4_3.0.1-6 libncurses5_5.9-2 libncurses5-dev_5.9-2 libncursesw5_5.9-2 libodbc1_2.2.14p2-3 libodbcinstq1c2_2.2.14p2-3 libopenjpeg2_1.3+dfsg-4 libp11-kit0_0.7-2 libpam-modules_1.1.3-4 libpam-modules-bin_1.1.3-4 libpam-runtime_1.1.3-4 libpam0g_1.1.3-4 libpaper-utils_1.1.24+nmu1 libpaper1_1.1.24+nmu1 libpcre3_8.12-4 libpipeline1_1.2.0-3 libpng12-0_1.2.46-3 libpoppler13_0.16.7-2+b1 libpopt-dev_1.16-1 libpopt0_1.16-1 libpython2.7_2.7.2-5 libqt3-mt_3:3.3.8b-11 libreadline-dev_6.2-4 libreadline6_6.2-4 libreadline6-dev_6.2-4 libselinux1_2.1.0-1 libsepol1_2.1.0-1.1 libslang2_2.2.4-3 libsm6_2:1.2.0-2 libsqlite3-0_3.7.8-1 libss2_1.42~WIP-2011-07-02-1 libssl-dev_1.0.0e-2 libssl1.0.0_1.0.0e-2 libstdc++6_4.6.1-13 libstdc++6-4.6-dev_4.6.1-13 libtasn1-3_2.9-4 libtiff4_3.9.5-2 libtimedate-perl_1.2000-1 libtinfo-dev_5.9-2 libtinfo5_5.9-2 libtut-dev_0.0.20070706-1 libudev0_172-1 libunistring0_0.9.3-4 libusb-0.1-4_2:0.1.12-19 libuuid1_2.19.1-5 libx11-6_2:1.4.4-2 libx11-data_2:1.4.4-2 libxau6_1:1.0.6-3 libxaw7_2:1.0.9-2 libxcb1_1.7-3 libxcursor1_1:1.1.12-1 libxdmcp6_1:1.1.0-3 libxext6_2:1.3.0-3 libxfixes3_1:5.0-4 libxft2_2.2.0-3 libxi6_2:1.4.3-3 libxinerama1_2:1.1.1-3 libxml2_2.7.8.dfsg-4 libxmu6_2:1.1.0-2 libxpm4_1:3.5.9-1 libxrandr2_2:1.3.2-2 libxrender1_1:0.9.6-2 libxt6_1:1.1.1-2 linux-libc-dev_3.0.0-3 login_1:4.1.4.2+svn3283-3 lsb-base_3.2-28 luatex_0.70.1-1+b1 make_3.81-8.1 man-db_2.6.0.2-2 mawk_1.3.3-15 mime-support_3.51-1 module-init-tools_3.16-1 mount_2.19.1-5 multiarch-support_2.13-21 ncurses-base_5.9-2 ncurses-bin_5.9-2 odbcinst_2.2.14p2-3 odbcinst1debian2_2.2.14p2-3 passwd_1:4.1.4.2+svn3283-3 patch_2.6.1-2 perl_5.12.4-4 perl-base_5.12.4-4 perl-modules_5.12.4-4 pkg-config_0.26-1 po-debconf_1.0.16+nmu1 preview-latex-style_11.86-4 procps_1:3.2.8-11 python_2.7.2-7 python-central_0.6.17 python-dev_2.7.2-7 python-docutils_0.8.1-3 python-minimal_2.7.2-7 python-numpy_1:1.5.1-2+b1 python-roman_0.8.1-3 python-support_1.0.14 python2.7_2.7.2-5 python2.7-dev_2.7.2-5 python2.7-minimal_2.7.2-5 quilt_0.48-8 readline-common_6.2-4 sed_4.2.1-9 sensible-utils_0.0.6 sgml-base_1.26+nmu1 swig_2.0.4-4 swig2.0_2.0.4-4 sysv-rc_2.88dsf-13.11 sysvinit_2.88dsf-13.11 sysvinit-utils_2.88dsf-13.11 tar_1.26-2 tex-common_2.10 texlive-base_2009-14 texlive-binaries_2009-11 texlive-common_2009-14 texlive-doc-base_2009-2 texlive-extra-utils_2009-10 texlive-font-utils_2009-10 texlive-latex-base_2009-14 texlive-latex-extra_2009-10 texlive-latex-recommended_2009-14 texlive-pictures_2009-14 ttf-dejavu-core_2.33-2 tzdata_2011k-1 ucf_3.0025+nmu2 udev_172-1 unixodbc_2.2.14p2-3 unixodbc-dev_2.2.14p2-3 util-linux_2.19.1-5 x11-common_1:7.6+9 xml-core_0.13 xz-utils_5.1.1alpha+20110809-2 zlib1g_1:1.2.3.4.dfsg-3 zlib1g-dev_1:1.2.3.4.dfsg-3

┌──────────────────────────────────────────────────────────────────────────────┐
│ Build                                                                        │
└──────────────────────────────────────────────────────────────────────────────┘


Unpack source
─────────────

gpgv: keyblock resource `/home/buildd/.gnupg/trustedkeys.gpg': file open error
gpgv: Signature made Wed Oct  5 08:41:27 2011 UTC using RSA key ID 2295D502
gpgv: Can't check signature: public key not found
dpkg-source: warning: failed to verify signature on ./bedtools_2.13.3-1.dsc
dpkg-source: info: extracting bedtools in bedtools-2.13.3
dpkg-source: info: unpacking bedtools_2.13.3.orig.tar.xz
dpkg-source: info: unpacking bedtools_2.13.3-1.debian.tar.gz
dpkg-source: info: applying gzstream.h.patch

Check disc space
────────────────


dpkg-buildpackage
─────────────────

dpkg-buildpackage: dpkg-buildflags (origin: vendor): CFLAGS = -g -O2 -D_FORTIFY_SOURCE=2 -Wformat -Wformat-security -Werror=format-security
dpkg-buildpackage: dpkg-buildflags (origin: vendor): CPPFLAGS = 
dpkg-buildpackage: dpkg-buildflags (origin: vendor): CXXFLAGS = -g -O2 -D_FORTIFY_SOURCE=2 -Wformat -Wformat-security -Werror=format-security
dpkg-buildpackage: dpkg-buildflags (origin: vendor): FFLAGS = -g -O2
dpkg-buildpackage: dpkg-buildflags (origin: vendor): LDFLAGS = -Wl,-z,relro
dpkg-buildpackage: source package bedtools
dpkg-buildpackage: source version 2.13.3-1
 dpkg-source --before-build bedtools-2.13.3
dpkg-buildpackage: host architecture mipsel
 fakeroot debian/rules clean
test -x debian/rules
dh_testroot
rm -f debian/stamp-makefile-build debian/stamp-makefile-install
/usr/bin/make  -C . CFLAGS="-g -O2 -D_FORTIFY_SOURCE=2 -Wformat -Wformat-security -Werror=format-security -Wall" CXXFLAGS="-g -O2 -D_FORTIFY_SOURCE=2 -Wformat -Wformat-security -Werror=format-security -Wall" CPPFLAGS="" LDFLAGS=""  -k clean
make[1]: Entering directory `/build/buildd-bedtools_2.13.3-1-mipsel-EOYlXM/bedtools-2.13.3'
Cleaning up.
make[1]: Leaving directory `/build/buildd-bedtools_2.13.3-1-mipsel-EOYlXM/bedtools-2.13.3'
dh_clean 
/usr/bin/make -f debian/rules reverse-config
make[1]: Entering directory `/build/buildd-bedtools_2.13.3-1-mipsel-EOYlXM/bedtools-2.13.3'
make[1]: Nothing to be done for `reverse-config'.
make[1]: Leaving directory `/build/buildd-bedtools_2.13.3-1-mipsel-EOYlXM/bedtools-2.13.3'
if [ -d "." ]; then \
	  cd . && QUILT_PATCHES=/build/buildd-bedtools_2.13.3-1-mipsel-EOYlXM/bedtools-2.13.3/debian/patches quilt --quiltrc /dev/null pop -a -R || test $? = 2 ; \
	fi
Removing patch gzstream.h.patch
Restoring src/utils/gzstream/gzstream.C

No patches applied
rm -rf ./.pc
rm -f debian/stamp-patch*
 debian/rules build
test -x debian/rules
mkdir -p "."
/usr/share/cdbs/1/rules/buildcore.mk:109: WARNING:  DEB_DH_BUILDDEB_ARGS is a deprecated variable
/usr/bin/make -f debian/rules reverse-config
make[1]: Entering directory `/build/buildd-bedtools_2.13.3-1-mipsel-EOYlXM/bedtools-2.13.3'
make[1]: Nothing to be done for `reverse-config'.
make[1]: Leaving directory `/build/buildd-bedtools_2.13.3-1-mipsel-EOYlXM/bedtools-2.13.3'
cd . && QUILT_PATCHES=/build/buildd-bedtools_2.13.3-1-mipsel-EOYlXM/bedtools-2.13.3/debian/patches quilt --quiltrc /dev/null push -a || test $? = 2
Applying patch gzstream.h.patch
patching file src/utils/gzstream/gzstream.C

Now at patch gzstream.h.patch
touch debian/stamp-patched
/usr/bin/make -f debian/rules update-config
make[1]: Entering directory `/build/buildd-bedtools_2.13.3-1-mipsel-EOYlXM/bedtools-2.13.3'
make[1]: Nothing to be done for `update-config'.
make[1]: Leaving directory `/build/buildd-bedtools_2.13.3-1-mipsel-EOYlXM/bedtools-2.13.3'
/usr/bin/make  -C . CFLAGS="-g -O2 -D_FORTIFY_SOURCE=2 -Wformat -Wformat-security -Werror=format-security -Wall" CXXFLAGS="-g -O2 -D_FORTIFY_SOURCE=2 -Wformat -Wformat-security -Werror=format-security -Wall" CPPFLAGS="" LDFLAGS=""  
make[1]: Entering directory `/build/buildd-bedtools_2.13.3-1-mipsel-EOYlXM/bedtools-2.13.3'
[ -d obj ] || mkdir -p obj
[ -d bin ] || mkdir -p bin
Building BEDTools:
=========================================================
- Building in src/utils/lineFileUtilities
  * compiling lineFileUtilities.cpp

- Building in src/utils/bedFile
  * compiling bedFile.cpp

- Building in src/utils/bedGraphFile
  * compiling bedGraphFile.cpp

- Building in src/utils/chromsweep
  * compiling chromsweep.cpp

- Building in src/utils/gzstream
g++ -g -O2 -D_FORTIFY_SOURCE=2 -Wformat -Wformat-security -Werror=format-security -Wall -c -o ../../../obj//gzstream.o gzstream.C -I.

- Building in src/utils/fileType
  * compiling fileType.cpp

- Building in src/utils/bedFilePE
  * compiling bedFilePE.cpp

- Building in src/utils/sequenceUtilities
  * compiling sequenceUtils.cpp

- Building in src/utils/tabFile
  * compiling tabFile.cpp

- Building in src/utils/BamTools
  * compiling BamAlignment.cpp
src/api/BamAlignment.cpp: In member function 'bool BamTools::BamAlignment::GetTag(const string&, std::vector<unsigned int>&) const':
src/api/BamAlignment.cpp:1769:9: warning: variable 'elementLength' set but not used [-Wunused-but-set-variable]
src/api/BamAlignment.cpp: In member function 'bool BamTools::BamAlignment::GetTag(const string&, std::vector<int>&) const':
src/api/BamAlignment.cpp:1856:9: warning: variable 'elementLength' set but not used [-Wunused-but-set-variable]
src/api/BamAlignment.cpp: In member function 'bool BamTools::BamAlignment::GetTag(const string&, std::vector<float>&) const':
src/api/BamAlignment.cpp:1944:9: warning: variable 'elementLength' set but not used [-Wunused-but-set-variable]
  * compiling BamMultiReader.cpp
  * compiling BamReader.cpp
  * compiling BamWriter.cpp
  * compiling SamHeader.cpp
  * compiling SamProgram.cpp
  * compiling SamProgramChain.cpp
  * compiling SamReadGroup.cpp
  * compiling SamReadGroupDictionary.cpp
  * compiling SamSequence.cpp
  * compiling SamSequenceDictionary.cpp
  * compiling BamHeader_p.cpp
  * compiling BamIndexFactory_p.cpp
  * compiling BamMultiReader_p.cpp
  * compiling BamRandomAccessController_p.cpp
  * compiling BamReader_p.cpp
  * compiling BamStandardIndex_p.cpp
  * compiling BamToolsIndex_p.cpp
  * compiling BamWriter_p.cpp
  * compiling BgzfStream_p.cpp
  * compiling SamFormatParser_p.cpp
  * compiling SamFormatPrinter_p.cpp
  * compiling SamHeaderValidator_p.cpp
[ -d lib ] || mkdir -p lib
[ -d include ] || mkdir -p include
[ -d include/api ] || mkdir -p include/api
[ -d include/shared ] || mkdir -p include/shared
  * linking libbamtools.a
ar cr lib/libbamtools.a  src/api/BamAlignment.o src/api/BamMultiReader.o src/api/BamReader.o src/api/BamWriter.o src/api/SamHeader.o src/api/SamProgram.o src/api/SamProgramChain.o src/api/SamReadGroup.o src/api/SamReadGroupDictionary.o src/api/SamSequence.o src/api/SamSequenceDictionary.o src/api/internal/BamHeader_p.o src/api/internal/BamIndexFactory_p.o src/api/internal/BamMultiReader_p.o src/api/internal/BamRandomAccessController_p.o src/api/internal/BamReader_p.o src/api/internal/BamStandardIndex_p.o src/api/internal/BamToolsIndex_p.o src/api/internal/BamWriter_p.o src/api/internal/BgzfStream_p.o src/api/internal/SamFormatParser_p.o src/api/internal/SamFormatPrinter_p.o src/api/internal/SamHeaderValidator_p.o

- Building in src/utils/BamTools-Ancillary
  * compiling BamAncillary.cpp

- Building in src/utils/Fasta
  * compiling Fasta.cpp
Fasta.cpp: In member function 'void FastaIndexEntry::clear()':
Fasta.cpp:28:14: warning: converting to non-pointer type 'int' from NULL [-Wconversion-null]
Fasta.cpp:31:17: warning: converting to non-pointer type 'int' from NULL [-Wconversion-null]
Fasta.cpp:32:17: warning: converting to non-pointer type 'int' from NULL [-Wconversion-null]
Fasta.cpp: In member function 'std::string FastaReference::getSubSequence(std::string, int, int)':
Fasta.cpp:308:55: warning: ignoring return value of 'size_t fread(void*, size_t, size_t, FILE*)', declared with attribute warn_unused_result [-Wunused-result]
Fasta.cpp: In member function 'std::string FastaReference::getSequence(std::string)':
Fasta.cpp:266:47: warning: ignoring return value of 'size_t fread(void*, size_t, size_t, FILE*)', declared with attribute warn_unused_result [-Wunused-result]
  * compiling split.cpp

- Building in src/utils/genomeFile
  * compiling genomeFile.cpp
genomeFile.cpp: In member function 'void GenomeFile::loadGenomeFileIntoMap()':
genomeFile.cpp:61:26: warning: variable 'c2' set but not used [-Wunused-but-set-variable]

- Building in src/annotateBed
  * compiling annotateMain.cpp
annotateMain.cpp: In function 'int main(int, char**)':
annotateMain.cpp:39:10: warning: variable 'haveTitles' set but not used [-Wunused-but-set-variable]
  * compiling annotateBed.cpp
  * linking annotateBed

- Building in src/bamToBed
  * compiling bamToBed.cpp
bamToBed.cpp: In function 'int main(int, char**)':
bamToBed.cpp:70:10: warning: variable 'useAlignmentScore' set but not used [-Wunused-but-set-variable]
  * linking bamToBed

- Building in src/bedToBam
  * compiling bedToBam.cpp
bedToBam.cpp: In function 'int main(int, char**)':
bedToBam.cpp:60:10: warning: variable 'haveMapQual' set but not used [-Wunused-but-set-variable]
  * linking bedToBam

- Building in src/bedToIgv
  * compiling bedToIgv.cpp
  * linking bedToIgv

- Building in src/bed12ToBed6
  * compiling bed12ToBed6.cpp
  * linking bed12ToBed6

- Building in src/closestBed
  * compiling closestMain.cpp
  * compiling closestBed.cpp
  * linking closestBed

- Building in src/complementBed
  * compiling complementMain.cpp
  * compiling complementBed.cpp
  * linking complementBed

- Building in src/coverageBed
  * compiling coverageMain.cpp
  * compiling coverageBed.cpp
  * linking coverageBed

- Building in src/fastaFromBed
  * compiling fastaFromBedMain.cpp
  * compiling fastaFromBed.cpp
  * linking fastaFromBed

- Building in src/flankBed
  * compiling flankBedMain.cpp
  * compiling flankBed.cpp
  * linking flankBed

- Building in src/genomeCoverageBed
  * compiling genomeCoverageMain.cpp
  * compiling genomeCoverageBed.cpp
  * linking genomeCoverageBed

- Building in src/intersectBed
  * compiling intersectMain.cpp
  * compiling intersectBed.cpp
  * linking intersectBed

- Building in src/linksBed
  * compiling linksMain.cpp
  * compiling linksBed.cpp
  * linking linksBed

- Building in src/maskFastaFromBed
  * compiling maskFastaFromBedMain.cpp
  * compiling maskFastaFromBed.cpp
  * linking maskFastaFromBed

- Building in src/mergeBed
  * compiling mergeMain.cpp
mergeMain.cpp: In function 'int main(int, char**)':
mergeMain.cpp:40:10: warning: variable 'haveMaxDistance' set but not used [-Wunused-but-set-variable]
  * compiling mergeBed.cpp
  * linking mergeBed

- Building in src/multiBamCov
  * compiling multiBamCovMain.cpp
multiBamCovMain.cpp: In function 'int main(int, char**)':
multiBamCovMain.cpp:38:10: warning: variable 'haveBed' set but not used [-Wunused-but-set-variable]
multiBamCovMain.cpp:39:10: warning: variable 'haveBams' set but not used [-Wunused-but-set-variable]
  * compiling multiBamCov.cpp
  * linking multiBamCov

- Building in src/nucBed
  * compiling nucBedMain.cpp
  * compiling nucBed.cpp
  * linking nucBed

- Building in src/overlap
  * compiling overlap.cpp
overlap.cpp: In function 'int main(int, char**)':
overlap.cpp:44:10: warning: variable 'haveColumns' set but not used [-Wunused-but-set-variable]
  * linking overlap

- Building in src/pairToBed
  * compiling pairToBedMain.cpp
pairToBedMain.cpp: In function 'int main(int, char**)':
pairToBedMain.cpp:43:10: warning: variable 'haveFraction' set but not used [-Wunused-but-set-variable]
  * compiling pairToBed.cpp
pairToBed.cpp: In member function 'void BedIntersectPE::FindSpanningOverlaps(const BEDPE&, std::vector<BED>&, const string&)':
pairToBed.cpp:255:12: warning: variable 'spanLength' set but not used [-Wunused-but-set-variable]
pairToBed.cpp: In member function 'bool BedIntersectPE::FindOneOrMoreSpanningOverlaps(const BEDPE&, const string&)':
pairToBed.cpp:307:9: warning: variable 'spanLength' set but not used [-Wunused-but-set-variable]
  * linking pairToBed

- Building in src/pairToPair
  * compiling pairToPairMain.cpp
pairToPairMain.cpp: In function 'int main(int, char**)':
pairToPairMain.cpp:44:10: warning: variable 'haveFraction' set but not used [-Wunused-but-set-variable]
  * compiling pairToPair.cpp
pairToPair.cpp: In member function 'void PairToPair::FindOverlaps(const BEDPE&)':
pairToPair.cpp:112:14: warning: variable 'found1' set but not used [-Wunused-but-set-variable]
pairToPair.cpp:113:14: warning: variable 'found2' set but not used [-Wunused-but-set-variable]
  * linking pairToPair

- Building in src/shuffleBed
  * compiling shuffleBedMain.cpp
  * compiling shuffleBed.cpp
  * linking shuffleBed

- Building in src/slopBed
  * compiling slopBedMain.cpp
  * compiling slopBed.cpp
  * linking slopBed

- Building in src/sortBed
  * compiling sortMain.cpp
  * compiling sortBed.cpp
  * linking sortBed

- Building in src/subtractBed
  * compiling subtractMain.cpp
subtractMain.cpp: In function 'int main(int, char**)':
subtractMain.cpp:41:10: warning: variable 'haveFraction' set but not used [-Wunused-but-set-variable]
  * compiling subtractBed.cpp
  * linking subtractBed

- Building in src/tagBam
  * compiling tagBamMain.cpp
tagBamMain.cpp: In function 'int main(int, char**)':
tagBamMain.cpp:38:10: warning: variable 'haveFraction' set but not used [-Wunused-but-set-variable]
  * compiling tagBam.cpp
  * linking tagBam

- Building in src/unionBedGraphs
  * compiling unionBedGraphs.cpp
  * compiling unionBedGraphsMain.cpp
unionBedGraphsMain.cpp: In function 'int main(int, char**)':
unionBedGraphsMain.cpp:46:10: warning: variable 'haveFiles' set but not used [-Wunused-but-set-variable]
unionBedGraphsMain.cpp:48:10: warning: variable 'haveGenome' set but not used [-Wunused-but-set-variable]
unionBedGraphsMain.cpp:49:10: warning: variable 'haveFiller' set but not used [-Wunused-but-set-variable]
  * linking unionBedGraphs

- Building in src/windowBed
  * compiling windowMain.cpp
  * compiling windowBed.cpp
  * linking windowBed

make[1]: Leaving directory `/build/buildd-bedtools_2.13.3-1-mipsel-EOYlXM/bedtools-2.13.3'
touch debian/stamp-makefile-build
DEB_MAKE_CHECK_TARGET unset, not running checks
 fakeroot debian/rules binary-arch
test -x debian/rules
dh_testroot
dh_prep 
dh_installdirs -A 
mkdir -p "."
/usr/share/cdbs/1/rules/buildcore.mk:109: WARNING:  DEB_DH_BUILDDEB_ARGS is a deprecated variable
DEB_MAKE_CHECK_TARGET unset, not running checks
DEB_MAKE_INSTALL_TARGET unset, skipping default makefile.mk common-install target
Adding cdbs dependencies to debian/bedtools.substvars
dh_installdirs -pbedtools 
dh_installdocs -pbedtools 
dh_installexamples -pbedtools 
dh_installman -pbedtools  
dh_installinfo -pbedtools  
dh_installmenu -pbedtools 
dh_installcron -pbedtools 
dh_installinit -pbedtools  
dh_installdebconf -pbedtools 
dh_installemacsen -pbedtools   
dh_installcatalogs -pbedtools 
dh_installpam -pbedtools 
dh_installlogrotate -pbedtools 
dh_installlogcheck -pbedtools 
dh_installchangelogs -pbedtools  RELEASE_HISTORY 
dh_installudev -pbedtools 
dh_lintian -pbedtools 
dh_bugfiles -pbedtools 
dh_install -pbedtools  
dh_link -pbedtools  
dh_buildinfo -pbedtools 
dh_installmime -pbedtools 
dh_installgsettings -pbedtools 
dh_strip -pbedtools  
dh_compress -pbedtools  
dh_fixperms -pbedtools  
dh_makeshlibs -pbedtools  
dh_installdeb -pbedtools 
dh_perl -pbedtools 
dh_shlibdeps -pbedtools    
dh_gencontrol -pbedtools  
dh_md5sums -pbedtools 
dh_builddeb -pbedtools -- -Z xz
dpkg-deb: building package `bedtools' in `../bedtools_2.13.3-1_mipsel.deb'.
 dpkg-genchanges -B -mmipsel Build Daemon (mayer) <buildd_mips-mayer@buildd.debian.org> >../bedtools_2.13.3-1_mipsel.changes
dpkg-genchanges: arch-specific upload - not including arch-independent packages
dpkg-genchanges: binary-only upload - not including any source code
 dpkg-source --after-build bedtools-2.13.3
dpkg-buildpackage: binary only upload (no source included)
────────────────────────────────────────────────────────────────────────────────
Build finished at 20111005-1005

bedtools_2.13.3-1_mipsel.changes:
Format: 1.8
Date: Wed, 05 Oct 2011 17:18:15 +0900
Source: bedtools
Binary: bedtools
Architecture: mipsel
Version: 2.13.3-1
Distribution: sid
Urgency: low
Maintainer: mipsel Build Daemon (mayer) <buildd_mips-mayer@buildd.debian.org>
Changed-By: Charles Plessy <plessy@debian.org>
Description: 
 bedtools   - suite of utilities for comparing genomic features
Changes: 
 bedtools (2.13.3-1) unstable; urgency=low
 .
   [ea1c596] New upstream release.
Checksums-Sha1: 
 70a401adf167a606f58bc85ca0ea18b6b9363498 629960 bedtools_2.13.3-1_mipsel.deb
Checksums-Sha256: 
 d67904e6bc4035d5261c3dd4f42b6d92f00add1b96f581a8debbc20697ff8b7e 629960 bedtools_2.13.3-1_mipsel.deb
Files: 
 592b28403eb5b89cceb2eb041fb710e8 629960 science optional bedtools_2.13.3-1_mipsel.deb

┌──────────────────────────────────────────────────────────────────────────────┐
│ Package contents                                                             │
└──────────────────────────────────────────────────────────────────────────────┘


bedtools_2.13.3-1_mipsel.deb
────────────────────────────

 new debian package, version 2.0.
 size 629960 bytes: control archive= 1751 bytes.
     838 bytes,    18 lines      control              
    2095 bytes,    36 lines      md5sums              
 Package: bedtools
 Version: 2.13.3-1
 Architecture: mipsel
 Maintainer: Debian Med Packaging Team <debian-med-packaging@lists.alioth.debian.org>
 Installed-Size: 5000
 Depends: libc6 (>= 2.3.4), libgcc1 (>= 1:4.1.1), libstdc++6 (>= 4.4.0), zlib1g (>= 1:1.1.4)
 Suggests: filo
 Section: science
 Priority: optional
 Homepage: http://code.google.com/p/bedtools/
 Description: suite of utilities for comparing genomic features
  The BEDTools utilities allow one to address common genomics tasks such as
  finding feature overlaps and computing coverage. The utilities are largely
  based on four widely-used file formats: BED, GFF/GTF, VCF, and SAM/BAM. Using
  BEDTools, one can develop sophisticated pipelines that answer complicated
  research questions by streaming several BEDTools together.
  .
  The groupBy utility is distribued in the filo package.

dpkg-deb: file `/var/lib/schroot/mount/sid-mipsel-sbuild-8c9248b3-89ee-4e22-b464-96dd4dc502fb/build/buildd-bedtools_2.13.3-1-mipsel-EOYlXM/bedtools_2.13.3-1_mipsel.deb' contains ununderstood data member data.tar.xz     , giving up


┌──────────────────────────────────────────────────────────────────────────────┐
│ Finished                                                                     │
└──────────────────────────────────────────────────────────────────────────────┘

Built successfully
────────────────────────────────────────────────────────────────────────────────

┌──────────────────────────────────────────────────────────────────────────────┐
│ Post Build                                                                   │
└──────────────────────────────────────────────────────────────────────────────┘

Purging /var/lib/schroot/mount/sid-mipsel-sbuild-8c9248b3-89ee-4e22-b464-96dd4dc502fb/build/buildd-bedtools_2.13.3-1-mipsel-EOYlXM
Reading package lists...
Building dependency tree...
Reading state information...
0 upgraded, 0 newly installed, 0 to remove and 12 not upgraded.
Reading package lists...
Building dependency tree...
Reading state information...
The following packages will be REMOVED:
  diffstat* quilt*
0 upgraded, 0 newly installed, 2 to remove and 12 not upgraded.
After this operation, 835 kB disk space will be freed.
(Reading database ... 26467 files and directories currently installed.)
Removing quilt ...
Purging configuration files for quilt ...
Removing diffstat ...
Processing triggers for man-db ...

┌──────────────────────────────────────────────────────────────────────────────┐
│ Summary                                                                      │
└──────────────────────────────────────────────────────────────────────────────┘

Architecture: mipsel
Build-Space: 102184
Build-Time: 1168
Distribution: sid
Install-Time: 33
Job: bedtools_2.13.3-1
Package: bedtools
Package-Time: 1264
Source-Version: 2.13.3-1
Space: 102184
Status: successful
Version: 2.13.3-1
────────────────────────────────────────────────────────────────────────────────
Finished at 20111005-1005
Build needed 00:21:04, 102184k disc space
Signature with key 'A5633F94' requested:

