From buildd@lebrun.debian.org Sat Oct 29 04:42:32 2011
Return-path: <buildd@lebrun.debian.org>
Received: from kokkonen.debian.org ([2001:41b8:202:deb:1a1a:0:52c3:4b61])
	from C=NA, ST=NA, L=Ankh Morpork, O=Debian SMTP, OU=Debian SMTP CA,
	CN=kokkonen.debian.org,
	EMAIL=hostmaster@kokkonen.debian.org (verified)
	by grieg.debian.org with esmtps (TLS1.0:RSA_AES_256_CBC_SHA1:32)
	(Exim 4.72) (envelope-from <buildd@lebrun.debian.org>)
	id 1RK0ka-0006LI-DL
	for logs@buildd.debian.org; Sat, 29 Oct 2011 04:42:32 +0000
Received: from lebrun.debian.org ([193.198.184.10])
	from C=NA, ST=NA, L=Ankh Morpork, O=Debian SMTP, OU=Debian SMTP CA,
	CN=lebrun.debian.org, EMAIL=hostmaster@lebrun.debian.org (verified)
	by kokkonen.debian.org with esmtps (TLS1.0:RSA_AES_256_CBC_SHA1:32)
	(Exim 4.72) (envelope-from <buildd@lebrun.debian.org>)
	id 1RK0kZ-0002sp-J8
	for logs@buildd.debian.org; Sat, 29 Oct 2011 04:42:31 +0000
Received: from buildd by lebrun.debian.org with local (Exim 4.72)
	(envelope-from <buildd@lebrun.debian.org>)
	id 1RK0kX-0006eR-IR; Sat, 29 Oct 2011 04:42:29 +0000
Message-Id: <E1RK0kX-0006eR-IR@lebrun.debian.org>
MIME-Version: 1.0
Content-Transfer-Encoding: binary
X-Mailer: MIME::Lite 3.027 (F2.77; B3.08; Q3.08)
Date: Sat, 29 Oct 2011 04:42:29 +0000
From: buildd on lebrun <buildd@lebrun.debian.org>
To: logs@buildd.debian.org,buildd-admin@lebrun.debian.org
Subject: Log for successful build of bedtools_2.13.4-1 on sparc (dist=sid)
Key-Id: 632E3DB6
Delivered-To: logs@buildd.debian.org

sbuild (Debian sbuild) 0.61.0 (23 Feb 2011) on lebrun.debian.org

╔══════════════════════════════════════════════════════════════════════════════╗
║ bedtools 2.13.4-1 (sparc)                                  29 Oct 2011 04:30 ║
╚══════════════════════════════════════════════════════════════════════════════╝

Package: bedtools
Version: 2.13.4-1
Source Version: 2.13.4-1
Architecture: sparc
Get:1 http://debian.carnet.hr unstable InRelease [146 kB]
Get:2 http://incoming.debian.org unstable InRelease [146 kB]
Get:3 http://debian.carnet.hr unstable/main Sources [5874 kB]
Get:4 http://debian.carnet.hr unstable/contrib Sources [56.5 kB]
Get:5 http://debian.carnet.hr unstable/non-free Sources [104 kB]
Get:6 http://debian.carnet.hr unstable/main sparc Packages [7644 kB]
Ign http://incoming.debian.org  InRelease
Get:7 http://incoming.debian.org  Release.gpg [836 B]
Get:8 http://incoming.debian.org  Release [1604 B]
Get:9 http://incoming.debian.org unstable/main Sources [5874 kB]
Get:10 http://debian.carnet.hr unstable/contrib sparc Packages [55.3 kB]
Ign http://debian.carnet.hr unstable/contrib TranslationIndex
Get:11 http://debian.carnet.hr unstable/main TranslationIndex [2045 B]
Ign http://debian.carnet.hr unstable/contrib Translation-en
Get:12 http://incoming.debian.org unstable/contrib Sources [56.5 kB]
Get:13 http://incoming.debian.org unstable/non-free Sources [104 kB]
Get:14 http://incoming.debian.org unstable/main sparc Packages [7644 kB]
Get:15 http://incoming.debian.org unstable/contrib sparc Packages [55.3 kB]
Ign http://incoming.debian.org unstable/contrib TranslationIndex
Get:16 http://incoming.debian.org unstable/main TranslationIndex [2045 B]
Get:17 http://incoming.debian.org  Sources [36.6 kB]
Get:18 http://incoming.debian.org  Packages [333 kB]
Ign http://incoming.debian.org  Translation-en
Ign http://incoming.debian.org unstable/contrib Translation-en
Fetched 28.1 MB in 29s (945 kB/s)
Reading package lists...

┌──────────────────────────────────────────────────────────────────────────────┐
│ Fetch source files                                                           │
└──────────────────────────────────────────────────────────────────────────────┘


Check APT
─────────

Checking available source versions...

Download source files with APT
──────────────────────────────

Reading package lists...
Building dependency tree...
Reading state information...
NOTICE: 'bedtools' packaging is maintained in the 'Git' version control system at:
git://git.debian.org/git/debian-med/bedtools.git
Need to get 922 kB of source archives.
Get:1 http://incoming.debian.org/buildd-unstable/  bedtools 2.13.4-1 (dsc) [1967 B]
Get:2 http://incoming.debian.org/buildd-unstable/  bedtools 2.13.4-1 (tar) [916 kB]
Get:3 http://incoming.debian.org/buildd-unstable/  bedtools 2.13.4-1 (diff) [4231 B]
Fetched 922 kB in 2s (389 kB/s)
Download complete and in download only mode

Check arch
──────────


┌──────────────────────────────────────────────────────────────────────────────┐
│ Install core build dependencies (internal resolver)                          │
└──────────────────────────────────────────────────────────────────────────────┘

Build-Depends: build-essential, fakeroot
Checking for already installed dependencies...
build-essential: already installed (11.5)
fakeroot: already installed (1.18.1-1)
Checking for dependency conflicts...
Installing positive dependencies: 
Reading package lists...
Building dependency tree...
Reading state information...
0 upgraded, 0 newly installed, 0 to remove and 23 not upgraded.
Removing negative dependencies: 
Reading package lists...
Building dependency tree...
Reading state information...
0 upgraded, 0 newly installed, 0 to remove and 23 not upgraded.
Checking correctness of dependencies...

┌──────────────────────────────────────────────────────────────────────────────┐
│ Install bedtools build dependencies (internal resolver)                      │
└──────────────────────────────────────────────────────────────────────────────┘

Build-Depends: base-files, base-passwd, bash, coreutils, dash, debianutils, diffutils, dpkg, e2fsprogs, findutils, grep, gzip, hostname, ncurses-base, ncurses-bin, perl-base, sed, login, sysvinit-utils, sysvinit, tar, bsdutils, mount, util-linux, libc6-dev | libc-dev, libc6-dev-sparc64, gcc (>= 4:4.4.3), g++ (>= 4:4.4.3), make, dpkg-dev (>= 1.13.5), cdbs, debhelper (>= 8), quilt, zlib1g-dev
Checking for already installed dependencies...
base-files: already installed (6.5)
base-passwd: already installed (3.5.23)
bash: already installed (4.1-3)
coreutils: already installed (8.13-3)
dash: already installed (0.5.7-2)
debianutils: already installed (4.0.4)
diffutils: already installed (1:3.0-1)
dpkg: already installed (1.16.1.1)
e2fsprogs: already installed (1.42~WIP-2011-10-09-1)
findutils: already installed (4.4.2-1+b2)
grep: already installed (2.9-2)
gzip: already installed (1.4-1)
hostname: already installed (3.06)
ncurses-base: already installed (5.9-2)
ncurses-bin: already installed (5.9-2)
perl-base: already installed (5.12.4-6)
sed: already installed (4.2.1-9)
login: already installed (1:4.1.4.2+svn3283-3)
sysvinit-utils: already installed (2.88dsf-13.12)
sysvinit: already installed (2.88dsf-13.12)
tar: already installed (1.26-2)
bsdutils: already installed (1:2.19.1-5)
mount: already installed (2.19.1-5)
util-linux: already installed (2.19.1-5)
libc6-dev: already installed (2.13-21)
libc6-dev-sparc64: already installed (2.13-21)
gcc: already installed (4:4.6.1-3 >= 4:4.4.3 is satisfied)
g++: already installed (4:4.6.1-3 >= 4:4.4.3 is satisfied)
make: already installed (3.81-8.1)
dpkg-dev: already installed (1.16.1.1 >= 1.13.5 is satisfied)
cdbs: missing
debhelper: missing
Using default version 8.9.8
quilt: missing
zlib1g-dev: missing
Checking for dependency conflicts...
Installing positive dependencies: cdbs debhelper quilt zlib1g-dev
Reading package lists...
Building dependency tree...
Reading state information...
The following extra packages will be installed:
  bsdmainutils diffstat file gettext gettext-base groff-base html2text
  intltool-debian libcroco3 libglib2.0-0 libmagic1 libpcre3 libpipeline1
  libunistring0 libxml2 man-db po-debconf
Suggested packages:
  wamerican wordlist whois vacation devscripts dh-make gettext-doc groff less
  www-browser libmail-box-perl procmail graphviz
Recommended packages:
  autotools-dev curl wget lynx-cur autopoint libglib2.0-data shared-mime-info
  xml-core libmail-sendmail-perl
The following NEW packages will be installed:
  bsdmainutils cdbs debhelper diffstat file gettext gettext-base groff-base
  html2text intltool-debian libcroco3 libglib2.0-0 libmagic1 libpcre3
  libpipeline1 libunistring0 libxml2 man-db po-debconf quilt zlib1g-dev
0 upgraded, 21 newly installed, 0 to remove and 23 not upgraded.
Need to get 9455 kB of archives.
After this operation, 27.2 MB of additional disk space will be used.
Get:1 http://debian.carnet.hr/debian/ unstable/main libpipeline1 sparc 1.2.0-3 [36.0 kB]
Get:2 http://debian.carnet.hr/debian/ unstable/main libpcre3 sparc 8.12-4 [231 kB]
Get:3 http://debian.carnet.hr/debian/ unstable/main libglib2.0-0 sparc 2.28.8-1 [1508 kB]
Get:4 http://debian.carnet.hr/debian/ unstable/main libxml2 sparc 2.7.8.dfsg-5 [816 kB]
Get:5 http://debian.carnet.hr/debian/ unstable/main libcroco3 sparc 0.6.2-2 [106 kB]
Get:6 http://debian.carnet.hr/debian/ unstable/main libunistring0 sparc 0.9.3-5 [416 kB]
Get:7 http://debian.carnet.hr/debian/ unstable/main bsdmainutils sparc 8.2.3 [206 kB]
Get:8 http://debian.carnet.hr/debian/ unstable/main groff-base sparc 1.21-6 [1155 kB]
Get:9 http://debian.carnet.hr/debian/ unstable/main man-db sparc 2.6.0.2-2 [1005 kB]
Get:10 http://debian.carnet.hr/debian/ unstable/main libmagic1 sparc 5.09-2 [245 kB]
Get:11 http://debian.carnet.hr/debian/ unstable/main file sparc 5.09-2 [51.5 kB]
Get:12 http://debian.carnet.hr/debian/ unstable/main gettext-base sparc 0.18.1.1-5 [140 kB]
Get:13 http://debian.carnet.hr/debian/ unstable/main cdbs all 0.4.99 [77.1 kB]
Get:14 http://debian.carnet.hr/debian/ unstable/main html2text sparc 1.3.2a-15 [100 kB]
Get:15 http://debian.carnet.hr/debian/ unstable/main gettext sparc 0.18.1.1-5 [1983 kB]
Get:16 http://debian.carnet.hr/debian/ unstable/main intltool-debian all 0.35.0+20060710.1 [30.8 kB]
Get:17 http://debian.carnet.hr/debian/ unstable/main po-debconf all 1.0.16+nmu1 [223 kB]
Get:18 http://debian.carnet.hr/debian/ unstable/main debhelper all 8.9.8 [552 kB]
Get:19 http://debian.carnet.hr/debian/ unstable/main diffstat sparc 1.54-1 [28.3 kB]
Get:20 http://debian.carnet.hr/debian/ unstable/main quilt all 0.48-8 [357 kB]
Get:21 http://debian.carnet.hr/debian/ unstable/main zlib1g-dev sparc 1:1.2.3.4.dfsg-3 [189 kB]
debconf: delaying package configuration, since apt-utils is not installed
Fetched 9455 kB in 8s (1135 kB/s)
Selecting previously unselected package libpipeline1.
(Reading database ... 10908 files and directories currently installed.)
Unpacking libpipeline1 (from .../libpipeline1_1.2.0-3_sparc.deb) ...
Selecting previously unselected package libpcre3.
Unpacking libpcre3 (from .../libpcre3_8.12-4_sparc.deb) ...
Selecting previously unselected package libglib2.0-0.
Unpacking libglib2.0-0 (from .../libglib2.0-0_2.28.8-1_sparc.deb) ...
Selecting previously unselected package libxml2.
Unpacking libxml2 (from .../libxml2_2.7.8.dfsg-5_sparc.deb) ...
Selecting previously unselected package libcroco3.
Unpacking libcroco3 (from .../libcroco3_0.6.2-2_sparc.deb) ...
Selecting previously unselected package libunistring0.
Unpacking libunistring0 (from .../libunistring0_0.9.3-5_sparc.deb) ...
Selecting previously unselected package bsdmainutils.
Unpacking bsdmainutils (from .../bsdmainutils_8.2.3_sparc.deb) ...
Selecting previously unselected package groff-base.
Unpacking groff-base (from .../groff-base_1.21-6_sparc.deb) ...
Selecting previously unselected package man-db.
Unpacking man-db (from .../man-db_2.6.0.2-2_sparc.deb) ...
Selecting previously unselected package libmagic1.
Unpacking libmagic1 (from .../libmagic1_5.09-2_sparc.deb) ...
Selecting previously unselected package file.
Unpacking file (from .../archives/file_5.09-2_sparc.deb) ...
Selecting previously unselected package gettext-base.
Unpacking gettext-base (from .../gettext-base_0.18.1.1-5_sparc.deb) ...
Selecting previously unselected package cdbs.
Unpacking cdbs (from .../archives/cdbs_0.4.99_all.deb) ...
Selecting previously unselected package html2text.
Unpacking html2text (from .../html2text_1.3.2a-15_sparc.deb) ...
Selecting previously unselected package gettext.
Unpacking gettext (from .../gettext_0.18.1.1-5_sparc.deb) ...
Selecting previously unselected package intltool-debian.
Unpacking intltool-debian (from .../intltool-debian_0.35.0+20060710.1_all.deb) ...
Selecting previously unselected package po-debconf.
Unpacking po-debconf (from .../po-debconf_1.0.16+nmu1_all.deb) ...
Selecting previously unselected package debhelper.
Unpacking debhelper (from .../debhelper_8.9.8_all.deb) ...
Selecting previously unselected package diffstat.
Unpacking diffstat (from .../diffstat_1.54-1_sparc.deb) ...
Selecting previously unselected package quilt.
Unpacking quilt (from .../archives/quilt_0.48-8_all.deb) ...
Selecting previously unselected package zlib1g-dev.
Unpacking zlib1g-dev (from .../zlib1g-dev_1%3a1.2.3.4.dfsg-3_sparc.deb) ...
Setting up libpipeline1 (1.2.0-3) ...
Setting up libpcre3 (8.12-4) ...
Setting up libglib2.0-0 (2.28.8-1) ...
No schema files found: doing nothing.
Setting up libxml2 (2.7.8.dfsg-5) ...
Setting up libcroco3 (0.6.2-2) ...
Setting up libunistring0 (0.9.3-5) ...
Setting up bsdmainutils (8.2.3) ...
update-alternatives: using /usr/bin/bsd-write to provide /usr/bin/write (write) in auto mode.
update-alternatives: using /usr/bin/bsd-from to provide /usr/bin/from (from) in auto mode.
Setting up groff-base (1.21-6) ...
Setting up man-db (2.6.0.2-2) ...
Building database of manual pages ...
Setting up libmagic1 (5.09-2) ...
Setting up file (5.09-2) ...
Setting up gettext-base (0.18.1.1-5) ...
Setting up cdbs (0.4.99) ...
Setting up html2text (1.3.2a-15) ...
Setting up gettext (0.18.1.1-5) ...
Setting up intltool-debian (0.35.0+20060710.1) ...
Setting up po-debconf (1.0.16+nmu1) ...
Setting up debhelper (8.9.8) ...
Setting up diffstat (1.54-1) ...
Setting up quilt (0.48-8) ...
Setting up zlib1g-dev (1:1.2.3.4.dfsg-3) ...
Removing negative dependencies: 
Reading package lists...
Building dependency tree...
Reading state information...
0 upgraded, 0 newly installed, 0 to remove and 23 not upgraded.
Checking correctness of dependencies...
Kernel: Linux 2.6.32-5-sparc64-smp sparc (sparc64)
Toolchain package versions: binutils_2.21.90.20111004-2 dpkg-dev_1.16.1.1 g++-4.6_4.6.1-15 gcc-4.6_4.6.1-15 libc6-dev_2.13-21 libstdc++6_4.6.1-15 libstdc++6-4.6-dev_4.6.1-15 linux-libc-dev_3.0.0-5
Package versions: apt_0.8.15.9 base-files_6.5 base-passwd_3.5.23 bash_4.1-3 binutils_2.21.90.20111004-2 bsdmainutils_8.2.3 bsdutils_1:2.19.1-5 build-essential_11.5 bzip2_1.0.5-7 cdbs_0.4.99 coreutils_8.13-3 cpp_4:4.6.1-3 cpp-4.6_4.6.1-15 dash_0.5.7-2 debconf_1.5.41 debfoster_2.7-1.1 debhelper_8.9.8 debian-archive-keyring_2010.08.28 debianutils_4.0.4 diffstat_1.54-1 diffutils_1:3.0-1 dpkg_1.16.1.1 dpkg-dev_1.16.1.1 e2fslibs_1.42~WIP-2011-10-09-1 e2fsprogs_1.42~WIP-2011-10-09-1 fakeroot_1.18.1-1 file_5.09-2 findutils_4.4.2-1+b2 g++_4:4.6.1-3 g++-4.6_4.6.1-15 gcc_4:4.6.1-3 gcc-4.6_4.6.1-15 gcc-4.6-base_4.6.1-15 gettext_0.18.1.1-5 gettext-base_0.18.1.1-5 gnupg_1.4.11-3 gpgv_1.4.11-3 grep_2.9-2 groff-base_1.21-6 gzip_1.4-1 hostname_3.06 html2text_1.3.2a-15 initscripts_2.88dsf-13.12 insserv_1.14.0-2.1 intltool-debian_0.35.0+20060710.1 libacl1_2.2.51-3 libattr1_1:2.4.46-3 libblkid1_2.19.1-5 libbz2-1.0_1.0.5-7 libc-bin_2.13-21 libc-dev-bin_2.13-21 libc6_2.13-21 libc6-dev_2.13-21 libc6-dev-sparc64_2.13-21 libc6-sparc64_2.13-21 libcomerr2_1.42~WIP-2011-10-09-1 libcroco3_0.6.2-2 libdb5.1_5.1.25-11 libdpkg-perl_1.16.1.1 libgc1c2_1:7.1-8 libgcc1_1:4.6.1-15 libgdbm3_1.8.3-10 libglib2.0-0_2.28.8-1 libgmp10_2:5.0.2+dfsg-1 libgomp1_4.6.1-15 liblzma2_5.1.1alpha+20110809-2 libmagic1_5.09-2 libmount1_2.19.1-5 libmpc2_0.9-4 libmpfr4_3.1.0-2 libncurses5_5.9-2 libpam-modules_1.1.3-4 libpam-modules-bin_1.1.3-4 libpam-runtime_1.1.3-4 libpam0g_1.1.3-4 libpcre3_8.12-4 libpipeline1_1.2.0-3 libreadline6_6.2-7 libselinux1_2.1.0-1 libsepol1_2.1.0-1.1 libss2_1.42~WIP-2011-10-09-1 libstdc++6_4.6.1-15 libstdc++6-4.6-dev_4.6.1-15 libtimedate-perl_1.2000-1 libtinfo5_5.9-2 libunistring0_0.9.3-5 libusb-0.1-4_2:0.1.12-19 libuuid1_2.19.1-5 libxml2_2.7.8.dfsg-5 linux-libc-dev_3.0.0-5 login_1:4.1.4.2+svn3283-3 lsb-base_3.2-28 make_3.81-8.1 man-db_2.6.0.2-2 mawk_1.3.3-15+b1 mount_2.19.1-5 multiarch-support_2.13-21 ncurses-base_5.9-2 ncurses-bin_5.9-2 passwd_1:4.1.4.2+svn3283-3 patch_2.6.1-2 perl_5.12.4-6 perl-base_5.12.4-6 perl-modules_5.12.4-6 po-debconf_1.0.16+nmu1 quilt_0.48-8 readline-common_6.2-7 sed_4.2.1-9 sensible-utils_0.0.6 sudo_1.8.2-2 sysv-rc_2.88dsf-13.12 sysvinit_2.88dsf-13.12 sysvinit-utils_2.88dsf-13.12 tar_1.26-2 tzdata_2011l-1 util-linux_2.19.1-5 xz-utils_5.1.1alpha+20110809-2 zlib1g_1:1.2.3.4.dfsg-3 zlib1g-dev_1:1.2.3.4.dfsg-3

┌──────────────────────────────────────────────────────────────────────────────┐
│ Build                                                                        │
└──────────────────────────────────────────────────────────────────────────────┘


Unpack source
─────────────

gpgv: keyblock resource `/home/buildd/.gnupg/trustedkeys.gpg': file open error
gpgv: Signature made Sat Oct 29 02:18:35 2011 UTC using RSA key ID 2295D502
gpgv: Can't check signature: public key not found
dpkg-source: warning: failed to verify signature on ./bedtools_2.13.4-1.dsc
dpkg-source: info: extracting bedtools in bedtools-2.13.4
dpkg-source: info: unpacking bedtools_2.13.4.orig.tar.gz
dpkg-source: info: unpacking bedtools_2.13.4-1.debian.tar.gz
dpkg-source: info: applying gzstream.h.patch

Check disc space
────────────────


dpkg-buildpackage
─────────────────

dpkg-buildpackage: source package bedtools
dpkg-buildpackage: source version 2.13.4-1
 dpkg-source --before-build bedtools-2.13.4
dpkg-buildpackage: host architecture sparc
 fakeroot debian/rules clean
test -x debian/rules
dh_testroot
rm -f debian/stamp-makefile-build debian/stamp-makefile-install
/usr/bin/make  -C . CFLAGS="-g -O2 -fstack-protector --param=ssp-buffer-size=4 -Wformat -Wformat-security -Werror=format-security -Wall" CXXFLAGS="-g -O2 -fstack-protector --param=ssp-buffer-size=4 -Wformat -Wformat-security -Werror=format-security -Wall" CPPFLAGS="" LDFLAGS=""  -k clean
make[1]: Entering directory `/build/buildd-bedtools_2.13.4-1-sparc-1fdoun/bedtools-2.13.4'
Cleaning up.
make[1]: Leaving directory `/build/buildd-bedtools_2.13.4-1-sparc-1fdoun/bedtools-2.13.4'
dh_clean 
/usr/bin/make -f debian/rules reverse-config
make[1]: Entering directory `/build/buildd-bedtools_2.13.4-1-sparc-1fdoun/bedtools-2.13.4'
make[1]: Nothing to be done for `reverse-config'.
make[1]: Leaving directory `/build/buildd-bedtools_2.13.4-1-sparc-1fdoun/bedtools-2.13.4'
if [ -d "." ]; then \
	  cd . && QUILT_PATCHES=/build/buildd-bedtools_2.13.4-1-sparc-1fdoun/bedtools-2.13.4/debian/patches quilt --quiltrc /dev/null pop -a -R || test $? = 2 ; \
	fi
Removing patch gzstream.h.patch
Restoring src/utils/gzstream/gzstream.C

No patches applied
rm -rf ./.pc
rm -f debian/stamp-patch*
 debian/rules build
test -x debian/rules
mkdir -p "."
/usr/share/cdbs/1/rules/buildcore.mk:109: WARNING:  DEB_DH_BUILDDEB_ARGS is a deprecated variable
/usr/bin/make -f debian/rules reverse-config
make[1]: Entering directory `/build/buildd-bedtools_2.13.4-1-sparc-1fdoun/bedtools-2.13.4'
make[1]: Nothing to be done for `reverse-config'.
make[1]: Leaving directory `/build/buildd-bedtools_2.13.4-1-sparc-1fdoun/bedtools-2.13.4'
cd . && QUILT_PATCHES=/build/buildd-bedtools_2.13.4-1-sparc-1fdoun/bedtools-2.13.4/debian/patches quilt --quiltrc /dev/null push -a || test $? = 2
Applying patch gzstream.h.patch
patching file src/utils/gzstream/gzstream.C

Now at patch gzstream.h.patch
touch debian/stamp-patched
/usr/bin/make -f debian/rules update-config
make[1]: Entering directory `/build/buildd-bedtools_2.13.4-1-sparc-1fdoun/bedtools-2.13.4'
make[1]: Nothing to be done for `update-config'.
make[1]: Leaving directory `/build/buildd-bedtools_2.13.4-1-sparc-1fdoun/bedtools-2.13.4'
/usr/bin/make  -C . CFLAGS="-g -O2 -fstack-protector --param=ssp-buffer-size=4 -Wformat -Wformat-security -Werror=format-security -Wall" CXXFLAGS="-g -O2 -fstack-protector --param=ssp-buffer-size=4 -Wformat -Wformat-security -Werror=format-security -Wall" CPPFLAGS="" LDFLAGS=""  
make[1]: Entering directory `/build/buildd-bedtools_2.13.4-1-sparc-1fdoun/bedtools-2.13.4'
[ -d obj ] || mkdir -p obj
[ -d bin ] || mkdir -p bin
Building BEDTools:
=========================================================
- Building in src/utils/lineFileUtilities
  * compiling lineFileUtilities.cpp

- Building in src/utils/bedFile
  * compiling bedFile.cpp

- Building in src/utils/bedGraphFile
  * compiling bedGraphFile.cpp

- Building in src/utils/chromsweep
  * compiling chromsweep.cpp

- Building in src/utils/gzstream
g++ -g -O2 -fstack-protector --param=ssp-buffer-size=4 -Wformat -Wformat-security -Werror=format-security -Wall -c -o ../../../obj//gzstream.o gzstream.C -I.

- Building in src/utils/fileType
  * compiling fileType.cpp

- Building in src/utils/bedFilePE
  * compiling bedFilePE.cpp

- Building in src/utils/sequenceUtilities
  * compiling sequenceUtils.cpp

- Building in src/utils/tabFile
  * compiling tabFile.cpp

- Building in src/utils/BamTools
  * compiling BamAlignment.cpp
src/api/BamAlignment.cpp: In member function 'bool BamTools::BamAlignment::GetTag(const string&, std::vector<unsigned int>&) const':
src/api/BamAlignment.cpp:1769:9: warning: variable 'elementLength' set but not used [-Wunused-but-set-variable]
src/api/BamAlignment.cpp: In member function 'bool BamTools::BamAlignment::GetTag(const string&, std::vector<int>&) const':
src/api/BamAlignment.cpp:1856:9: warning: variable 'elementLength' set but not used [-Wunused-but-set-variable]
src/api/BamAlignment.cpp: In member function 'bool BamTools::BamAlignment::GetTag(const string&, std::vector<float>&) const':
src/api/BamAlignment.cpp:1944:9: warning: variable 'elementLength' set but not used [-Wunused-but-set-variable]
  * compiling BamMultiReader.cpp
  * compiling BamReader.cpp
  * compiling BamWriter.cpp
  * compiling SamHeader.cpp
  * compiling SamProgram.cpp
  * compiling SamProgramChain.cpp
  * compiling SamReadGroup.cpp
  * compiling SamReadGroupDictionary.cpp
  * compiling SamSequence.cpp
  * compiling SamSequenceDictionary.cpp
  * compiling BamHeader_p.cpp
  * compiling BamIndexFactory_p.cpp
  * compiling BamMultiReader_p.cpp
  * compiling BamRandomAccessController_p.cpp
  * compiling BamReader_p.cpp
  * compiling BamStandardIndex_p.cpp
  * compiling BamToolsIndex_p.cpp
  * compiling BamWriter_p.cpp
  * compiling BgzfStream_p.cpp
  * compiling SamFormatParser_p.cpp
  * compiling SamFormatPrinter_p.cpp
  * compiling SamHeaderValidator_p.cpp
[ -d lib ] || mkdir -p lib
[ -d include ] || mkdir -p include
[ -d include/api ] || mkdir -p include/api
[ -d include/shared ] || mkdir -p include/shared
  * linking libbamtools.a
ar cr lib/libbamtools.a  src/api/BamAlignment.o src/api/BamMultiReader.o src/api/BamReader.o src/api/BamWriter.o src/api/SamHeader.o src/api/SamProgram.o src/api/SamProgramChain.o src/api/SamReadGroup.o src/api/SamReadGroupDictionary.o src/api/SamSequence.o src/api/SamSequenceDictionary.o src/api/internal/BamHeader_p.o src/api/internal/BamIndexFactory_p.o src/api/internal/BamMultiReader_p.o src/api/internal/BamRandomAccessController_p.o src/api/internal/BamReader_p.o src/api/internal/BamStandardIndex_p.o src/api/internal/BamToolsIndex_p.o src/api/internal/BamWriter_p.o src/api/internal/BgzfStream_p.o src/api/internal/SamFormatParser_p.o src/api/internal/SamFormatPrinter_p.o src/api/internal/SamHeaderValidator_p.o

- Building in src/utils/BamTools-Ancillary
  * compiling BamAncillary.cpp

- Building in src/utils/Fasta
  * compiling Fasta.cpp
Fasta.cpp: In member function 'void FastaIndexEntry::clear()':
Fasta.cpp:28:14: warning: converting to non-pointer type 'int' from NULL [-Wconversion-null]
Fasta.cpp:31:17: warning: converting to non-pointer type 'int' from NULL [-Wconversion-null]
Fasta.cpp:32:17: warning: converting to non-pointer type 'int' from NULL [-Wconversion-null]
  * compiling split.cpp

- Building in src/utils/genomeFile
  * compiling genomeFile.cpp
genomeFile.cpp: In member function 'void GenomeFile::loadGenomeFileIntoMap()':
genomeFile.cpp:61:26: warning: variable 'c2' set but not used [-Wunused-but-set-variable]

- Building in src/annotateBed
  * compiling annotateMain.cpp
annotateMain.cpp: In function 'int main(int, char**)':
annotateMain.cpp:39:10: warning: variable 'haveTitles' set but not used [-Wunused-but-set-variable]
  * compiling annotateBed.cpp
  * linking annotateBed

- Building in src/bamToBed
  * compiling bamToBed.cpp
bamToBed.cpp: In function 'int main(int, char**)':
bamToBed.cpp:70:10: warning: variable 'useAlignmentScore' set but not used [-Wunused-but-set-variable]
  * linking bamToBed

- Building in src/bedToBam
  * compiling bedToBam.cpp
bedToBam.cpp: In function 'int main(int, char**)':
bedToBam.cpp:60:10: warning: variable 'haveMapQual' set but not used [-Wunused-but-set-variable]
  * linking bedToBam

- Building in src/bedToIgv
  * compiling bedToIgv.cpp
  * linking bedToIgv

- Building in src/bed12ToBed6
  * compiling bed12ToBed6.cpp
  * linking bed12ToBed6

- Building in src/closestBed
  * compiling closestMain.cpp
  * compiling closestBed.cpp
  * linking closestBed

- Building in src/complementBed
  * compiling complementMain.cpp
  * compiling complementBed.cpp
  * linking complementBed

- Building in src/coverageBed
  * compiling coverageMain.cpp
  * compiling coverageBed.cpp
  * linking coverageBed

- Building in src/fastaFromBed
  * compiling fastaFromBedMain.cpp
  * compiling fastaFromBed.cpp
  * linking fastaFromBed

- Building in src/flankBed
  * compiling flankBedMain.cpp
  * compiling flankBed.cpp
  * linking flankBed

- Building in src/genomeCoverageBed
  * compiling genomeCoverageMain.cpp
  * compiling genomeCoverageBed.cpp
  * linking genomeCoverageBed

- Building in src/intersectBed
  * compiling intersectMain.cpp
  * compiling intersectBed.cpp
  * linking intersectBed

- Building in src/linksBed
  * compiling linksMain.cpp
  * compiling linksBed.cpp
  * linking linksBed

- Building in src/maskFastaFromBed
  * compiling maskFastaFromBedMain.cpp
  * compiling maskFastaFromBed.cpp
  * linking maskFastaFromBed

- Building in src/mergeBed
  * compiling mergeMain.cpp
mergeMain.cpp: In function 'int main(int, char**)':
mergeMain.cpp:40:10: warning: variable 'haveMaxDistance' set but not used [-Wunused-but-set-variable]
  * compiling mergeBed.cpp
  * linking mergeBed

- Building in src/multiBamCov
  * compiling multiBamCovMain.cpp
multiBamCovMain.cpp: In function 'int main(int, char**)':
multiBamCovMain.cpp:38:10: warning: variable 'haveBed' set but not used [-Wunused-but-set-variable]
multiBamCovMain.cpp:39:10: warning: variable 'haveBams' set but not used [-Wunused-but-set-variable]
  * compiling multiBamCov.cpp
  * linking multiBamCov

- Building in src/nucBed
  * compiling nucBedMain.cpp
  * compiling nucBed.cpp
  * linking nucBed

- Building in src/overlap
  * compiling overlap.cpp
overlap.cpp: In function 'int main(int, char**)':
overlap.cpp:44:10: warning: variable 'haveColumns' set but not used [-Wunused-but-set-variable]
  * linking overlap

- Building in src/pairToBed
  * compiling pairToBedMain.cpp
pairToBedMain.cpp: In function 'int main(int, char**)':
pairToBedMain.cpp:43:10: warning: variable 'haveFraction' set but not used [-Wunused-but-set-variable]
  * compiling pairToBed.cpp
pairToBed.cpp: In member function 'void BedIntersectPE::FindSpanningOverlaps(const BEDPE&, std::vector<BED>&, const string&)':
pairToBed.cpp:255:12: warning: variable 'spanLength' set but not used [-Wunused-but-set-variable]
pairToBed.cpp: In member function 'bool BedIntersectPE::FindOneOrMoreSpanningOverlaps(const BEDPE&, const string&)':
pairToBed.cpp:307:9: warning: variable 'spanLength' set but not used [-Wunused-but-set-variable]
  * linking pairToBed

- Building in src/pairToPair
  * compiling pairToPairMain.cpp
pairToPairMain.cpp: In function 'int main(int, char**)':
pairToPairMain.cpp:44:10: warning: variable 'haveFraction' set but not used [-Wunused-but-set-variable]
  * compiling pairToPair.cpp
pairToPair.cpp: In member function 'void PairToPair::FindOverlaps(const BEDPE&)':
pairToPair.cpp:112:14: warning: variable 'found1' set but not used [-Wunused-but-set-variable]
pairToPair.cpp:113:14: warning: variable 'found2' set but not used [-Wunused-but-set-variable]
  * linking pairToPair

- Building in src/shuffleBed
  * compiling shuffleBedMain.cpp
  * compiling shuffleBed.cpp
  * linking shuffleBed

- Building in src/slopBed
  * compiling slopBedMain.cpp
  * compiling slopBed.cpp
  * linking slopBed

- Building in src/sortBed
  * compiling sortMain.cpp
  * compiling sortBed.cpp
  * linking sortBed

- Building in src/subtractBed
  * compiling subtractMain.cpp
subtractMain.cpp: In function 'int main(int, char**)':
subtractMain.cpp:41:10: warning: variable 'haveFraction' set but not used [-Wunused-but-set-variable]
  * compiling subtractBed.cpp
  * linking subtractBed

- Building in src/tagBam
  * compiling tagBamMain.cpp
tagBamMain.cpp: In function 'int main(int, char**)':
tagBamMain.cpp:38:10: warning: variable 'haveFraction' set but not used [-Wunused-but-set-variable]
  * compiling tagBam.cpp
  * linking tagBam

- Building in src/unionBedGraphs
  * compiling unionBedGraphs.cpp
  * compiling unionBedGraphsMain.cpp
unionBedGraphsMain.cpp: In function 'int main(int, char**)':
unionBedGraphsMain.cpp:46:10: warning: variable 'haveFiles' set but not used [-Wunused-but-set-variable]
unionBedGraphsMain.cpp:48:10: warning: variable 'haveGenome' set but not used [-Wunused-but-set-variable]
unionBedGraphsMain.cpp:49:10: warning: variable 'haveFiller' set but not used [-Wunused-but-set-variable]
  * linking unionBedGraphs

- Building in src/windowBed
  * compiling windowMain.cpp
  * compiling windowBed.cpp
  * linking windowBed

make[1]: Leaving directory `/build/buildd-bedtools_2.13.4-1-sparc-1fdoun/bedtools-2.13.4'
touch debian/stamp-makefile-build
DEB_MAKE_CHECK_TARGET unset, not running checks
 fakeroot debian/rules binary-arch
test -x debian/rules
dh_testroot
dh_prep 
dh_installdirs -A 
mkdir -p "."
/usr/share/cdbs/1/rules/buildcore.mk:109: WARNING:  DEB_DH_BUILDDEB_ARGS is a deprecated variable
DEB_MAKE_CHECK_TARGET unset, not running checks
DEB_MAKE_INSTALL_TARGET unset, skipping default makefile.mk common-install target
Adding cdbs dependencies to debian/bedtools.substvars
dh_installdirs -pbedtools 
dh_installdocs -pbedtools 
dh_installexamples -pbedtools 
dh_installman -pbedtools  
dh_installinfo -pbedtools  
dh_installmenu -pbedtools 
dh_installcron -pbedtools 
dh_installinit -pbedtools  
dh_installdebconf -pbedtools 
dh_installemacsen -pbedtools   
dh_installcatalogs -pbedtools 
dh_installpam -pbedtools 
dh_installlogrotate -pbedtools 
dh_installlogcheck -pbedtools 
dh_installchangelogs -pbedtools  RELEASE_HISTORY 
dh_installudev -pbedtools 
dh_lintian -pbedtools 
dh_bugfiles -pbedtools 
dh_install -pbedtools  
dh_link -pbedtools  
dh_installmime -pbedtools 
dh_installgsettings -pbedtools 
dh_strip -pbedtools  
dh_compress -pbedtools  
dh_fixperms -pbedtools  
dh_makeshlibs -pbedtools  
dh_installdeb -pbedtools 
dh_perl -pbedtools 
dh_shlibdeps -pbedtools    
dh_gencontrol -pbedtools  
dh_md5sums -pbedtools 
dh_builddeb -pbedtools -- -Z xz
dpkg-deb: building package `bedtools' in `../bedtools_2.13.4-1_sparc.deb'.
 dpkg-genchanges -B -msparc Build Daemon (lebrun) <buildd_sparc-lebrun@buildd.debian.org> >../bedtools_2.13.4-1_sparc.changes
dpkg-genchanges: arch-specific upload - not including arch-independent packages
dpkg-genchanges: binary-only upload - not including any source code
 dpkg-source --after-build bedtools-2.13.4
dpkg-buildpackage: binary only upload (no source included)
────────────────────────────────────────────────────────────────────────────────
Build finished at 20111029-0442

bedtools_2.13.4-1_sparc.changes:
Format: 1.8
Date: Sat, 29 Oct 2011 11:08:02 +0900
Source: bedtools
Binary: bedtools
Architecture: sparc
Version: 2.13.4-1
Distribution: sid
Urgency: low
Maintainer: sparc Build Daemon (lebrun) <buildd_sparc-lebrun@buildd.debian.org>
Changed-By: Charles Plessy <plessy@debian.org>
Description: 
 bedtools   - suite of utilities for comparing genomic features
Changes: 
 bedtools (2.13.4-1) unstable; urgency=low
 .
   [e553c37] New upstream release.
Checksums-Sha1: 
 13a45b7ece651e91bd674aaf50200938d5550af4 566770 bedtools_2.13.4-1_sparc.deb
Checksums-Sha256: 
 5d69b4719e0747483606d8cef7f20c0830f6fbffa3b0b11c318a0754c237ca03 566770 bedtools_2.13.4-1_sparc.deb
Files: 
 22f3cca102d26fa103651de3acc9a083 566770 science optional bedtools_2.13.4-1_sparc.deb

┌──────────────────────────────────────────────────────────────────────────────┐
│ Package contents                                                             │
└──────────────────────────────────────────────────────────────────────────────┘


bedtools_2.13.4-1_sparc.deb
───────────────────────────

 new debian package, version 2.0.
 size 566770 bytes: control archive= 1729 bytes.
     865 bytes,    19 lines      control              
    2025 bytes,    35 lines      md5sums              
 Package: bedtools
 Version: 2.13.4-1
 Architecture: sparc
 Maintainer: Debian Med Packaging Team <debian-med-packaging@lists.alioth.debian.org>
 Installed-Size: 4594
 Pre-Depends: dpkg (>= 1.15.6)
 Depends: libc6 (>= 2.6), libgcc1 (>= 1:4.1.1), libstdc++6 (>= 4.4.0), zlib1g (>= 1:1.1.4)
 Suggests: filo
 Section: science
 Priority: optional
 Homepage: http://code.google.com/p/bedtools/
 Description: suite of utilities for comparing genomic features
  The BEDTools utilities allow one to address common genomics tasks such as
  finding feature overlaps and computing coverage. The utilities are largely
  based on four widely-used file formats: BED, GFF/GTF, VCF, and SAM/BAM. Using
  BEDTools, one can develop sophisticated pipelines that answer complicated
  research questions by streaming several BEDTools together.
  .
  The groupBy utility is distribued in the filo package.

drwxr-xr-x root/root         0 2011-10-29 04:41 ./
drwxr-xr-x root/root         0 2011-10-29 04:41 ./usr/
drwxr-xr-x root/root         0 2011-10-29 04:41 ./usr/bin/
-rwxr-xr-x root/root    298604 2011-10-29 04:41 ./usr/bin/multiBamCov
-rwxr-xr-x root/root    293484 2011-10-29 04:41 ./usr/bin/genomeCoverageBed
-rwxr-xr-x root/root    103412 2011-10-29 04:41 ./usr/bin/complementBed
-rwxr-xr-x root/root    175004 2011-10-29 04:41 ./usr/bin/pairToPair
-rwxr-xr-x root/root    274036 2011-10-29 04:41 ./usr/bin/tagBam
-rwxr-xr-x root/root    142564 2011-10-29 04:41 ./usr/bin/nucBed
-rwxr-xr-x root/root    282188 2011-10-29 04:41 ./usr/bin/windowBed
-rwxr-xr-x root/root    142528 2011-10-29 04:41 ./usr/bin/fastaFromBed
-rwxr-xr-x root/root    109568 2011-10-29 04:41 ./usr/bin/maskFastaFromBed
-rwxr-xr-x root/root     60340 2011-10-29 04:41 ./usr/bin/unionBedGraphs
-rwxr-xr-x root/root    347776 2011-10-29 04:41 ./usr/bin/intersectBed
-rwxr-xr-x root/root    102840 2011-10-29 04:41 ./usr/bin/slopBed
-rwxr-xr-x root/root    110056 2011-10-29 04:41 ./usr/bin/subtractBed
-rwxr-xr-x root/root    119044 2011-10-29 04:41 ./usr/bin/closestBed
-rwxr-xr-x root/root    106176 2011-10-29 04:41 ./usr/bin/mergeBed
-rwxr-xr-x root/root    117984 2011-10-29 04:41 ./usr/bin/bedToIgv
-rwxr-xr-x root/root    364188 2011-10-29 04:41 ./usr/bin/pairToBed
-rwxr-xr-x root/root     94192 2011-10-29 04:41 ./usr/bin/bed12ToBed6
-rwxr-xr-x root/root    127536 2011-10-29 04:41 ./usr/bin/shuffleBed
-rwxr-xr-x root/root    104252 2011-10-29 04:41 ./usr/bin/linksBed
-rwxr-xr-x root/root     84868 2011-10-29 04:41 ./usr/bin/overlap
-rwxr-xr-x root/root    278172 2011-10-29 04:41 ./usr/bin/coverageBed
-rwxr-xr-x root/root    144116 2011-10-29 04:41 ./usr/bin/sortBed
-rwxr-xr-x root/root    224720 2011-10-29 04:41 ./usr/bin/bamToBed
-rwxr-xr-x root/root    101708 2011-10-29 04:41 ./usr/bin/annotateBed
-rwxr-xr-x root/root    110716 2011-10-29 04:41 ./usr/bin/flankBed
-rwxr-xr-x root/root    224712 2011-10-29 04:41 ./usr/bin/bedToBam
drwxr-xr-x root/root         0 2011-10-29 04:41 ./usr/share/
drwxr-xr-x root/root         0 2011-10-29 04:41 ./usr/share/bedtools/
drwxr-xr-x root/root         0 2011-10-29 04:32 ./usr/share/bedtools/genomes/
-rwxr-xr-x root/root       585 2011-10-26 11:47 ./usr/share/bedtools/genomes/mouse.mm9.genome
-rwxr-xr-x root/root      1972 2011-10-26 11:47 ./usr/share/bedtools/genomes/human.hg19.genome
-rwxr-xr-x root/root       856 2011-10-26 11:47 ./usr/share/bedtools/genomes/human.hg18.genome
-rwxr-xr-x root/root       565 2011-10-26 11:47 ./usr/share/bedtools/genomes/mouse.mm8.genome
drwxr-xr-x root/root         0 2011-10-29 04:41 ./usr/share/doc/
drwxr-xr-x root/root         0 2011-10-29 04:41 ./usr/share/doc/bedtools/
-rw-r--r-- root/root      1442 2011-10-26 11:47 ./usr/share/doc/bedtools/README.rst
-rw-r--r-- root/root      4611 2011-10-29 01:54 ./usr/share/doc/bedtools/copyright
-rw-r--r-- root/root     11515 2011-10-26 11:47 ./usr/share/doc/bedtools/changelog.gz
-rw-r--r-- root/root       584 2011-10-29 02:09 ./usr/share/doc/bedtools/changelog.Debian.gz


┌──────────────────────────────────────────────────────────────────────────────┐
│ Finished                                                                     │
└──────────────────────────────────────────────────────────────────────────────┘

Built successfully
────────────────────────────────────────────────────────────────────────────────

┌──────────────────────────────────────────────────────────────────────────────┐
│ Post Build                                                                   │
└──────────────────────────────────────────────────────────────────────────────┘

Purging /var/lib/schroot/mount/sid-sparc-sbuild-91ac1074-8b93-44eb-820f-cfc94961ab24/build/buildd-bedtools_2.13.4-1-sparc-1fdoun
Not cleaning session: cloned chroot in use

┌──────────────────────────────────────────────────────────────────────────────┐
│ Summary                                                                      │
└──────────────────────────────────────────────────────────────────────────────┘

Architecture: sparc
Build-Space: 101744
Build-Time: 615
Distribution: sid
Install-Time: 65
Job: bedtools_2.13.4-1
Package: bedtools
Package-Time: 735
Source-Version: 2.13.4-1
Space: 101744
Status: successful
Version: 2.13.4-1
────────────────────────────────────────────────────────────────────────────────
Finished at 20111029-0442
Build needed 00:12:15, 101744k disc space
Signature with key '632E3DB6' requested:
